ARM GAS  /tmp/ccK1fI6H.s 			page 1


   1              		.syntax unified
   2              		.cpu cortex-m3
   3              		.fpu softvfp
   4              		.eabi_attribute 20, 1
   5              		.eabi_attribute 21, 1
   6              		.eabi_attribute 23, 3
   7              		.eabi_attribute 24, 1
   8              		.eabi_attribute 25, 1
   9              		.eabi_attribute 26, 1
  10              		.eabi_attribute 30, 2
  11              		.eabi_attribute 34, 1
  12              		.eabi_attribute 18, 4
  13              		.thumb
  14              		.file	"board.c"
  15              		.text
  16              	.Ltext0:
  17              		.cfi_sections	.debug_frame
  18              		.section	.text.__early_init,"ax",%progbits
  19              		.align	2
  20              		.p2align 4,,15
  21              		.global	__early_init
  22              		.thumb
  23              		.thumb_func
  24              		.type	__early_init, %function
  25              	__early_init:
  26              	.LFB63:
  27              		.file 1 "../../boards/VEX_STM32_CORTEX/board.c"
  28              		.loc 1 64 0
  29              		.cfi_startproc
  30              		@ args = 0, pretend = 0, frame = 0
  31              		@ frame_needed = 0, uses_anonymous_args = 0
  32              		@ link register save eliminated.
  33              		.loc 1 66 0
  34 0000 FFF7FEBF 		b	stm32_clock_init
  35              	.LVL0:
  36              		.cfi_endproc
  37              	.LFE63:
  38              		.size	__early_init, .-__early_init
  39 0004 AFF30080 		.section	.text.boardInit,"ax",%progbits
  39      AFF30080 
  39      AFF30080 
  40              		.align	2
  41              		.p2align 4,,15
  42              		.global	boardInit
  43              		.thumb
  44              		.thumb_func
  45              		.type	boardInit, %function
  46              	boardInit:
  47              	.LFB64:
  48              		.loc 1 72 0
  49              		.cfi_startproc
  50              		@ args = 0, pretend = 0, frame = 0
  51              		@ frame_needed = 0, uses_anonymous_args = 0
  52              		@ link register save eliminated.
  53              		.loc 1 75 0
  54 0000 0023     		movs	r3, #0
  55 0002 C4F20103 		movt	r3, 16385
ARM GAS  /tmp/ccK1fI6H.s 			page 2


  56 0006 5A68     		ldr	r2, [r3, #4]
  57 0008 42F01A02 		orr	r2, r2, #26
  58 000c 5A60     		str	r2, [r3, #4]
  59 000e 7047     		bx	lr
  60              		.cfi_endproc
  61              	.LFE64:
  62              		.size	boardInit, .-boardInit
  63              		.global	pal_default_config
  64              		.section	.rodata.pal_default_config,"a",%progbits
  65              		.align	2
  66              		.type	pal_default_config, %object
  67              		.size	pal_default_config, 84
  68              	pal_default_config:
  69 0000 00000000 		.word	0
  70 0004 0000B0BB 		.word	-1146093568
  71 0008 B0340000 		.word	13488
  72 000c 00000000 		.word	0
  73 0010 00000000 		.word	0
  74 0014 FF040000 		.word	1279
  75 0018 C0000000 		.word	192
  76 001c 00000088 		.word	-2013265920
  77 0020 044B0000 		.word	19204
  78 0024 03F00000 		.word	61443
  79 0028 8810B114 		.word	347148424
  80 002c 01001111 		.word	286326785
  81 0030 817F0000 		.word	32641
  82 0034 03000080 		.word	-2147483645
  83 0038 88888808 		.word	143165576
  84 003c 00000000 		.word	0
  85 0040 44444444 		.word	1145324612
  86 0044 44444444 		.word	1145324612
  87 0048 00000000 		.word	0
  88 004c 44444444 		.word	1145324612
  89 0050 44444444 		.word	1145324612
  90              		.text
  91              	.Letext0:
  92              		.file 2 "/usr/include/newlib/machine/_default_types.h"
  93              		.file 3 "/usr/include/newlib/stdint.h"
  94              		.file 4 "../../../../ChibiOS_2.6.2/os/hal/platforms/STM32F1xx/stm32f10x.h"
  95              		.file 5 "../../../../ChibiOS_2.6.2/os/hal/platforms/STM32/GPIOv1/pal_lld.h"
  96              		.file 6 "../../../../ChibiOS_2.6.2/os/ports/common/ARMCMx/CMSIS/include/core_cm3.h"
  97              		.file 7 "../../../../ChibiOS_2.6.2/os/hal/platforms/STM32F1xx/hal_lld.h"
  98              		.section	.debug_info,"",%progbits
  99              	.Ldebug_info0:
 100 0000 18020000 		.4byte	0x218
 101 0004 0400     		.2byte	0x4
 102 0006 00000000 		.4byte	.Ldebug_abbrev0
 103 000a 04       		.byte	0x4
 104 000b 01       		.uleb128 0x1
 105 000c 24010000 		.4byte	.LASF33
 106 0010 01       		.byte	0x1
 107 0011 74020000 		.4byte	.LASF34
 108 0015 1E000000 		.4byte	.LASF35
 109 0019 00000000 		.4byte	.Ldebug_ranges0+0
 110 001d 00000000 		.4byte	0
 111 0021 00000000 		.4byte	.Ldebug_line0
 112 0025 02       		.uleb128 0x2
ARM GAS  /tmp/ccK1fI6H.s 			page 3


 113 0026 04       		.byte	0x4
 114 0027 05       		.byte	0x5
 115 0028 696E7400 		.ascii	"int\000"
 116 002c 03       		.uleb128 0x3
 117 002d 04       		.byte	0x4
 118 002e 07       		.byte	0x7
 119 002f 73000000 		.4byte	.LASF0
 120 0033 03       		.uleb128 0x3
 121 0034 01       		.byte	0x1
 122 0035 06       		.byte	0x6
 123 0036 62020000 		.4byte	.LASF1
 124 003a 03       		.uleb128 0x3
 125 003b 01       		.byte	0x1
 126 003c 08       		.byte	0x8
 127 003d AD000000 		.4byte	.LASF2
 128 0041 03       		.uleb128 0x3
 129 0042 02       		.byte	0x2
 130 0043 05       		.byte	0x5
 131 0044 36020000 		.4byte	.LASF3
 132 0048 03       		.uleb128 0x3
 133 0049 02       		.byte	0x2
 134 004a 07       		.byte	0x7
 135 004b F1000000 		.4byte	.LASF4
 136 004f 04       		.uleb128 0x4
 137 0050 14000000 		.4byte	.LASF6
 138 0054 02       		.byte	0x2
 139 0055 37       		.byte	0x37
 140 0056 5A000000 		.4byte	0x5a
 141 005a 03       		.uleb128 0x3
 142 005b 04       		.byte	0x4
 143 005c 05       		.byte	0x5
 144 005d 54020000 		.4byte	.LASF5
 145 0061 04       		.uleb128 0x4
 146 0062 D4010000 		.4byte	.LASF7
 147 0066 02       		.byte	0x2
 148 0067 38       		.byte	0x38
 149 0068 6C000000 		.4byte	0x6c
 150 006c 03       		.uleb128 0x3
 151 006d 04       		.byte	0x4
 152 006e 07       		.byte	0x7
 153 006f DF000000 		.4byte	.LASF8
 154 0073 03       		.uleb128 0x3
 155 0074 08       		.byte	0x8
 156 0075 05       		.byte	0x5
 157 0076 21020000 		.4byte	.LASF9
 158 007a 03       		.uleb128 0x3
 159 007b 08       		.byte	0x8
 160 007c 07       		.byte	0x7
 161 007d 8F000000 		.4byte	.LASF10
 162 0081 04       		.uleb128 0x4
 163 0082 10020000 		.4byte	.LASF11
 164 0086 03       		.byte	0x3
 165 0087 41       		.byte	0x41
 166 0088 4F000000 		.4byte	0x4f
 167 008c 04       		.uleb128 0x4
 168 008d 04010000 		.4byte	.LASF12
 169 0091 03       		.byte	0x3
ARM GAS  /tmp/ccK1fI6H.s 			page 4


 170 0092 42       		.byte	0x42
 171 0093 61000000 		.4byte	0x61
 172 0097 03       		.uleb128 0x3
 173 0098 01       		.byte	0x1
 174 0099 02       		.byte	0x2
 175 009a 6E020000 		.4byte	.LASF13
 176 009e 05       		.uleb128 0x5
 177 009f 8C000000 		.4byte	0x8c
 178 00a3 03       		.uleb128 0x3
 179 00a4 04       		.byte	0x4
 180 00a5 07       		.byte	0x7
 181 00a6 18020000 		.4byte	.LASF14
 182 00aa 03       		.uleb128 0x3
 183 00ab 01       		.byte	0x1
 184 00ac 08       		.byte	0x8
 185 00ad F4010000 		.4byte	.LASF15
 186 00b1 06       		.uleb128 0x6
 187 00b2 8C000000 		.4byte	0x8c
 188 00b6 C1000000 		.4byte	0xc1
 189 00ba 07       		.uleb128 0x7
 190 00bb A3000000 		.4byte	0xa3
 191 00bf 03       		.byte	0x3
 192 00c0 00       		.byte	0
 193 00c1 05       		.uleb128 0x5
 194 00c2 81000000 		.4byte	0x81
 195 00c6 08       		.uleb128 0x8
 196 00c7 20       		.byte	0x20
 197 00c8 04       		.byte	0x4
 198 00c9 0704     		.2byte	0x407
 199 00cb 11010000 		.4byte	0x111
 200 00cf 09       		.uleb128 0x9
 201 00d0 5D020000 		.4byte	.LASF16
 202 00d4 04       		.byte	0x4
 203 00d5 0904     		.2byte	0x409
 204 00d7 9E000000 		.4byte	0x9e
 205 00db 00       		.byte	0
 206 00dc 09       		.uleb128 0x9
 207 00dd 80000000 		.4byte	.LASF17
 208 00e1 04       		.byte	0x4
 209 00e2 0A04     		.2byte	0x40a
 210 00e4 9E000000 		.4byte	0x9e
 211 00e8 04       		.byte	0x4
 212 00e9 09       		.uleb128 0x9
 213 00ea DF010000 		.4byte	.LASF18
 214 00ee 04       		.byte	0x4
 215 00ef 0B04     		.2byte	0x40b
 216 00f1 11010000 		.4byte	0x111
 217 00f5 08       		.byte	0x8
 218 00f6 09       		.uleb128 0x9
 219 00f7 85000000 		.4byte	.LASF19
 220 00fb 04       		.byte	0x4
 221 00fc 0C04     		.2byte	0x40c
 222 00fe 8C000000 		.4byte	0x8c
 223 0102 18       		.byte	0x18
 224 0103 09       		.uleb128 0x9
 225 0104 47020000 		.4byte	.LASF20
 226 0108 04       		.byte	0x4
ARM GAS  /tmp/ccK1fI6H.s 			page 5


 227 0109 0D04     		.2byte	0x40d
 228 010b 9E000000 		.4byte	0x9e
 229 010f 1C       		.byte	0x1c
 230 0110 00       		.byte	0
 231 0111 05       		.uleb128 0x5
 232 0112 B1000000 		.4byte	0xb1
 233 0116 0A       		.uleb128 0xa
 234 0117 00000000 		.4byte	.LASF21
 235 011b 04       		.byte	0x4
 236 011c 0E04     		.2byte	0x40e
 237 011e C6000000 		.4byte	0xc6
 238 0122 0B       		.uleb128 0xb
 239 0123 0C       		.byte	0xc
 240 0124 05       		.byte	0x5
 241 0125 38       		.byte	0x38
 242 0126 4F010000 		.4byte	0x14f
 243 012a 0C       		.uleb128 0xc
 244 012b 6F647200 		.ascii	"odr\000"
 245 012f 05       		.byte	0x5
 246 0130 3A       		.byte	0x3a
 247 0131 8C000000 		.4byte	0x8c
 248 0135 00       		.byte	0
 249 0136 0C       		.uleb128 0xc
 250 0137 63726C00 		.ascii	"crl\000"
 251 013b 05       		.byte	0x5
 252 013c 3C       		.byte	0x3c
 253 013d 8C000000 		.4byte	0x8c
 254 0141 04       		.byte	0x4
 255 0142 0C       		.uleb128 0xc
 256 0143 63726800 		.ascii	"crh\000"
 257 0147 05       		.byte	0x5
 258 0148 3E       		.byte	0x3e
 259 0149 8C000000 		.4byte	0x8c
 260 014d 08       		.byte	0x8
 261 014e 00       		.byte	0
 262 014f 04       		.uleb128 0x4
 263 0150 BB000000 		.4byte	.LASF22
 264 0154 05       		.byte	0x5
 265 0155 3F       		.byte	0x3f
 266 0156 22010000 		.4byte	0x122
 267 015a 0B       		.uleb128 0xb
 268 015b 54       		.byte	0x54
 269 015c 05       		.byte	0x5
 270 015d 48       		.byte	0x48
 271 015e B7010000 		.4byte	0x1b7
 272 0162 0D       		.uleb128 0xd
 273 0163 4D020000 		.4byte	.LASF23
 274 0167 05       		.byte	0x5
 275 0168 4A       		.byte	0x4a
 276 0169 4F010000 		.4byte	0x14f
 277 016d 00       		.byte	0
 278 016e 0D       		.uleb128 0xd
 279 016f ED010000 		.4byte	.LASF24
 280 0173 05       		.byte	0x5
 281 0174 4C       		.byte	0x4c
 282 0175 4F010000 		.4byte	0x14f
 283 0179 0C       		.byte	0xc
ARM GAS  /tmp/ccK1fI6H.s 			page 6


 284 017a 0D       		.uleb128 0xd
 285 017b 40020000 		.4byte	.LASF25
 286 017f 05       		.byte	0x5
 287 0180 4E       		.byte	0x4e
 288 0181 4F010000 		.4byte	0x14f
 289 0185 18       		.byte	0x18
 290 0186 0D       		.uleb128 0xd
 291 0187 0D000000 		.4byte	.LASF26
 292 018b 05       		.byte	0x5
 293 018c 50       		.byte	0x50
 294 018d 4F010000 		.4byte	0x14f
 295 0191 24       		.byte	0x24
 296 0192 0D       		.uleb128 0xd
 297 0193 A6000000 		.4byte	.LASF27
 298 0197 05       		.byte	0x5
 299 0198 53       		.byte	0x53
 300 0199 4F010000 		.4byte	0x14f
 301 019d 30       		.byte	0x30
 302 019e 0D       		.uleb128 0xd
 303 019f E6010000 		.4byte	.LASF28
 304 01a3 05       		.byte	0x5
 305 01a4 56       		.byte	0x56
 306 01a5 4F010000 		.4byte	0x14f
 307 01a9 3C       		.byte	0x3c
 308 01aa 0D       		.uleb128 0xd
 309 01ab 2F020000 		.4byte	.LASF29
 310 01af 05       		.byte	0x5
 311 01b0 59       		.byte	0x59
 312 01b1 4F010000 		.4byte	0x14f
 313 01b5 48       		.byte	0x48
 314 01b6 00       		.byte	0
 315 01b7 04       		.uleb128 0x4
 316 01b8 1A010000 		.4byte	.LASF30
 317 01bc 05       		.byte	0x5
 318 01bd 5D       		.byte	0x5d
 319 01be 5A010000 		.4byte	0x15a
 320 01c2 0E       		.uleb128 0xe
 321 01c3 03020000 		.4byte	.LASF36
 322 01c7 01       		.byte	0x1
 323 01c8 40       		.byte	0x40
 324 01c9 00000000 		.4byte	.LFB63
 325 01cd 04000000 		.4byte	.LFE63-.LFB63
 326 01d1 01       		.uleb128 0x1
 327 01d2 9C       		.byte	0x9c
 328 01d3 E1010000 		.4byte	0x1e1
 329 01d7 0F       		.uleb128 0xf
 330 01d8 04000000 		.4byte	.LVL0
 331 01dc 14020000 		.4byte	0x214
 332 01e0 00       		.byte	0
 333 01e1 10       		.uleb128 0x10
 334 01e2 F9010000 		.4byte	.LASF37
 335 01e6 01       		.byte	0x1
 336 01e7 48       		.byte	0x48
 337 01e8 00000000 		.4byte	.LFB64
 338 01ec 10000000 		.4byte	.LFE64-.LFB64
 339 01f0 01       		.uleb128 0x1
 340 01f1 9C       		.byte	0x9c
ARM GAS  /tmp/ccK1fI6H.s 			page 7


 341 01f2 11       		.uleb128 0x11
 342 01f3 0D010000 		.4byte	.LASF31
 343 01f7 06       		.byte	0x6
 344 01f8 0706     		.2byte	0x607
 345 01fa C1000000 		.4byte	0xc1
 346 01fe 12       		.uleb128 0x12
 347 01ff C1010000 		.4byte	.LASF32
 348 0203 01       		.byte	0x1
 349 0204 2F       		.byte	0x2f
 350 0205 0F020000 		.4byte	0x20f
 351 0209 05       		.uleb128 0x5
 352 020a 03       		.byte	0x3
 353 020b 00000000 		.4byte	pal_default_config
 354 020f 13       		.uleb128 0x13
 355 0210 B7010000 		.4byte	0x1b7
 356 0214 14       		.uleb128 0x14
 357 0215 CE000000 		.4byte	.LASF38
 358 0219 07       		.byte	0x7
 359 021a F8       		.byte	0xf8
 360 021b 00       		.byte	0
 361              		.section	.debug_abbrev,"",%progbits
 362              	.Ldebug_abbrev0:
 363 0000 01       		.uleb128 0x1
 364 0001 11       		.uleb128 0x11
 365 0002 01       		.byte	0x1
 366 0003 25       		.uleb128 0x25
 367 0004 0E       		.uleb128 0xe
 368 0005 13       		.uleb128 0x13
 369 0006 0B       		.uleb128 0xb
 370 0007 03       		.uleb128 0x3
 371 0008 0E       		.uleb128 0xe
 372 0009 1B       		.uleb128 0x1b
 373 000a 0E       		.uleb128 0xe
 374 000b 55       		.uleb128 0x55
 375 000c 17       		.uleb128 0x17
 376 000d 11       		.uleb128 0x11
 377 000e 01       		.uleb128 0x1
 378 000f 10       		.uleb128 0x10
 379 0010 17       		.uleb128 0x17
 380 0011 00       		.byte	0
 381 0012 00       		.byte	0
 382 0013 02       		.uleb128 0x2
 383 0014 24       		.uleb128 0x24
 384 0015 00       		.byte	0
 385 0016 0B       		.uleb128 0xb
 386 0017 0B       		.uleb128 0xb
 387 0018 3E       		.uleb128 0x3e
 388 0019 0B       		.uleb128 0xb
 389 001a 03       		.uleb128 0x3
 390 001b 08       		.uleb128 0x8
 391 001c 00       		.byte	0
 392 001d 00       		.byte	0
 393 001e 03       		.uleb128 0x3
 394 001f 24       		.uleb128 0x24
 395 0020 00       		.byte	0
 396 0021 0B       		.uleb128 0xb
 397 0022 0B       		.uleb128 0xb
ARM GAS  /tmp/ccK1fI6H.s 			page 8


 398 0023 3E       		.uleb128 0x3e
 399 0024 0B       		.uleb128 0xb
 400 0025 03       		.uleb128 0x3
 401 0026 0E       		.uleb128 0xe
 402 0027 00       		.byte	0
 403 0028 00       		.byte	0
 404 0029 04       		.uleb128 0x4
 405 002a 16       		.uleb128 0x16
 406 002b 00       		.byte	0
 407 002c 03       		.uleb128 0x3
 408 002d 0E       		.uleb128 0xe
 409 002e 3A       		.uleb128 0x3a
 410 002f 0B       		.uleb128 0xb
 411 0030 3B       		.uleb128 0x3b
 412 0031 0B       		.uleb128 0xb
 413 0032 49       		.uleb128 0x49
 414 0033 13       		.uleb128 0x13
 415 0034 00       		.byte	0
 416 0035 00       		.byte	0
 417 0036 05       		.uleb128 0x5
 418 0037 35       		.uleb128 0x35
 419 0038 00       		.byte	0
 420 0039 49       		.uleb128 0x49
 421 003a 13       		.uleb128 0x13
 422 003b 00       		.byte	0
 423 003c 00       		.byte	0
 424 003d 06       		.uleb128 0x6
 425 003e 01       		.uleb128 0x1
 426 003f 01       		.byte	0x1
 427 0040 49       		.uleb128 0x49
 428 0041 13       		.uleb128 0x13
 429 0042 01       		.uleb128 0x1
 430 0043 13       		.uleb128 0x13
 431 0044 00       		.byte	0
 432 0045 00       		.byte	0
 433 0046 07       		.uleb128 0x7
 434 0047 21       		.uleb128 0x21
 435 0048 00       		.byte	0
 436 0049 49       		.uleb128 0x49
 437 004a 13       		.uleb128 0x13
 438 004b 2F       		.uleb128 0x2f
 439 004c 0B       		.uleb128 0xb
 440 004d 00       		.byte	0
 441 004e 00       		.byte	0
 442 004f 08       		.uleb128 0x8
 443 0050 13       		.uleb128 0x13
 444 0051 01       		.byte	0x1
 445 0052 0B       		.uleb128 0xb
 446 0053 0B       		.uleb128 0xb
 447 0054 3A       		.uleb128 0x3a
 448 0055 0B       		.uleb128 0xb
 449 0056 3B       		.uleb128 0x3b
 450 0057 05       		.uleb128 0x5
 451 0058 01       		.uleb128 0x1
 452 0059 13       		.uleb128 0x13
 453 005a 00       		.byte	0
 454 005b 00       		.byte	0
ARM GAS  /tmp/ccK1fI6H.s 			page 9


 455 005c 09       		.uleb128 0x9
 456 005d 0D       		.uleb128 0xd
 457 005e 00       		.byte	0
 458 005f 03       		.uleb128 0x3
 459 0060 0E       		.uleb128 0xe
 460 0061 3A       		.uleb128 0x3a
 461 0062 0B       		.uleb128 0xb
 462 0063 3B       		.uleb128 0x3b
 463 0064 05       		.uleb128 0x5
 464 0065 49       		.uleb128 0x49
 465 0066 13       		.uleb128 0x13
 466 0067 38       		.uleb128 0x38
 467 0068 0B       		.uleb128 0xb
 468 0069 00       		.byte	0
 469 006a 00       		.byte	0
 470 006b 0A       		.uleb128 0xa
 471 006c 16       		.uleb128 0x16
 472 006d 00       		.byte	0
 473 006e 03       		.uleb128 0x3
 474 006f 0E       		.uleb128 0xe
 475 0070 3A       		.uleb128 0x3a
 476 0071 0B       		.uleb128 0xb
 477 0072 3B       		.uleb128 0x3b
 478 0073 05       		.uleb128 0x5
 479 0074 49       		.uleb128 0x49
 480 0075 13       		.uleb128 0x13
 481 0076 00       		.byte	0
 482 0077 00       		.byte	0
 483 0078 0B       		.uleb128 0xb
 484 0079 13       		.uleb128 0x13
 485 007a 01       		.byte	0x1
 486 007b 0B       		.uleb128 0xb
 487 007c 0B       		.uleb128 0xb
 488 007d 3A       		.uleb128 0x3a
 489 007e 0B       		.uleb128 0xb
 490 007f 3B       		.uleb128 0x3b
 491 0080 0B       		.uleb128 0xb
 492 0081 01       		.uleb128 0x1
 493 0082 13       		.uleb128 0x13
 494 0083 00       		.byte	0
 495 0084 00       		.byte	0
 496 0085 0C       		.uleb128 0xc
 497 0086 0D       		.uleb128 0xd
 498 0087 00       		.byte	0
 499 0088 03       		.uleb128 0x3
 500 0089 08       		.uleb128 0x8
 501 008a 3A       		.uleb128 0x3a
 502 008b 0B       		.uleb128 0xb
 503 008c 3B       		.uleb128 0x3b
 504 008d 0B       		.uleb128 0xb
 505 008e 49       		.uleb128 0x49
 506 008f 13       		.uleb128 0x13
 507 0090 38       		.uleb128 0x38
 508 0091 0B       		.uleb128 0xb
 509 0092 00       		.byte	0
 510 0093 00       		.byte	0
 511 0094 0D       		.uleb128 0xd
ARM GAS  /tmp/ccK1fI6H.s 			page 10


 512 0095 0D       		.uleb128 0xd
 513 0096 00       		.byte	0
 514 0097 03       		.uleb128 0x3
 515 0098 0E       		.uleb128 0xe
 516 0099 3A       		.uleb128 0x3a
 517 009a 0B       		.uleb128 0xb
 518 009b 3B       		.uleb128 0x3b
 519 009c 0B       		.uleb128 0xb
 520 009d 49       		.uleb128 0x49
 521 009e 13       		.uleb128 0x13
 522 009f 38       		.uleb128 0x38
 523 00a0 0B       		.uleb128 0xb
 524 00a1 00       		.byte	0
 525 00a2 00       		.byte	0
 526 00a3 0E       		.uleb128 0xe
 527 00a4 2E       		.uleb128 0x2e
 528 00a5 01       		.byte	0x1
 529 00a6 3F       		.uleb128 0x3f
 530 00a7 19       		.uleb128 0x19
 531 00a8 03       		.uleb128 0x3
 532 00a9 0E       		.uleb128 0xe
 533 00aa 3A       		.uleb128 0x3a
 534 00ab 0B       		.uleb128 0xb
 535 00ac 3B       		.uleb128 0x3b
 536 00ad 0B       		.uleb128 0xb
 537 00ae 27       		.uleb128 0x27
 538 00af 19       		.uleb128 0x19
 539 00b0 11       		.uleb128 0x11
 540 00b1 01       		.uleb128 0x1
 541 00b2 12       		.uleb128 0x12
 542 00b3 06       		.uleb128 0x6
 543 00b4 40       		.uleb128 0x40
 544 00b5 18       		.uleb128 0x18
 545 00b6 9742     		.uleb128 0x2117
 546 00b8 19       		.uleb128 0x19
 547 00b9 01       		.uleb128 0x1
 548 00ba 13       		.uleb128 0x13
 549 00bb 00       		.byte	0
 550 00bc 00       		.byte	0
 551 00bd 0F       		.uleb128 0xf
 552 00be 898201   		.uleb128 0x4109
 553 00c1 00       		.byte	0
 554 00c2 11       		.uleb128 0x11
 555 00c3 01       		.uleb128 0x1
 556 00c4 9542     		.uleb128 0x2115
 557 00c6 19       		.uleb128 0x19
 558 00c7 31       		.uleb128 0x31
 559 00c8 13       		.uleb128 0x13
 560 00c9 00       		.byte	0
 561 00ca 00       		.byte	0
 562 00cb 10       		.uleb128 0x10
 563 00cc 2E       		.uleb128 0x2e
 564 00cd 00       		.byte	0
 565 00ce 3F       		.uleb128 0x3f
 566 00cf 19       		.uleb128 0x19
 567 00d0 03       		.uleb128 0x3
 568 00d1 0E       		.uleb128 0xe
ARM GAS  /tmp/ccK1fI6H.s 			page 11


 569 00d2 3A       		.uleb128 0x3a
 570 00d3 0B       		.uleb128 0xb
 571 00d4 3B       		.uleb128 0x3b
 572 00d5 0B       		.uleb128 0xb
 573 00d6 27       		.uleb128 0x27
 574 00d7 19       		.uleb128 0x19
 575 00d8 11       		.uleb128 0x11
 576 00d9 01       		.uleb128 0x1
 577 00da 12       		.uleb128 0x12
 578 00db 06       		.uleb128 0x6
 579 00dc 40       		.uleb128 0x40
 580 00dd 18       		.uleb128 0x18
 581 00de 9742     		.uleb128 0x2117
 582 00e0 19       		.uleb128 0x19
 583 00e1 00       		.byte	0
 584 00e2 00       		.byte	0
 585 00e3 11       		.uleb128 0x11
 586 00e4 34       		.uleb128 0x34
 587 00e5 00       		.byte	0
 588 00e6 03       		.uleb128 0x3
 589 00e7 0E       		.uleb128 0xe
 590 00e8 3A       		.uleb128 0x3a
 591 00e9 0B       		.uleb128 0xb
 592 00ea 3B       		.uleb128 0x3b
 593 00eb 05       		.uleb128 0x5
 594 00ec 49       		.uleb128 0x49
 595 00ed 13       		.uleb128 0x13
 596 00ee 3F       		.uleb128 0x3f
 597 00ef 19       		.uleb128 0x19
 598 00f0 3C       		.uleb128 0x3c
 599 00f1 19       		.uleb128 0x19
 600 00f2 00       		.byte	0
 601 00f3 00       		.byte	0
 602 00f4 12       		.uleb128 0x12
 603 00f5 34       		.uleb128 0x34
 604 00f6 00       		.byte	0
 605 00f7 03       		.uleb128 0x3
 606 00f8 0E       		.uleb128 0xe
 607 00f9 3A       		.uleb128 0x3a
 608 00fa 0B       		.uleb128 0xb
 609 00fb 3B       		.uleb128 0x3b
 610 00fc 0B       		.uleb128 0xb
 611 00fd 49       		.uleb128 0x49
 612 00fe 13       		.uleb128 0x13
 613 00ff 3F       		.uleb128 0x3f
 614 0100 19       		.uleb128 0x19
 615 0101 02       		.uleb128 0x2
 616 0102 18       		.uleb128 0x18
 617 0103 00       		.byte	0
 618 0104 00       		.byte	0
 619 0105 13       		.uleb128 0x13
 620 0106 26       		.uleb128 0x26
 621 0107 00       		.byte	0
 622 0108 49       		.uleb128 0x49
 623 0109 13       		.uleb128 0x13
 624 010a 00       		.byte	0
 625 010b 00       		.byte	0
ARM GAS  /tmp/ccK1fI6H.s 			page 12


 626 010c 14       		.uleb128 0x14
 627 010d 2E       		.uleb128 0x2e
 628 010e 00       		.byte	0
 629 010f 3F       		.uleb128 0x3f
 630 0110 19       		.uleb128 0x19
 631 0111 03       		.uleb128 0x3
 632 0112 0E       		.uleb128 0xe
 633 0113 3A       		.uleb128 0x3a
 634 0114 0B       		.uleb128 0xb
 635 0115 3B       		.uleb128 0x3b
 636 0116 0B       		.uleb128 0xb
 637 0117 27       		.uleb128 0x27
 638 0118 19       		.uleb128 0x19
 639 0119 3C       		.uleb128 0x3c
 640 011a 19       		.uleb128 0x19
 641 011b 00       		.byte	0
 642 011c 00       		.byte	0
 643 011d 00       		.byte	0
 644              		.section	.debug_aranges,"",%progbits
 645 0000 24000000 		.4byte	0x24
 646 0004 0200     		.2byte	0x2
 647 0006 00000000 		.4byte	.Ldebug_info0
 648 000a 04       		.byte	0x4
 649 000b 00       		.byte	0
 650 000c 0000     		.2byte	0
 651 000e 0000     		.2byte	0
 652 0010 00000000 		.4byte	.LFB63
 653 0014 04000000 		.4byte	.LFE63-.LFB63
 654 0018 00000000 		.4byte	.LFB64
 655 001c 10000000 		.4byte	.LFE64-.LFB64
 656 0020 00000000 		.4byte	0
 657 0024 00000000 		.4byte	0
 658              		.section	.debug_ranges,"",%progbits
 659              	.Ldebug_ranges0:
 660 0000 00000000 		.4byte	.LFB63
 661 0004 04000000 		.4byte	.LFE63
 662 0008 00000000 		.4byte	.LFB64
 663 000c 10000000 		.4byte	.LFE64
 664 0010 00000000 		.4byte	0
 665 0014 00000000 		.4byte	0
 666              		.section	.debug_line,"",%progbits
 667              	.Ldebug_line0:
 668 0000 96010000 		.section	.debug_str,"MS",%progbits,1
 668      02006F01 
 668      00000201 
 668      FB0E0D00 
 668      01010101 
 669              	.LASF21:
 670 0000 4146494F 		.ascii	"AFIO_TypeDef\000"
 670      5F547970 
 670      65446566 
 670      00
 671              	.LASF26:
 672 000d 50444461 		.ascii	"PDData\000"
 672      746100
 673              	.LASF6:
 674 0014 5F5F696E 		.ascii	"__int32_t\000"
ARM GAS  /tmp/ccK1fI6H.s 			page 13


 674      7433325F 
 674      7400
 675              	.LASF35:
 676 001e 2F6D6E74 		.ascii	"/mnt/c/Users/DQ Sullivan/Downloads/Convex/convex/co"
 676      2F632F55 
 676      73657273 
 676      2F445120 
 676      53756C6C 
 677 0051 72746578 		.ascii	"rtex/projects/Vex2016 CyberBrains\000"
 677      2F70726F 
 677      6A656374 
 677      732F5665 
 677      78323031 
 678              	.LASF0:
 679 0073 756E7369 		.ascii	"unsigned int\000"
 679      676E6564 
 679      20696E74 
 679      00
 680              	.LASF17:
 681 0080 4D415052 		.ascii	"MAPR\000"
 681      00
 682              	.LASF19:
 683 0085 52455345 		.ascii	"RESERVED0\000"
 683      52564544 
 683      3000
 684              	.LASF10:
 685 008f 6C6F6E67 		.ascii	"long long unsigned int\000"
 685      206C6F6E 
 685      6720756E 
 685      7369676E 
 685      65642069 
 686              	.LASF27:
 687 00a6 50454461 		.ascii	"PEData\000"
 687      746100
 688              	.LASF2:
 689 00ad 756E7369 		.ascii	"unsigned char\000"
 689      676E6564 
 689      20636861 
 689      7200
 690              	.LASF22:
 691 00bb 73746D33 		.ascii	"stm32_gpio_setup_t\000"
 691      325F6770 
 691      696F5F73 
 691      65747570 
 691      5F7400
 692              	.LASF38:
 693 00ce 73746D33 		.ascii	"stm32_clock_init\000"
 693      325F636C 
 693      6F636B5F 
 693      696E6974 
 693      00
 694              	.LASF8:
 695 00df 6C6F6E67 		.ascii	"long unsigned int\000"
 695      20756E73 
 695      69676E65 
 695      6420696E 
 695      7400
ARM GAS  /tmp/ccK1fI6H.s 			page 14


 696              	.LASF4:
 697 00f1 73686F72 		.ascii	"short unsigned int\000"
 697      7420756E 
 697      7369676E 
 697      65642069 
 697      6E7400
 698              	.LASF12:
 699 0104 75696E74 		.ascii	"uint32_t\000"
 699      33325F74 
 699      00
 700              	.LASF31:
 701 010d 49544D5F 		.ascii	"ITM_RxBuffer\000"
 701      52784275 
 701      66666572 
 701      00
 702              	.LASF30:
 703 011a 50414C43 		.ascii	"PALConfig\000"
 703      6F6E6669 
 703      6700
 704              	.LASF33:
 705 0124 474E5520 		.ascii	"GNU C 4.8.2 -mcpu=cortex-m3 -mno-thumb-interwork -m"
 705      4320342E 
 705      382E3220 
 705      2D6D6370 
 705      753D636F 
 706 0157 7468756D 		.ascii	"thumb -ggdb -O2 -fomit-frame-pointer -falign-functi"
 706      62202D67 
 706      67646220 
 706      2D4F3220 
 706      2D666F6D 
 707 018a 6F6E733D 		.ascii	"ons=16 -ffunction-sections -fdata-sections -fno-com"
 707      3136202D 
 707      6666756E 
 707      6374696F 
 707      6E2D7365 
 708 01bd 6D6F6E00 		.ascii	"mon\000"
 709              	.LASF32:
 710 01c1 70616C5F 		.ascii	"pal_default_config\000"
 710      64656661 
 710      756C745F 
 710      636F6E66 
 710      696700
 711              	.LASF7:
 712 01d4 5F5F7569 		.ascii	"__uint32_t\000"
 712      6E743332 
 712      5F7400
 713              	.LASF18:
 714 01df 45585449 		.ascii	"EXTICR\000"
 714      435200
 715              	.LASF28:
 716 01e6 50464461 		.ascii	"PFData\000"
 716      746100
 717              	.LASF24:
 718 01ed 50424461 		.ascii	"PBData\000"
 718      746100
 719              	.LASF15:
 720 01f4 63686172 		.ascii	"char\000"
ARM GAS  /tmp/ccK1fI6H.s 			page 15


 720      00
 721              	.LASF37:
 722 01f9 626F6172 		.ascii	"boardInit\000"
 722      64496E69 
 722      7400
 723              	.LASF36:
 724 0203 5F5F6561 		.ascii	"__early_init\000"
 724      726C795F 
 724      696E6974 
 724      00
 725              	.LASF11:
 726 0210 696E7433 		.ascii	"int32_t\000"
 726      325F7400 
 727              	.LASF14:
 728 0218 73697A65 		.ascii	"sizetype\000"
 728      74797065 
 728      00
 729              	.LASF9:
 730 0221 6C6F6E67 		.ascii	"long long int\000"
 730      206C6F6E 
 730      6720696E 
 730      7400
 731              	.LASF29:
 732 022f 50474461 		.ascii	"PGData\000"
 732      746100
 733              	.LASF3:
 734 0236 73686F72 		.ascii	"short int\000"
 734      7420696E 
 734      7400
 735              	.LASF25:
 736 0240 50434461 		.ascii	"PCData\000"
 736      746100
 737              	.LASF20:
 738 0247 4D415052 		.ascii	"MAPR2\000"
 738      3200
 739              	.LASF23:
 740 024d 50414461 		.ascii	"PAData\000"
 740      746100
 741              	.LASF5:
 742 0254 6C6F6E67 		.ascii	"long int\000"
 742      20696E74 
 742      00
 743              	.LASF16:
 744 025d 45564352 		.ascii	"EVCR\000"
 744      00
 745              	.LASF1:
 746 0262 7369676E 		.ascii	"signed char\000"
 746      65642063 
 746      68617200 
 747              	.LASF13:
 748 026e 5F426F6F 		.ascii	"_Bool\000"
 748      6C00
 749              	.LASF34:
 750 0274 2E2E2F2E 		.ascii	"../../boards/VEX_STM32_CORTEX/board.c\000"
 750      2E2F626F 
 750      61726473 
 750      2F564558 
ARM GAS  /tmp/ccK1fI6H.s 			page 16


 750      5F53544D 
 751              		.ident	"GCC: (4.8.2-14ubuntu1+6) 4.8.2"
ARM GAS  /tmp/ccK1fI6H.s 			page 17


DEFINED SYMBOLS
                            *ABS*:0000000000000000 board.c
     /tmp/ccK1fI6H.s:19     .text.__early_init:0000000000000000 $t
     /tmp/ccK1fI6H.s:25     .text.__early_init:0000000000000000 __early_init
     /tmp/ccK1fI6H.s:40     .text.boardInit:0000000000000000 $t
     /tmp/ccK1fI6H.s:46     .text.boardInit:0000000000000000 boardInit
     /tmp/ccK1fI6H.s:68     .rodata.pal_default_config:0000000000000000 pal_default_config
     /tmp/ccK1fI6H.s:65     .rodata.pal_default_config:0000000000000000 $d
                     .debug_frame:0000000000000010 $d

UNDEFINED SYMBOLS
stm32_clock_init
