ARM GAS  /tmp/ccE6e3kA.s 			page 1


   1              		.syntax unified
   2              		.cpu cortex-m3
   3              		.fpu softvfp
   4              		.eabi_attribute 20, 1
   5              		.eabi_attribute 21, 1
   6              		.eabi_attribute 23, 3
   7              		.eabi_attribute 24, 1
   8              		.eabi_attribute 25, 1
   9              		.eabi_attribute 26, 1
  10              		.eabi_attribute 30, 2
  11              		.eabi_attribute 34, 1
  12              		.eabi_attribute 18, 4
  13              		.thumb
  14              		.file	"chcore.c"
  15              		.text
  16              	.Ltext0:
  17              		.cfi_sections	.debug_frame
  18              		.section	.text.port_halt,"ax",%progbits
  19              		.align	2
  20              		.p2align 4,,15
  21              		.weak	port_halt
  22              		.thumb
  23              		.thumb_func
  24              		.type	port_halt, %function
  25              	port_halt:
  26              	.LFB7:
  27              		.file 1 "../../../../ChibiOS_2.6.2/os/ports/GCC/ARMCMx/chcore.c"
  28              		.loc 1 46 0
  29              		.cfi_startproc
  30              		@ args = 0, pretend = 0, frame = 0
  31              		@ frame_needed = 0, uses_anonymous_args = 0
  32              		@ link register save eliminated.
  33              		.loc 1 48 0
  34              	@ 48 "../../../../ChibiOS_2.6.2/os/ports/GCC/ARMCMx/chcore.c" 1
  35 0000 72B6     		cpsid   i
  36              	@ 0 "" 2
  37              		.thumb
  38              	.L2:
  39 0002 FEE7     		b	.L2
  40              		.cfi_endproc
  41              	.LFE7:
  42              		.size	port_halt, .-port_halt
  43 0004 AFF30080 		.text
  43      AFF30080 
  43      AFF30080 
  44              	.Letext0:
  45              		.section	.debug_info,"",%progbits
  46              	.Ldebug_info0:
  47 0000 8E000000 		.4byte	0x8e
  48 0004 0400     		.2byte	0x4
  49 0006 00000000 		.4byte	.Ldebug_abbrev0
  50 000a 04       		.byte	0x4
  51 000b 01       		.uleb128 0x1
  52 000c 97000000 		.4byte	.LASF12
  53 0010 01       		.byte	0x1
  54 0011 44000000 		.4byte	.LASF13
  55 0015 76010000 		.4byte	.LASF14
ARM GAS  /tmp/ccE6e3kA.s 			page 2


  56 0019 00000000 		.4byte	.Ldebug_ranges0+0
  57 001d 00000000 		.4byte	0
  58 0021 00000000 		.4byte	.Ldebug_line0
  59 0025 02       		.uleb128 0x2
  60 0026 04       		.byte	0x4
  61 0027 05       		.byte	0x5
  62 0028 696E7400 		.ascii	"int\000"
  63 002c 03       		.uleb128 0x3
  64 002d 04       		.byte	0x4
  65 002e 07       		.byte	0x7
  66 002f 0E000000 		.4byte	.LASF0
  67 0033 03       		.uleb128 0x3
  68 0034 01       		.byte	0x1
  69 0035 06       		.byte	0x6
  70 0036 4D010000 		.4byte	.LASF1
  71 003a 03       		.uleb128 0x3
  72 003b 01       		.byte	0x1
  73 003c 08       		.byte	0x8
  74 003d 7B000000 		.4byte	.LASF2
  75 0041 03       		.uleb128 0x3
  76 0042 02       		.byte	0x2
  77 0043 05       		.byte	0x5
  78 0044 6C010000 		.4byte	.LASF3
  79 0048 03       		.uleb128 0x3
  80 0049 02       		.byte	0x2
  81 004a 07       		.byte	0x7
  82 004b 3A010000 		.4byte	.LASF4
  83 004f 03       		.uleb128 0x3
  84 0050 04       		.byte	0x4
  85 0051 05       		.byte	0x5
  86 0052 8E000000 		.4byte	.LASF5
  87 0056 03       		.uleb128 0x3
  88 0057 04       		.byte	0x4
  89 0058 07       		.byte	0x7
  90 0059 1B000000 		.4byte	.LASF6
  91 005d 03       		.uleb128 0x3
  92 005e 08       		.byte	0x8
  93 005f 05       		.byte	0x5
  94 0060 00000000 		.4byte	.LASF7
  95 0064 03       		.uleb128 0x3
  96 0065 08       		.byte	0x8
  97 0066 07       		.byte	0x7
  98 0067 2D000000 		.4byte	.LASF8
  99 006b 03       		.uleb128 0x3
 100 006c 01       		.byte	0x1
 101 006d 02       		.byte	0x2
 102 006e 34010000 		.4byte	.LASF9
 103 0072 03       		.uleb128 0x3
 104 0073 04       		.byte	0x4
 105 0074 07       		.byte	0x7
 106 0075 59010000 		.4byte	.LASF10
 107 0079 03       		.uleb128 0x3
 108 007a 01       		.byte	0x1
 109 007b 08       		.byte	0x8
 110 007c 89000000 		.4byte	.LASF11
 111 0080 04       		.uleb128 0x4
 112 0081 62010000 		.4byte	.LASF15
ARM GAS  /tmp/ccE6e3kA.s 			page 3


 113 0085 01       		.byte	0x1
 114 0086 2E       		.byte	0x2e
 115 0087 00000000 		.4byte	.LFB7
 116 008b 04000000 		.4byte	.LFE7-.LFB7
 117 008f 01       		.uleb128 0x1
 118 0090 9C       		.byte	0x9c
 119 0091 00       		.byte	0
 120              		.section	.debug_abbrev,"",%progbits
 121              	.Ldebug_abbrev0:
 122 0000 01       		.uleb128 0x1
 123 0001 11       		.uleb128 0x11
 124 0002 01       		.byte	0x1
 125 0003 25       		.uleb128 0x25
 126 0004 0E       		.uleb128 0xe
 127 0005 13       		.uleb128 0x13
 128 0006 0B       		.uleb128 0xb
 129 0007 03       		.uleb128 0x3
 130 0008 0E       		.uleb128 0xe
 131 0009 1B       		.uleb128 0x1b
 132 000a 0E       		.uleb128 0xe
 133 000b 55       		.uleb128 0x55
 134 000c 17       		.uleb128 0x17
 135 000d 11       		.uleb128 0x11
 136 000e 01       		.uleb128 0x1
 137 000f 10       		.uleb128 0x10
 138 0010 17       		.uleb128 0x17
 139 0011 00       		.byte	0
 140 0012 00       		.byte	0
 141 0013 02       		.uleb128 0x2
 142 0014 24       		.uleb128 0x24
 143 0015 00       		.byte	0
 144 0016 0B       		.uleb128 0xb
 145 0017 0B       		.uleb128 0xb
 146 0018 3E       		.uleb128 0x3e
 147 0019 0B       		.uleb128 0xb
 148 001a 03       		.uleb128 0x3
 149 001b 08       		.uleb128 0x8
 150 001c 00       		.byte	0
 151 001d 00       		.byte	0
 152 001e 03       		.uleb128 0x3
 153 001f 24       		.uleb128 0x24
 154 0020 00       		.byte	0
 155 0021 0B       		.uleb128 0xb
 156 0022 0B       		.uleb128 0xb
 157 0023 3E       		.uleb128 0x3e
 158 0024 0B       		.uleb128 0xb
 159 0025 03       		.uleb128 0x3
 160 0026 0E       		.uleb128 0xe
 161 0027 00       		.byte	0
 162 0028 00       		.byte	0
 163 0029 04       		.uleb128 0x4
 164 002a 2E       		.uleb128 0x2e
 165 002b 00       		.byte	0
 166 002c 3F       		.uleb128 0x3f
 167 002d 19       		.uleb128 0x19
 168 002e 03       		.uleb128 0x3
 169 002f 0E       		.uleb128 0xe
ARM GAS  /tmp/ccE6e3kA.s 			page 4


 170 0030 3A       		.uleb128 0x3a
 171 0031 0B       		.uleb128 0xb
 172 0032 3B       		.uleb128 0x3b
 173 0033 0B       		.uleb128 0xb
 174 0034 27       		.uleb128 0x27
 175 0035 19       		.uleb128 0x19
 176 0036 11       		.uleb128 0x11
 177 0037 01       		.uleb128 0x1
 178 0038 12       		.uleb128 0x12
 179 0039 06       		.uleb128 0x6
 180 003a 40       		.uleb128 0x40
 181 003b 18       		.uleb128 0x18
 182 003c 9742     		.uleb128 0x2117
 183 003e 19       		.uleb128 0x19
 184 003f 00       		.byte	0
 185 0040 00       		.byte	0
 186 0041 00       		.byte	0
 187              		.section	.debug_aranges,"",%progbits
 188 0000 1C000000 		.4byte	0x1c
 189 0004 0200     		.2byte	0x2
 190 0006 00000000 		.4byte	.Ldebug_info0
 191 000a 04       		.byte	0x4
 192 000b 00       		.byte	0
 193 000c 0000     		.2byte	0
 194 000e 0000     		.2byte	0
 195 0010 00000000 		.4byte	.LFB7
 196 0014 04000000 		.4byte	.LFE7-.LFB7
 197 0018 00000000 		.4byte	0
 198 001c 00000000 		.4byte	0
 199              		.section	.debug_ranges,"",%progbits
 200              	.Ldebug_ranges0:
 201 0000 00000000 		.4byte	.LFB7
 202 0004 04000000 		.4byte	.LFE7
 203 0008 00000000 		.4byte	0
 204 000c 00000000 		.4byte	0
 205              		.section	.debug_line,"",%progbits
 206              	.Ldebug_line0:
 207 0000 63000000 		.section	.debug_str,"MS",%progbits,1
 207      02004D00 
 207      00000201 
 207      FB0E0D00 
 207      01010101 
 208              	.LASF7:
 209 0000 6C6F6E67 		.ascii	"long long int\000"
 209      206C6F6E 
 209      6720696E 
 209      7400
 210              	.LASF0:
 211 000e 756E7369 		.ascii	"unsigned int\000"
 211      676E6564 
 211      20696E74 
 211      00
 212              	.LASF6:
 213 001b 6C6F6E67 		.ascii	"long unsigned int\000"
 213      20756E73 
 213      69676E65 
 213      6420696E 
ARM GAS  /tmp/ccE6e3kA.s 			page 5


 213      7400
 214              	.LASF8:
 215 002d 6C6F6E67 		.ascii	"long long unsigned int\000"
 215      206C6F6E 
 215      6720756E 
 215      7369676E 
 215      65642069 
 216              	.LASF13:
 217 0044 2E2E2F2E 		.ascii	"../../../../ChibiOS_2.6.2/os/ports/GCC/ARMCMx/chcor"
 217      2E2F2E2E 
 217      2F2E2E2F 
 217      43686962 
 217      694F535F 
 218 0077 652E6300 		.ascii	"e.c\000"
 219              	.LASF2:
 220 007b 756E7369 		.ascii	"unsigned char\000"
 220      676E6564 
 220      20636861 
 220      7200
 221              	.LASF11:
 222 0089 63686172 		.ascii	"char\000"
 222      00
 223              	.LASF5:
 224 008e 6C6F6E67 		.ascii	"long int\000"
 224      20696E74 
 224      00
 225              	.LASF12:
 226 0097 474E5520 		.ascii	"GNU C 4.8.2 -mcpu=cortex-m3 -mno-thumb-interwork -m"
 226      4320342E 
 226      382E3220 
 226      2D6D6370 
 226      753D636F 
 227 00ca 7468756D 		.ascii	"thumb -ggdb -O2 -fomit-frame-pointer -falign-functi"
 227      62202D67 
 227      67646220 
 227      2D4F3220 
 227      2D666F6D 
 228 00fd 6F6E733D 		.ascii	"ons=16 -ffunction-sections -fdata-sections -fno-com"
 228      3136202D 
 228      6666756E 
 228      6374696F 
 228      6E2D7365 
 229 0130 6D6F6E00 		.ascii	"mon\000"
 230              	.LASF9:
 231 0134 5F426F6F 		.ascii	"_Bool\000"
 231      6C00
 232              	.LASF4:
 233 013a 73686F72 		.ascii	"short unsigned int\000"
 233      7420756E 
 233      7369676E 
 233      65642069 
 233      6E7400
 234              	.LASF1:
 235 014d 7369676E 		.ascii	"signed char\000"
 235      65642063 
 235      68617200 
 236              	.LASF10:
ARM GAS  /tmp/ccE6e3kA.s 			page 6


 237 0159 73697A65 		.ascii	"sizetype\000"
 237      74797065 
 237      00
 238              	.LASF15:
 239 0162 706F7274 		.ascii	"port_halt\000"
 239      5F68616C 
 239      7400
 240              	.LASF3:
 241 016c 73686F72 		.ascii	"short int\000"
 241      7420696E 
 241      7400
 242              	.LASF14:
 243 0176 2F6D6E74 		.ascii	"/mnt/c/Users/DQ Sullivan/Downloads/Convex/convex/co"
 243      2F632F55 
 243      73657273 
 243      2F445120 
 243      53756C6C 
 244 01a9 72746578 		.ascii	"rtex/projects/Vex2016 CyberBrains\000"
 244      2F70726F 
 244      6A656374 
 244      732F5665 
 244      78323031 
 245              		.ident	"GCC: (4.8.2-14ubuntu1+6) 4.8.2"
ARM GAS  /tmp/ccE6e3kA.s 			page 7


DEFINED SYMBOLS
                            *ABS*:0000000000000000 chcore.c
     /tmp/ccE6e3kA.s:19     .text.port_halt:0000000000000000 $t
     /tmp/ccE6e3kA.s:25     .text.port_halt:0000000000000000 port_halt
                     .debug_frame:0000000000000010 $d

NO UNDEFINED SYMBOLS
