ARM GAS  /tmp/cckcD1G7.s 			page 1


   1              		.syntax unified
   2              		.cpu cortex-m3
   3              		.fpu softvfp
   4              		.eabi_attribute 20, 1
   5              		.eabi_attribute 21, 1
   6              		.eabi_attribute 23, 3
   7              		.eabi_attribute 24, 1
   8              		.eabi_attribute 25, 1
   9              		.eabi_attribute 26, 1
  10              		.eabi_attribute 30, 2
  11              		.eabi_attribute 34, 1
  12              		.eabi_attribute 18, 4
  13              		.thumb
  14              		.file	"chdynamic.c"
  15              		.text
  16              	.Ltext0:
  17              		.cfi_sections	.debug_frame
  18              		.section	.text.chThdAddRef,"ax",%progbits
  19              		.align	2
  20              		.p2align 4,,15
  21              		.global	chThdAddRef
  22              		.thumb
  23              		.thumb_func
  24              		.type	chThdAddRef, %function
  25              	chThdAddRef:
  26              	.LFB7:
  27              		.file 1 "../../../../ChibiOS_2.6.2/os/kernel/src/chdynamic.c"
  28              		.loc 1 52 0
  29              		.cfi_startproc
  30              		@ args = 0, pretend = 0, frame = 0
  31              		@ frame_needed = 0, uses_anonymous_args = 0
  32              		@ link register save eliminated.
  33              	.LVL0:
  34              	.LBB2:
  35              		.loc 1 54 0
  36 0000 2023     		movs	r3, #32
  37              	@ 54 "../../../../ChibiOS_2.6.2/os/kernel/src/chdynamic.c" 1
  38 0002 83F31188 		msr     BASEPRI, r3
  39              	@ 0 "" 2
  40              		.thumb
  41              	.LBE2:
  42              		.loc 1 56 0
  43 0006 827F     		ldrb	r2, [r0, #30]	@ zero_extendqisi2
  44              	.LBB3:
  45              		.loc 1 57 0
  46 0008 0023     		movs	r3, #0
  47              	.LBE3:
  48              		.loc 1 56 0
  49 000a 0132     		adds	r2, r2, #1
  50 000c 8277     		strb	r2, [r0, #30]
  51              	.LBB4:
  52              		.loc 1 57 0
  53              	@ 57 "../../../../ChibiOS_2.6.2/os/kernel/src/chdynamic.c" 1
  54 000e 83F31188 		msr     BASEPRI, r3
  55              	@ 0 "" 2
  56              		.thumb
  57              	.LBE4:
ARM GAS  /tmp/cckcD1G7.s 			page 2


  58              		.loc 1 59 0
  59 0012 7047     		bx	lr
  60              		.cfi_endproc
  61              	.LFE7:
  62              		.size	chThdAddRef, .-chThdAddRef
  63 0014 AFF30080 		.section	.text.chThdRelease,"ax",%progbits
  63      AFF30080 
  63      AFF30080 
  64              		.align	2
  65              		.p2align 4,,15
  66              		.global	chThdRelease
  67              		.thumb
  68              		.thumb_func
  69              		.type	chThdRelease, %function
  70              	chThdRelease:
  71              	.LFB8:
  72              		.loc 1 74 0
  73              		.cfi_startproc
  74              		@ args = 0, pretend = 0, frame = 0
  75              		@ frame_needed = 0, uses_anonymous_args = 0
  76              		@ link register save eliminated.
  77              	.LVL1:
  78              		.loc 1 74 0
  79 0000 0146     		mov	r1, r0
  80              	.LBB5:
  81              		.loc 1 77 0
  82 0002 2023     		movs	r3, #32
  83              	@ 77 "../../../../ChibiOS_2.6.2/os/kernel/src/chdynamic.c" 1
  84 0004 83F31188 		msr     BASEPRI, r3
  85              	@ 0 "" 2
  86              		.thumb
  87              	.LBE5:
  88              		.loc 1 79 0
  89 0008 827F     		ldrb	r2, [r0, #30]	@ zero_extendqisi2
  90              	.LBB6:
  91              		.loc 1 80 0
  92 000a 0023     		movs	r3, #0
  93              	.LBE6:
  94              		.loc 1 79 0
  95 000c 013A     		subs	r2, r2, #1
  96 000e D2B2     		uxtb	r2, r2
  97 0010 8277     		strb	r2, [r0, #30]
  98              	.LVL2:
  99              	.LBB7:
 100              		.loc 1 80 0
 101              	@ 80 "../../../../ChibiOS_2.6.2/os/kernel/src/chdynamic.c" 1
 102 0012 83F31188 		msr     BASEPRI, r3
 103              	@ 0 "" 2
 104              		.thumb
 105              	.LBE7:
 106              		.loc 1 85 0
 107 0016 12B9     		cbnz	r2, .L2
 108              		.loc 1 85 0 is_stmt 0 discriminator 1
 109 0018 037F     		ldrb	r3, [r0, #28]	@ zero_extendqisi2
 110 001a 0E2B     		cmp	r3, #14
 111 001c 00D0     		beq	.L7
 112              	.L2:
ARM GAS  /tmp/cckcD1G7.s 			page 3


 113 001e 7047     		bx	lr
 114              	.L7:
 115              		.loc 1 86 0 is_stmt 1
 116 0020 437F     		ldrb	r3, [r0, #29]	@ zero_extendqisi2
 117 0022 03F00303 		and	r3, r3, #3
 118 0026 012B     		cmp	r3, #1
 119 0028 02D0     		beq	.L4
 120 002a 022B     		cmp	r3, #2
 121 002c 07D0     		beq	.L5
 122 002e 7047     		bx	lr
 123              	.L4:
 124              		.loc 1 90 0
 125 0030 0269     		ldr	r2, [r0, #16]
 126              	.LVL3:
 127 0032 4369     		ldr	r3, [r0, #20]
 128 0034 1A61     		str	r2, [r3, #16]
 129 0036 0A69     		ldr	r2, [r1, #16]
 130 0038 5361     		str	r3, [r2, #20]
 131              		.loc 1 92 0
 132 003a FFF7FEBF 		b	chHeapFree
 133              	.LVL4:
 134              	.L5:
 135              		.loc 1 98 0
 136 003e 0269     		ldr	r2, [r0, #16]
 137              	.LVL5:
 138 0040 4369     		ldr	r3, [r0, #20]
 139              		.loc 1 100 0
 140 0042 406C     		ldr	r0, [r0, #68]
 141              	.LVL6:
 142              		.loc 1 98 0
 143 0044 1A61     		str	r2, [r3, #16]
 144 0046 0A69     		ldr	r2, [r1, #16]
 145 0048 5361     		str	r3, [r2, #20]
 146              		.loc 1 100 0
 147 004a FFF7FEBF 		b	chPoolFree
 148              	.LVL7:
 149              		.cfi_endproc
 150              	.LFE8:
 151              		.size	chThdRelease, .-chThdRelease
 152 004e 00BF     		.section	.text.chThdCreateFromHeap,"ax",%progbits
 153              		.align	2
 154              		.p2align 4,,15
 155              		.global	chThdCreateFromHeap
 156              		.thumb
 157              		.thumb_func
 158              		.type	chThdCreateFromHeap, %function
 159              	chThdCreateFromHeap:
 160              	.LFB9:
 161              		.loc 1 131 0
 162              		.cfi_startproc
 163              		@ args = 4, pretend = 0, frame = 0
 164              		@ frame_needed = 0, uses_anonymous_args = 0
 165              	.LVL8:
 166 0000 70B5     		push	{r4, r5, r6, lr}
 167              		.cfi_def_cfa_offset 16
 168              		.cfi_offset 4, -16
 169              		.cfi_offset 5, -12
ARM GAS  /tmp/cckcD1G7.s 			page 4


 170              		.cfi_offset 6, -8
 171              		.cfi_offset 14, -4
 172 0002 82B0     		sub	sp, sp, #8
 173              		.cfi_def_cfa_offset 24
 174              		.loc 1 131 0
 175 0004 1646     		mov	r6, r2
 176 0006 1C46     		mov	r4, r3
 177 0008 0D46     		mov	r5, r1
 178              		.loc 1 135 0
 179 000a FFF7FEFF 		bl	chHeapAlloc
 180              	.LVL9:
 181              		.loc 1 136 0
 182 000e 98B1     		cbz	r0, .L9
 183              	.LBB8:
 184              		.loc 1 148 0
 185 0010 2023     		movs	r3, #32
 186              	@ 148 "../../../../ChibiOS_2.6.2/os/kernel/src/chdynamic.c" 1
 187 0012 83F31188 		msr     BASEPRI, r3
 188              	@ 0 "" 2
 189              		.thumb
 190              	.LBE8:
 191              		.loc 1 149 0
 192 0016 069B     		ldr	r3, [sp, #24]
 193 0018 2946     		mov	r1, r5
 194 001a 0093     		str	r3, [sp]
 195 001c 3246     		mov	r2, r6
 196 001e 2346     		mov	r3, r4
 197 0020 FFF7FEFF 		bl	chThdCreateI
 198              	.LVL10:
 199              		.loc 1 150 0
 200 0024 0123     		movs	r3, #1
 201 0026 4377     		strb	r3, [r0, #29]
 202              		.loc 1 151 0
 203 0028 0021     		movs	r1, #0
 204              		.loc 1 149 0
 205 002a 0446     		mov	r4, r0
 206              	.LVL11:
 207              		.loc 1 151 0
 208 002c FFF7FEFF 		bl	chSchWakeupS
 209              	.LVL12:
 210              	.LBB9:
 211              		.loc 1 152 0
 212 0030 0023     		movs	r3, #0
 213              	@ 152 "../../../../ChibiOS_2.6.2/os/kernel/src/chdynamic.c" 1
 214 0032 83F31188 		msr     BASEPRI, r3
 215              	@ 0 "" 2
 216              		.thumb
 217              	.LBE9:
 218              		.loc 1 153 0
 219 0036 2046     		mov	r0, r4
 220              	.LVL13:
 221              	.L9:
 222              		.loc 1 154 0
 223 0038 02B0     		add	sp, sp, #8
 224              		@ sp needed
 225 003a 70BD     		pop	{r4, r5, r6, pc}
 226              		.cfi_endproc
ARM GAS  /tmp/cckcD1G7.s 			page 5


 227              	.LFE9:
 228              		.size	chThdCreateFromHeap, .-chThdCreateFromHeap
 229 003c AFF30080 		.section	.text.chThdCreateFromMemoryPool,"ax",%progbits
 230              		.align	2
 231              		.p2align 4,,15
 232              		.global	chThdCreateFromMemoryPool
 233              		.thumb
 234              		.thumb_func
 235              		.type	chThdCreateFromMemoryPool, %function
 236              	chThdCreateFromMemoryPool:
 237              	.LFB10:
 238              		.loc 1 180 0
 239              		.cfi_startproc
 240              		@ args = 0, pretend = 0, frame = 0
 241              		@ frame_needed = 0, uses_anonymous_args = 0
 242              	.LVL14:
 243 0000 F0B5     		push	{r4, r5, r6, r7, lr}
 244              		.cfi_def_cfa_offset 20
 245              		.cfi_offset 4, -20
 246              		.cfi_offset 5, -16
 247              		.cfi_offset 6, -12
 248              		.cfi_offset 7, -8
 249              		.cfi_offset 14, -4
 250 0002 83B0     		sub	sp, sp, #12
 251              		.cfi_def_cfa_offset 32
 252              		.loc 1 180 0
 253 0004 0F46     		mov	r7, r1
 254 0006 1446     		mov	r4, r2
 255 0008 1E46     		mov	r6, r3
 256 000a 0546     		mov	r5, r0
 257              		.loc 1 186 0
 258 000c FFF7FEFF 		bl	chPoolAlloc
 259              	.LVL15:
 260              		.loc 1 187 0
 261 0010 98B1     		cbz	r0, .L12
 262              	.LBB10:
 263              		.loc 1 199 0
 264 0012 2023     		movs	r3, #32
 265              	@ 199 "../../../../ChibiOS_2.6.2/os/kernel/src/chdynamic.c" 1
 266 0014 83F31188 		msr     BASEPRI, r3
 267              	@ 0 "" 2
 268              		.thumb
 269              	.LBE10:
 270              		.loc 1 200 0
 271 0018 6968     		ldr	r1, [r5, #4]
 272 001a 3A46     		mov	r2, r7
 273 001c 2346     		mov	r3, r4
 274 001e 0096     		str	r6, [sp]
 275 0020 FFF7FEFF 		bl	chThdCreateI
 276              	.LVL16:
 277              		.loc 1 201 0
 278 0024 0223     		movs	r3, #2
 279 0026 4377     		strb	r3, [r0, #29]
 280              		.loc 1 202 0
 281 0028 4564     		str	r5, [r0, #68]
 282              		.loc 1 203 0
 283 002a 0021     		movs	r1, #0
ARM GAS  /tmp/cckcD1G7.s 			page 6


 284              		.loc 1 200 0
 285 002c 0446     		mov	r4, r0
 286              	.LVL17:
 287              		.loc 1 203 0
 288 002e FFF7FEFF 		bl	chSchWakeupS
 289              	.LVL18:
 290              	.LBB11:
 291              		.loc 1 204 0
 292 0032 0023     		movs	r3, #0
 293              	@ 204 "../../../../ChibiOS_2.6.2/os/kernel/src/chdynamic.c" 1
 294 0034 83F31188 		msr     BASEPRI, r3
 295              	@ 0 "" 2
 296              		.thumb
 297              	.LBE11:
 298              		.loc 1 205 0
 299 0038 2046     		mov	r0, r4
 300              	.LVL19:
 301              	.L12:
 302              		.loc 1 206 0
 303 003a 03B0     		add	sp, sp, #12
 304              		@ sp needed
 305 003c F0BD     		pop	{r4, r5, r6, r7, pc}
 306              		.cfi_endproc
 307              	.LFE10:
 308              		.size	chThdCreateFromMemoryPool, .-chThdCreateFromMemoryPool
 309 003e 00BF     		.text
 310              	.Letext0:
 311              		.file 2 "/usr/lib/gcc/arm-none-eabi/4.8.2/include/stddef.h"
 312              		.file 3 "/usr/include/newlib/machine/_default_types.h"
 313              		.file 4 "/usr/include/newlib/stdint.h"
 314              		.file 5 "../../../../ChibiOS_2.6.2/os/ports/GCC/ARMCMx/chtypes.h"
 315              		.file 6 "../../../../ChibiOS_2.6.2/os/kernel/include/chlists.h"
 316              		.file 7 "../../../../ChibiOS_2.6.2/os/kernel/include/chthreads.h"
 317              		.file 8 "../../../../ChibiOS_2.6.2/os/ports/GCC/ARMCMx/chcore_v7m.h"
 318              		.file 9 "../../../../ChibiOS_2.6.2/os/kernel/include/chmtx.h"
 319              		.file 10 "../../../../ChibiOS_2.6.2/os/kernel/include/chmemcore.h"
 320              		.file 11 "../../../../ChibiOS_2.6.2/os/kernel/include/chheap.h"
 321              		.file 12 "../../../../ChibiOS_2.6.2/os/kernel/include/chmempools.h"
 322              		.file 13 "../../../../ChibiOS_2.6.2/os/kernel/include/chschd.h"
 323              		.section	.debug_info,"",%progbits
 324              	.Ldebug_info0:
 325 0000 88080000 		.4byte	0x888
 326 0004 0400     		.2byte	0x4
 327 0006 00000000 		.4byte	.Ldebug_abbrev0
 328 000a 04       		.byte	0x4
 329 000b 01       		.uleb128 0x1
 330 000c F0010000 		.4byte	.LASF92
 331 0010 01       		.byte	0x1
 332 0011 42010000 		.4byte	.LASF93
 333 0015 9B010000 		.4byte	.LASF94
 334 0019 30000000 		.4byte	.Ldebug_ranges0+0x30
 335 001d 00000000 		.4byte	0
 336 0021 00000000 		.4byte	.Ldebug_line0
 337 0025 02       		.uleb128 0x2
 338 0026 04       		.byte	0x4
 339 0027 05       		.byte	0x5
 340 0028 696E7400 		.ascii	"int\000"
ARM GAS  /tmp/cckcD1G7.s 			page 7


 341 002c 03       		.uleb128 0x3
 342 002d 0E000000 		.4byte	.LASF2
 343 0031 02       		.byte	0x2
 344 0032 D4       		.byte	0xd4
 345 0033 37000000 		.4byte	0x37
 346 0037 04       		.uleb128 0x4
 347 0038 04       		.byte	0x4
 348 0039 07       		.byte	0x7
 349 003a 7C010000 		.4byte	.LASF0
 350 003e 04       		.uleb128 0x4
 351 003f 01       		.byte	0x1
 352 0040 06       		.byte	0x6
 353 0041 8E000000 		.4byte	.LASF1
 354 0045 03       		.uleb128 0x3
 355 0046 25000000 		.4byte	.LASF3
 356 004a 03       		.byte	0x3
 357 004b 1C       		.byte	0x1c
 358 004c 50000000 		.4byte	0x50
 359 0050 04       		.uleb128 0x4
 360 0051 01       		.byte	0x1
 361 0052 08       		.byte	0x8
 362 0053 6A030000 		.4byte	.LASF4
 363 0057 04       		.uleb128 0x4
 364 0058 02       		.byte	0x2
 365 0059 05       		.byte	0x5
 366 005a 8D030000 		.4byte	.LASF5
 367 005e 04       		.uleb128 0x4
 368 005f 02       		.byte	0x2
 369 0060 07       		.byte	0x7
 370 0061 9A020000 		.4byte	.LASF6
 371 0065 03       		.uleb128 0x3
 372 0066 25040000 		.4byte	.LASF7
 373 006a 03       		.byte	0x3
 374 006b 37       		.byte	0x37
 375 006c 70000000 		.4byte	0x70
 376 0070 04       		.uleb128 0x4
 377 0071 04       		.byte	0x4
 378 0072 05       		.byte	0x5
 379 0073 D2000000 		.4byte	.LASF8
 380 0077 03       		.uleb128 0x3
 381 0078 22010000 		.4byte	.LASF9
 382 007c 03       		.byte	0x3
 383 007d 38       		.byte	0x38
 384 007e 82000000 		.4byte	0x82
 385 0082 04       		.uleb128 0x4
 386 0083 04       		.byte	0x4
 387 0084 07       		.byte	0x7
 388 0085 89010000 		.4byte	.LASF10
 389 0089 04       		.uleb128 0x4
 390 008a 08       		.byte	0x8
 391 008b 05       		.byte	0x5
 392 008c 80000000 		.4byte	.LASF11
 393 0090 03       		.uleb128 0x3
 394 0091 2D030000 		.4byte	.LASF12
 395 0095 03       		.byte	0x3
 396 0096 4E       		.byte	0x4e
 397 0097 9B000000 		.4byte	0x9b
ARM GAS  /tmp/cckcD1G7.s 			page 8


 398 009b 04       		.uleb128 0x4
 399 009c 08       		.byte	0x8
 400 009d 07       		.byte	0x7
 401 009e 47000000 		.4byte	.LASF13
 402 00a2 03       		.uleb128 0x3
 403 00a3 68040000 		.4byte	.LASF14
 404 00a7 04       		.byte	0x4
 405 00a8 2A       		.byte	0x2a
 406 00a9 45000000 		.4byte	0x45
 407 00ad 03       		.uleb128 0x3
 408 00ae 62030000 		.4byte	.LASF15
 409 00b2 04       		.byte	0x4
 410 00b3 41       		.byte	0x41
 411 00b4 65000000 		.4byte	0x65
 412 00b8 03       		.uleb128 0x3
 413 00b9 F6030000 		.4byte	.LASF16
 414 00bd 04       		.byte	0x4
 415 00be 42       		.byte	0x42
 416 00bf 77000000 		.4byte	0x77
 417 00c3 03       		.uleb128 0x3
 418 00c4 1C000000 		.4byte	.LASF17
 419 00c8 04       		.byte	0x4
 420 00c9 4E       		.byte	0x4e
 421 00ca 90000000 		.4byte	0x90
 422 00ce 04       		.uleb128 0x4
 423 00cf 01       		.byte	0x1
 424 00d0 02       		.byte	0x2
 425 00d1 5C030000 		.4byte	.LASF18
 426 00d5 03       		.uleb128 0x3
 427 00d6 B3020000 		.4byte	.LASF19
 428 00da 05       		.byte	0x5
 429 00db 2C       		.byte	0x2c
 430 00dc A2000000 		.4byte	0xa2
 431 00e0 03       		.uleb128 0x3
 432 00e1 EF000000 		.4byte	.LASF20
 433 00e5 05       		.byte	0x5
 434 00e6 2D       		.byte	0x2d
 435 00e7 A2000000 		.4byte	0xa2
 436 00eb 03       		.uleb128 0x3
 437 00ec 40030000 		.4byte	.LASF21
 438 00f0 05       		.byte	0x5
 439 00f1 2E       		.byte	0x2e
 440 00f2 A2000000 		.4byte	0xa2
 441 00f6 03       		.uleb128 0x3
 442 00f7 BB000000 		.4byte	.LASF22
 443 00fb 05       		.byte	0x5
 444 00fc 2F       		.byte	0x2f
 445 00fd A2000000 		.4byte	0xa2
 446 0101 03       		.uleb128 0x3
 447 0102 54030000 		.4byte	.LASF23
 448 0106 05       		.byte	0x5
 449 0107 30       		.byte	0x30
 450 0108 B8000000 		.4byte	0xb8
 451 010c 03       		.uleb128 0x3
 452 010d AD020000 		.4byte	.LASF24
 453 0111 05       		.byte	0x5
 454 0112 31       		.byte	0x31
ARM GAS  /tmp/cckcD1G7.s 			page 9


 455 0113 AD000000 		.4byte	0xad
 456 0117 03       		.uleb128 0x3
 457 0118 C7020000 		.4byte	.LASF25
 458 011c 05       		.byte	0x5
 459 011d 33       		.byte	0x33
 460 011e B8000000 		.4byte	0xb8
 461 0122 03       		.uleb128 0x3
 462 0123 10040000 		.4byte	.LASF26
 463 0127 05       		.byte	0x5
 464 0128 35       		.byte	0x35
 465 0129 B8000000 		.4byte	0xb8
 466 012d 03       		.uleb128 0x3
 467 012e D8030000 		.4byte	.LASF27
 468 0132 06       		.byte	0x6
 469 0133 2A       		.byte	0x2a
 470 0134 38010000 		.4byte	0x138
 471 0138 05       		.uleb128 0x5
 472 0139 D8030000 		.4byte	.LASF27
 473 013d 48       		.byte	0x48
 474 013e 07       		.byte	0x7
 475 013f 5E       		.byte	0x5e
 476 0140 35020000 		.4byte	0x235
 477 0144 06       		.uleb128 0x6
 478 0145 BC030000 		.4byte	.LASF28
 479 0149 07       		.byte	0x7
 480 014a 5F       		.byte	0x5f
 481 014b 56020000 		.4byte	0x256
 482 014f 00       		.byte	0
 483 0150 06       		.uleb128 0x6
 484 0151 4D030000 		.4byte	.LASF29
 485 0155 07       		.byte	0x7
 486 0156 61       		.byte	0x61
 487 0157 56020000 		.4byte	0x256
 488 015b 04       		.byte	0x4
 489 015c 06       		.uleb128 0x6
 490 015d 79000000 		.4byte	.LASF30
 491 0161 07       		.byte	0x7
 492 0162 63       		.byte	0x63
 493 0163 01010000 		.4byte	0x101
 494 0167 08       		.byte	0x8
 495 0168 06       		.uleb128 0x6
 496 0169 9D040000 		.4byte	.LASF31
 497 016d 07       		.byte	0x7
 498 016e 64       		.byte	0x64
 499 016f 1B030000 		.4byte	0x31b
 500 0173 0C       		.byte	0xc
 501 0174 06       		.uleb128 0x6
 502 0175 00010000 		.4byte	.LASF32
 503 0179 07       		.byte	0x7
 504 017a 66       		.byte	0x66
 505 017b 56020000 		.4byte	0x256
 506 017f 10       		.byte	0x10
 507 0180 06       		.uleb128 0x6
 508 0181 F9020000 		.4byte	.LASF33
 509 0185 07       		.byte	0x7
 510 0186 67       		.byte	0x67
 511 0187 56020000 		.4byte	0x256
ARM GAS  /tmp/cckcD1G7.s 			page 10


 512 018b 14       		.byte	0x14
 513 018c 06       		.uleb128 0x6
 514 018d 8E040000 		.4byte	.LASF34
 515 0191 07       		.byte	0x7
 516 0192 6E       		.byte	0x6e
 517 0193 DD040000 		.4byte	0x4dd
 518 0197 18       		.byte	0x18
 519 0198 06       		.uleb128 0x6
 520 0199 97030000 		.4byte	.LASF35
 521 019d 07       		.byte	0x7
 522 019e 79       		.byte	0x79
 523 019f E0000000 		.4byte	0xe0
 524 01a3 1C       		.byte	0x1c
 525 01a4 06       		.uleb128 0x6
 526 01a5 C3030000 		.4byte	.LASF36
 527 01a9 07       		.byte	0x7
 528 01aa 7D       		.byte	0x7d
 529 01ab D5000000 		.4byte	0xd5
 530 01af 1D       		.byte	0x1d
 531 01b0 06       		.uleb128 0x6
 532 01b1 61040000 		.4byte	.LASF37
 533 01b5 07       		.byte	0x7
 534 01b6 82       		.byte	0x82
 535 01b7 EB000000 		.4byte	0xeb
 536 01bb 1E       		.byte	0x1e
 537 01bc 06       		.uleb128 0x6
 538 01bd 9F030000 		.4byte	.LASF38
 539 01c1 07       		.byte	0x7
 540 01c2 88       		.byte	0x88
 541 01c3 F6000000 		.4byte	0xf6
 542 01c7 1F       		.byte	0x1f
 543 01c8 06       		.uleb128 0x6
 544 01c9 2F040000 		.4byte	.LASF39
 545 01cd 07       		.byte	0x7
 546 01ce 8F       		.byte	0x8f
 547 01cf 43030000 		.4byte	0x343
 548 01d3 20       		.byte	0x20
 549 01d4 07       		.uleb128 0x7
 550 01d5 705F7500 		.ascii	"p_u\000"
 551 01d9 07       		.byte	0x7
 552 01da B4       		.byte	0xb4
 553 01db A8040000 		.4byte	0x4a8
 554 01df 24       		.byte	0x24
 555 01e0 06       		.uleb128 0x6
 556 01e1 A3040000 		.4byte	.LASF40
 557 01e5 07       		.byte	0x7
 558 01e6 B9       		.byte	0xb9
 559 01e7 7C020000 		.4byte	0x27c
 560 01eb 28       		.byte	0x28
 561 01ec 06       		.uleb128 0x6
 562 01ed 3D040000 		.4byte	.LASF41
 563 01f1 07       		.byte	0x7
 564 01f2 BF       		.byte	0xbf
 565 01f3 5C020000 		.4byte	0x25c
 566 01f7 2C       		.byte	0x2c
 567 01f8 06       		.uleb128 0x6
 568 01f9 08000000 		.4byte	.LASF42
ARM GAS  /tmp/cckcD1G7.s 			page 11


 569 01fd 07       		.byte	0x7
 570 01fe C3       		.byte	0xc3
 571 01ff 0C010000 		.4byte	0x10c
 572 0203 34       		.byte	0x34
 573 0204 06       		.uleb128 0x6
 574 0205 EB030000 		.4byte	.LASF43
 575 0209 07       		.byte	0x7
 576 020a C9       		.byte	0xc9
 577 020b 17010000 		.4byte	0x117
 578 020f 38       		.byte	0x38
 579 0210 06       		.uleb128 0x6
 580 0211 83030000 		.4byte	.LASF44
 581 0215 07       		.byte	0x7
 582 0216 D0       		.byte	0xd0
 583 0217 EF040000 		.4byte	0x4ef
 584 021b 3C       		.byte	0x3c
 585 021c 06       		.uleb128 0x6
 586 021d 1A040000 		.4byte	.LASF45
 587 0221 07       		.byte	0x7
 588 0222 D4       		.byte	0xd4
 589 0223 01010000 		.4byte	0x101
 590 0227 40       		.byte	0x40
 591 0228 06       		.uleb128 0x6
 592 0229 A0000000 		.4byte	.LASF46
 593 022d 07       		.byte	0x7
 594 022e DA       		.byte	0xda
 595 022f 92020000 		.4byte	0x292
 596 0233 44       		.byte	0x44
 597 0234 00       		.byte	0
 598 0235 08       		.uleb128 0x8
 599 0236 08       		.byte	0x8
 600 0237 06       		.byte	0x6
 601 0238 61       		.byte	0x61
 602 0239 56020000 		.4byte	0x256
 603 023d 06       		.uleb128 0x6
 604 023e BC030000 		.4byte	.LASF28
 605 0242 06       		.byte	0x6
 606 0243 62       		.byte	0x62
 607 0244 56020000 		.4byte	0x256
 608 0248 00       		.byte	0
 609 0249 06       		.uleb128 0x6
 610 024a 4D030000 		.4byte	.LASF29
 611 024e 06       		.byte	0x6
 612 024f 64       		.byte	0x64
 613 0250 56020000 		.4byte	0x256
 614 0254 04       		.byte	0x4
 615 0255 00       		.byte	0
 616 0256 09       		.uleb128 0x9
 617 0257 04       		.byte	0x4
 618 0258 2D010000 		.4byte	0x12d
 619 025c 03       		.uleb128 0x3
 620 025d 01030000 		.4byte	.LASF47
 621 0261 06       		.byte	0x6
 622 0262 66       		.byte	0x66
 623 0263 35020000 		.4byte	0x235
 624 0267 08       		.uleb128 0x8
 625 0268 04       		.byte	0x4
ARM GAS  /tmp/cckcD1G7.s 			page 12


 626 0269 06       		.byte	0x6
 627 026a 6B       		.byte	0x6b
 628 026b 7C020000 		.4byte	0x27c
 629 026f 06       		.uleb128 0x6
 630 0270 BC030000 		.4byte	.LASF28
 631 0274 06       		.byte	0x6
 632 0275 6D       		.byte	0x6d
 633 0276 56020000 		.4byte	0x256
 634 027a 00       		.byte	0
 635 027b 00       		.byte	0
 636 027c 03       		.uleb128 0x3
 637 027d BB020000 		.4byte	.LASF48
 638 0281 06       		.byte	0x6
 639 0282 70       		.byte	0x70
 640 0283 67020000 		.4byte	0x267
 641 0287 03       		.uleb128 0x3
 642 0288 39010000 		.4byte	.LASF49
 643 028c 08       		.byte	0x8
 644 028d E5       		.byte	0xe5
 645 028e 92020000 		.4byte	0x292
 646 0292 0A       		.uleb128 0xa
 647 0293 04       		.byte	0x4
 648 0294 03       		.uleb128 0x3
 649 0295 E5020000 		.4byte	.LASF50
 650 0299 08       		.byte	0x8
 651 029a EB       		.byte	0xeb
 652 029b C3000000 		.4byte	0xc3
 653 029f 0B       		.uleb128 0xb
 654 02a0 36040000 		.4byte	.LASF51
 655 02a4 24       		.byte	0x24
 656 02a5 08       		.byte	0x8
 657 02a6 0C01     		.2byte	0x10c
 658 02a8 1B030000 		.4byte	0x31b
 659 02ac 0C       		.uleb128 0xc
 660 02ad 723400   		.ascii	"r4\000"
 661 02b0 08       		.byte	0x8
 662 02b1 1F01     		.2byte	0x11f
 663 02b3 87020000 		.4byte	0x287
 664 02b7 00       		.byte	0
 665 02b8 0C       		.uleb128 0xc
 666 02b9 723500   		.ascii	"r5\000"
 667 02bc 08       		.byte	0x8
 668 02bd 2001     		.2byte	0x120
 669 02bf 87020000 		.4byte	0x287
 670 02c3 04       		.byte	0x4
 671 02c4 0C       		.uleb128 0xc
 672 02c5 723600   		.ascii	"r6\000"
 673 02c8 08       		.byte	0x8
 674 02c9 2101     		.2byte	0x121
 675 02cb 87020000 		.4byte	0x287
 676 02cf 08       		.byte	0x8
 677 02d0 0C       		.uleb128 0xc
 678 02d1 723700   		.ascii	"r7\000"
 679 02d4 08       		.byte	0x8
 680 02d5 2201     		.2byte	0x122
 681 02d7 87020000 		.4byte	0x287
 682 02db 0C       		.byte	0xc
ARM GAS  /tmp/cckcD1G7.s 			page 13


 683 02dc 0C       		.uleb128 0xc
 684 02dd 723800   		.ascii	"r8\000"
 685 02e0 08       		.byte	0x8
 686 02e1 2301     		.2byte	0x123
 687 02e3 87020000 		.4byte	0x287
 688 02e7 10       		.byte	0x10
 689 02e8 0C       		.uleb128 0xc
 690 02e9 723900   		.ascii	"r9\000"
 691 02ec 08       		.byte	0x8
 692 02ed 2401     		.2byte	0x124
 693 02ef 87020000 		.4byte	0x287
 694 02f3 14       		.byte	0x14
 695 02f4 0C       		.uleb128 0xc
 696 02f5 72313000 		.ascii	"r10\000"
 697 02f9 08       		.byte	0x8
 698 02fa 2501     		.2byte	0x125
 699 02fc 87020000 		.4byte	0x287
 700 0300 18       		.byte	0x18
 701 0301 0C       		.uleb128 0xc
 702 0302 72313100 		.ascii	"r11\000"
 703 0306 08       		.byte	0x8
 704 0307 2601     		.2byte	0x126
 705 0309 87020000 		.4byte	0x287
 706 030d 1C       		.byte	0x1c
 707 030e 0C       		.uleb128 0xc
 708 030f 6C7200   		.ascii	"lr\000"
 709 0312 08       		.byte	0x8
 710 0313 2701     		.2byte	0x127
 711 0315 87020000 		.4byte	0x287
 712 0319 20       		.byte	0x20
 713 031a 00       		.byte	0
 714 031b 0B       		.uleb128 0xb
 715 031c 8D020000 		.4byte	.LASF52
 716 0320 04       		.byte	0x4
 717 0321 08       		.byte	0x8
 718 0322 3101     		.2byte	0x131
 719 0324 36030000 		.4byte	0x336
 720 0328 0C       		.uleb128 0xc
 721 0329 72313300 		.ascii	"r13\000"
 722 032d 08       		.byte	0x8
 723 032e 3201     		.2byte	0x132
 724 0330 36030000 		.4byte	0x336
 725 0334 00       		.byte	0
 726 0335 00       		.byte	0
 727 0336 09       		.uleb128 0x9
 728 0337 04       		.byte	0x4
 729 0338 9F020000 		.4byte	0x29f
 730 033c 04       		.uleb128 0x4
 731 033d 04       		.byte	0x4
 732 033e 07       		.byte	0x7
 733 033f F0020000 		.4byte	.LASF53
 734 0343 0D       		.uleb128 0xd
 735 0344 22010000 		.4byte	0x122
 736 0348 05       		.uleb128 0x5
 737 0349 D3020000 		.4byte	.LASF54
 738 034d 10       		.byte	0x10
 739 034e 09       		.byte	0x9
ARM GAS  /tmp/cckcD1G7.s 			page 14


 740 034f 2C       		.byte	0x2c
 741 0350 79030000 		.4byte	0x379
 742 0354 06       		.uleb128 0x6
 743 0355 A8000000 		.4byte	.LASF55
 744 0359 09       		.byte	0x9
 745 035a 2D       		.byte	0x2d
 746 035b 5C020000 		.4byte	0x25c
 747 035f 00       		.byte	0
 748 0360 06       		.uleb128 0x6
 749 0361 95040000 		.4byte	.LASF56
 750 0365 09       		.byte	0x9
 751 0366 2F       		.byte	0x2f
 752 0367 56020000 		.4byte	0x256
 753 036b 08       		.byte	0x8
 754 036c 06       		.uleb128 0x6
 755 036d 09040000 		.4byte	.LASF57
 756 0371 09       		.byte	0x9
 757 0372 31       		.byte	0x31
 758 0373 79030000 		.4byte	0x379
 759 0377 0C       		.byte	0xc
 760 0378 00       		.byte	0
 761 0379 09       		.uleb128 0x9
 762 037a 04       		.byte	0x4
 763 037b 48030000 		.4byte	0x348
 764 037f 03       		.uleb128 0x3
 765 0380 D3020000 		.4byte	.LASF54
 766 0384 09       		.byte	0x9
 767 0385 33       		.byte	0x33
 768 0386 48030000 		.4byte	0x348
 769 038a 03       		.uleb128 0x3
 770 038b 3A000000 		.4byte	.LASF58
 771 038f 0A       		.byte	0xa
 772 0390 2C       		.byte	0x2c
 773 0391 95030000 		.4byte	0x395
 774 0395 09       		.uleb128 0x9
 775 0396 04       		.byte	0x4
 776 0397 9B030000 		.4byte	0x39b
 777 039b 0E       		.uleb128 0xe
 778 039c 92020000 		.4byte	0x292
 779 03a0 AA030000 		.4byte	0x3aa
 780 03a4 0F       		.uleb128 0xf
 781 03a5 2C000000 		.4byte	0x2c
 782 03a9 00       		.byte	0
 783 03aa 03       		.uleb128 0x3
 784 03ab 22030000 		.4byte	.LASF59
 785 03af 0B       		.byte	0xb
 786 03b0 34       		.byte	0x34
 787 03b1 B5030000 		.4byte	0x3b5
 788 03b5 05       		.uleb128 0x5
 789 03b6 AD040000 		.4byte	.LASF60
 790 03ba 20       		.byte	0x20
 791 03bb 0B       		.byte	0xb
 792 03bc 47       		.byte	0x47
 793 03bd E6030000 		.4byte	0x3e6
 794 03c1 06       		.uleb128 0x6
 795 03c2 78030000 		.4byte	.LASF61
 796 03c6 0B       		.byte	0xb
ARM GAS  /tmp/cckcD1G7.s 			page 15


 797 03c7 48       		.byte	0x48
 798 03c8 8A030000 		.4byte	0x38a
 799 03cc 00       		.byte	0
 800 03cd 06       		.uleb128 0x6
 801 03ce 67000000 		.4byte	.LASF62
 802 03d2 0B       		.byte	0xb
 803 03d3 4A       		.byte	0x4a
 804 03d4 05040000 		.4byte	0x405
 805 03d8 08       		.byte	0x8
 806 03d9 06       		.uleb128 0x6
 807 03da 9A000000 		.4byte	.LASF63
 808 03de 0B       		.byte	0xb
 809 03df 4C       		.byte	0x4c
 810 03e0 7F030000 		.4byte	0x37f
 811 03e4 10       		.byte	0x10
 812 03e5 00       		.byte	0
 813 03e6 10       		.uleb128 0x10
 814 03e7 04       		.byte	0x4
 815 03e8 0B       		.byte	0xb
 816 03e9 3C       		.byte	0x3c
 817 03ea 05040000 		.4byte	0x405
 818 03ee 11       		.uleb128 0x11
 819 03ef 74000000 		.4byte	.LASF64
 820 03f3 0B       		.byte	0xb
 821 03f4 3D       		.byte	0x3d
 822 03f5 26040000 		.4byte	0x426
 823 03f9 11       		.uleb128 0x11
 824 03fa FF030000 		.4byte	.LASF65
 825 03fe 0B       		.byte	0xb
 826 03ff 3E       		.byte	0x3e
 827 0400 2C040000 		.4byte	0x42c
 828 0404 00       		.byte	0
 829 0405 12       		.uleb128 0x12
 830 0406 A9030000 		.4byte	.LASF95
 831 040a 08       		.byte	0x8
 832 040b 0B       		.byte	0xb
 833 040c 39       		.byte	0x39
 834 040d 26040000 		.4byte	0x426
 835 0411 11       		.uleb128 0x11
 836 0412 76010000 		.4byte	.LASF66
 837 0416 0B       		.byte	0xb
 838 0417 3A       		.byte	0x3a
 839 0418 94020000 		.4byte	0x294
 840 041c 13       		.uleb128 0x13
 841 041d 6800     		.ascii	"h\000"
 842 041f 0B       		.byte	0xb
 843 0420 41       		.byte	0x41
 844 0421 32040000 		.4byte	0x432
 845 0425 00       		.byte	0
 846 0426 09       		.uleb128 0x9
 847 0427 04       		.byte	0x4
 848 0428 05040000 		.4byte	0x405
 849 042c 09       		.uleb128 0x9
 850 042d 04       		.byte	0x4
 851 042e AA030000 		.4byte	0x3aa
 852 0432 08       		.uleb128 0x8
 853 0433 08       		.byte	0x8
ARM GAS  /tmp/cckcD1G7.s 			page 16


 854 0434 0B       		.byte	0xb
 855 0435 3B       		.byte	0x3b
 856 0436 51040000 		.4byte	0x451
 857 043a 07       		.uleb128 0x7
 858 043b 7500     		.ascii	"u\000"
 859 043d 0B       		.byte	0xb
 860 043e 3F       		.byte	0x3f
 861 043f E6030000 		.4byte	0x3e6
 862 0443 00       		.byte	0
 863 0444 06       		.uleb128 0x6
 864 0445 95020000 		.4byte	.LASF67
 865 0449 0B       		.byte	0xb
 866 044a 40       		.byte	0x40
 867 044b 2C000000 		.4byte	0x2c
 868 044f 04       		.byte	0x4
 869 0450 00       		.byte	0
 870 0451 05       		.uleb128 0x5
 871 0452 55040000 		.4byte	.LASF68
 872 0456 04       		.byte	0x4
 873 0457 0C       		.byte	0xc
 874 0458 2C       		.byte	0x2c
 875 0459 6A040000 		.4byte	0x46a
 876 045d 06       		.uleb128 0x6
 877 045e 38030000 		.4byte	.LASF69
 878 0462 0C       		.byte	0xc
 879 0463 2D       		.byte	0x2d
 880 0464 6A040000 		.4byte	0x46a
 881 0468 00       		.byte	0
 882 0469 00       		.byte	0
 883 046a 09       		.uleb128 0x9
 884 046b 04       		.byte	0x4
 885 046c 51040000 		.4byte	0x451
 886 0470 08       		.uleb128 0x8
 887 0471 0C       		.byte	0xc
 888 0472 0C       		.byte	0xc
 889 0473 34       		.byte	0x34
 890 0474 9D040000 		.4byte	0x49d
 891 0478 06       		.uleb128 0x6
 892 0479 F8000000 		.4byte	.LASF70
 893 047d 0C       		.byte	0xc
 894 047e 35       		.byte	0x35
 895 047f 6A040000 		.4byte	0x46a
 896 0483 00       		.byte	0
 897 0484 06       		.uleb128 0x6
 898 0485 0E030000 		.4byte	.LASF71
 899 0489 0C       		.byte	0xc
 900 048a 36       		.byte	0x36
 901 048b 2C000000 		.4byte	0x2c
 902 048f 04       		.byte	0x4
 903 0490 06       		.uleb128 0x6
 904 0491 2D010000 		.4byte	.LASF72
 905 0495 0C       		.byte	0xc
 906 0496 38       		.byte	0x38
 907 0497 8A030000 		.4byte	0x38a
 908 049b 08       		.byte	0x8
 909 049c 00       		.byte	0
 910 049d 03       		.uleb128 0x3
ARM GAS  /tmp/cckcD1G7.s 			page 17


 911 049e 2F000000 		.4byte	.LASF73
 912 04a2 0C       		.byte	0xc
 913 04a3 3A       		.byte	0x3a
 914 04a4 70040000 		.4byte	0x470
 915 04a8 10       		.uleb128 0x10
 916 04a9 04       		.byte	0x4
 917 04aa 07       		.byte	0x7
 918 04ab 96       		.byte	0x96
 919 04ac DD040000 		.4byte	0x4dd
 920 04b0 11       		.uleb128 0x11
 921 04b1 15000000 		.4byte	.LASF74
 922 04b5 07       		.byte	0x7
 923 04b6 9D       		.byte	0x9d
 924 04b7 0C010000 		.4byte	0x10c
 925 04bb 11       		.uleb128 0x11
 926 04bc 5E000000 		.4byte	.LASF75
 927 04c0 07       		.byte	0x7
 928 04c1 A4       		.byte	0xa4
 929 04c2 0C010000 		.4byte	0x10c
 930 04c6 11       		.uleb128 0x11
 931 04c7 87040000 		.4byte	.LASF76
 932 04cb 07       		.byte	0x7
 933 04cc AB       		.byte	0xab
 934 04cd 92020000 		.4byte	0x292
 935 04d1 11       		.uleb128 0x11
 936 04d2 B5030000 		.4byte	.LASF77
 937 04d6 07       		.byte	0x7
 938 04d7 B2       		.byte	0xb2
 939 04d8 17010000 		.4byte	0x117
 940 04dc 00       		.byte	0
 941 04dd 09       		.uleb128 0x9
 942 04de 04       		.byte	0x4
 943 04df E3040000 		.4byte	0x4e3
 944 04e3 14       		.uleb128 0x14
 945 04e4 E8040000 		.4byte	0x4e8
 946 04e8 04       		.uleb128 0x4
 947 04e9 01       		.byte	0x1
 948 04ea 08       		.byte	0x8
 949 04eb 04040000 		.4byte	.LASF78
 950 04ef 09       		.uleb128 0x9
 951 04f0 04       		.byte	0x4
 952 04f1 7F030000 		.4byte	0x37f
 953 04f5 03       		.uleb128 0x3
 954 04f6 00000000 		.4byte	.LASF79
 955 04fa 07       		.byte	0x7
 956 04fb E5       		.byte	0xe5
 957 04fc 00050000 		.4byte	0x500
 958 0500 09       		.uleb128 0x9
 959 0501 04       		.byte	0x4
 960 0502 06050000 		.4byte	0x506
 961 0506 0E       		.uleb128 0xe
 962 0507 0C010000 		.4byte	0x10c
 963 050b 15050000 		.4byte	0x515
 964 050f 0F       		.uleb128 0xf
 965 0510 92020000 		.4byte	0x292
 966 0514 00       		.byte	0
 967 0515 15       		.uleb128 0x15
ARM GAS  /tmp/cckcD1G7.s 			page 18


 968 0516 D9020000 		.4byte	.LASF81
 969 051a 01       		.byte	0x1
 970 051b 34       		.byte	0x34
 971 051c 56020000 		.4byte	0x256
 972 0520 00000000 		.4byte	.LFB7
 973 0524 14000000 		.4byte	.LFE7-.LFB7
 974 0528 01       		.uleb128 0x1
 975 0529 9C       		.byte	0x9c
 976 052a 69050000 		.4byte	0x569
 977 052e 16       		.uleb128 0x16
 978 052f 747000   		.ascii	"tp\000"
 979 0532 01       		.byte	0x1
 980 0533 34       		.byte	0x34
 981 0534 56020000 		.4byte	0x256
 982 0538 01       		.uleb128 0x1
 983 0539 50       		.byte	0x50
 984 053a 17       		.uleb128 0x17
 985 053b 00000000 		.4byte	.LBB2
 986 053f 06000000 		.4byte	.LBE2-.LBB2
 987 0543 55050000 		.4byte	0x555
 988 0547 18       		.uleb128 0x18
 989 0548 746D7000 		.ascii	"tmp\000"
 990 054c 01       		.byte	0x1
 991 054d 36       		.byte	0x36
 992 054e B8000000 		.4byte	0xb8
 993 0552 01       		.uleb128 0x1
 994 0553 53       		.byte	0x53
 995 0554 00       		.byte	0
 996 0555 19       		.uleb128 0x19
 997 0556 00000000 		.4byte	.Ldebug_ranges0+0
 998 055a 18       		.uleb128 0x18
 999 055b 746D7000 		.ascii	"tmp\000"
 1000 055f 01       		.byte	0x1
 1001 0560 39       		.byte	0x39
 1002 0561 B8000000 		.4byte	0xb8
 1003 0565 01       		.uleb128 0x1
 1004 0566 53       		.byte	0x53
 1005 0567 00       		.byte	0
 1006 0568 00       		.byte	0
 1007 0569 1A       		.uleb128 0x1a
 1008 056a CB030000 		.4byte	.LASF96
 1009 056e 01       		.byte	0x1
 1010 056f 4A       		.byte	0x4a
 1011 0570 00000000 		.4byte	.LFB8
 1012 0574 4E000000 		.4byte	.LFE8-.LFB8
 1013 0578 01       		.uleb128 0x1
 1014 0579 9C       		.byte	0x9c
 1015 057a F4050000 		.4byte	0x5f4
 1016 057e 1B       		.uleb128 0x1b
 1017 057f 747000   		.ascii	"tp\000"
 1018 0582 01       		.byte	0x1
 1019 0583 4A       		.byte	0x4a
 1020 0584 56020000 		.4byte	0x256
 1021 0588 00000000 		.4byte	.LLST0
 1022 058c 1C       		.uleb128 0x1c
 1023 058d 48030000 		.4byte	.LASF80
 1024 0591 01       		.byte	0x1
ARM GAS  /tmp/cckcD1G7.s 			page 19


 1025 0592 4B       		.byte	0x4b
 1026 0593 EB000000 		.4byte	0xeb
 1027 0597 45000000 		.4byte	.LLST1
 1028 059b 17       		.uleb128 0x17
 1029 059c 02000000 		.4byte	.LBB5
 1030 05a0 06000000 		.4byte	.LBE5-.LBB5
 1031 05a4 B6050000 		.4byte	0x5b6
 1032 05a8 18       		.uleb128 0x18
 1033 05a9 746D7000 		.ascii	"tmp\000"
 1034 05ad 01       		.byte	0x1
 1035 05ae 4D       		.byte	0x4d
 1036 05af B8000000 		.4byte	0xb8
 1037 05b3 01       		.uleb128 0x1
 1038 05b4 53       		.byte	0x53
 1039 05b5 00       		.byte	0
 1040 05b6 1D       		.uleb128 0x1d
 1041 05b7 18000000 		.4byte	.Ldebug_ranges0+0x18
 1042 05bb CD050000 		.4byte	0x5cd
 1043 05bf 18       		.uleb128 0x18
 1044 05c0 746D7000 		.ascii	"tmp\000"
 1045 05c4 01       		.byte	0x1
 1046 05c5 50       		.byte	0x50
 1047 05c6 B8000000 		.4byte	0xb8
 1048 05ca 01       		.uleb128 0x1
 1049 05cb 53       		.byte	0x53
 1050 05cc 00       		.byte	0
 1051 05cd 1E       		.uleb128 0x1e
 1052 05ce 3E000000 		.4byte	.LVL4
 1053 05d2 F9070000 		.4byte	0x7f9
 1054 05d6 E2050000 		.4byte	0x5e2
 1055 05da 1F       		.uleb128 0x1f
 1056 05db 01       		.uleb128 0x1
 1057 05dc 50       		.byte	0x50
 1058 05dd 03       		.uleb128 0x3
 1059 05de F3       		.byte	0xf3
 1060 05df 01       		.uleb128 0x1
 1061 05e0 50       		.byte	0x50
 1062 05e1 00       		.byte	0
 1063 05e2 20       		.uleb128 0x20
 1064 05e3 4E000000 		.4byte	.LVL7
 1065 05e7 0A080000 		.4byte	0x80a
 1066 05eb 1F       		.uleb128 0x1f
 1067 05ec 01       		.uleb128 0x1
 1068 05ed 51       		.byte	0x51
 1069 05ee 03       		.uleb128 0x3
 1070 05ef F3       		.byte	0xf3
 1071 05f0 01       		.uleb128 0x1
 1072 05f1 50       		.byte	0x50
 1073 05f2 00       		.byte	0
 1074 05f3 00       		.byte	0
 1075 05f4 15       		.uleb128 0x15
 1076 05f5 DB000000 		.4byte	.LASF82
 1077 05f9 01       		.byte	0x1
 1078 05fa 82       		.byte	0x82
 1079 05fb 56020000 		.4byte	0x256
 1080 05ff 00000000 		.4byte	.LFB9
 1081 0603 3C000000 		.4byte	.LFE9-.LFB9
ARM GAS  /tmp/cckcD1G7.s 			page 20


 1082 0607 01       		.uleb128 0x1
 1083 0608 9C       		.byte	0x9c
 1084 0609 02070000 		.4byte	0x702
 1085 060d 21       		.uleb128 0x21
 1086 060e 6E000000 		.4byte	.LASF83
 1087 0612 01       		.byte	0x1
 1088 0613 82       		.byte	0x82
 1089 0614 2C040000 		.4byte	0x42c
 1090 0618 63000000 		.4byte	.LLST2
 1091 061c 21       		.uleb128 0x21
 1092 061d 95020000 		.4byte	.LASF67
 1093 0621 01       		.byte	0x1
 1094 0622 82       		.byte	0x82
 1095 0623 2C000000 		.4byte	0x2c
 1096 0627 84000000 		.4byte	.LLST3
 1097 062b 21       		.uleb128 0x21
 1098 062c 1D030000 		.4byte	.LASF84
 1099 0630 01       		.byte	0x1
 1100 0631 83       		.byte	0x83
 1101 0632 01010000 		.4byte	0x101
 1102 0636 A2000000 		.4byte	.LLST4
 1103 063a 1B       		.uleb128 0x1b
 1104 063b 706600   		.ascii	"pf\000"
 1105 063e 01       		.byte	0x1
 1106 063f 83       		.byte	0x83
 1107 0640 F5040000 		.4byte	0x4f5
 1108 0644 C0000000 		.4byte	.LLST5
 1109 0648 16       		.uleb128 0x16
 1110 0649 61726700 		.ascii	"arg\000"
 1111 064d 01       		.byte	0x1
 1112 064e 83       		.byte	0x83
 1113 064f 92020000 		.4byte	0x292
 1114 0653 02       		.uleb128 0x2
 1115 0654 91       		.byte	0x91
 1116 0655 00       		.sleb128 0
 1117 0656 22       		.uleb128 0x22
 1118 0657 77737000 		.ascii	"wsp\000"
 1119 065b 01       		.byte	0x1
 1120 065c 84       		.byte	0x84
 1121 065d 92020000 		.4byte	0x292
 1122 0661 EC000000 		.4byte	.LLST6
 1123 0665 22       		.uleb128 0x22
 1124 0666 747000   		.ascii	"tp\000"
 1125 0669 01       		.byte	0x1
 1126 066a 85       		.byte	0x85
 1127 066b 56020000 		.4byte	0x256
 1128 066f FF000000 		.4byte	.LLST7
 1129 0673 17       		.uleb128 0x17
 1130 0674 10000000 		.4byte	.LBB8
 1131 0678 06000000 		.4byte	.LBE8-.LBB8
 1132 067c 8E060000 		.4byte	0x68e
 1133 0680 18       		.uleb128 0x18
 1134 0681 746D7000 		.ascii	"tmp\000"
 1135 0685 01       		.byte	0x1
 1136 0686 94       		.byte	0x94
 1137 0687 B8000000 		.4byte	0xb8
 1138 068b 01       		.uleb128 0x1
ARM GAS  /tmp/cckcD1G7.s 			page 21


 1139 068c 53       		.byte	0x53
 1140 068d 00       		.byte	0
 1141 068e 17       		.uleb128 0x17
 1142 068f 30000000 		.4byte	.LBB9
 1143 0693 06000000 		.4byte	.LBE9-.LBB9
 1144 0697 A9060000 		.4byte	0x6a9
 1145 069b 18       		.uleb128 0x18
 1146 069c 746D7000 		.ascii	"tmp\000"
 1147 06a0 01       		.byte	0x1
 1148 06a1 98       		.byte	0x98
 1149 06a2 B8000000 		.4byte	0xb8
 1150 06a6 01       		.uleb128 0x1
 1151 06a7 53       		.byte	0x53
 1152 06a8 00       		.byte	0
 1153 06a9 23       		.uleb128 0x23
 1154 06aa 0E000000 		.4byte	.LVL9
 1155 06ae 20080000 		.4byte	0x820
 1156 06b2 C4060000 		.4byte	0x6c4
 1157 06b6 1F       		.uleb128 0x1f
 1158 06b7 01       		.uleb128 0x1
 1159 06b8 51       		.byte	0x51
 1160 06b9 02       		.uleb128 0x2
 1161 06ba 75       		.byte	0x75
 1162 06bb 00       		.sleb128 0
 1163 06bc 1F       		.uleb128 0x1f
 1164 06bd 01       		.uleb128 0x1
 1165 06be 50       		.byte	0x50
 1166 06bf 03       		.uleb128 0x3
 1167 06c0 F3       		.byte	0xf3
 1168 06c1 01       		.uleb128 0x1
 1169 06c2 50       		.byte	0x50
 1170 06c3 00       		.byte	0
 1171 06c4 23       		.uleb128 0x23
 1172 06c5 24000000 		.4byte	.LVL10
 1173 06c9 3A080000 		.4byte	0x83a
 1174 06cd EC060000 		.4byte	0x6ec
 1175 06d1 1F       		.uleb128 0x1f
 1176 06d2 01       		.uleb128 0x1
 1177 06d3 53       		.byte	0x53
 1178 06d4 02       		.uleb128 0x2
 1179 06d5 74       		.byte	0x74
 1180 06d6 00       		.sleb128 0
 1181 06d7 1F       		.uleb128 0x1f
 1182 06d8 01       		.uleb128 0x1
 1183 06d9 52       		.byte	0x52
 1184 06da 02       		.uleb128 0x2
 1185 06db 76       		.byte	0x76
 1186 06dc 00       		.sleb128 0
 1187 06dd 1F       		.uleb128 0x1f
 1188 06de 01       		.uleb128 0x1
 1189 06df 51       		.byte	0x51
 1190 06e0 02       		.uleb128 0x2
 1191 06e1 75       		.byte	0x75
 1192 06e2 00       		.sleb128 0
 1193 06e3 1F       		.uleb128 0x1f
 1194 06e4 02       		.uleb128 0x2
 1195 06e5 7D       		.byte	0x7d
ARM GAS  /tmp/cckcD1G7.s 			page 22


 1196 06e6 00       		.sleb128 0
 1197 06e7 03       		.uleb128 0x3
 1198 06e8 91       		.byte	0x91
 1199 06e9 00       		.sleb128 0
 1200 06ea 06       		.byte	0x6
 1201 06eb 00       		.byte	0
 1202 06ec 24       		.uleb128 0x24
 1203 06ed 30000000 		.4byte	.LVL12
 1204 06f1 64080000 		.4byte	0x864
 1205 06f5 1F       		.uleb128 0x1f
 1206 06f6 01       		.uleb128 0x1
 1207 06f7 51       		.byte	0x51
 1208 06f8 01       		.uleb128 0x1
 1209 06f9 30       		.byte	0x30
 1210 06fa 1F       		.uleb128 0x1f
 1211 06fb 01       		.uleb128 0x1
 1212 06fc 50       		.byte	0x50
 1213 06fd 02       		.uleb128 0x2
 1214 06fe 74       		.byte	0x74
 1215 06ff 00       		.sleb128 0
 1216 0700 00       		.byte	0
 1217 0701 00       		.byte	0
 1218 0702 15       		.uleb128 0x15
 1219 0703 08010000 		.4byte	.LASF85
 1220 0707 01       		.byte	0x1
 1221 0708 B3       		.byte	0xb3
 1222 0709 56020000 		.4byte	0x256
 1223 070d 00000000 		.4byte	.LFB10
 1224 0711 3E000000 		.4byte	.LFE10-.LFB10
 1225 0715 01       		.uleb128 0x1
 1226 0716 9C       		.byte	0x9c
 1227 0717 F3070000 		.4byte	0x7f3
 1228 071b 1B       		.uleb128 0x1b
 1229 071c 6D7000   		.ascii	"mp\000"
 1230 071f 01       		.byte	0x1
 1231 0720 B3       		.byte	0xb3
 1232 0721 F3070000 		.4byte	0x7f3
 1233 0725 1D010000 		.4byte	.LLST8
 1234 0729 21       		.uleb128 0x21
 1235 072a 1D030000 		.4byte	.LASF84
 1236 072e 01       		.byte	0x1
 1237 072f B3       		.byte	0xb3
 1238 0730 01010000 		.4byte	0x101
 1239 0734 3B010000 		.4byte	.LLST9
 1240 0738 1B       		.uleb128 0x1b
 1241 0739 706600   		.ascii	"pf\000"
 1242 073c 01       		.byte	0x1
 1243 073d B4       		.byte	0xb4
 1244 073e F5040000 		.4byte	0x4f5
 1245 0742 59010000 		.4byte	.LLST10
 1246 0746 1B       		.uleb128 0x1b
 1247 0747 61726700 		.ascii	"arg\000"
 1248 074b 01       		.byte	0x1
 1249 074c B4       		.byte	0xb4
 1250 074d 92020000 		.4byte	0x292
 1251 0751 85010000 		.4byte	.LLST11
 1252 0755 22       		.uleb128 0x22
ARM GAS  /tmp/cckcD1G7.s 			page 23


 1253 0756 77737000 		.ascii	"wsp\000"
 1254 075a 01       		.byte	0x1
 1255 075b B5       		.byte	0xb5
 1256 075c 92020000 		.4byte	0x292
 1257 0760 A3010000 		.4byte	.LLST12
 1258 0764 22       		.uleb128 0x22
 1259 0765 747000   		.ascii	"tp\000"
 1260 0768 01       		.byte	0x1
 1261 0769 B6       		.byte	0xb6
 1262 076a 56020000 		.4byte	0x256
 1263 076e B6010000 		.4byte	.LLST13
 1264 0772 17       		.uleb128 0x17
 1265 0773 12000000 		.4byte	.LBB10
 1266 0777 06000000 		.4byte	.LBE10-.LBB10
 1267 077b 8D070000 		.4byte	0x78d
 1268 077f 18       		.uleb128 0x18
 1269 0780 746D7000 		.ascii	"tmp\000"
 1270 0784 01       		.byte	0x1
 1271 0785 C7       		.byte	0xc7
 1272 0786 B8000000 		.4byte	0xb8
 1273 078a 01       		.uleb128 0x1
 1274 078b 53       		.byte	0x53
 1275 078c 00       		.byte	0
 1276 078d 17       		.uleb128 0x17
 1277 078e 32000000 		.4byte	.LBB11
 1278 0792 06000000 		.4byte	.LBE11-.LBB11
 1279 0796 A8070000 		.4byte	0x7a8
 1280 079a 18       		.uleb128 0x18
 1281 079b 746D7000 		.ascii	"tmp\000"
 1282 079f 01       		.byte	0x1
 1283 07a0 CC       		.byte	0xcc
 1284 07a1 B8000000 		.4byte	0xb8
 1285 07a5 01       		.uleb128 0x1
 1286 07a6 53       		.byte	0x53
 1287 07a7 00       		.byte	0
 1288 07a8 23       		.uleb128 0x23
 1289 07a9 10000000 		.4byte	.LVL15
 1290 07ad 7A080000 		.4byte	0x87a
 1291 07b1 BC070000 		.4byte	0x7bc
 1292 07b5 1F       		.uleb128 0x1f
 1293 07b6 01       		.uleb128 0x1
 1294 07b7 50       		.byte	0x50
 1295 07b8 02       		.uleb128 0x2
 1296 07b9 75       		.byte	0x75
 1297 07ba 00       		.sleb128 0
 1298 07bb 00       		.byte	0
 1299 07bc 23       		.uleb128 0x23
 1300 07bd 24000000 		.4byte	.LVL16
 1301 07c1 3A080000 		.4byte	0x83a
 1302 07c5 DD070000 		.4byte	0x7dd
 1303 07c9 1F       		.uleb128 0x1f
 1304 07ca 01       		.uleb128 0x1
 1305 07cb 53       		.byte	0x53
 1306 07cc 02       		.uleb128 0x2
 1307 07cd 74       		.byte	0x74
 1308 07ce 00       		.sleb128 0
 1309 07cf 1F       		.uleb128 0x1f
ARM GAS  /tmp/cckcD1G7.s 			page 24


 1310 07d0 01       		.uleb128 0x1
 1311 07d1 52       		.byte	0x52
 1312 07d2 02       		.uleb128 0x2
 1313 07d3 77       		.byte	0x77
 1314 07d4 00       		.sleb128 0
 1315 07d5 1F       		.uleb128 0x1f
 1316 07d6 02       		.uleb128 0x2
 1317 07d7 7D       		.byte	0x7d
 1318 07d8 00       		.sleb128 0
 1319 07d9 02       		.uleb128 0x2
 1320 07da 76       		.byte	0x76
 1321 07db 00       		.sleb128 0
 1322 07dc 00       		.byte	0
 1323 07dd 24       		.uleb128 0x24
 1324 07de 32000000 		.4byte	.LVL18
 1325 07e2 64080000 		.4byte	0x864
 1326 07e6 1F       		.uleb128 0x1f
 1327 07e7 01       		.uleb128 0x1
 1328 07e8 51       		.byte	0x51
 1329 07e9 01       		.uleb128 0x1
 1330 07ea 30       		.byte	0x30
 1331 07eb 1F       		.uleb128 0x1f
 1332 07ec 01       		.uleb128 0x1
 1333 07ed 50       		.byte	0x50
 1334 07ee 02       		.uleb128 0x2
 1335 07ef 74       		.byte	0x74
 1336 07f0 00       		.sleb128 0
 1337 07f1 00       		.byte	0
 1338 07f2 00       		.byte	0
 1339 07f3 09       		.uleb128 0x9
 1340 07f4 04       		.byte	0x4
 1341 07f5 9D040000 		.4byte	0x49d
 1342 07f9 25       		.uleb128 0x25
 1343 07fa B0000000 		.4byte	.LASF86
 1344 07fe 0B       		.byte	0xb
 1345 07ff 5A       		.byte	0x5a
 1346 0800 0A080000 		.4byte	0x80a
 1347 0804 0F       		.uleb128 0xf
 1348 0805 92020000 		.4byte	0x292
 1349 0809 00       		.byte	0
 1350 080a 25       		.uleb128 0x25
 1351 080b 7C040000 		.4byte	.LASF87
 1352 080f 0C       		.byte	0xc
 1353 0810 84       		.byte	0x84
 1354 0811 20080000 		.4byte	0x820
 1355 0815 0F       		.uleb128 0xf
 1356 0816 F3070000 		.4byte	0x7f3
 1357 081a 0F       		.uleb128 0xf
 1358 081b 92020000 		.4byte	0x292
 1359 081f 00       		.byte	0
 1360 0820 26       		.uleb128 0x26
 1361 0821 DF030000 		.4byte	.LASF88
 1362 0825 0B       		.byte	0xb
 1363 0826 59       		.byte	0x59
 1364 0827 92020000 		.4byte	0x292
 1365 082b 3A080000 		.4byte	0x83a
 1366 082f 0F       		.uleb128 0xf
ARM GAS  /tmp/cckcD1G7.s 			page 25


 1367 0830 2C040000 		.4byte	0x42c
 1368 0834 0F       		.uleb128 0xf
 1369 0835 2C000000 		.4byte	0x2c
 1370 0839 00       		.byte	0
 1371 083a 27       		.uleb128 0x27
 1372 083b C5000000 		.4byte	.LASF89
 1373 083f 07       		.byte	0x7
 1374 0840 6E01     		.2byte	0x16e
 1375 0842 56020000 		.4byte	0x256
 1376 0846 64080000 		.4byte	0x864
 1377 084a 0F       		.uleb128 0xf
 1378 084b 92020000 		.4byte	0x292
 1379 084f 0F       		.uleb128 0xf
 1380 0850 2C000000 		.4byte	0x2c
 1381 0854 0F       		.uleb128 0xf
 1382 0855 01010000 		.4byte	0x101
 1383 0859 0F       		.uleb128 0xf
 1384 085a F5040000 		.4byte	0x4f5
 1385 085e 0F       		.uleb128 0xf
 1386 085f 92020000 		.4byte	0x292
 1387 0863 00       		.byte	0
 1388 0864 25       		.uleb128 0x25
 1389 0865 48040000 		.4byte	.LASF90
 1390 0869 0D       		.byte	0xd
 1391 086a 99       		.byte	0x99
 1392 086b 7A080000 		.4byte	0x87a
 1393 086f 0F       		.uleb128 0xf
 1394 0870 56020000 		.4byte	0x256
 1395 0874 0F       		.uleb128 0xf
 1396 0875 0C010000 		.4byte	0x10c
 1397 0879 00       		.byte	0
 1398 087a 28       		.uleb128 0x28
 1399 087b 70040000 		.4byte	.LASF91
 1400 087f 0C       		.byte	0xc
 1401 0880 82       		.byte	0x82
 1402 0881 92020000 		.4byte	0x292
 1403 0885 0F       		.uleb128 0xf
 1404 0886 F3070000 		.4byte	0x7f3
 1405 088a 00       		.byte	0
 1406 088b 00       		.byte	0
 1407              		.section	.debug_abbrev,"",%progbits
 1408              	.Ldebug_abbrev0:
 1409 0000 01       		.uleb128 0x1
 1410 0001 11       		.uleb128 0x11
 1411 0002 01       		.byte	0x1
 1412 0003 25       		.uleb128 0x25
 1413 0004 0E       		.uleb128 0xe
 1414 0005 13       		.uleb128 0x13
 1415 0006 0B       		.uleb128 0xb
 1416 0007 03       		.uleb128 0x3
 1417 0008 0E       		.uleb128 0xe
 1418 0009 1B       		.uleb128 0x1b
 1419 000a 0E       		.uleb128 0xe
 1420 000b 55       		.uleb128 0x55
 1421 000c 17       		.uleb128 0x17
 1422 000d 11       		.uleb128 0x11
 1423 000e 01       		.uleb128 0x1
ARM GAS  /tmp/cckcD1G7.s 			page 26


 1424 000f 10       		.uleb128 0x10
 1425 0010 17       		.uleb128 0x17
 1426 0011 00       		.byte	0
 1427 0012 00       		.byte	0
 1428 0013 02       		.uleb128 0x2
 1429 0014 24       		.uleb128 0x24
 1430 0015 00       		.byte	0
 1431 0016 0B       		.uleb128 0xb
 1432 0017 0B       		.uleb128 0xb
 1433 0018 3E       		.uleb128 0x3e
 1434 0019 0B       		.uleb128 0xb
 1435 001a 03       		.uleb128 0x3
 1436 001b 08       		.uleb128 0x8
 1437 001c 00       		.byte	0
 1438 001d 00       		.byte	0
 1439 001e 03       		.uleb128 0x3
 1440 001f 16       		.uleb128 0x16
 1441 0020 00       		.byte	0
 1442 0021 03       		.uleb128 0x3
 1443 0022 0E       		.uleb128 0xe
 1444 0023 3A       		.uleb128 0x3a
 1445 0024 0B       		.uleb128 0xb
 1446 0025 3B       		.uleb128 0x3b
 1447 0026 0B       		.uleb128 0xb
 1448 0027 49       		.uleb128 0x49
 1449 0028 13       		.uleb128 0x13
 1450 0029 00       		.byte	0
 1451 002a 00       		.byte	0
 1452 002b 04       		.uleb128 0x4
 1453 002c 24       		.uleb128 0x24
 1454 002d 00       		.byte	0
 1455 002e 0B       		.uleb128 0xb
 1456 002f 0B       		.uleb128 0xb
 1457 0030 3E       		.uleb128 0x3e
 1458 0031 0B       		.uleb128 0xb
 1459 0032 03       		.uleb128 0x3
 1460 0033 0E       		.uleb128 0xe
 1461 0034 00       		.byte	0
 1462 0035 00       		.byte	0
 1463 0036 05       		.uleb128 0x5
 1464 0037 13       		.uleb128 0x13
 1465 0038 01       		.byte	0x1
 1466 0039 03       		.uleb128 0x3
 1467 003a 0E       		.uleb128 0xe
 1468 003b 0B       		.uleb128 0xb
 1469 003c 0B       		.uleb128 0xb
 1470 003d 3A       		.uleb128 0x3a
 1471 003e 0B       		.uleb128 0xb
 1472 003f 3B       		.uleb128 0x3b
 1473 0040 0B       		.uleb128 0xb
 1474 0041 01       		.uleb128 0x1
 1475 0042 13       		.uleb128 0x13
 1476 0043 00       		.byte	0
 1477 0044 00       		.byte	0
 1478 0045 06       		.uleb128 0x6
 1479 0046 0D       		.uleb128 0xd
 1480 0047 00       		.byte	0
ARM GAS  /tmp/cckcD1G7.s 			page 27


 1481 0048 03       		.uleb128 0x3
 1482 0049 0E       		.uleb128 0xe
 1483 004a 3A       		.uleb128 0x3a
 1484 004b 0B       		.uleb128 0xb
 1485 004c 3B       		.uleb128 0x3b
 1486 004d 0B       		.uleb128 0xb
 1487 004e 49       		.uleb128 0x49
 1488 004f 13       		.uleb128 0x13
 1489 0050 38       		.uleb128 0x38
 1490 0051 0B       		.uleb128 0xb
 1491 0052 00       		.byte	0
 1492 0053 00       		.byte	0
 1493 0054 07       		.uleb128 0x7
 1494 0055 0D       		.uleb128 0xd
 1495 0056 00       		.byte	0
 1496 0057 03       		.uleb128 0x3
 1497 0058 08       		.uleb128 0x8
 1498 0059 3A       		.uleb128 0x3a
 1499 005a 0B       		.uleb128 0xb
 1500 005b 3B       		.uleb128 0x3b
 1501 005c 0B       		.uleb128 0xb
 1502 005d 49       		.uleb128 0x49
 1503 005e 13       		.uleb128 0x13
 1504 005f 38       		.uleb128 0x38
 1505 0060 0B       		.uleb128 0xb
 1506 0061 00       		.byte	0
 1507 0062 00       		.byte	0
 1508 0063 08       		.uleb128 0x8
 1509 0064 13       		.uleb128 0x13
 1510 0065 01       		.byte	0x1
 1511 0066 0B       		.uleb128 0xb
 1512 0067 0B       		.uleb128 0xb
 1513 0068 3A       		.uleb128 0x3a
 1514 0069 0B       		.uleb128 0xb
 1515 006a 3B       		.uleb128 0x3b
 1516 006b 0B       		.uleb128 0xb
 1517 006c 01       		.uleb128 0x1
 1518 006d 13       		.uleb128 0x13
 1519 006e 00       		.byte	0
 1520 006f 00       		.byte	0
 1521 0070 09       		.uleb128 0x9
 1522 0071 0F       		.uleb128 0xf
 1523 0072 00       		.byte	0
 1524 0073 0B       		.uleb128 0xb
 1525 0074 0B       		.uleb128 0xb
 1526 0075 49       		.uleb128 0x49
 1527 0076 13       		.uleb128 0x13
 1528 0077 00       		.byte	0
 1529 0078 00       		.byte	0
 1530 0079 0A       		.uleb128 0xa
 1531 007a 0F       		.uleb128 0xf
 1532 007b 00       		.byte	0
 1533 007c 0B       		.uleb128 0xb
 1534 007d 0B       		.uleb128 0xb
 1535 007e 00       		.byte	0
 1536 007f 00       		.byte	0
 1537 0080 0B       		.uleb128 0xb
ARM GAS  /tmp/cckcD1G7.s 			page 28


 1538 0081 13       		.uleb128 0x13
 1539 0082 01       		.byte	0x1
 1540 0083 03       		.uleb128 0x3
 1541 0084 0E       		.uleb128 0xe
 1542 0085 0B       		.uleb128 0xb
 1543 0086 0B       		.uleb128 0xb
 1544 0087 3A       		.uleb128 0x3a
 1545 0088 0B       		.uleb128 0xb
 1546 0089 3B       		.uleb128 0x3b
 1547 008a 05       		.uleb128 0x5
 1548 008b 01       		.uleb128 0x1
 1549 008c 13       		.uleb128 0x13
 1550 008d 00       		.byte	0
 1551 008e 00       		.byte	0
 1552 008f 0C       		.uleb128 0xc
 1553 0090 0D       		.uleb128 0xd
 1554 0091 00       		.byte	0
 1555 0092 03       		.uleb128 0x3
 1556 0093 08       		.uleb128 0x8
 1557 0094 3A       		.uleb128 0x3a
 1558 0095 0B       		.uleb128 0xb
 1559 0096 3B       		.uleb128 0x3b
 1560 0097 05       		.uleb128 0x5
 1561 0098 49       		.uleb128 0x49
 1562 0099 13       		.uleb128 0x13
 1563 009a 38       		.uleb128 0x38
 1564 009b 0B       		.uleb128 0xb
 1565 009c 00       		.byte	0
 1566 009d 00       		.byte	0
 1567 009e 0D       		.uleb128 0xd
 1568 009f 35       		.uleb128 0x35
 1569 00a0 00       		.byte	0
 1570 00a1 49       		.uleb128 0x49
 1571 00a2 13       		.uleb128 0x13
 1572 00a3 00       		.byte	0
 1573 00a4 00       		.byte	0
 1574 00a5 0E       		.uleb128 0xe
 1575 00a6 15       		.uleb128 0x15
 1576 00a7 01       		.byte	0x1
 1577 00a8 27       		.uleb128 0x27
 1578 00a9 19       		.uleb128 0x19
 1579 00aa 49       		.uleb128 0x49
 1580 00ab 13       		.uleb128 0x13
 1581 00ac 01       		.uleb128 0x1
 1582 00ad 13       		.uleb128 0x13
 1583 00ae 00       		.byte	0
 1584 00af 00       		.byte	0
 1585 00b0 0F       		.uleb128 0xf
 1586 00b1 05       		.uleb128 0x5
 1587 00b2 00       		.byte	0
 1588 00b3 49       		.uleb128 0x49
 1589 00b4 13       		.uleb128 0x13
 1590 00b5 00       		.byte	0
 1591 00b6 00       		.byte	0
 1592 00b7 10       		.uleb128 0x10
 1593 00b8 17       		.uleb128 0x17
 1594 00b9 01       		.byte	0x1
ARM GAS  /tmp/cckcD1G7.s 			page 29


 1595 00ba 0B       		.uleb128 0xb
 1596 00bb 0B       		.uleb128 0xb
 1597 00bc 3A       		.uleb128 0x3a
 1598 00bd 0B       		.uleb128 0xb
 1599 00be 3B       		.uleb128 0x3b
 1600 00bf 0B       		.uleb128 0xb
 1601 00c0 01       		.uleb128 0x1
 1602 00c1 13       		.uleb128 0x13
 1603 00c2 00       		.byte	0
 1604 00c3 00       		.byte	0
 1605 00c4 11       		.uleb128 0x11
 1606 00c5 0D       		.uleb128 0xd
 1607 00c6 00       		.byte	0
 1608 00c7 03       		.uleb128 0x3
 1609 00c8 0E       		.uleb128 0xe
 1610 00c9 3A       		.uleb128 0x3a
 1611 00ca 0B       		.uleb128 0xb
 1612 00cb 3B       		.uleb128 0x3b
 1613 00cc 0B       		.uleb128 0xb
 1614 00cd 49       		.uleb128 0x49
 1615 00ce 13       		.uleb128 0x13
 1616 00cf 00       		.byte	0
 1617 00d0 00       		.byte	0
 1618 00d1 12       		.uleb128 0x12
 1619 00d2 17       		.uleb128 0x17
 1620 00d3 01       		.byte	0x1
 1621 00d4 03       		.uleb128 0x3
 1622 00d5 0E       		.uleb128 0xe
 1623 00d6 0B       		.uleb128 0xb
 1624 00d7 0B       		.uleb128 0xb
 1625 00d8 3A       		.uleb128 0x3a
 1626 00d9 0B       		.uleb128 0xb
 1627 00da 3B       		.uleb128 0x3b
 1628 00db 0B       		.uleb128 0xb
 1629 00dc 01       		.uleb128 0x1
 1630 00dd 13       		.uleb128 0x13
 1631 00de 00       		.byte	0
 1632 00df 00       		.byte	0
 1633 00e0 13       		.uleb128 0x13
 1634 00e1 0D       		.uleb128 0xd
 1635 00e2 00       		.byte	0
 1636 00e3 03       		.uleb128 0x3
 1637 00e4 08       		.uleb128 0x8
 1638 00e5 3A       		.uleb128 0x3a
 1639 00e6 0B       		.uleb128 0xb
 1640 00e7 3B       		.uleb128 0x3b
 1641 00e8 0B       		.uleb128 0xb
 1642 00e9 49       		.uleb128 0x49
 1643 00ea 13       		.uleb128 0x13
 1644 00eb 00       		.byte	0
 1645 00ec 00       		.byte	0
 1646 00ed 14       		.uleb128 0x14
 1647 00ee 26       		.uleb128 0x26
 1648 00ef 00       		.byte	0
 1649 00f0 49       		.uleb128 0x49
 1650 00f1 13       		.uleb128 0x13
 1651 00f2 00       		.byte	0
ARM GAS  /tmp/cckcD1G7.s 			page 30


 1652 00f3 00       		.byte	0
 1653 00f4 15       		.uleb128 0x15
 1654 00f5 2E       		.uleb128 0x2e
 1655 00f6 01       		.byte	0x1
 1656 00f7 3F       		.uleb128 0x3f
 1657 00f8 19       		.uleb128 0x19
 1658 00f9 03       		.uleb128 0x3
 1659 00fa 0E       		.uleb128 0xe
 1660 00fb 3A       		.uleb128 0x3a
 1661 00fc 0B       		.uleb128 0xb
 1662 00fd 3B       		.uleb128 0x3b
 1663 00fe 0B       		.uleb128 0xb
 1664 00ff 27       		.uleb128 0x27
 1665 0100 19       		.uleb128 0x19
 1666 0101 49       		.uleb128 0x49
 1667 0102 13       		.uleb128 0x13
 1668 0103 11       		.uleb128 0x11
 1669 0104 01       		.uleb128 0x1
 1670 0105 12       		.uleb128 0x12
 1671 0106 06       		.uleb128 0x6
 1672 0107 40       		.uleb128 0x40
 1673 0108 18       		.uleb128 0x18
 1674 0109 9742     		.uleb128 0x2117
 1675 010b 19       		.uleb128 0x19
 1676 010c 01       		.uleb128 0x1
 1677 010d 13       		.uleb128 0x13
 1678 010e 00       		.byte	0
 1679 010f 00       		.byte	0
 1680 0110 16       		.uleb128 0x16
 1681 0111 05       		.uleb128 0x5
 1682 0112 00       		.byte	0
 1683 0113 03       		.uleb128 0x3
 1684 0114 08       		.uleb128 0x8
 1685 0115 3A       		.uleb128 0x3a
 1686 0116 0B       		.uleb128 0xb
 1687 0117 3B       		.uleb128 0x3b
 1688 0118 0B       		.uleb128 0xb
 1689 0119 49       		.uleb128 0x49
 1690 011a 13       		.uleb128 0x13
 1691 011b 02       		.uleb128 0x2
 1692 011c 18       		.uleb128 0x18
 1693 011d 00       		.byte	0
 1694 011e 00       		.byte	0
 1695 011f 17       		.uleb128 0x17
 1696 0120 0B       		.uleb128 0xb
 1697 0121 01       		.byte	0x1
 1698 0122 11       		.uleb128 0x11
 1699 0123 01       		.uleb128 0x1
 1700 0124 12       		.uleb128 0x12
 1701 0125 06       		.uleb128 0x6
 1702 0126 01       		.uleb128 0x1
 1703 0127 13       		.uleb128 0x13
 1704 0128 00       		.byte	0
 1705 0129 00       		.byte	0
 1706 012a 18       		.uleb128 0x18
 1707 012b 34       		.uleb128 0x34
 1708 012c 00       		.byte	0
ARM GAS  /tmp/cckcD1G7.s 			page 31


 1709 012d 03       		.uleb128 0x3
 1710 012e 08       		.uleb128 0x8
 1711 012f 3A       		.uleb128 0x3a
 1712 0130 0B       		.uleb128 0xb
 1713 0131 3B       		.uleb128 0x3b
 1714 0132 0B       		.uleb128 0xb
 1715 0133 49       		.uleb128 0x49
 1716 0134 13       		.uleb128 0x13
 1717 0135 02       		.uleb128 0x2
 1718 0136 18       		.uleb128 0x18
 1719 0137 00       		.byte	0
 1720 0138 00       		.byte	0
 1721 0139 19       		.uleb128 0x19
 1722 013a 0B       		.uleb128 0xb
 1723 013b 01       		.byte	0x1
 1724 013c 55       		.uleb128 0x55
 1725 013d 17       		.uleb128 0x17
 1726 013e 00       		.byte	0
 1727 013f 00       		.byte	0
 1728 0140 1A       		.uleb128 0x1a
 1729 0141 2E       		.uleb128 0x2e
 1730 0142 01       		.byte	0x1
 1731 0143 3F       		.uleb128 0x3f
 1732 0144 19       		.uleb128 0x19
 1733 0145 03       		.uleb128 0x3
 1734 0146 0E       		.uleb128 0xe
 1735 0147 3A       		.uleb128 0x3a
 1736 0148 0B       		.uleb128 0xb
 1737 0149 3B       		.uleb128 0x3b
 1738 014a 0B       		.uleb128 0xb
 1739 014b 27       		.uleb128 0x27
 1740 014c 19       		.uleb128 0x19
 1741 014d 11       		.uleb128 0x11
 1742 014e 01       		.uleb128 0x1
 1743 014f 12       		.uleb128 0x12
 1744 0150 06       		.uleb128 0x6
 1745 0151 40       		.uleb128 0x40
 1746 0152 18       		.uleb128 0x18
 1747 0153 9742     		.uleb128 0x2117
 1748 0155 19       		.uleb128 0x19
 1749 0156 01       		.uleb128 0x1
 1750 0157 13       		.uleb128 0x13
 1751 0158 00       		.byte	0
 1752 0159 00       		.byte	0
 1753 015a 1B       		.uleb128 0x1b
 1754 015b 05       		.uleb128 0x5
 1755 015c 00       		.byte	0
 1756 015d 03       		.uleb128 0x3
 1757 015e 08       		.uleb128 0x8
 1758 015f 3A       		.uleb128 0x3a
 1759 0160 0B       		.uleb128 0xb
 1760 0161 3B       		.uleb128 0x3b
 1761 0162 0B       		.uleb128 0xb
 1762 0163 49       		.uleb128 0x49
 1763 0164 13       		.uleb128 0x13
 1764 0165 02       		.uleb128 0x2
 1765 0166 17       		.uleb128 0x17
ARM GAS  /tmp/cckcD1G7.s 			page 32


 1766 0167 00       		.byte	0
 1767 0168 00       		.byte	0
 1768 0169 1C       		.uleb128 0x1c
 1769 016a 34       		.uleb128 0x34
 1770 016b 00       		.byte	0
 1771 016c 03       		.uleb128 0x3
 1772 016d 0E       		.uleb128 0xe
 1773 016e 3A       		.uleb128 0x3a
 1774 016f 0B       		.uleb128 0xb
 1775 0170 3B       		.uleb128 0x3b
 1776 0171 0B       		.uleb128 0xb
 1777 0172 49       		.uleb128 0x49
 1778 0173 13       		.uleb128 0x13
 1779 0174 02       		.uleb128 0x2
 1780 0175 17       		.uleb128 0x17
 1781 0176 00       		.byte	0
 1782 0177 00       		.byte	0
 1783 0178 1D       		.uleb128 0x1d
 1784 0179 0B       		.uleb128 0xb
 1785 017a 01       		.byte	0x1
 1786 017b 55       		.uleb128 0x55
 1787 017c 17       		.uleb128 0x17
 1788 017d 01       		.uleb128 0x1
 1789 017e 13       		.uleb128 0x13
 1790 017f 00       		.byte	0
 1791 0180 00       		.byte	0
 1792 0181 1E       		.uleb128 0x1e
 1793 0182 898201   		.uleb128 0x4109
 1794 0185 01       		.byte	0x1
 1795 0186 11       		.uleb128 0x11
 1796 0187 01       		.uleb128 0x1
 1797 0188 9542     		.uleb128 0x2115
 1798 018a 19       		.uleb128 0x19
 1799 018b 31       		.uleb128 0x31
 1800 018c 13       		.uleb128 0x13
 1801 018d 01       		.uleb128 0x1
 1802 018e 13       		.uleb128 0x13
 1803 018f 00       		.byte	0
 1804 0190 00       		.byte	0
 1805 0191 1F       		.uleb128 0x1f
 1806 0192 8A8201   		.uleb128 0x410a
 1807 0195 00       		.byte	0
 1808 0196 02       		.uleb128 0x2
 1809 0197 18       		.uleb128 0x18
 1810 0198 9142     		.uleb128 0x2111
 1811 019a 18       		.uleb128 0x18
 1812 019b 00       		.byte	0
 1813 019c 00       		.byte	0
 1814 019d 20       		.uleb128 0x20
 1815 019e 898201   		.uleb128 0x4109
 1816 01a1 01       		.byte	0x1
 1817 01a2 11       		.uleb128 0x11
 1818 01a3 01       		.uleb128 0x1
 1819 01a4 9542     		.uleb128 0x2115
 1820 01a6 19       		.uleb128 0x19
 1821 01a7 31       		.uleb128 0x31
 1822 01a8 13       		.uleb128 0x13
ARM GAS  /tmp/cckcD1G7.s 			page 33


 1823 01a9 00       		.byte	0
 1824 01aa 00       		.byte	0
 1825 01ab 21       		.uleb128 0x21
 1826 01ac 05       		.uleb128 0x5
 1827 01ad 00       		.byte	0
 1828 01ae 03       		.uleb128 0x3
 1829 01af 0E       		.uleb128 0xe
 1830 01b0 3A       		.uleb128 0x3a
 1831 01b1 0B       		.uleb128 0xb
 1832 01b2 3B       		.uleb128 0x3b
 1833 01b3 0B       		.uleb128 0xb
 1834 01b4 49       		.uleb128 0x49
 1835 01b5 13       		.uleb128 0x13
 1836 01b6 02       		.uleb128 0x2
 1837 01b7 17       		.uleb128 0x17
 1838 01b8 00       		.byte	0
 1839 01b9 00       		.byte	0
 1840 01ba 22       		.uleb128 0x22
 1841 01bb 34       		.uleb128 0x34
 1842 01bc 00       		.byte	0
 1843 01bd 03       		.uleb128 0x3
 1844 01be 08       		.uleb128 0x8
 1845 01bf 3A       		.uleb128 0x3a
 1846 01c0 0B       		.uleb128 0xb
 1847 01c1 3B       		.uleb128 0x3b
 1848 01c2 0B       		.uleb128 0xb
 1849 01c3 49       		.uleb128 0x49
 1850 01c4 13       		.uleb128 0x13
 1851 01c5 02       		.uleb128 0x2
 1852 01c6 17       		.uleb128 0x17
 1853 01c7 00       		.byte	0
 1854 01c8 00       		.byte	0
 1855 01c9 23       		.uleb128 0x23
 1856 01ca 898201   		.uleb128 0x4109
 1857 01cd 01       		.byte	0x1
 1858 01ce 11       		.uleb128 0x11
 1859 01cf 01       		.uleb128 0x1
 1860 01d0 31       		.uleb128 0x31
 1861 01d1 13       		.uleb128 0x13
 1862 01d2 01       		.uleb128 0x1
 1863 01d3 13       		.uleb128 0x13
 1864 01d4 00       		.byte	0
 1865 01d5 00       		.byte	0
 1866 01d6 24       		.uleb128 0x24
 1867 01d7 898201   		.uleb128 0x4109
 1868 01da 01       		.byte	0x1
 1869 01db 11       		.uleb128 0x11
 1870 01dc 01       		.uleb128 0x1
 1871 01dd 31       		.uleb128 0x31
 1872 01de 13       		.uleb128 0x13
 1873 01df 00       		.byte	0
 1874 01e0 00       		.byte	0
 1875 01e1 25       		.uleb128 0x25
 1876 01e2 2E       		.uleb128 0x2e
 1877 01e3 01       		.byte	0x1
 1878 01e4 3F       		.uleb128 0x3f
 1879 01e5 19       		.uleb128 0x19
ARM GAS  /tmp/cckcD1G7.s 			page 34


 1880 01e6 03       		.uleb128 0x3
 1881 01e7 0E       		.uleb128 0xe
 1882 01e8 3A       		.uleb128 0x3a
 1883 01e9 0B       		.uleb128 0xb
 1884 01ea 3B       		.uleb128 0x3b
 1885 01eb 0B       		.uleb128 0xb
 1886 01ec 27       		.uleb128 0x27
 1887 01ed 19       		.uleb128 0x19
 1888 01ee 3C       		.uleb128 0x3c
 1889 01ef 19       		.uleb128 0x19
 1890 01f0 01       		.uleb128 0x1
 1891 01f1 13       		.uleb128 0x13
 1892 01f2 00       		.byte	0
 1893 01f3 00       		.byte	0
 1894 01f4 26       		.uleb128 0x26
 1895 01f5 2E       		.uleb128 0x2e
 1896 01f6 01       		.byte	0x1
 1897 01f7 3F       		.uleb128 0x3f
 1898 01f8 19       		.uleb128 0x19
 1899 01f9 03       		.uleb128 0x3
 1900 01fa 0E       		.uleb128 0xe
 1901 01fb 3A       		.uleb128 0x3a
 1902 01fc 0B       		.uleb128 0xb
 1903 01fd 3B       		.uleb128 0x3b
 1904 01fe 0B       		.uleb128 0xb
 1905 01ff 27       		.uleb128 0x27
 1906 0200 19       		.uleb128 0x19
 1907 0201 49       		.uleb128 0x49
 1908 0202 13       		.uleb128 0x13
 1909 0203 3C       		.uleb128 0x3c
 1910 0204 19       		.uleb128 0x19
 1911 0205 01       		.uleb128 0x1
 1912 0206 13       		.uleb128 0x13
 1913 0207 00       		.byte	0
 1914 0208 00       		.byte	0
 1915 0209 27       		.uleb128 0x27
 1916 020a 2E       		.uleb128 0x2e
 1917 020b 01       		.byte	0x1
 1918 020c 3F       		.uleb128 0x3f
 1919 020d 19       		.uleb128 0x19
 1920 020e 03       		.uleb128 0x3
 1921 020f 0E       		.uleb128 0xe
 1922 0210 3A       		.uleb128 0x3a
 1923 0211 0B       		.uleb128 0xb
 1924 0212 3B       		.uleb128 0x3b
 1925 0213 05       		.uleb128 0x5
 1926 0214 27       		.uleb128 0x27
 1927 0215 19       		.uleb128 0x19
 1928 0216 49       		.uleb128 0x49
 1929 0217 13       		.uleb128 0x13
 1930 0218 3C       		.uleb128 0x3c
 1931 0219 19       		.uleb128 0x19
 1932 021a 01       		.uleb128 0x1
 1933 021b 13       		.uleb128 0x13
 1934 021c 00       		.byte	0
 1935 021d 00       		.byte	0
 1936 021e 28       		.uleb128 0x28
ARM GAS  /tmp/cckcD1G7.s 			page 35


 1937 021f 2E       		.uleb128 0x2e
 1938 0220 01       		.byte	0x1
 1939 0221 3F       		.uleb128 0x3f
 1940 0222 19       		.uleb128 0x19
 1941 0223 03       		.uleb128 0x3
 1942 0224 0E       		.uleb128 0xe
 1943 0225 3A       		.uleb128 0x3a
 1944 0226 0B       		.uleb128 0xb
 1945 0227 3B       		.uleb128 0x3b
 1946 0228 0B       		.uleb128 0xb
 1947 0229 27       		.uleb128 0x27
 1948 022a 19       		.uleb128 0x19
 1949 022b 49       		.uleb128 0x49
 1950 022c 13       		.uleb128 0x13
 1951 022d 3C       		.uleb128 0x3c
 1952 022e 19       		.uleb128 0x19
 1953 022f 00       		.byte	0
 1954 0230 00       		.byte	0
 1955 0231 00       		.byte	0
 1956              		.section	.debug_loc,"",%progbits
 1957              	.Ldebug_loc0:
 1958              	.LLST0:
 1959 0000 00000000 		.4byte	.LVL1
 1960 0004 3D000000 		.4byte	.LVL4-1
 1961 0008 0100     		.2byte	0x1
 1962 000a 50       		.byte	0x50
 1963 000b 3D000000 		.4byte	.LVL4-1
 1964 000f 3E000000 		.4byte	.LVL4
 1965 0013 0400     		.2byte	0x4
 1966 0015 F3       		.byte	0xf3
 1967 0016 01       		.uleb128 0x1
 1968 0017 50       		.byte	0x50
 1969 0018 9F       		.byte	0x9f
 1970 0019 3E000000 		.4byte	.LVL4
 1971 001d 44000000 		.4byte	.LVL6
 1972 0021 0100     		.2byte	0x1
 1973 0023 50       		.byte	0x50
 1974 0024 44000000 		.4byte	.LVL6
 1975 0028 4D000000 		.4byte	.LVL7-1
 1976 002c 0100     		.2byte	0x1
 1977 002e 51       		.byte	0x51
 1978 002f 4D000000 		.4byte	.LVL7-1
 1979 0033 4E000000 		.4byte	.LFE8
 1980 0037 0400     		.2byte	0x4
 1981 0039 F3       		.byte	0xf3
 1982 003a 01       		.uleb128 0x1
 1983 003b 50       		.byte	0x50
 1984 003c 9F       		.byte	0x9f
 1985 003d 00000000 		.4byte	0
 1986 0041 00000000 		.4byte	0
 1987              	.LLST1:
 1988 0045 12000000 		.4byte	.LVL2
 1989 0049 32000000 		.4byte	.LVL3
 1990 004d 0100     		.2byte	0x1
 1991 004f 52       		.byte	0x52
 1992 0050 3E000000 		.4byte	.LVL4
 1993 0054 40000000 		.4byte	.LVL5
ARM GAS  /tmp/cckcD1G7.s 			page 36


 1994 0058 0100     		.2byte	0x1
 1995 005a 52       		.byte	0x52
 1996 005b 00000000 		.4byte	0
 1997 005f 00000000 		.4byte	0
 1998              	.LLST2:
 1999 0063 00000000 		.4byte	.LVL8
 2000 0067 0D000000 		.4byte	.LVL9-1
 2001 006b 0100     		.2byte	0x1
 2002 006d 50       		.byte	0x50
 2003 006e 0D000000 		.4byte	.LVL9-1
 2004 0072 3C000000 		.4byte	.LFE9
 2005 0076 0400     		.2byte	0x4
 2006 0078 F3       		.byte	0xf3
 2007 0079 01       		.uleb128 0x1
 2008 007a 50       		.byte	0x50
 2009 007b 9F       		.byte	0x9f
 2010 007c 00000000 		.4byte	0
 2011 0080 00000000 		.4byte	0
 2012              	.LLST3:
 2013 0084 00000000 		.4byte	.LVL8
 2014 0088 0D000000 		.4byte	.LVL9-1
 2015 008c 0100     		.2byte	0x1
 2016 008e 51       		.byte	0x51
 2017 008f 0D000000 		.4byte	.LVL9-1
 2018 0093 3C000000 		.4byte	.LFE9
 2019 0097 0100     		.2byte	0x1
 2020 0099 55       		.byte	0x55
 2021 009a 00000000 		.4byte	0
 2022 009e 00000000 		.4byte	0
 2023              	.LLST4:
 2024 00a2 00000000 		.4byte	.LVL8
 2025 00a6 0D000000 		.4byte	.LVL9-1
 2026 00aa 0100     		.2byte	0x1
 2027 00ac 52       		.byte	0x52
 2028 00ad 0D000000 		.4byte	.LVL9-1
 2029 00b1 3C000000 		.4byte	.LFE9
 2030 00b5 0100     		.2byte	0x1
 2031 00b7 56       		.byte	0x56
 2032 00b8 00000000 		.4byte	0
 2033 00bc 00000000 		.4byte	0
 2034              	.LLST5:
 2035 00c0 00000000 		.4byte	.LVL8
 2036 00c4 0D000000 		.4byte	.LVL9-1
 2037 00c8 0100     		.2byte	0x1
 2038 00ca 53       		.byte	0x53
 2039 00cb 0D000000 		.4byte	.LVL9-1
 2040 00cf 2C000000 		.4byte	.LVL11
 2041 00d3 0100     		.2byte	0x1
 2042 00d5 54       		.byte	0x54
 2043 00d6 2C000000 		.4byte	.LVL11
 2044 00da 3C000000 		.4byte	.LFE9
 2045 00de 0400     		.2byte	0x4
 2046 00e0 F3       		.byte	0xf3
 2047 00e1 01       		.uleb128 0x1
 2048 00e2 53       		.byte	0x53
 2049 00e3 9F       		.byte	0x9f
 2050 00e4 00000000 		.4byte	0
ARM GAS  /tmp/cckcD1G7.s 			page 37


 2051 00e8 00000000 		.4byte	0
 2052              	.LLST6:
 2053 00ec 0E000000 		.4byte	.LVL9
 2054 00f0 23000000 		.4byte	.LVL10-1
 2055 00f4 0100     		.2byte	0x1
 2056 00f6 50       		.byte	0x50
 2057 00f7 00000000 		.4byte	0
 2058 00fb 00000000 		.4byte	0
 2059              	.LLST7:
 2060 00ff 2C000000 		.4byte	.LVL11
 2061 0103 2F000000 		.4byte	.LVL12-1
 2062 0107 0100     		.2byte	0x1
 2063 0109 50       		.byte	0x50
 2064 010a 2F000000 		.4byte	.LVL12-1
 2065 010e 38000000 		.4byte	.LVL13
 2066 0112 0100     		.2byte	0x1
 2067 0114 54       		.byte	0x54
 2068 0115 00000000 		.4byte	0
 2069 0119 00000000 		.4byte	0
 2070              	.LLST8:
 2071 011d 00000000 		.4byte	.LVL14
 2072 0121 0F000000 		.4byte	.LVL15-1
 2073 0125 0100     		.2byte	0x1
 2074 0127 50       		.byte	0x50
 2075 0128 0F000000 		.4byte	.LVL15-1
 2076 012c 3E000000 		.4byte	.LFE10
 2077 0130 0100     		.2byte	0x1
 2078 0132 55       		.byte	0x55
 2079 0133 00000000 		.4byte	0
 2080 0137 00000000 		.4byte	0
 2081              	.LLST9:
 2082 013b 00000000 		.4byte	.LVL14
 2083 013f 0F000000 		.4byte	.LVL15-1
 2084 0143 0100     		.2byte	0x1
 2085 0145 51       		.byte	0x51
 2086 0146 0F000000 		.4byte	.LVL15-1
 2087 014a 3E000000 		.4byte	.LFE10
 2088 014e 0100     		.2byte	0x1
 2089 0150 57       		.byte	0x57
 2090 0151 00000000 		.4byte	0
 2091 0155 00000000 		.4byte	0
 2092              	.LLST10:
 2093 0159 00000000 		.4byte	.LVL14
 2094 015d 0F000000 		.4byte	.LVL15-1
 2095 0161 0100     		.2byte	0x1
 2096 0163 52       		.byte	0x52
 2097 0164 0F000000 		.4byte	.LVL15-1
 2098 0168 2E000000 		.4byte	.LVL17
 2099 016c 0100     		.2byte	0x1
 2100 016e 54       		.byte	0x54
 2101 016f 2E000000 		.4byte	.LVL17
 2102 0173 3E000000 		.4byte	.LFE10
 2103 0177 0400     		.2byte	0x4
 2104 0179 F3       		.byte	0xf3
 2105 017a 01       		.uleb128 0x1
 2106 017b 52       		.byte	0x52
 2107 017c 9F       		.byte	0x9f
ARM GAS  /tmp/cckcD1G7.s 			page 38


 2108 017d 00000000 		.4byte	0
 2109 0181 00000000 		.4byte	0
 2110              	.LLST11:
 2111 0185 00000000 		.4byte	.LVL14
 2112 0189 0F000000 		.4byte	.LVL15-1
 2113 018d 0100     		.2byte	0x1
 2114 018f 53       		.byte	0x53
 2115 0190 0F000000 		.4byte	.LVL15-1
 2116 0194 3E000000 		.4byte	.LFE10
 2117 0198 0100     		.2byte	0x1
 2118 019a 56       		.byte	0x56
 2119 019b 00000000 		.4byte	0
 2120 019f 00000000 		.4byte	0
 2121              	.LLST12:
 2122 01a3 10000000 		.4byte	.LVL15
 2123 01a7 23000000 		.4byte	.LVL16-1
 2124 01ab 0100     		.2byte	0x1
 2125 01ad 50       		.byte	0x50
 2126 01ae 00000000 		.4byte	0
 2127 01b2 00000000 		.4byte	0
 2128              	.LLST13:
 2129 01b6 2E000000 		.4byte	.LVL17
 2130 01ba 31000000 		.4byte	.LVL18-1
 2131 01be 0100     		.2byte	0x1
 2132 01c0 50       		.byte	0x50
 2133 01c1 31000000 		.4byte	.LVL18-1
 2134 01c5 3A000000 		.4byte	.LVL19
 2135 01c9 0100     		.2byte	0x1
 2136 01cb 54       		.byte	0x54
 2137 01cc 00000000 		.4byte	0
 2138 01d0 00000000 		.4byte	0
 2139              		.section	.debug_aranges,"",%progbits
 2140 0000 34000000 		.4byte	0x34
 2141 0004 0200     		.2byte	0x2
 2142 0006 00000000 		.4byte	.Ldebug_info0
 2143 000a 04       		.byte	0x4
 2144 000b 00       		.byte	0
 2145 000c 0000     		.2byte	0
 2146 000e 0000     		.2byte	0
 2147 0010 00000000 		.4byte	.LFB7
 2148 0014 14000000 		.4byte	.LFE7-.LFB7
 2149 0018 00000000 		.4byte	.LFB8
 2150 001c 4E000000 		.4byte	.LFE8-.LFB8
 2151 0020 00000000 		.4byte	.LFB9
 2152 0024 3C000000 		.4byte	.LFE9-.LFB9
 2153 0028 00000000 		.4byte	.LFB10
 2154 002c 3E000000 		.4byte	.LFE10-.LFB10
 2155 0030 00000000 		.4byte	0
 2156 0034 00000000 		.4byte	0
 2157              		.section	.debug_ranges,"",%progbits
 2158              	.Ldebug_ranges0:
 2159 0000 08000000 		.4byte	.LBB3
 2160 0004 0A000000 		.4byte	.LBE3
 2161 0008 0E000000 		.4byte	.LBB4
 2162 000c 12000000 		.4byte	.LBE4
 2163 0010 00000000 		.4byte	0
 2164 0014 00000000 		.4byte	0
ARM GAS  /tmp/cckcD1G7.s 			page 39


 2165 0018 0A000000 		.4byte	.LBB6
 2166 001c 0C000000 		.4byte	.LBE6
 2167 0020 12000000 		.4byte	.LBB7
 2168 0024 16000000 		.4byte	.LBE7
 2169 0028 00000000 		.4byte	0
 2170 002c 00000000 		.4byte	0
 2171 0030 00000000 		.4byte	.LFB7
 2172 0034 14000000 		.4byte	.LFE7
 2173 0038 00000000 		.4byte	.LFB8
 2174 003c 4E000000 		.4byte	.LFE8
 2175 0040 00000000 		.4byte	.LFB9
 2176 0044 3C000000 		.4byte	.LFE9
 2177 0048 00000000 		.4byte	.LFB10
 2178 004c 3E000000 		.4byte	.LFE10
 2179 0050 00000000 		.4byte	0
 2180 0054 00000000 		.4byte	0
 2181              		.section	.debug_line,"",%progbits
 2182              	.Ldebug_line0:
 2183 0000 21020000 		.section	.debug_str,"MS",%progbits,1
 2183      0200A401 
 2183      00000201 
 2183      FB0E0D00 
 2183      01010101 
 2184              	.LASF79:
 2185 0000 7466756E 		.ascii	"tfunc_t\000"
 2185      635F7400 
 2186              	.LASF42:
 2187 0008 705F6D73 		.ascii	"p_msg\000"
 2187      6700
 2188              	.LASF2:
 2189 000e 73697A65 		.ascii	"size_t\000"
 2189      5F7400
 2190              	.LASF74:
 2191 0015 7264796D 		.ascii	"rdymsg\000"
 2191      736700
 2192              	.LASF17:
 2193 001c 75696E74 		.ascii	"uint64_t\000"
 2193      36345F74 
 2193      00
 2194              	.LASF3:
 2195 0025 5F5F7569 		.ascii	"__uint8_t\000"
 2195      6E74385F 
 2195      7400
 2196              	.LASF73:
 2197 002f 4D656D6F 		.ascii	"MemoryPool\000"
 2197      7279506F 
 2197      6F6C00
 2198              	.LASF58:
 2199 003a 6D656D67 		.ascii	"memgetfunc_t\000"
 2199      65746675 
 2199      6E635F74 
 2199      00
 2200              	.LASF13:
 2201 0047 6C6F6E67 		.ascii	"long long unsigned int\000"
 2201      206C6F6E 
 2201      6720756E 
 2201      7369676E 
ARM GAS  /tmp/cckcD1G7.s 			page 40


 2201      65642069 
 2202              	.LASF75:
 2203 005e 65786974 		.ascii	"exitcode\000"
 2203      636F6465 
 2203      00
 2204              	.LASF62:
 2205 0067 685F6672 		.ascii	"h_free\000"
 2205      656500
 2206              	.LASF83:
 2207 006e 68656170 		.ascii	"heapp\000"
 2207      7000
 2208              	.LASF64:
 2209 0074 6E657874 		.ascii	"next\000"
 2209      00
 2210              	.LASF30:
 2211 0079 705F7072 		.ascii	"p_prio\000"
 2211      696F00
 2212              	.LASF11:
 2213 0080 6C6F6E67 		.ascii	"long long int\000"
 2213      206C6F6E 
 2213      6720696E 
 2213      7400
 2214              	.LASF1:
 2215 008e 7369676E 		.ascii	"signed char\000"
 2215      65642063 
 2215      68617200 
 2216              	.LASF63:
 2217 009a 685F6D74 		.ascii	"h_mtx\000"
 2217      7800
 2218              	.LASF46:
 2219 00a0 705F6D70 		.ascii	"p_mpool\000"
 2219      6F6F6C00 
 2220              	.LASF55:
 2221 00a8 6D5F7175 		.ascii	"m_queue\000"
 2221      65756500 
 2222              	.LASF86:
 2223 00b0 63684865 		.ascii	"chHeapFree\000"
 2223      61704672 
 2223      656500
 2224              	.LASF22:
 2225 00bb 74736C69 		.ascii	"tslices_t\000"
 2225      6365735F 
 2225      7400
 2226              	.LASF89:
 2227 00c5 63685468 		.ascii	"chThdCreateI\000"
 2227      64437265 
 2227      61746549 
 2227      00
 2228              	.LASF8:
 2229 00d2 6C6F6E67 		.ascii	"long int\000"
 2229      20696E74 
 2229      00
 2230              	.LASF82:
 2231 00db 63685468 		.ascii	"chThdCreateFromHeap\000"
 2231      64437265 
 2231      61746546 
 2231      726F6D48 
ARM GAS  /tmp/cckcD1G7.s 			page 41


 2231      65617000 
 2232              	.LASF20:
 2233 00ef 74737461 		.ascii	"tstate_t\000"
 2233      74655F74 
 2233      00
 2234              	.LASF70:
 2235 00f8 6D705F6E 		.ascii	"mp_next\000"
 2235      65787400 
 2236              	.LASF32:
 2237 0100 705F6E65 		.ascii	"p_newer\000"
 2237      77657200 
 2238              	.LASF85:
 2239 0108 63685468 		.ascii	"chThdCreateFromMemoryPool\000"
 2239      64437265 
 2239      61746546 
 2239      726F6D4D 
 2239      656D6F72 
 2240              	.LASF9:
 2241 0122 5F5F7569 		.ascii	"__uint32_t\000"
 2241      6E743332 
 2241      5F7400
 2242              	.LASF72:
 2243 012d 6D705F70 		.ascii	"mp_provider\000"
 2243      726F7669 
 2243      64657200 
 2244              	.LASF49:
 2245 0139 72656761 		.ascii	"regarm_t\000"
 2245      726D5F74 
 2245      00
 2246              	.LASF93:
 2247 0142 2E2E2F2E 		.ascii	"../../../../ChibiOS_2.6.2/os/kernel/src/chdynamic.c"
 2247      2E2F2E2E 
 2247      2F2E2E2F 
 2247      43686962 
 2247      694F535F 
 2248 0175 00       		.ascii	"\000"
 2249              	.LASF66:
 2250 0176 616C6967 		.ascii	"align\000"
 2250      6E00
 2251              	.LASF0:
 2252 017c 756E7369 		.ascii	"unsigned int\000"
 2252      676E6564 
 2252      20696E74 
 2252      00
 2253              	.LASF10:
 2254 0189 6C6F6E67 		.ascii	"long unsigned int\000"
 2254      20756E73 
 2254      69676E65 
 2254      6420696E 
 2254      7400
 2255              	.LASF94:
 2256 019b 2F6D6E74 		.ascii	"/mnt/c/Users/DQ Sullivan/Downloads/Convex/convex/co"
 2256      2F632F55 
 2256      73657273 
 2256      2F445120 
 2256      53756C6C 
 2257 01ce 72746578 		.ascii	"rtex/projects/Vex2016 CyberBrains\000"
ARM GAS  /tmp/cckcD1G7.s 			page 42


 2257      2F70726F 
 2257      6A656374 
 2257      732F5665 
 2257      78323031 
 2258              	.LASF92:
 2259 01f0 474E5520 		.ascii	"GNU C 4.8.2 -mcpu=cortex-m3 -mno-thumb-interwork -m"
 2259      4320342E 
 2259      382E3220 
 2259      2D6D6370 
 2259      753D636F 
 2260 0223 7468756D 		.ascii	"thumb -ggdb -O2 -fomit-frame-pointer -falign-functi"
 2260      62202D67 
 2260      67646220 
 2260      2D4F3220 
 2260      2D666F6D 
 2261 0256 6F6E733D 		.ascii	"ons=16 -ffunction-sections -fdata-sections -fno-com"
 2261      3136202D 
 2261      6666756E 
 2261      6374696F 
 2261      6E2D7365 
 2262 0289 6D6F6E00 		.ascii	"mon\000"
 2263              	.LASF52:
 2264 028d 636F6E74 		.ascii	"context\000"
 2264      65787400 
 2265              	.LASF67:
 2266 0295 73697A65 		.ascii	"size\000"
 2266      00
 2267              	.LASF6:
 2268 029a 73686F72 		.ascii	"short unsigned int\000"
 2268      7420756E 
 2268      7369676E 
 2268      65642069 
 2268      6E7400
 2269              	.LASF24:
 2270 02ad 6D73675F 		.ascii	"msg_t\000"
 2270      7400
 2271              	.LASF19:
 2272 02b3 746D6F64 		.ascii	"tmode_t\000"
 2272      655F7400 
 2273              	.LASF48:
 2274 02bb 54687265 		.ascii	"ThreadsList\000"
 2274      6164734C 
 2274      69737400 
 2275              	.LASF25:
 2276 02c7 6576656E 		.ascii	"eventmask_t\000"
 2276      746D6173 
 2276      6B5F7400 
 2277              	.LASF54:
 2278 02d3 4D757465 		.ascii	"Mutex\000"
 2278      7800
 2279              	.LASF81:
 2280 02d9 63685468 		.ascii	"chThdAddRef\000"
 2280      64416464 
 2280      52656600 
 2281              	.LASF50:
 2282 02e5 73746B61 		.ascii	"stkalign_t\000"
 2282      6C69676E 
ARM GAS  /tmp/cckcD1G7.s 			page 43


 2282      5F7400
 2283              	.LASF53:
 2284 02f0 73697A65 		.ascii	"sizetype\000"
 2284      74797065 
 2284      00
 2285              	.LASF33:
 2286 02f9 705F6F6C 		.ascii	"p_older\000"
 2286      64657200 
 2287              	.LASF47:
 2288 0301 54687265 		.ascii	"ThreadsQueue\000"
 2288      61647351 
 2288      75657565 
 2288      00
 2289              	.LASF71:
 2290 030e 6D705F6F 		.ascii	"mp_object_size\000"
 2290      626A6563 
 2290      745F7369 
 2290      7A6500
 2291              	.LASF84:
 2292 031d 7072696F 		.ascii	"prio\000"
 2292      00
 2293              	.LASF59:
 2294 0322 4D656D6F 		.ascii	"MemoryHeap\000"
 2294      72794865 
 2294      617000
 2295              	.LASF12:
 2296 032d 5F5F7569 		.ascii	"__uint64_t\000"
 2296      6E743634 
 2296      5F7400
 2297              	.LASF69:
 2298 0338 70685F6E 		.ascii	"ph_next\000"
 2298      65787400 
 2299              	.LASF21:
 2300 0340 74726566 		.ascii	"trefs_t\000"
 2300      735F7400 
 2301              	.LASF80:
 2302 0348 72656673 		.ascii	"refs\000"
 2302      00
 2303              	.LASF29:
 2304 034d 705F7072 		.ascii	"p_prev\000"
 2304      657600
 2305              	.LASF23:
 2306 0354 74707269 		.ascii	"tprio_t\000"
 2306      6F5F7400 
 2307              	.LASF18:
 2308 035c 5F426F6F 		.ascii	"_Bool\000"
 2308      6C00
 2309              	.LASF15:
 2310 0362 696E7433 		.ascii	"int32_t\000"
 2310      325F7400 
 2311              	.LASF4:
 2312 036a 756E7369 		.ascii	"unsigned char\000"
 2312      676E6564 
 2312      20636861 
 2312      7200
 2313              	.LASF61:
 2314 0378 685F7072 		.ascii	"h_provider\000"
ARM GAS  /tmp/cckcD1G7.s 			page 44


 2314      6F766964 
 2314      657200
 2315              	.LASF44:
 2316 0383 705F6D74 		.ascii	"p_mtxlist\000"
 2316      786C6973 
 2316      7400
 2317              	.LASF5:
 2318 038d 73686F72 		.ascii	"short int\000"
 2318      7420696E 
 2318      7400
 2319              	.LASF35:
 2320 0397 705F7374 		.ascii	"p_state\000"
 2320      61746500 
 2321              	.LASF38:
 2322 039f 705F7072 		.ascii	"p_preempt\000"
 2322      65656D70 
 2322      7400
 2323              	.LASF95:
 2324 03a9 68656170 		.ascii	"heap_header\000"
 2324      5F686561 
 2324      64657200 
 2325              	.LASF77:
 2326 03b5 65776D61 		.ascii	"ewmask\000"
 2326      736B00
 2327              	.LASF28:
 2328 03bc 705F6E65 		.ascii	"p_next\000"
 2328      787400
 2329              	.LASF36:
 2330 03c3 705F666C 		.ascii	"p_flags\000"
 2330      61677300 
 2331              	.LASF96:
 2332 03cb 63685468 		.ascii	"chThdRelease\000"
 2332      6452656C 
 2332      65617365 
 2332      00
 2333              	.LASF27:
 2334 03d8 54687265 		.ascii	"Thread\000"
 2334      616400
 2335              	.LASF88:
 2336 03df 63684865 		.ascii	"chHeapAlloc\000"
 2336      6170416C 
 2336      6C6F6300 
 2337              	.LASF43:
 2338 03eb 705F6570 		.ascii	"p_epending\000"
 2338      656E6469 
 2338      6E6700
 2339              	.LASF16:
 2340 03f6 75696E74 		.ascii	"uint32_t\000"
 2340      33325F74 
 2340      00
 2341              	.LASF65:
 2342 03ff 68656170 		.ascii	"heap\000"
 2342      00
 2343              	.LASF78:
 2344 0404 63686172 		.ascii	"char\000"
 2344      00
 2345              	.LASF57:
ARM GAS  /tmp/cckcD1G7.s 			page 45


 2346 0409 6D5F6E65 		.ascii	"m_next\000"
 2346      787400
 2347              	.LASF26:
 2348 0410 73797374 		.ascii	"systime_t\000"
 2348      696D655F 
 2348      7400
 2349              	.LASF45:
 2350 041a 705F7265 		.ascii	"p_realprio\000"
 2350      616C7072 
 2350      696F00
 2351              	.LASF7:
 2352 0425 5F5F696E 		.ascii	"__int32_t\000"
 2352      7433325F 
 2352      7400
 2353              	.LASF39:
 2354 042f 705F7469 		.ascii	"p_time\000"
 2354      6D6500
 2355              	.LASF51:
 2356 0436 696E7463 		.ascii	"intctx\000"
 2356      747800
 2357              	.LASF41:
 2358 043d 705F6D73 		.ascii	"p_msgqueue\000"
 2358      67717565 
 2358      756500
 2359              	.LASF90:
 2360 0448 63685363 		.ascii	"chSchWakeupS\000"
 2360      6857616B 
 2360      65757053 
 2360      00
 2361              	.LASF68:
 2362 0455 706F6F6C 		.ascii	"pool_header\000"
 2362      5F686561 
 2362      64657200 
 2363              	.LASF37:
 2364 0461 705F7265 		.ascii	"p_refs\000"
 2364      667300
 2365              	.LASF14:
 2366 0468 75696E74 		.ascii	"uint8_t\000"
 2366      385F7400 
 2367              	.LASF91:
 2368 0470 6368506F 		.ascii	"chPoolAlloc\000"
 2368      6F6C416C 
 2368      6C6F6300 
 2369              	.LASF87:
 2370 047c 6368506F 		.ascii	"chPoolFree\000"
 2370      6F6C4672 
 2370      656500
 2371              	.LASF76:
 2372 0487 77746F62 		.ascii	"wtobjp\000"
 2372      6A7000
 2373              	.LASF34:
 2374 048e 705F6E61 		.ascii	"p_name\000"
 2374      6D6500
 2375              	.LASF56:
 2376 0495 6D5F6F77 		.ascii	"m_owner\000"
 2376      6E657200 
 2377              	.LASF31:
ARM GAS  /tmp/cckcD1G7.s 			page 46


 2378 049d 705F6374 		.ascii	"p_ctx\000"
 2378      7800
 2379              	.LASF40:
 2380 04a3 705F7761 		.ascii	"p_waiting\000"
 2380      6974696E 
 2380      6700
 2381              	.LASF60:
 2382 04ad 6D656D6F 		.ascii	"memory_heap\000"
 2382      72795F68 
 2382      65617000 
 2383              		.ident	"GCC: (4.8.2-14ubuntu1+6) 4.8.2"
ARM GAS  /tmp/cckcD1G7.s 			page 47


DEFINED SYMBOLS
                            *ABS*:0000000000000000 chdynamic.c
     /tmp/cckcD1G7.s:19     .text.chThdAddRef:0000000000000000 $t
     /tmp/cckcD1G7.s:25     .text.chThdAddRef:0000000000000000 chThdAddRef
     /tmp/cckcD1G7.s:64     .text.chThdRelease:0000000000000000 $t
     /tmp/cckcD1G7.s:70     .text.chThdRelease:0000000000000000 chThdRelease
     /tmp/cckcD1G7.s:153    .text.chThdCreateFromHeap:0000000000000000 $t
     /tmp/cckcD1G7.s:159    .text.chThdCreateFromHeap:0000000000000000 chThdCreateFromHeap
     /tmp/cckcD1G7.s:230    .text.chThdCreateFromMemoryPool:0000000000000000 $t
     /tmp/cckcD1G7.s:236    .text.chThdCreateFromMemoryPool:0000000000000000 chThdCreateFromMemoryPool
                     .debug_frame:0000000000000010 $d

UNDEFINED SYMBOLS
chHeapFree
chPoolFree
chHeapAlloc
chThdCreateI
chSchWakeupS
chPoolAlloc
