ARM GAS  /tmp/ccRTZ230.s 			page 1


   1              		.syntax unified
   2              		.cpu cortex-m3
   3              		.fpu softvfp
   4              		.eabi_attribute 20, 1
   5              		.eabi_attribute 21, 1
   6              		.eabi_attribute 23, 3
   7              		.eabi_attribute 24, 1
   8              		.eabi_attribute 25, 1
   9              		.eabi_attribute 26, 1
  10              		.eabi_attribute 30, 2
  11              		.eabi_attribute 34, 1
  12              		.eabi_attribute 18, 4
  13              		.thumb
  14              		.file	"chheap.c"
  15              		.text
  16              	.Ltext0:
  17              		.cfi_sections	.debug_frame
  18              		.section	.text._heap_init,"ax",%progbits
  19              		.align	2
  20              		.p2align 4,,15
  21              		.global	_heap_init
  22              		.thumb
  23              		.thumb_func
  24              		.type	_heap_init, %function
  25              	_heap_init:
  26              	.LFB7:
  27              		.file 1 "../../../../ChibiOS_2.6.2/os/kernel/src/chheap.c"
  28              		.loc 1 75 0
  29              		.cfi_startproc
  30              		@ args = 0, pretend = 0, frame = 0
  31              		@ frame_needed = 0, uses_anonymous_args = 0
  32              		@ link register save eliminated.
  33              		.loc 1 76 0
  34 0000 40F20003 		movw	r3, #:lower16:.LANCHOR0
  35 0004 C0F20003 		movt	r3, #:upper16:.LANCHOR0
  36 0008 40F20002 		movw	r2, #:lower16:chCoreAlloc
  37              		.loc 1 77 0
  38 000c 0021     		movs	r1, #0
  39              		.loc 1 76 0
  40 000e C0F20002 		movt	r2, #:upper16:chCoreAlloc
  41              		.loc 1 80 0
  42 0012 03F11000 		add	r0, r3, #16
  43              		.loc 1 76 0
  44 0016 1A60     		str	r2, [r3]
  45              		.loc 1 77 0
  46 0018 9960     		str	r1, [r3, #8]
  47              		.loc 1 78 0
  48 001a D960     		str	r1, [r3, #12]
  49              		.loc 1 80 0
  50 001c FFF7FEBF 		b	chMtxInit
  51              	.LVL0:
  52              		.cfi_endproc
  53              	.LFE7:
  54              		.size	_heap_init, .-_heap_init
  55              		.section	.text.chHeapInit,"ax",%progbits
  56              		.align	2
  57              		.p2align 4,,15
ARM GAS  /tmp/ccRTZ230.s 			page 2


  58              		.global	chHeapInit
  59              		.thumb
  60              		.thumb_func
  61              		.type	chHeapInit, %function
  62              	chHeapInit:
  63              	.LFB8:
  64              		.loc 1 99 0
  65              		.cfi_startproc
  66              		@ args = 0, pretend = 0, frame = 0
  67              		@ frame_needed = 0, uses_anonymous_args = 0
  68              		@ link register save eliminated.
  69              	.LVL1:
  70              		.loc 1 104 0
  71 0000 0023     		movs	r3, #0
  72              		.loc 1 108 0
  73 0002 083A     		subs	r2, r2, #8
  74              	.LVL2:
  75              		.loc 1 105 0
  76 0004 8160     		str	r1, [r0, #8]
  77              		.loc 1 104 0
  78 0006 0360     		str	r3, [r0]
  79              	.LVL3:
  80              		.loc 1 106 0
  81 0008 C360     		str	r3, [r0, #12]
  82              		.loc 1 110 0
  83 000a 1030     		adds	r0, r0, #16
  84              	.LVL4:
  85              		.loc 1 108 0
  86 000c 4A60     		str	r2, [r1, #4]
  87              		.loc 1 107 0
  88 000e 0B60     		str	r3, [r1]
  89              		.loc 1 110 0
  90 0010 FFF7FEBF 		b	chMtxInit
  91              	.LVL5:
  92              		.cfi_endproc
  93              	.LFE8:
  94              		.size	chHeapInit, .-chHeapInit
  95 0014 AFF30080 		.section	.text.chHeapAlloc,"ax",%progbits
  95      AFF30080 
  95      AFF30080 
  96              		.align	2
  97              		.p2align 4,,15
  98              		.global	chHeapAlloc
  99              		.thumb
 100              		.thumb_func
 101              		.type	chHeapAlloc, %function
 102              	chHeapAlloc:
 103              	.LFB9:
 104              		.loc 1 132 0
 105              		.cfi_startproc
 106              		@ args = 0, pretend = 0, frame = 0
 107              		@ frame_needed = 0, uses_anonymous_args = 0
 108              	.LVL6:
 109 0000 F8B5     		push	{r3, r4, r5, r6, r7, lr}
 110              		.cfi_def_cfa_offset 24
 111              		.cfi_offset 3, -24
 112              		.cfi_offset 4, -20
ARM GAS  /tmp/ccRTZ230.s 			page 3


 113              		.cfi_offset 5, -16
 114              		.cfi_offset 6, -12
 115              		.cfi_offset 7, -8
 116              		.cfi_offset 14, -4
 117              		.loc 1 136 0
 118 0002 40F20006 		movw	r6, #:lower16:.LANCHOR0
 119 0006 C0F20006 		movt	r6, #:upper16:.LANCHOR0
 120 000a 0028     		cmp	r0, #0
 121 000c 18BF     		it	ne
 122 000e 0646     		movne	r6, r0
 123              	.LVL7:
 124              		.loc 1 138 0
 125 0010 0731     		adds	r1, r1, #7
 126              	.LVL8:
 127              		.loc 1 140 0
 128 0012 06F11000 		add	r0, r6, #16
 129              		.loc 1 138 0
 130 0016 21F00705 		bic	r5, r1, #7
 131              	.LVL9:
 132              		.loc 1 139 0
 133 001a 06F10804 		add	r4, r6, #8
 134              	.LVL10:
 135              		.loc 1 140 0
 136 001e FFF7FEFF 		bl	chMtxLock
 137              	.LVL11:
 138              		.loc 1 142 0
 139 0022 03E0     		b	.L5
 140              	.LVL12:
 141              	.L10:
 142              		.loc 1 144 0
 143 0024 5A68     		ldr	r2, [r3, #4]
 144 0026 9542     		cmp	r5, r2
 145 0028 11D9     		bls	.L18
 146 002a 1C46     		mov	r4, r3
 147              	.LVL13:
 148              	.L5:
 149              		.loc 1 142 0 discriminator 1
 150 002c 2368     		ldr	r3, [r4]
 151              	.LVL14:
 152 002e 002B     		cmp	r3, #0
 153 0030 F8D1     		bne	.L10
 154              		.loc 1 167 0
 155 0032 FFF7FEFF 		bl	chMtxUnlock
 156              	.LVL15:
 157              		.loc 1 171 0
 158 0036 3368     		ldr	r3, [r6]
 159 0038 1BB3     		cbz	r3, .L12
 160              		.loc 1 172 0
 161 003a 05F10800 		add	r0, r5, #8
 162 003e 9847     		blx	r3
 163              	.LVL16:
 164              		.loc 1 173 0
 165 0040 F8B1     		cbz	r0, .L12
 166              		.loc 1 174 0
 167 0042 0660     		str	r6, [r0]
 168              		.loc 1 175 0
 169 0044 4560     		str	r5, [r0, #4]
ARM GAS  /tmp/ccRTZ230.s 			page 4


 170              	.LVL17:
 171              		.loc 1 177 0
 172 0046 00F10804 		add	r4, r0, #8
 173              	.LVL18:
 174              	.L9:
 175              		.loc 1 181 0
 176 004a 2046     		mov	r0, r4
 177 004c F8BD     		pop	{r3, r4, r5, r6, r7, pc}
 178              	.LVL19:
 179              	.L18:
 180              		.loc 1 145 0
 181 004e 05F10801 		add	r1, r5, #8
 182 0052 9142     		cmp	r1, r2
 183 0054 08D9     		bls	.L7
 184              		.loc 1 149 0
 185 0056 1A68     		ldr	r2, [r3]
 186 0058 2260     		str	r2, [r4]
 187              	.L8:
 188              		.loc 1 159 0
 189 005a 1C46     		mov	r4, r3
 190              	.LVL20:
 191 005c 44F8086B 		str	r6, [r4], #8
 192              		.loc 1 161 0
 193 0060 FFF7FEFF 		bl	chMtxUnlock
 194              	.LVL21:
 195              		.loc 1 181 0
 196 0064 2046     		mov	r0, r4
 197 0066 F8BD     		pop	{r3, r4, r5, r6, r7, pc}
 198              	.LVL22:
 199              	.L7:
 200              		.loc 1 155 0
 201 0068 4FF6F870 		movw	r0, #65528
 202 006c CFF6FF70 		movt	r0, 65535
 203              		.loc 1 154 0
 204 0070 1F68     		ldr	r7, [r3]
 205              		.loc 1 155 0
 206 0072 401B     		subs	r0, r0, r5
 207 0074 1044     		add	r0, r0, r2
 208              		.loc 1 153 0
 209 0076 5A18     		adds	r2, r3, r1
 210              	.LVL23:
 211              		.loc 1 154 0
 212 0078 5F50     		str	r7, [r3, r1]
 213              		.loc 1 155 0
 214 007a 5060     		str	r0, [r2, #4]
 215              		.loc 1 156 0
 216 007c 2260     		str	r2, [r4]
 217              		.loc 1 157 0
 218 007e 5D60     		str	r5, [r3, #4]
 219 0080 EBE7     		b	.L8
 220              	.LVL24:
 221              	.L12:
 222              		.loc 1 180 0
 223 0082 0024     		movs	r4, #0
 224              	.LVL25:
 225 0084 E1E7     		b	.L9
 226              		.cfi_endproc
ARM GAS  /tmp/ccRTZ230.s 			page 5


 227              	.LFE9:
 228              		.size	chHeapAlloc, .-chHeapAlloc
 229 0086 00BFAFF3 		.section	.text.chHeapFree,"ax",%progbits
 229      0080AFF3 
 229      0080
 230              		.align	2
 231              		.p2align 4,,15
 232              		.global	chHeapFree
 233              		.thumb
 234              		.thumb_func
 235              		.type	chHeapFree, %function
 236              	chHeapFree:
 237              	.LFB10:
 238              		.loc 1 194 0
 239              		.cfi_startproc
 240              		@ args = 0, pretend = 0, frame = 0
 241              		@ frame_needed = 0, uses_anonymous_args = 0
 242              	.LVL26:
 243 0000 70B5     		push	{r4, r5, r6, lr}
 244              		.cfi_def_cfa_offset 16
 245              		.cfi_offset 4, -16
 246              		.cfi_offset 5, -12
 247              		.cfi_offset 6, -8
 248              		.cfi_offset 14, -4
 249              		.loc 1 194 0
 250 0002 0646     		mov	r6, r0
 251              		.loc 1 201 0
 252 0004 50F8080C 		ldr	r0, [r0, #-8]
 253              	.LVL27:
 254              		.loc 1 200 0
 255 0008 A6F10804 		sub	r4, r6, #8
 256              	.LVL28:
 257              		.loc 1 202 0
 258 000c 00F10805 		add	r5, r0, #8
 259              	.LVL29:
 260              		.loc 1 203 0
 261 0010 1030     		adds	r0, r0, #16
 262              	.LVL30:
 263 0012 FFF7FEFF 		bl	chMtxLock
 264              	.LVL31:
 265              		.loc 1 202 0
 266 0016 2B46     		mov	r3, r5
 267              	.LVL32:
 268              	.L26:
 269              		.loc 1 210 0
 270 0018 AB42     		cmp	r3, r5
 271 001a 04D0     		beq	.L20
 272              	.L31:
 273              		.loc 1 210 0 is_stmt 0 discriminator 2
 274 001c A342     		cmp	r3, r4
 275 001e 02D3     		bcc	.L20
 276 0020 1B68     		ldr	r3, [r3]
 277              	.LVL33:
 278              		.loc 1 210 0
 279 0022 AB42     		cmp	r3, r5
 280 0024 FAD1     		bne	.L31
 281              	.L20:
ARM GAS  /tmp/ccRTZ230.s 			page 6


 282              		.loc 1 211 0 is_stmt 1 discriminator 1
 283 0026 1A68     		ldr	r2, [r3]
 284              		.loc 1 210 0 discriminator 1
 285 0028 1AB1     		cbz	r2, .L22
 286              		.loc 1 211 0
 287 002a 9442     		cmp	r4, r2
 288 002c 01D3     		bcc	.L22
 289 002e 1346     		mov	r3, r2
 290              	.LVL34:
 291              		.loc 1 229 0
 292 0030 F2E7     		b	.L26
 293              	.LVL35:
 294              	.L22:
 295              		.loc 1 216 0
 296 0032 56F8041C 		ldr	r1, [r6, #-4]
 297              		.loc 1 213 0
 298 0036 46F8082C 		str	r2, [r6, #-8]
 299              		.loc 1 214 0
 300 003a 1C60     		str	r4, [r3]
 301              		.loc 1 216 0
 302 003c 01F10802 		add	r2, r1, #8
 303 0040 56F8085C 		ldr	r5, [r6, #-8]
 304              	.LVL36:
 305 0044 A018     		adds	r0, r4, r2
 306 0046 A842     		cmp	r0, r5
 307 0048 09D0     		beq	.L32
 308              		.loc 1 221 0
 309 004a 5A68     		ldr	r2, [r3, #4]
 310 004c 02F10801 		add	r1, r2, #8
 311 0050 1944     		add	r1, r1, r3
 312 0052 8C42     		cmp	r4, r1
 313 0054 11D0     		beq	.L33
 314              	.L25:
 315              		.loc 1 233 0
 316 0056 BDE87040 		pop	{r4, r5, r6, lr}
 317              	.LVL37:
 318              		.loc 1 231 0
 319 005a FFF7FEBF 		b	chMtxUnlock
 320              	.LVL38:
 321              	.L32:
 322              		.loc 1 218 0
 323 005e 4068     		ldr	r0, [r0, #4]
 324              		.loc 1 219 0
 325 0060 A258     		ldr	r2, [r4, r2]
 326              		.loc 1 218 0
 327 0062 0144     		add	r1, r1, r0
 328 0064 0831     		adds	r1, r1, #8
 329 0066 46F8041C 		str	r1, [r6, #-4]
 330              		.loc 1 219 0
 331 006a 46F8082C 		str	r2, [r6, #-8]
 332              		.loc 1 221 0
 333 006e 5A68     		ldr	r2, [r3, #4]
 334 0070 02F10801 		add	r1, r2, #8
 335 0074 1944     		add	r1, r1, r3
 336 0076 8C42     		cmp	r4, r1
 337 0078 EDD1     		bne	.L25
 338              	.L33:
ARM GAS  /tmp/ccRTZ230.s 			page 7


 339              		.loc 1 223 0
 340 007a 56F8040C 		ldr	r0, [r6, #-4]
 341              		.loc 1 224 0
 342 007e 56F8081C 		ldr	r1, [r6, #-8]
 343              		.loc 1 223 0
 344 0082 0244     		add	r2, r2, r0
 345 0084 0832     		adds	r2, r2, #8
 346              		.loc 1 224 0
 347 0086 83E80600 		stmia	r3, {r1, r2}
 348              		.loc 1 233 0
 349 008a BDE87040 		pop	{r4, r5, r6, lr}
 350              	.LVL39:
 351              		.loc 1 231 0
 352 008e FFF7FEBF 		b	chMtxUnlock
 353              	.LVL40:
 354              		.cfi_endproc
 355              	.LFE10:
 356              		.size	chHeapFree, .-chHeapFree
 357 0092 00BFAFF3 		.section	.text.chHeapStatus,"ax",%progbits
 357      0080AFF3 
 357      0080AFF3 
 357      0080
 358              		.align	2
 359              		.p2align 4,,15
 360              		.global	chHeapStatus
 361              		.thumb
 362              		.thumb_func
 363              		.type	chHeapStatus, %function
 364              	chHeapStatus:
 365              	.LFB11:
 366              		.loc 1 250 0
 367              		.cfi_startproc
 368              		@ args = 0, pretend = 0, frame = 0
 369              		@ frame_needed = 0, uses_anonymous_args = 0
 370              	.LVL41:
 371 0000 38B5     		push	{r3, r4, r5, lr}
 372              		.cfi_def_cfa_offset 16
 373              		.cfi_offset 3, -16
 374              		.cfi_offset 4, -12
 375              		.cfi_offset 5, -8
 376              		.cfi_offset 14, -4
 377              		.loc 1 255 0
 378 0002 40F20003 		movw	r3, #:lower16:.LANCHOR0
 379 0006 C0F20003 		movt	r3, #:upper16:.LANCHOR0
 380 000a 0028     		cmp	r0, #0
 381 000c 14BF     		ite	ne
 382 000e 0446     		movne	r4, r0
 383 0010 1C46     		moveq	r4, r3
 384              	.LVL42:
 385              		.loc 1 257 0
 386 0012 04F11000 		add	r0, r4, #16
 387              		.loc 1 250 0
 388 0016 0D46     		mov	r5, r1
 389              		.loc 1 257 0
 390 0018 FFF7FEFF 		bl	chMtxLock
 391              	.LVL43:
 392              		.loc 1 260 0
ARM GAS  /tmp/ccRTZ230.s 			page 8


 393 001c A368     		ldr	r3, [r4, #8]
 394 001e 6BB1     		cbz	r3, .L40
 395              		.loc 1 259 0
 396 0020 0022     		movs	r2, #0
 397              		.loc 1 260 0
 398 0022 1446     		mov	r4, r2
 399              	.LVL44:
 400              	.L37:
 401              		.loc 1 261 0 discriminator 2
 402 0024 5868     		ldr	r0, [r3, #4]
 403              		.loc 1 260 0 discriminator 2
 404 0026 1B68     		ldr	r3, [r3]
 405 0028 0134     		adds	r4, r4, #1
 406              	.LVL45:
 407              		.loc 1 261 0 discriminator 2
 408 002a 0244     		add	r2, r2, r0
 409              	.LVL46:
 410              		.loc 1 260 0 discriminator 2
 411 002c 002B     		cmp	r3, #0
 412 002e F9D1     		bne	.L37
 413              	.LVL47:
 414              	.L36:
 415              		.loc 1 262 0
 416 0030 05B1     		cbz	r5, .L38
 417              		.loc 1 263 0
 418 0032 2A60     		str	r2, [r5]
 419              	.L38:
 420              		.loc 1 265 0
 421 0034 FFF7FEFF 		bl	chMtxUnlock
 422              	.LVL48:
 423              		.loc 1 267 0
 424 0038 2046     		mov	r0, r4
 425 003a 38BD     		pop	{r3, r4, r5, pc}
 426              	.LVL49:
 427              	.L40:
 428              		.loc 1 259 0
 429 003c 1A46     		mov	r2, r3
 430              		.loc 1 260 0
 431 003e 1C46     		mov	r4, r3
 432              	.LVL50:
 433 0040 F6E7     		b	.L36
 434              		.cfi_endproc
 435              	.LFE11:
 436              		.size	chHeapStatus, .-chHeapStatus
 437 0042 00BFAFF3 		.section	.bss.default_heap,"aw",%nobits
 437      0080AFF3 
 437      0080AFF3 
 437      0080
 438              		.align	3
 439              		.set	.LANCHOR0,. + 0
 440              		.type	default_heap, %object
 441              		.size	default_heap, 32
 442              	default_heap:
 443 0000 00000000 		.space	32
 443      00000000 
 443      00000000 
 443      00000000 
ARM GAS  /tmp/ccRTZ230.s 			page 9


 443      00000000 
 444              		.text
 445              	.Letext0:
 446              		.file 2 "/usr/lib/gcc/arm-none-eabi/4.8.2/include/stddef.h"
 447              		.file 3 "/usr/include/newlib/machine/_default_types.h"
 448              		.file 4 "/usr/include/newlib/stdint.h"
 449              		.file 5 "../../../../ChibiOS_2.6.2/os/ports/GCC/ARMCMx/chtypes.h"
 450              		.file 6 "../../../../ChibiOS_2.6.2/os/kernel/include/chlists.h"
 451              		.file 7 "../../../../ChibiOS_2.6.2/os/kernel/include/chthreads.h"
 452              		.file 8 "../../../../ChibiOS_2.6.2/os/ports/GCC/ARMCMx/chcore_v7m.h"
 453              		.file 9 "../../../../ChibiOS_2.6.2/os/kernel/include/chmtx.h"
 454              		.file 10 "../../../../ChibiOS_2.6.2/os/kernel/include/chmemcore.h"
 455              		.file 11 "../../../../ChibiOS_2.6.2/os/kernel/include/chheap.h"
 456              		.section	.debug_info,"",%progbits
 457              	.Ldebug_info0:
 458 0000 F6060000 		.4byte	0x6f6
 459 0004 0400     		.2byte	0x4
 460 0006 00000000 		.4byte	.Ldebug_abbrev0
 461 000a 04       		.byte	0x4
 462 000b 01       		.uleb128 0x1
 463 000c 71010000 		.4byte	.LASF83
 464 0010 01       		.byte	0x1
 465 0011 BD030000 		.4byte	.LASF84
 466 0015 1C010000 		.4byte	.LASF85
 467 0019 00000000 		.4byte	.Ldebug_ranges0+0
 468 001d 00000000 		.4byte	0
 469 0021 00000000 		.4byte	.Ldebug_line0
 470 0025 02       		.uleb128 0x2
 471 0026 04       		.byte	0x4
 472 0027 05       		.byte	0x5
 473 0028 696E7400 		.ascii	"int\000"
 474 002c 03       		.uleb128 0x3
 475 002d 06000000 		.4byte	.LASF2
 476 0031 02       		.byte	0x2
 477 0032 D4       		.byte	0xd4
 478 0033 37000000 		.4byte	0x37
 479 0037 04       		.uleb128 0x4
 480 0038 04       		.byte	0x4
 481 0039 07       		.byte	0x7
 482 003a FD000000 		.4byte	.LASF0
 483 003e 04       		.uleb128 0x4
 484 003f 01       		.byte	0x1
 485 0040 06       		.byte	0x6
 486 0041 92000000 		.4byte	.LASF1
 487 0045 03       		.uleb128 0x3
 488 0046 1D000000 		.4byte	.LASF3
 489 004a 03       		.byte	0x3
 490 004b 1C       		.byte	0x1c
 491 004c 50000000 		.4byte	0x50
 492 0050 04       		.uleb128 0x4
 493 0051 01       		.byte	0x1
 494 0052 08       		.byte	0x8
 495 0053 D2020000 		.4byte	.LASF4
 496 0057 04       		.uleb128 0x4
 497 0058 02       		.byte	0x2
 498 0059 05       		.byte	0x5
 499 005a F5020000 		.4byte	.LASF5
ARM GAS  /tmp/ccRTZ230.s 			page 10


 500 005e 04       		.uleb128 0x4
 501 005f 02       		.byte	0x2
 502 0060 07       		.byte	0x7
 503 0061 1B020000 		.4byte	.LASF6
 504 0065 03       		.uleb128 0x3
 505 0066 9A030000 		.4byte	.LASF7
 506 006a 03       		.byte	0x3
 507 006b 37       		.byte	0x37
 508 006c 70000000 		.4byte	0x70
 509 0070 04       		.uleb128 0x4
 510 0071 04       		.byte	0x4
 511 0072 05       		.byte	0x5
 512 0073 C9000000 		.4byte	.LASF8
 513 0077 03       		.uleb128 0x3
 514 0078 E3000000 		.4byte	.LASF9
 515 007c 03       		.byte	0x3
 516 007d 38       		.byte	0x38
 517 007e 82000000 		.4byte	0x82
 518 0082 04       		.uleb128 0x4
 519 0083 04       		.byte	0x4
 520 0084 07       		.byte	0x7
 521 0085 0A010000 		.4byte	.LASF10
 522 0089 04       		.uleb128 0x4
 523 008a 08       		.byte	0x8
 524 008b 05       		.byte	0x5
 525 008c 84000000 		.4byte	.LASF11
 526 0090 03       		.uleb128 0x3
 527 0091 A2020000 		.4byte	.LASF12
 528 0095 03       		.byte	0x3
 529 0096 4E       		.byte	0x4e
 530 0097 9B000000 		.4byte	0x9b
 531 009b 04       		.uleb128 0x4
 532 009c 08       		.byte	0x8
 533 009d 07       		.byte	0x7
 534 009e 34000000 		.4byte	.LASF13
 535 00a2 03       		.uleb128 0x3
 536 00a3 F5030000 		.4byte	.LASF14
 537 00a7 04       		.byte	0x4
 538 00a8 2A       		.byte	0x2a
 539 00a9 45000000 		.4byte	0x45
 540 00ad 03       		.uleb128 0x3
 541 00ae CA020000 		.4byte	.LASF15
 542 00b2 04       		.byte	0x4
 543 00b3 41       		.byte	0x41
 544 00b4 65000000 		.4byte	0x65
 545 00b8 03       		.uleb128 0x3
 546 00b9 51030000 		.4byte	.LASF16
 547 00bd 04       		.byte	0x4
 548 00be 42       		.byte	0x42
 549 00bf 77000000 		.4byte	0x77
 550 00c3 03       		.uleb128 0x3
 551 00c4 14000000 		.4byte	.LASF17
 552 00c8 04       		.byte	0x4
 553 00c9 4E       		.byte	0x4e
 554 00ca 90000000 		.4byte	0x90
 555 00ce 04       		.uleb128 0x4
 556 00cf 01       		.byte	0x1
ARM GAS  /tmp/ccRTZ230.s 			page 11


 557 00d0 02       		.byte	0x2
 558 00d1 C4020000 		.4byte	.LASF18
 559 00d5 03       		.uleb128 0x3
 560 00d6 34020000 		.4byte	.LASF19
 561 00da 05       		.byte	0x5
 562 00db 2C       		.byte	0x2c
 563 00dc A2000000 		.4byte	0xa2
 564 00e0 03       		.uleb128 0x3
 565 00e1 D2000000 		.4byte	.LASF20
 566 00e5 05       		.byte	0x5
 567 00e6 2D       		.byte	0x2d
 568 00e7 A2000000 		.4byte	0xa2
 569 00eb 03       		.uleb128 0x3
 570 00ec AD020000 		.4byte	.LASF21
 571 00f0 05       		.byte	0x5
 572 00f1 2E       		.byte	0x2e
 573 00f2 A2000000 		.4byte	0xa2
 574 00f6 03       		.uleb128 0x3
 575 00f7 BF000000 		.4byte	.LASF22
 576 00fb 05       		.byte	0x5
 577 00fc 2F       		.byte	0x2f
 578 00fd A2000000 		.4byte	0xa2
 579 0101 03       		.uleb128 0x3
 580 0102 BC020000 		.4byte	.LASF23
 581 0106 05       		.byte	0x5
 582 0107 30       		.byte	0x30
 583 0108 B8000000 		.4byte	0xb8
 584 010c 03       		.uleb128 0x3
 585 010d 2E020000 		.4byte	.LASF24
 586 0111 05       		.byte	0x5
 587 0112 31       		.byte	0x31
 588 0113 AD000000 		.4byte	0xad
 589 0117 03       		.uleb128 0x3
 590 0118 52020000 		.4byte	.LASF25
 591 011c 05       		.byte	0x5
 592 011d 33       		.byte	0x33
 593 011e B8000000 		.4byte	0xb8
 594 0122 03       		.uleb128 0x3
 595 0123 85030000 		.4byte	.LASF26
 596 0127 05       		.byte	0x5
 597 0128 35       		.byte	0x35
 598 0129 B8000000 		.4byte	0xb8
 599 012d 03       		.uleb128 0x3
 600 012e 33030000 		.4byte	.LASF27
 601 0132 06       		.byte	0x6
 602 0133 2A       		.byte	0x2a
 603 0134 38010000 		.4byte	0x138
 604 0138 05       		.uleb128 0x5
 605 0139 33030000 		.4byte	.LASF27
 606 013d 48       		.byte	0x48
 607 013e 07       		.byte	0x7
 608 013f 5E       		.byte	0x5e
 609 0140 35020000 		.4byte	0x235
 610 0144 06       		.uleb128 0x6
 611 0145 24030000 		.4byte	.LASF28
 612 0149 07       		.byte	0x7
 613 014a 5F       		.byte	0x5f
ARM GAS  /tmp/ccRTZ230.s 			page 12


 614 014b 56020000 		.4byte	0x256
 615 014f 00       		.byte	0
 616 0150 06       		.uleb128 0x6
 617 0151 B5020000 		.4byte	.LASF29
 618 0155 07       		.byte	0x7
 619 0156 61       		.byte	0x61
 620 0157 56020000 		.4byte	0x256
 621 015b 04       		.byte	0x4
 622 015c 06       		.uleb128 0x6
 623 015d 7D000000 		.4byte	.LASF30
 624 0161 07       		.byte	0x7
 625 0162 63       		.byte	0x63
 626 0163 01010000 		.4byte	0x101
 627 0167 08       		.byte	0x8
 628 0168 06       		.uleb128 0x6
 629 0169 24040000 		.4byte	.LASF31
 630 016d 07       		.byte	0x7
 631 016e 64       		.byte	0x64
 632 016f 1B030000 		.4byte	0x31b
 633 0173 0C       		.byte	0xc
 634 0174 06       		.uleb128 0x6
 635 0175 DB000000 		.4byte	.LASF32
 636 0179 07       		.byte	0x7
 637 017a 66       		.byte	0x66
 638 017b 56020000 		.4byte	0x256
 639 017f 10       		.byte	0x10
 640 0180 06       		.uleb128 0x6
 641 0181 82020000 		.4byte	.LASF33
 642 0185 07       		.byte	0x7
 643 0186 67       		.byte	0x67
 644 0187 56020000 		.4byte	0x256
 645 018b 14       		.byte	0x14
 646 018c 06       		.uleb128 0x6
 647 018d 0A040000 		.4byte	.LASF34
 648 0191 07       		.byte	0x7
 649 0192 6E       		.byte	0x6e
 650 0193 86040000 		.4byte	0x486
 651 0197 18       		.byte	0x18
 652 0198 06       		.uleb128 0x6
 653 0199 FF020000 		.4byte	.LASF35
 654 019d 07       		.byte	0x7
 655 019e 79       		.byte	0x79
 656 019f E0000000 		.4byte	0xe0
 657 01a3 1C       		.byte	0x1c
 658 01a4 06       		.uleb128 0x6
 659 01a5 2B030000 		.4byte	.LASF36
 660 01a9 07       		.byte	0x7
 661 01aa 7D       		.byte	0x7d
 662 01ab D5000000 		.4byte	0xd5
 663 01af 1D       		.byte	0x1d
 664 01b0 06       		.uleb128 0x6
 665 01b1 EE030000 		.4byte	.LASF37
 666 01b5 07       		.byte	0x7
 667 01b6 82       		.byte	0x82
 668 01b7 EB000000 		.4byte	0xeb
 669 01bb 1E       		.byte	0x1e
 670 01bc 06       		.uleb128 0x6
ARM GAS  /tmp/ccRTZ230.s 			page 13


 671 01bd 07030000 		.4byte	.LASF38
 672 01c1 07       		.byte	0x7
 673 01c2 88       		.byte	0x88
 674 01c3 F6000000 		.4byte	0xf6
 675 01c7 1F       		.byte	0x1f
 676 01c8 06       		.uleb128 0x6
 677 01c9 A4030000 		.4byte	.LASF39
 678 01cd 07       		.byte	0x7
 679 01ce 8F       		.byte	0x8f
 680 01cf 43030000 		.4byte	0x343
 681 01d3 20       		.byte	0x20
 682 01d4 07       		.uleb128 0x7
 683 01d5 705F7500 		.ascii	"p_u\000"
 684 01d9 07       		.byte	0x7
 685 01da B4       		.byte	0xb4
 686 01db 51040000 		.4byte	0x451
 687 01df 24       		.byte	0x24
 688 01e0 06       		.uleb128 0x6
 689 01e1 2A040000 		.4byte	.LASF40
 690 01e5 07       		.byte	0x7
 691 01e6 B9       		.byte	0xb9
 692 01e7 7C020000 		.4byte	0x27c
 693 01eb 28       		.byte	0x28
 694 01ec 06       		.uleb128 0x6
 695 01ed B2030000 		.4byte	.LASF41
 696 01f1 07       		.byte	0x7
 697 01f2 BF       		.byte	0xbf
 698 01f3 5C020000 		.4byte	0x25c
 699 01f7 2C       		.byte	0x2c
 700 01f8 06       		.uleb128 0x6
 701 01f9 00000000 		.4byte	.LASF42
 702 01fd 07       		.byte	0x7
 703 01fe C3       		.byte	0xc3
 704 01ff 0C010000 		.4byte	0x10c
 705 0203 34       		.byte	0x34
 706 0204 06       		.uleb128 0x6
 707 0205 46030000 		.4byte	.LASF43
 708 0209 07       		.byte	0x7
 709 020a C9       		.byte	0xc9
 710 020b 17010000 		.4byte	0x117
 711 020f 38       		.byte	0x38
 712 0210 06       		.uleb128 0x6
 713 0211 EB020000 		.4byte	.LASF44
 714 0215 07       		.byte	0x7
 715 0216 D0       		.byte	0xd0
 716 0217 98040000 		.4byte	0x498
 717 021b 3C       		.byte	0x3c
 718 021c 06       		.uleb128 0x6
 719 021d 8F030000 		.4byte	.LASF45
 720 0221 07       		.byte	0x7
 721 0222 D4       		.byte	0xd4
 722 0223 01010000 		.4byte	0x101
 723 0227 40       		.byte	0x40
 724 0228 06       		.uleb128 0x6
 725 0229 A4000000 		.4byte	.LASF46
 726 022d 07       		.byte	0x7
 727 022e DA       		.byte	0xda
ARM GAS  /tmp/ccRTZ230.s 			page 14


 728 022f 92020000 		.4byte	0x292
 729 0233 44       		.byte	0x44
 730 0234 00       		.byte	0
 731 0235 08       		.uleb128 0x8
 732 0236 08       		.byte	0x8
 733 0237 06       		.byte	0x6
 734 0238 61       		.byte	0x61
 735 0239 56020000 		.4byte	0x256
 736 023d 06       		.uleb128 0x6
 737 023e 24030000 		.4byte	.LASF28
 738 0242 06       		.byte	0x6
 739 0243 62       		.byte	0x62
 740 0244 56020000 		.4byte	0x256
 741 0248 00       		.byte	0
 742 0249 06       		.uleb128 0x6
 743 024a B5020000 		.4byte	.LASF29
 744 024e 06       		.byte	0x6
 745 024f 64       		.byte	0x64
 746 0250 56020000 		.4byte	0x256
 747 0254 04       		.byte	0x4
 748 0255 00       		.byte	0
 749 0256 09       		.uleb128 0x9
 750 0257 04       		.byte	0x4
 751 0258 2D010000 		.4byte	0x12d
 752 025c 03       		.uleb128 0x3
 753 025d 8A020000 		.4byte	.LASF47
 754 0261 06       		.byte	0x6
 755 0262 66       		.byte	0x66
 756 0263 35020000 		.4byte	0x235
 757 0267 08       		.uleb128 0x8
 758 0268 04       		.byte	0x4
 759 0269 06       		.byte	0x6
 760 026a 6B       		.byte	0x6b
 761 026b 7C020000 		.4byte	0x27c
 762 026f 06       		.uleb128 0x6
 763 0270 24030000 		.4byte	.LASF28
 764 0274 06       		.byte	0x6
 765 0275 6D       		.byte	0x6d
 766 0276 56020000 		.4byte	0x256
 767 027a 00       		.byte	0
 768 027b 00       		.byte	0
 769 027c 03       		.uleb128 0x3
 770 027d 46020000 		.4byte	.LASF48
 771 0281 06       		.byte	0x6
 772 0282 70       		.byte	0x70
 773 0283 67020000 		.4byte	0x267
 774 0287 03       		.uleb128 0x3
 775 0288 EE000000 		.4byte	.LASF49
 776 028c 08       		.byte	0x8
 777 028d E5       		.byte	0xe5
 778 028e 92020000 		.4byte	0x292
 779 0292 0A       		.uleb128 0xa
 780 0293 04       		.byte	0x4
 781 0294 03       		.uleb128 0x3
 782 0295 64020000 		.4byte	.LASF50
 783 0299 08       		.byte	0x8
 784 029a EB       		.byte	0xeb
ARM GAS  /tmp/ccRTZ230.s 			page 15


 785 029b C3000000 		.4byte	0xc3
 786 029f 0B       		.uleb128 0xb
 787 02a0 AB030000 		.4byte	.LASF51
 788 02a4 24       		.byte	0x24
 789 02a5 08       		.byte	0x8
 790 02a6 0C01     		.2byte	0x10c
 791 02a8 1B030000 		.4byte	0x31b
 792 02ac 0C       		.uleb128 0xc
 793 02ad 723400   		.ascii	"r4\000"
 794 02b0 08       		.byte	0x8
 795 02b1 1F01     		.2byte	0x11f
 796 02b3 87020000 		.4byte	0x287
 797 02b7 00       		.byte	0
 798 02b8 0C       		.uleb128 0xc
 799 02b9 723500   		.ascii	"r5\000"
 800 02bc 08       		.byte	0x8
 801 02bd 2001     		.2byte	0x120
 802 02bf 87020000 		.4byte	0x287
 803 02c3 04       		.byte	0x4
 804 02c4 0C       		.uleb128 0xc
 805 02c5 723600   		.ascii	"r6\000"
 806 02c8 08       		.byte	0x8
 807 02c9 2101     		.2byte	0x121
 808 02cb 87020000 		.4byte	0x287
 809 02cf 08       		.byte	0x8
 810 02d0 0C       		.uleb128 0xc
 811 02d1 723700   		.ascii	"r7\000"
 812 02d4 08       		.byte	0x8
 813 02d5 2201     		.2byte	0x122
 814 02d7 87020000 		.4byte	0x287
 815 02db 0C       		.byte	0xc
 816 02dc 0C       		.uleb128 0xc
 817 02dd 723800   		.ascii	"r8\000"
 818 02e0 08       		.byte	0x8
 819 02e1 2301     		.2byte	0x123
 820 02e3 87020000 		.4byte	0x287
 821 02e7 10       		.byte	0x10
 822 02e8 0C       		.uleb128 0xc
 823 02e9 723900   		.ascii	"r9\000"
 824 02ec 08       		.byte	0x8
 825 02ed 2401     		.2byte	0x124
 826 02ef 87020000 		.4byte	0x287
 827 02f3 14       		.byte	0x14
 828 02f4 0C       		.uleb128 0xc
 829 02f5 72313000 		.ascii	"r10\000"
 830 02f9 08       		.byte	0x8
 831 02fa 2501     		.2byte	0x125
 832 02fc 87020000 		.4byte	0x287
 833 0300 18       		.byte	0x18
 834 0301 0C       		.uleb128 0xc
 835 0302 72313100 		.ascii	"r11\000"
 836 0306 08       		.byte	0x8
 837 0307 2601     		.2byte	0x126
 838 0309 87020000 		.4byte	0x287
 839 030d 1C       		.byte	0x1c
 840 030e 0C       		.uleb128 0xc
 841 030f 6C7200   		.ascii	"lr\000"
ARM GAS  /tmp/ccRTZ230.s 			page 16


 842 0312 08       		.byte	0x8
 843 0313 2701     		.2byte	0x127
 844 0315 87020000 		.4byte	0x287
 845 0319 20       		.byte	0x20
 846 031a 00       		.byte	0
 847 031b 0B       		.uleb128 0xb
 848 031c 0E020000 		.4byte	.LASF52
 849 0320 04       		.byte	0x4
 850 0321 08       		.byte	0x8
 851 0322 3101     		.2byte	0x131
 852 0324 36030000 		.4byte	0x336
 853 0328 0C       		.uleb128 0xc
 854 0329 72313300 		.ascii	"r13\000"
 855 032d 08       		.byte	0x8
 856 032e 3201     		.2byte	0x132
 857 0330 36030000 		.4byte	0x336
 858 0334 00       		.byte	0
 859 0335 00       		.byte	0
 860 0336 09       		.uleb128 0x9
 861 0337 04       		.byte	0x4
 862 0338 9F020000 		.4byte	0x29f
 863 033c 04       		.uleb128 0x4
 864 033d 04       		.byte	0x4
 865 033e 07       		.byte	0x7
 866 033f 6F020000 		.4byte	.LASF53
 867 0343 0D       		.uleb128 0xd
 868 0344 22010000 		.4byte	0x122
 869 0348 05       		.uleb128 0x5
 870 0349 5E020000 		.4byte	.LASF54
 871 034d 10       		.byte	0x10
 872 034e 09       		.byte	0x9
 873 034f 2C       		.byte	0x2c
 874 0350 79030000 		.4byte	0x379
 875 0354 06       		.uleb128 0x6
 876 0355 AC000000 		.4byte	.LASF55
 877 0359 09       		.byte	0x9
 878 035a 2D       		.byte	0x2d
 879 035b 5C020000 		.4byte	0x25c
 880 035f 00       		.byte	0
 881 0360 06       		.uleb128 0x6
 882 0361 1C040000 		.4byte	.LASF56
 883 0365 09       		.byte	0x9
 884 0366 2F       		.byte	0x2f
 885 0367 56020000 		.4byte	0x256
 886 036b 08       		.byte	0x8
 887 036c 06       		.uleb128 0x6
 888 036d 7E030000 		.4byte	.LASF57
 889 0371 09       		.byte	0x9
 890 0372 31       		.byte	0x31
 891 0373 79030000 		.4byte	0x379
 892 0377 0C       		.byte	0xc
 893 0378 00       		.byte	0
 894 0379 09       		.uleb128 0x9
 895 037a 04       		.byte	0x4
 896 037b 48030000 		.4byte	0x348
 897 037f 03       		.uleb128 0x3
 898 0380 5E020000 		.4byte	.LASF54
ARM GAS  /tmp/ccRTZ230.s 			page 17


 899 0384 09       		.byte	0x9
 900 0385 33       		.byte	0x33
 901 0386 48030000 		.4byte	0x348
 902 038a 03       		.uleb128 0x3
 903 038b 27000000 		.4byte	.LASF58
 904 038f 0A       		.byte	0xa
 905 0390 2C       		.byte	0x2c
 906 0391 95030000 		.4byte	0x395
 907 0395 09       		.uleb128 0x9
 908 0396 04       		.byte	0x4
 909 0397 9B030000 		.4byte	0x39b
 910 039b 0E       		.uleb128 0xe
 911 039c 92020000 		.4byte	0x292
 912 03a0 AA030000 		.4byte	0x3aa
 913 03a4 0F       		.uleb128 0xf
 914 03a5 2C000000 		.4byte	0x2c
 915 03a9 00       		.byte	0
 916 03aa 03       		.uleb128 0x3
 917 03ab 97020000 		.4byte	.LASF59
 918 03af 0B       		.byte	0xb
 919 03b0 34       		.byte	0x34
 920 03b1 B5030000 		.4byte	0x3b5
 921 03b5 05       		.uleb128 0x5
 922 03b6 34040000 		.4byte	.LASF60
 923 03ba 20       		.byte	0x20
 924 03bb 0B       		.byte	0xb
 925 03bc 47       		.byte	0x47
 926 03bd E6030000 		.4byte	0x3e6
 927 03c1 06       		.uleb128 0x6
 928 03c2 E0020000 		.4byte	.LASF61
 929 03c6 0B       		.byte	0xb
 930 03c7 48       		.byte	0x48
 931 03c8 8A030000 		.4byte	0x38a
 932 03cc 00       		.byte	0
 933 03cd 06       		.uleb128 0x6
 934 03ce 54000000 		.4byte	.LASF62
 935 03d2 0B       		.byte	0xb
 936 03d3 4A       		.byte	0x4a
 937 03d4 05040000 		.4byte	0x405
 938 03d8 08       		.byte	0x8
 939 03d9 06       		.uleb128 0x6
 940 03da 9E000000 		.4byte	.LASF63
 941 03de 0B       		.byte	0xb
 942 03df 4C       		.byte	0x4c
 943 03e0 7F030000 		.4byte	0x37f
 944 03e4 10       		.byte	0x10
 945 03e5 00       		.byte	0
 946 03e6 10       		.uleb128 0x10
 947 03e7 04       		.byte	0x4
 948 03e8 0B       		.byte	0xb
 949 03e9 3C       		.byte	0x3c
 950 03ea 05040000 		.4byte	0x405
 951 03ee 11       		.uleb128 0x11
 952 03ef 78000000 		.4byte	.LASF64
 953 03f3 0B       		.byte	0xb
 954 03f4 3D       		.byte	0x3d
 955 03f5 26040000 		.4byte	0x426
ARM GAS  /tmp/ccRTZ230.s 			page 18


 956 03f9 11       		.uleb128 0x11
 957 03fa 5A030000 		.4byte	.LASF65
 958 03fe 0B       		.byte	0xb
 959 03ff 3E       		.byte	0x3e
 960 0400 2C040000 		.4byte	0x42c
 961 0404 00       		.byte	0
 962 0405 12       		.uleb128 0x12
 963 0406 11030000 		.4byte	.LASF86
 964 040a 08       		.byte	0x8
 965 040b 0B       		.byte	0xb
 966 040c 39       		.byte	0x39
 967 040d 26040000 		.4byte	0x426
 968 0411 11       		.uleb128 0x11
 969 0412 F7000000 		.4byte	.LASF66
 970 0416 0B       		.byte	0xb
 971 0417 3A       		.byte	0x3a
 972 0418 94020000 		.4byte	0x294
 973 041c 13       		.uleb128 0x13
 974 041d 6800     		.ascii	"h\000"
 975 041f 0B       		.byte	0xb
 976 0420 41       		.byte	0x41
 977 0421 32040000 		.4byte	0x432
 978 0425 00       		.byte	0
 979 0426 09       		.uleb128 0x9
 980 0427 04       		.byte	0x4
 981 0428 05040000 		.4byte	0x405
 982 042c 09       		.uleb128 0x9
 983 042d 04       		.byte	0x4
 984 042e AA030000 		.4byte	0x3aa
 985 0432 08       		.uleb128 0x8
 986 0433 08       		.byte	0x8
 987 0434 0B       		.byte	0xb
 988 0435 3B       		.byte	0x3b
 989 0436 51040000 		.4byte	0x451
 990 043a 07       		.uleb128 0x7
 991 043b 7500     		.ascii	"u\000"
 992 043d 0B       		.byte	0xb
 993 043e 3F       		.byte	0x3f
 994 043f E6030000 		.4byte	0x3e6
 995 0443 00       		.byte	0
 996 0444 06       		.uleb128 0x6
 997 0445 16020000 		.4byte	.LASF67
 998 0449 0B       		.byte	0xb
 999 044a 40       		.byte	0x40
 1000 044b 2C000000 		.4byte	0x2c
 1001 044f 04       		.byte	0x4
 1002 0450 00       		.byte	0
 1003 0451 10       		.uleb128 0x10
 1004 0452 04       		.byte	0x4
 1005 0453 07       		.byte	0x7
 1006 0454 96       		.byte	0x96
 1007 0455 86040000 		.4byte	0x486
 1008 0459 11       		.uleb128 0x11
 1009 045a 0D000000 		.4byte	.LASF68
 1010 045e 07       		.byte	0x7
 1011 045f 9D       		.byte	0x9d
 1012 0460 0C010000 		.4byte	0x10c
ARM GAS  /tmp/ccRTZ230.s 			page 19


 1013 0464 11       		.uleb128 0x11
 1014 0465 4B000000 		.4byte	.LASF69
 1015 0469 07       		.byte	0x7
 1016 046a A4       		.byte	0xa4
 1017 046b 0C010000 		.4byte	0x10c
 1018 046f 11       		.uleb128 0x11
 1019 0470 FD030000 		.4byte	.LASF70
 1020 0474 07       		.byte	0x7
 1021 0475 AB       		.byte	0xab
 1022 0476 92020000 		.4byte	0x292
 1023 047a 11       		.uleb128 0x11
 1024 047b 1D030000 		.4byte	.LASF71
 1025 047f 07       		.byte	0x7
 1026 0480 B2       		.byte	0xb2
 1027 0481 17010000 		.4byte	0x117
 1028 0485 00       		.byte	0
 1029 0486 09       		.uleb128 0x9
 1030 0487 04       		.byte	0x4
 1031 0488 8C040000 		.4byte	0x48c
 1032 048c 14       		.uleb128 0x14
 1033 048d 91040000 		.4byte	0x491
 1034 0491 04       		.uleb128 0x4
 1035 0492 01       		.byte	0x1
 1036 0493 08       		.byte	0x8
 1037 0494 6C030000 		.4byte	.LASF72
 1038 0498 09       		.uleb128 0x9
 1039 0499 04       		.byte	0x4
 1040 049a 7F030000 		.4byte	0x37f
 1041 049e 15       		.uleb128 0x15
 1042 049f 11040000 		.4byte	.LASF73
 1043 04a3 01       		.byte	0x1
 1044 04a4 4B       		.byte	0x4b
 1045 04a5 00000000 		.4byte	.LFB7
 1046 04a9 20000000 		.4byte	.LFE7-.LFB7
 1047 04ad 01       		.uleb128 0x1
 1048 04ae 9C       		.byte	0x9c
 1049 04af C7040000 		.4byte	0x4c7
 1050 04b3 16       		.uleb128 0x16
 1051 04b4 20000000 		.4byte	.LVL0
 1052 04b8 CC060000 		.4byte	0x6cc
 1053 04bc 17       		.uleb128 0x17
 1054 04bd 01       		.uleb128 0x1
 1055 04be 50       		.byte	0x50
 1056 04bf 05       		.uleb128 0x5
 1057 04c0 03       		.byte	0x3
 1058 04c1 10000000 		.4byte	.LANCHOR0+16
 1059 04c5 00       		.byte	0
 1060 04c6 00       		.byte	0
 1061 04c7 15       		.uleb128 0x15
 1062 04c8 6D000000 		.4byte	.LASF74
 1063 04cc 01       		.byte	0x1
 1064 04cd 63       		.byte	0x63
 1065 04ce 00000000 		.4byte	.LFB8
 1066 04d2 14000000 		.4byte	.LFE8-.LFB8
 1067 04d6 01       		.uleb128 0x1
 1068 04d7 9C       		.byte	0x9c
 1069 04d8 2B050000 		.4byte	0x52b
ARM GAS  /tmp/ccRTZ230.s 			page 20


 1070 04dc 18       		.uleb128 0x18
 1071 04dd 5B000000 		.4byte	.LASF75
 1072 04e1 01       		.byte	0x1
 1073 04e2 63       		.byte	0x63
 1074 04e3 2C040000 		.4byte	0x42c
 1075 04e7 00000000 		.4byte	.LLST0
 1076 04eb 19       		.uleb128 0x19
 1077 04ec 62756600 		.ascii	"buf\000"
 1078 04f0 01       		.byte	0x1
 1079 04f1 63       		.byte	0x63
 1080 04f2 92020000 		.4byte	0x292
 1081 04f6 2E000000 		.4byte	.LLST1
 1082 04fa 18       		.uleb128 0x18
 1083 04fb 16020000 		.4byte	.LASF67
 1084 04ff 01       		.byte	0x1
 1085 0500 63       		.byte	0x63
 1086 0501 2C000000 		.4byte	0x2c
 1087 0505 4F000000 		.4byte	.LLST2
 1088 0509 1A       		.uleb128 0x1a
 1089 050a 687000   		.ascii	"hp\000"
 1090 050d 01       		.byte	0x1
 1091 050e 64       		.byte	0x64
 1092 050f 26040000 		.4byte	0x426
 1093 0513 7D000000 		.4byte	.LLST3
 1094 0517 16       		.uleb128 0x16
 1095 0518 14000000 		.4byte	.LVL5
 1096 051c CC060000 		.4byte	0x6cc
 1097 0520 17       		.uleb128 0x17
 1098 0521 01       		.uleb128 0x1
 1099 0522 50       		.byte	0x50
 1100 0523 05       		.uleb128 0x5
 1101 0524 F3       		.byte	0xf3
 1102 0525 01       		.uleb128 0x1
 1103 0526 50       		.byte	0x50
 1104 0527 23       		.byte	0x23
 1105 0528 10       		.uleb128 0x10
 1106 0529 00       		.byte	0
 1107 052a 00       		.byte	0
 1108 052b 1B       		.uleb128 0x1b
 1109 052c 3A030000 		.4byte	.LASF77
 1110 0530 01       		.byte	0x1
 1111 0531 84       		.byte	0x84
 1112 0532 92020000 		.4byte	0x292
 1113 0536 00000000 		.4byte	.LFB9
 1114 053a 86000000 		.4byte	.LFE9-.LFB9
 1115 053e 01       		.uleb128 0x1
 1116 053f 9C       		.byte	0x9c
 1117 0540 C3050000 		.4byte	0x5c3
 1118 0544 18       		.uleb128 0x18
 1119 0545 5B000000 		.4byte	.LASF75
 1120 0549 01       		.byte	0x1
 1121 054a 84       		.byte	0x84
 1122 054b 2C040000 		.4byte	0x42c
 1123 054f 9E000000 		.4byte	.LLST4
 1124 0553 18       		.uleb128 0x18
 1125 0554 16020000 		.4byte	.LASF67
 1126 0558 01       		.byte	0x1
ARM GAS  /tmp/ccRTZ230.s 			page 21


 1127 0559 84       		.byte	0x84
 1128 055a 2C000000 		.4byte	0x2c
 1129 055e BC000000 		.4byte	.LLST5
 1130 0562 1A       		.uleb128 0x1a
 1131 0563 717000   		.ascii	"qp\000"
 1132 0566 01       		.byte	0x1
 1133 0567 85       		.byte	0x85
 1134 0568 26040000 		.4byte	0x426
 1135 056c E7000000 		.4byte	.LLST6
 1136 0570 1A       		.uleb128 0x1a
 1137 0571 687000   		.ascii	"hp\000"
 1138 0574 01       		.byte	0x1
 1139 0575 85       		.byte	0x85
 1140 0576 26040000 		.4byte	0x426
 1141 057a 10010000 		.4byte	.LLST7
 1142 057e 1A       		.uleb128 0x1a
 1143 057f 667000   		.ascii	"fp\000"
 1144 0582 01       		.byte	0x1
 1145 0583 85       		.byte	0x85
 1146 0584 26040000 		.4byte	0x426
 1147 0588 69010000 		.4byte	.LLST8
 1148 058c 1C       		.uleb128 0x1c
 1149 058d 22000000 		.4byte	.LVL11
 1150 0591 DD060000 		.4byte	0x6dd
 1151 0595 A0050000 		.4byte	0x5a0
 1152 0599 17       		.uleb128 0x17
 1153 059a 01       		.uleb128 0x1
 1154 059b 50       		.byte	0x50
 1155 059c 02       		.uleb128 0x2
 1156 059d 76       		.byte	0x76
 1157 059e 10       		.sleb128 16
 1158 059f 00       		.byte	0
 1159 05a0 1D       		.uleb128 0x1d
 1160 05a1 36000000 		.4byte	.LVL15
 1161 05a5 EE060000 		.4byte	0x6ee
 1162 05a9 1E       		.uleb128 0x1e
 1163 05aa 40000000 		.4byte	.LVL16
 1164 05ae B9050000 		.4byte	0x5b9
 1165 05b2 17       		.uleb128 0x17
 1166 05b3 01       		.uleb128 0x1
 1167 05b4 50       		.byte	0x50
 1168 05b5 02       		.uleb128 0x2
 1169 05b6 75       		.byte	0x75
 1170 05b7 08       		.sleb128 8
 1171 05b8 00       		.byte	0
 1172 05b9 1D       		.uleb128 0x1d
 1173 05ba 64000000 		.4byte	.LVL21
 1174 05be EE060000 		.4byte	0x6ee
 1175 05c2 00       		.byte	0
 1176 05c3 15       		.uleb128 0x15
 1177 05c4 B4000000 		.4byte	.LASF76
 1178 05c8 01       		.byte	0x1
 1179 05c9 C2       		.byte	0xc2
 1180 05ca 00000000 		.4byte	.LFB10
 1181 05ce 92000000 		.4byte	.LFE10-.LFB10
 1182 05d2 01       		.uleb128 0x1
 1183 05d3 9C       		.byte	0x9c
ARM GAS  /tmp/ccRTZ230.s 			page 22


 1184 05d4 37060000 		.4byte	0x637
 1185 05d8 19       		.uleb128 0x19
 1186 05d9 7000     		.ascii	"p\000"
 1187 05db 01       		.byte	0x1
 1188 05dc C2       		.byte	0xc2
 1189 05dd 92020000 		.4byte	0x292
 1190 05e1 7C010000 		.4byte	.LLST9
 1191 05e5 1A       		.uleb128 0x1a
 1192 05e6 717000   		.ascii	"qp\000"
 1193 05e9 01       		.byte	0x1
 1194 05ea C3       		.byte	0xc3
 1195 05eb 26040000 		.4byte	0x426
 1196 05ef C1010000 		.4byte	.LLST10
 1197 05f3 1A       		.uleb128 0x1a
 1198 05f4 687000   		.ascii	"hp\000"
 1199 05f7 01       		.byte	0x1
 1200 05f8 C3       		.byte	0xc3
 1201 05f9 26040000 		.4byte	0x426
 1202 05fd F5010000 		.4byte	.LLST11
 1203 0601 1F       		.uleb128 0x1f
 1204 0602 5B000000 		.4byte	.LASF75
 1205 0606 01       		.byte	0x1
 1206 0607 C4       		.byte	0xc4
 1207 0608 2C040000 		.4byte	0x42c
 1208 060c 33020000 		.4byte	.LLST12
 1209 0610 1C       		.uleb128 0x1c
 1210 0611 16000000 		.4byte	.LVL31
 1211 0615 DD060000 		.4byte	0x6dd
 1212 0619 24060000 		.4byte	0x624
 1213 061d 17       		.uleb128 0x17
 1214 061e 01       		.uleb128 0x1
 1215 061f 50       		.byte	0x50
 1216 0620 02       		.uleb128 0x2
 1217 0621 75       		.byte	0x75
 1218 0622 08       		.sleb128 8
 1219 0623 00       		.byte	0
 1220 0624 20       		.uleb128 0x20
 1221 0625 5E000000 		.4byte	.LVL38
 1222 0629 EE060000 		.4byte	0x6ee
 1223 062d 20       		.uleb128 0x20
 1224 062e 92000000 		.4byte	.LVL40
 1225 0632 EE060000 		.4byte	0x6ee
 1226 0636 00       		.byte	0
 1227 0637 1B       		.uleb128 0x1b
 1228 0638 71030000 		.4byte	.LASF78
 1229 063c 01       		.byte	0x1
 1230 063d FA       		.byte	0xfa
 1231 063e 2C000000 		.4byte	0x2c
 1232 0642 00000000 		.4byte	.LFB11
 1233 0646 42000000 		.4byte	.LFE11-.LFB11
 1234 064a 01       		.uleb128 0x1
 1235 064b 9C       		.byte	0x9c
 1236 064c B5060000 		.4byte	0x6b5
 1237 0650 18       		.uleb128 0x18
 1238 0651 5B000000 		.4byte	.LASF75
 1239 0655 01       		.byte	0x1
 1240 0656 FA       		.byte	0xfa
ARM GAS  /tmp/ccRTZ230.s 			page 23


 1241 0657 2C040000 		.4byte	0x42c
 1242 065b 5F020000 		.4byte	.LLST13
 1243 065f 18       		.uleb128 0x18
 1244 0660 04040000 		.4byte	.LASF79
 1245 0664 01       		.byte	0x1
 1246 0665 FA       		.byte	0xfa
 1247 0666 B5060000 		.4byte	0x6b5
 1248 066a C2020000 		.4byte	.LLST14
 1249 066e 1A       		.uleb128 0x1a
 1250 066f 717000   		.ascii	"qp\000"
 1251 0672 01       		.byte	0x1
 1252 0673 FB       		.byte	0xfb
 1253 0674 26040000 		.4byte	0x426
 1254 0678 E0020000 		.4byte	.LLST15
 1255 067c 1A       		.uleb128 0x1a
 1256 067d 6E00     		.ascii	"n\000"
 1257 067f 01       		.byte	0x1
 1258 0680 FC       		.byte	0xfc
 1259 0681 2C000000 		.4byte	0x2c
 1260 0685 40030000 		.4byte	.LLST16
 1261 0689 1A       		.uleb128 0x1a
 1262 068a 737A00   		.ascii	"sz\000"
 1263 068d 01       		.byte	0x1
 1264 068e FC       		.byte	0xfc
 1265 068f 2C000000 		.4byte	0x2c
 1266 0693 83030000 		.4byte	.LLST17
 1267 0697 1C       		.uleb128 0x1c
 1268 0698 1C000000 		.4byte	.LVL43
 1269 069c DD060000 		.4byte	0x6dd
 1270 06a0 AB060000 		.4byte	0x6ab
 1271 06a4 17       		.uleb128 0x17
 1272 06a5 01       		.uleb128 0x1
 1273 06a6 50       		.byte	0x50
 1274 06a7 02       		.uleb128 0x2
 1275 06a8 74       		.byte	0x74
 1276 06a9 10       		.sleb128 16
 1277 06aa 00       		.byte	0
 1278 06ab 1D       		.uleb128 0x1d
 1279 06ac 38000000 		.4byte	.LVL48
 1280 06b0 EE060000 		.4byte	0x6ee
 1281 06b4 00       		.byte	0
 1282 06b5 09       		.uleb128 0x9
 1283 06b6 04       		.byte	0x4
 1284 06b7 2C000000 		.4byte	0x2c
 1285 06bb 21       		.uleb128 0x21
 1286 06bc 5F030000 		.4byte	.LASF80
 1287 06c0 01       		.byte	0x1
 1288 06c1 44       		.byte	0x44
 1289 06c2 AA030000 		.4byte	0x3aa
 1290 06c6 05       		.uleb128 0x5
 1291 06c7 03       		.byte	0x3
 1292 06c8 00000000 		.4byte	default_heap
 1293 06cc 22       		.uleb128 0x22
 1294 06cd 3C020000 		.4byte	.LASF81
 1295 06d1 09       		.byte	0x9
 1296 06d2 38       		.byte	0x38
 1297 06d3 DD060000 		.4byte	0x6dd
ARM GAS  /tmp/ccRTZ230.s 			page 24


 1298 06d7 0F       		.uleb128 0xf
 1299 06d8 98040000 		.4byte	0x498
 1300 06dc 00       		.byte	0
 1301 06dd 22       		.uleb128 0x22
 1302 06de 78020000 		.4byte	.LASF82
 1303 06e2 09       		.byte	0x9
 1304 06e3 39       		.byte	0x39
 1305 06e4 EE060000 		.4byte	0x6ee
 1306 06e8 0F       		.uleb128 0xf
 1307 06e9 98040000 		.4byte	0x498
 1308 06ed 00       		.byte	0
 1309 06ee 23       		.uleb128 0x23
 1310 06ef 61000000 		.4byte	.LASF87
 1311 06f3 09       		.byte	0x9
 1312 06f4 3D       		.byte	0x3d
 1313 06f5 98040000 		.4byte	0x498
 1314 06f9 00       		.byte	0
 1315              		.section	.debug_abbrev,"",%progbits
 1316              	.Ldebug_abbrev0:
 1317 0000 01       		.uleb128 0x1
 1318 0001 11       		.uleb128 0x11
 1319 0002 01       		.byte	0x1
 1320 0003 25       		.uleb128 0x25
 1321 0004 0E       		.uleb128 0xe
 1322 0005 13       		.uleb128 0x13
 1323 0006 0B       		.uleb128 0xb
 1324 0007 03       		.uleb128 0x3
 1325 0008 0E       		.uleb128 0xe
 1326 0009 1B       		.uleb128 0x1b
 1327 000a 0E       		.uleb128 0xe
 1328 000b 55       		.uleb128 0x55
 1329 000c 17       		.uleb128 0x17
 1330 000d 11       		.uleb128 0x11
 1331 000e 01       		.uleb128 0x1
 1332 000f 10       		.uleb128 0x10
 1333 0010 17       		.uleb128 0x17
 1334 0011 00       		.byte	0
 1335 0012 00       		.byte	0
 1336 0013 02       		.uleb128 0x2
 1337 0014 24       		.uleb128 0x24
 1338 0015 00       		.byte	0
 1339 0016 0B       		.uleb128 0xb
 1340 0017 0B       		.uleb128 0xb
 1341 0018 3E       		.uleb128 0x3e
 1342 0019 0B       		.uleb128 0xb
 1343 001a 03       		.uleb128 0x3
 1344 001b 08       		.uleb128 0x8
 1345 001c 00       		.byte	0
 1346 001d 00       		.byte	0
 1347 001e 03       		.uleb128 0x3
 1348 001f 16       		.uleb128 0x16
 1349 0020 00       		.byte	0
 1350 0021 03       		.uleb128 0x3
 1351 0022 0E       		.uleb128 0xe
 1352 0023 3A       		.uleb128 0x3a
 1353 0024 0B       		.uleb128 0xb
 1354 0025 3B       		.uleb128 0x3b
ARM GAS  /tmp/ccRTZ230.s 			page 25


 1355 0026 0B       		.uleb128 0xb
 1356 0027 49       		.uleb128 0x49
 1357 0028 13       		.uleb128 0x13
 1358 0029 00       		.byte	0
 1359 002a 00       		.byte	0
 1360 002b 04       		.uleb128 0x4
 1361 002c 24       		.uleb128 0x24
 1362 002d 00       		.byte	0
 1363 002e 0B       		.uleb128 0xb
 1364 002f 0B       		.uleb128 0xb
 1365 0030 3E       		.uleb128 0x3e
 1366 0031 0B       		.uleb128 0xb
 1367 0032 03       		.uleb128 0x3
 1368 0033 0E       		.uleb128 0xe
 1369 0034 00       		.byte	0
 1370 0035 00       		.byte	0
 1371 0036 05       		.uleb128 0x5
 1372 0037 13       		.uleb128 0x13
 1373 0038 01       		.byte	0x1
 1374 0039 03       		.uleb128 0x3
 1375 003a 0E       		.uleb128 0xe
 1376 003b 0B       		.uleb128 0xb
 1377 003c 0B       		.uleb128 0xb
 1378 003d 3A       		.uleb128 0x3a
 1379 003e 0B       		.uleb128 0xb
 1380 003f 3B       		.uleb128 0x3b
 1381 0040 0B       		.uleb128 0xb
 1382 0041 01       		.uleb128 0x1
 1383 0042 13       		.uleb128 0x13
 1384 0043 00       		.byte	0
 1385 0044 00       		.byte	0
 1386 0045 06       		.uleb128 0x6
 1387 0046 0D       		.uleb128 0xd
 1388 0047 00       		.byte	0
 1389 0048 03       		.uleb128 0x3
 1390 0049 0E       		.uleb128 0xe
 1391 004a 3A       		.uleb128 0x3a
 1392 004b 0B       		.uleb128 0xb
 1393 004c 3B       		.uleb128 0x3b
 1394 004d 0B       		.uleb128 0xb
 1395 004e 49       		.uleb128 0x49
 1396 004f 13       		.uleb128 0x13
 1397 0050 38       		.uleb128 0x38
 1398 0051 0B       		.uleb128 0xb
 1399 0052 00       		.byte	0
 1400 0053 00       		.byte	0
 1401 0054 07       		.uleb128 0x7
 1402 0055 0D       		.uleb128 0xd
 1403 0056 00       		.byte	0
 1404 0057 03       		.uleb128 0x3
 1405 0058 08       		.uleb128 0x8
 1406 0059 3A       		.uleb128 0x3a
 1407 005a 0B       		.uleb128 0xb
 1408 005b 3B       		.uleb128 0x3b
 1409 005c 0B       		.uleb128 0xb
 1410 005d 49       		.uleb128 0x49
 1411 005e 13       		.uleb128 0x13
ARM GAS  /tmp/ccRTZ230.s 			page 26


 1412 005f 38       		.uleb128 0x38
 1413 0060 0B       		.uleb128 0xb
 1414 0061 00       		.byte	0
 1415 0062 00       		.byte	0
 1416 0063 08       		.uleb128 0x8
 1417 0064 13       		.uleb128 0x13
 1418 0065 01       		.byte	0x1
 1419 0066 0B       		.uleb128 0xb
 1420 0067 0B       		.uleb128 0xb
 1421 0068 3A       		.uleb128 0x3a
 1422 0069 0B       		.uleb128 0xb
 1423 006a 3B       		.uleb128 0x3b
 1424 006b 0B       		.uleb128 0xb
 1425 006c 01       		.uleb128 0x1
 1426 006d 13       		.uleb128 0x13
 1427 006e 00       		.byte	0
 1428 006f 00       		.byte	0
 1429 0070 09       		.uleb128 0x9
 1430 0071 0F       		.uleb128 0xf
 1431 0072 00       		.byte	0
 1432 0073 0B       		.uleb128 0xb
 1433 0074 0B       		.uleb128 0xb
 1434 0075 49       		.uleb128 0x49
 1435 0076 13       		.uleb128 0x13
 1436 0077 00       		.byte	0
 1437 0078 00       		.byte	0
 1438 0079 0A       		.uleb128 0xa
 1439 007a 0F       		.uleb128 0xf
 1440 007b 00       		.byte	0
 1441 007c 0B       		.uleb128 0xb
 1442 007d 0B       		.uleb128 0xb
 1443 007e 00       		.byte	0
 1444 007f 00       		.byte	0
 1445 0080 0B       		.uleb128 0xb
 1446 0081 13       		.uleb128 0x13
 1447 0082 01       		.byte	0x1
 1448 0083 03       		.uleb128 0x3
 1449 0084 0E       		.uleb128 0xe
 1450 0085 0B       		.uleb128 0xb
 1451 0086 0B       		.uleb128 0xb
 1452 0087 3A       		.uleb128 0x3a
 1453 0088 0B       		.uleb128 0xb
 1454 0089 3B       		.uleb128 0x3b
 1455 008a 05       		.uleb128 0x5
 1456 008b 01       		.uleb128 0x1
 1457 008c 13       		.uleb128 0x13
 1458 008d 00       		.byte	0
 1459 008e 00       		.byte	0
 1460 008f 0C       		.uleb128 0xc
 1461 0090 0D       		.uleb128 0xd
 1462 0091 00       		.byte	0
 1463 0092 03       		.uleb128 0x3
 1464 0093 08       		.uleb128 0x8
 1465 0094 3A       		.uleb128 0x3a
 1466 0095 0B       		.uleb128 0xb
 1467 0096 3B       		.uleb128 0x3b
 1468 0097 05       		.uleb128 0x5
ARM GAS  /tmp/ccRTZ230.s 			page 27


 1469 0098 49       		.uleb128 0x49
 1470 0099 13       		.uleb128 0x13
 1471 009a 38       		.uleb128 0x38
 1472 009b 0B       		.uleb128 0xb
 1473 009c 00       		.byte	0
 1474 009d 00       		.byte	0
 1475 009e 0D       		.uleb128 0xd
 1476 009f 35       		.uleb128 0x35
 1477 00a0 00       		.byte	0
 1478 00a1 49       		.uleb128 0x49
 1479 00a2 13       		.uleb128 0x13
 1480 00a3 00       		.byte	0
 1481 00a4 00       		.byte	0
 1482 00a5 0E       		.uleb128 0xe
 1483 00a6 15       		.uleb128 0x15
 1484 00a7 01       		.byte	0x1
 1485 00a8 27       		.uleb128 0x27
 1486 00a9 19       		.uleb128 0x19
 1487 00aa 49       		.uleb128 0x49
 1488 00ab 13       		.uleb128 0x13
 1489 00ac 01       		.uleb128 0x1
 1490 00ad 13       		.uleb128 0x13
 1491 00ae 00       		.byte	0
 1492 00af 00       		.byte	0
 1493 00b0 0F       		.uleb128 0xf
 1494 00b1 05       		.uleb128 0x5
 1495 00b2 00       		.byte	0
 1496 00b3 49       		.uleb128 0x49
 1497 00b4 13       		.uleb128 0x13
 1498 00b5 00       		.byte	0
 1499 00b6 00       		.byte	0
 1500 00b7 10       		.uleb128 0x10
 1501 00b8 17       		.uleb128 0x17
 1502 00b9 01       		.byte	0x1
 1503 00ba 0B       		.uleb128 0xb
 1504 00bb 0B       		.uleb128 0xb
 1505 00bc 3A       		.uleb128 0x3a
 1506 00bd 0B       		.uleb128 0xb
 1507 00be 3B       		.uleb128 0x3b
 1508 00bf 0B       		.uleb128 0xb
 1509 00c0 01       		.uleb128 0x1
 1510 00c1 13       		.uleb128 0x13
 1511 00c2 00       		.byte	0
 1512 00c3 00       		.byte	0
 1513 00c4 11       		.uleb128 0x11
 1514 00c5 0D       		.uleb128 0xd
 1515 00c6 00       		.byte	0
 1516 00c7 03       		.uleb128 0x3
 1517 00c8 0E       		.uleb128 0xe
 1518 00c9 3A       		.uleb128 0x3a
 1519 00ca 0B       		.uleb128 0xb
 1520 00cb 3B       		.uleb128 0x3b
 1521 00cc 0B       		.uleb128 0xb
 1522 00cd 49       		.uleb128 0x49
 1523 00ce 13       		.uleb128 0x13
 1524 00cf 00       		.byte	0
 1525 00d0 00       		.byte	0
ARM GAS  /tmp/ccRTZ230.s 			page 28


 1526 00d1 12       		.uleb128 0x12
 1527 00d2 17       		.uleb128 0x17
 1528 00d3 01       		.byte	0x1
 1529 00d4 03       		.uleb128 0x3
 1530 00d5 0E       		.uleb128 0xe
 1531 00d6 0B       		.uleb128 0xb
 1532 00d7 0B       		.uleb128 0xb
 1533 00d8 3A       		.uleb128 0x3a
 1534 00d9 0B       		.uleb128 0xb
 1535 00da 3B       		.uleb128 0x3b
 1536 00db 0B       		.uleb128 0xb
 1537 00dc 01       		.uleb128 0x1
 1538 00dd 13       		.uleb128 0x13
 1539 00de 00       		.byte	0
 1540 00df 00       		.byte	0
 1541 00e0 13       		.uleb128 0x13
 1542 00e1 0D       		.uleb128 0xd
 1543 00e2 00       		.byte	0
 1544 00e3 03       		.uleb128 0x3
 1545 00e4 08       		.uleb128 0x8
 1546 00e5 3A       		.uleb128 0x3a
 1547 00e6 0B       		.uleb128 0xb
 1548 00e7 3B       		.uleb128 0x3b
 1549 00e8 0B       		.uleb128 0xb
 1550 00e9 49       		.uleb128 0x49
 1551 00ea 13       		.uleb128 0x13
 1552 00eb 00       		.byte	0
 1553 00ec 00       		.byte	0
 1554 00ed 14       		.uleb128 0x14
 1555 00ee 26       		.uleb128 0x26
 1556 00ef 00       		.byte	0
 1557 00f0 49       		.uleb128 0x49
 1558 00f1 13       		.uleb128 0x13
 1559 00f2 00       		.byte	0
 1560 00f3 00       		.byte	0
 1561 00f4 15       		.uleb128 0x15
 1562 00f5 2E       		.uleb128 0x2e
 1563 00f6 01       		.byte	0x1
 1564 00f7 3F       		.uleb128 0x3f
 1565 00f8 19       		.uleb128 0x19
 1566 00f9 03       		.uleb128 0x3
 1567 00fa 0E       		.uleb128 0xe
 1568 00fb 3A       		.uleb128 0x3a
 1569 00fc 0B       		.uleb128 0xb
 1570 00fd 3B       		.uleb128 0x3b
 1571 00fe 0B       		.uleb128 0xb
 1572 00ff 27       		.uleb128 0x27
 1573 0100 19       		.uleb128 0x19
 1574 0101 11       		.uleb128 0x11
 1575 0102 01       		.uleb128 0x1
 1576 0103 12       		.uleb128 0x12
 1577 0104 06       		.uleb128 0x6
 1578 0105 40       		.uleb128 0x40
 1579 0106 18       		.uleb128 0x18
 1580 0107 9742     		.uleb128 0x2117
 1581 0109 19       		.uleb128 0x19
 1582 010a 01       		.uleb128 0x1
ARM GAS  /tmp/ccRTZ230.s 			page 29


 1583 010b 13       		.uleb128 0x13
 1584 010c 00       		.byte	0
 1585 010d 00       		.byte	0
 1586 010e 16       		.uleb128 0x16
 1587 010f 898201   		.uleb128 0x4109
 1588 0112 01       		.byte	0x1
 1589 0113 11       		.uleb128 0x11
 1590 0114 01       		.uleb128 0x1
 1591 0115 9542     		.uleb128 0x2115
 1592 0117 19       		.uleb128 0x19
 1593 0118 31       		.uleb128 0x31
 1594 0119 13       		.uleb128 0x13
 1595 011a 00       		.byte	0
 1596 011b 00       		.byte	0
 1597 011c 17       		.uleb128 0x17
 1598 011d 8A8201   		.uleb128 0x410a
 1599 0120 00       		.byte	0
 1600 0121 02       		.uleb128 0x2
 1601 0122 18       		.uleb128 0x18
 1602 0123 9142     		.uleb128 0x2111
 1603 0125 18       		.uleb128 0x18
 1604 0126 00       		.byte	0
 1605 0127 00       		.byte	0
 1606 0128 18       		.uleb128 0x18
 1607 0129 05       		.uleb128 0x5
 1608 012a 00       		.byte	0
 1609 012b 03       		.uleb128 0x3
 1610 012c 0E       		.uleb128 0xe
 1611 012d 3A       		.uleb128 0x3a
 1612 012e 0B       		.uleb128 0xb
 1613 012f 3B       		.uleb128 0x3b
 1614 0130 0B       		.uleb128 0xb
 1615 0131 49       		.uleb128 0x49
 1616 0132 13       		.uleb128 0x13
 1617 0133 02       		.uleb128 0x2
 1618 0134 17       		.uleb128 0x17
 1619 0135 00       		.byte	0
 1620 0136 00       		.byte	0
 1621 0137 19       		.uleb128 0x19
 1622 0138 05       		.uleb128 0x5
 1623 0139 00       		.byte	0
 1624 013a 03       		.uleb128 0x3
 1625 013b 08       		.uleb128 0x8
 1626 013c 3A       		.uleb128 0x3a
 1627 013d 0B       		.uleb128 0xb
 1628 013e 3B       		.uleb128 0x3b
 1629 013f 0B       		.uleb128 0xb
 1630 0140 49       		.uleb128 0x49
 1631 0141 13       		.uleb128 0x13
 1632 0142 02       		.uleb128 0x2
 1633 0143 17       		.uleb128 0x17
 1634 0144 00       		.byte	0
 1635 0145 00       		.byte	0
 1636 0146 1A       		.uleb128 0x1a
 1637 0147 34       		.uleb128 0x34
 1638 0148 00       		.byte	0
 1639 0149 03       		.uleb128 0x3
ARM GAS  /tmp/ccRTZ230.s 			page 30


 1640 014a 08       		.uleb128 0x8
 1641 014b 3A       		.uleb128 0x3a
 1642 014c 0B       		.uleb128 0xb
 1643 014d 3B       		.uleb128 0x3b
 1644 014e 0B       		.uleb128 0xb
 1645 014f 49       		.uleb128 0x49
 1646 0150 13       		.uleb128 0x13
 1647 0151 02       		.uleb128 0x2
 1648 0152 17       		.uleb128 0x17
 1649 0153 00       		.byte	0
 1650 0154 00       		.byte	0
 1651 0155 1B       		.uleb128 0x1b
 1652 0156 2E       		.uleb128 0x2e
 1653 0157 01       		.byte	0x1
 1654 0158 3F       		.uleb128 0x3f
 1655 0159 19       		.uleb128 0x19
 1656 015a 03       		.uleb128 0x3
 1657 015b 0E       		.uleb128 0xe
 1658 015c 3A       		.uleb128 0x3a
 1659 015d 0B       		.uleb128 0xb
 1660 015e 3B       		.uleb128 0x3b
 1661 015f 0B       		.uleb128 0xb
 1662 0160 27       		.uleb128 0x27
 1663 0161 19       		.uleb128 0x19
 1664 0162 49       		.uleb128 0x49
 1665 0163 13       		.uleb128 0x13
 1666 0164 11       		.uleb128 0x11
 1667 0165 01       		.uleb128 0x1
 1668 0166 12       		.uleb128 0x12
 1669 0167 06       		.uleb128 0x6
 1670 0168 40       		.uleb128 0x40
 1671 0169 18       		.uleb128 0x18
 1672 016a 9742     		.uleb128 0x2117
 1673 016c 19       		.uleb128 0x19
 1674 016d 01       		.uleb128 0x1
 1675 016e 13       		.uleb128 0x13
 1676 016f 00       		.byte	0
 1677 0170 00       		.byte	0
 1678 0171 1C       		.uleb128 0x1c
 1679 0172 898201   		.uleb128 0x4109
 1680 0175 01       		.byte	0x1
 1681 0176 11       		.uleb128 0x11
 1682 0177 01       		.uleb128 0x1
 1683 0178 31       		.uleb128 0x31
 1684 0179 13       		.uleb128 0x13
 1685 017a 01       		.uleb128 0x1
 1686 017b 13       		.uleb128 0x13
 1687 017c 00       		.byte	0
 1688 017d 00       		.byte	0
 1689 017e 1D       		.uleb128 0x1d
 1690 017f 898201   		.uleb128 0x4109
 1691 0182 00       		.byte	0
 1692 0183 11       		.uleb128 0x11
 1693 0184 01       		.uleb128 0x1
 1694 0185 31       		.uleb128 0x31
 1695 0186 13       		.uleb128 0x13
 1696 0187 00       		.byte	0
ARM GAS  /tmp/ccRTZ230.s 			page 31


 1697 0188 00       		.byte	0
 1698 0189 1E       		.uleb128 0x1e
 1699 018a 898201   		.uleb128 0x4109
 1700 018d 01       		.byte	0x1
 1701 018e 11       		.uleb128 0x11
 1702 018f 01       		.uleb128 0x1
 1703 0190 01       		.uleb128 0x1
 1704 0191 13       		.uleb128 0x13
 1705 0192 00       		.byte	0
 1706 0193 00       		.byte	0
 1707 0194 1F       		.uleb128 0x1f
 1708 0195 34       		.uleb128 0x34
 1709 0196 00       		.byte	0
 1710 0197 03       		.uleb128 0x3
 1711 0198 0E       		.uleb128 0xe
 1712 0199 3A       		.uleb128 0x3a
 1713 019a 0B       		.uleb128 0xb
 1714 019b 3B       		.uleb128 0x3b
 1715 019c 0B       		.uleb128 0xb
 1716 019d 49       		.uleb128 0x49
 1717 019e 13       		.uleb128 0x13
 1718 019f 02       		.uleb128 0x2
 1719 01a0 17       		.uleb128 0x17
 1720 01a1 00       		.byte	0
 1721 01a2 00       		.byte	0
 1722 01a3 20       		.uleb128 0x20
 1723 01a4 898201   		.uleb128 0x4109
 1724 01a7 00       		.byte	0
 1725 01a8 11       		.uleb128 0x11
 1726 01a9 01       		.uleb128 0x1
 1727 01aa 9542     		.uleb128 0x2115
 1728 01ac 19       		.uleb128 0x19
 1729 01ad 31       		.uleb128 0x31
 1730 01ae 13       		.uleb128 0x13
 1731 01af 00       		.byte	0
 1732 01b0 00       		.byte	0
 1733 01b1 21       		.uleb128 0x21
 1734 01b2 34       		.uleb128 0x34
 1735 01b3 00       		.byte	0
 1736 01b4 03       		.uleb128 0x3
 1737 01b5 0E       		.uleb128 0xe
 1738 01b6 3A       		.uleb128 0x3a
 1739 01b7 0B       		.uleb128 0xb
 1740 01b8 3B       		.uleb128 0x3b
 1741 01b9 0B       		.uleb128 0xb
 1742 01ba 49       		.uleb128 0x49
 1743 01bb 13       		.uleb128 0x13
 1744 01bc 02       		.uleb128 0x2
 1745 01bd 18       		.uleb128 0x18
 1746 01be 00       		.byte	0
 1747 01bf 00       		.byte	0
 1748 01c0 22       		.uleb128 0x22
 1749 01c1 2E       		.uleb128 0x2e
 1750 01c2 01       		.byte	0x1
 1751 01c3 3F       		.uleb128 0x3f
 1752 01c4 19       		.uleb128 0x19
 1753 01c5 03       		.uleb128 0x3
ARM GAS  /tmp/ccRTZ230.s 			page 32


 1754 01c6 0E       		.uleb128 0xe
 1755 01c7 3A       		.uleb128 0x3a
 1756 01c8 0B       		.uleb128 0xb
 1757 01c9 3B       		.uleb128 0x3b
 1758 01ca 0B       		.uleb128 0xb
 1759 01cb 27       		.uleb128 0x27
 1760 01cc 19       		.uleb128 0x19
 1761 01cd 3C       		.uleb128 0x3c
 1762 01ce 19       		.uleb128 0x19
 1763 01cf 01       		.uleb128 0x1
 1764 01d0 13       		.uleb128 0x13
 1765 01d1 00       		.byte	0
 1766 01d2 00       		.byte	0
 1767 01d3 23       		.uleb128 0x23
 1768 01d4 2E       		.uleb128 0x2e
 1769 01d5 00       		.byte	0
 1770 01d6 3F       		.uleb128 0x3f
 1771 01d7 19       		.uleb128 0x19
 1772 01d8 03       		.uleb128 0x3
 1773 01d9 0E       		.uleb128 0xe
 1774 01da 3A       		.uleb128 0x3a
 1775 01db 0B       		.uleb128 0xb
 1776 01dc 3B       		.uleb128 0x3b
 1777 01dd 0B       		.uleb128 0xb
 1778 01de 27       		.uleb128 0x27
 1779 01df 19       		.uleb128 0x19
 1780 01e0 49       		.uleb128 0x49
 1781 01e1 13       		.uleb128 0x13
 1782 01e2 3C       		.uleb128 0x3c
 1783 01e3 19       		.uleb128 0x19
 1784 01e4 00       		.byte	0
 1785 01e5 00       		.byte	0
 1786 01e6 00       		.byte	0
 1787              		.section	.debug_loc,"",%progbits
 1788              	.Ldebug_loc0:
 1789              	.LLST0:
 1790 0000 00000000 		.4byte	.LVL1
 1791 0004 0C000000 		.4byte	.LVL4
 1792 0008 0100     		.2byte	0x1
 1793 000a 50       		.byte	0x50
 1794 000b 0C000000 		.4byte	.LVL4
 1795 000f 13000000 		.4byte	.LVL5-1
 1796 0013 0300     		.2byte	0x3
 1797 0015 70       		.byte	0x70
 1798 0016 70       		.sleb128 -16
 1799 0017 9F       		.byte	0x9f
 1800 0018 13000000 		.4byte	.LVL5-1
 1801 001c 14000000 		.4byte	.LFE8
 1802 0020 0400     		.2byte	0x4
 1803 0022 F3       		.byte	0xf3
 1804 0023 01       		.uleb128 0x1
 1805 0024 50       		.byte	0x50
 1806 0025 9F       		.byte	0x9f
 1807 0026 00000000 		.4byte	0
 1808 002a 00000000 		.4byte	0
 1809              	.LLST1:
 1810 002e 00000000 		.4byte	.LVL1
ARM GAS  /tmp/ccRTZ230.s 			page 33


 1811 0032 13000000 		.4byte	.LVL5-1
 1812 0036 0100     		.2byte	0x1
 1813 0038 51       		.byte	0x51
 1814 0039 13000000 		.4byte	.LVL5-1
 1815 003d 14000000 		.4byte	.LFE8
 1816 0041 0400     		.2byte	0x4
 1817 0043 F3       		.byte	0xf3
 1818 0044 01       		.uleb128 0x1
 1819 0045 51       		.byte	0x51
 1820 0046 9F       		.byte	0x9f
 1821 0047 00000000 		.4byte	0
 1822 004b 00000000 		.4byte	0
 1823              	.LLST2:
 1824 004f 00000000 		.4byte	.LVL1
 1825 0053 04000000 		.4byte	.LVL2
 1826 0057 0100     		.2byte	0x1
 1827 0059 52       		.byte	0x52
 1828 005a 04000000 		.4byte	.LVL2
 1829 005e 13000000 		.4byte	.LVL5-1
 1830 0062 0300     		.2byte	0x3
 1831 0064 72       		.byte	0x72
 1832 0065 08       		.sleb128 8
 1833 0066 9F       		.byte	0x9f
 1834 0067 13000000 		.4byte	.LVL5-1
 1835 006b 14000000 		.4byte	.LFE8
 1836 006f 0400     		.2byte	0x4
 1837 0071 F3       		.byte	0xf3
 1838 0072 01       		.uleb128 0x1
 1839 0073 52       		.byte	0x52
 1840 0074 9F       		.byte	0x9f
 1841 0075 00000000 		.4byte	0
 1842 0079 00000000 		.4byte	0
 1843              	.LLST3:
 1844 007d 08000000 		.4byte	.LVL3
 1845 0081 13000000 		.4byte	.LVL5-1
 1846 0085 0100     		.2byte	0x1
 1847 0087 51       		.byte	0x51
 1848 0088 13000000 		.4byte	.LVL5-1
 1849 008c 14000000 		.4byte	.LFE8
 1850 0090 0400     		.2byte	0x4
 1851 0092 F3       		.byte	0xf3
 1852 0093 01       		.uleb128 0x1
 1853 0094 51       		.byte	0x51
 1854 0095 9F       		.byte	0x9f
 1855 0096 00000000 		.4byte	0
 1856 009a 00000000 		.4byte	0
 1857              	.LLST4:
 1858 009e 00000000 		.4byte	.LVL6
 1859 00a2 10000000 		.4byte	.LVL7
 1860 00a6 0100     		.2byte	0x1
 1861 00a8 50       		.byte	0x50
 1862 00a9 10000000 		.4byte	.LVL7
 1863 00ad 86000000 		.4byte	.LFE9
 1864 00b1 0100     		.2byte	0x1
 1865 00b3 56       		.byte	0x56
 1866 00b4 00000000 		.4byte	0
 1867 00b8 00000000 		.4byte	0
ARM GAS  /tmp/ccRTZ230.s 			page 34


 1868              	.LLST5:
 1869 00bc 00000000 		.4byte	.LVL6
 1870 00c0 12000000 		.4byte	.LVL8
 1871 00c4 0100     		.2byte	0x1
 1872 00c6 51       		.byte	0x51
 1873 00c7 12000000 		.4byte	.LVL8
 1874 00cb 1A000000 		.4byte	.LVL9
 1875 00cf 0300     		.2byte	0x3
 1876 00d1 71       		.byte	0x71
 1877 00d2 79       		.sleb128 -7
 1878 00d3 9F       		.byte	0x9f
 1879 00d4 1A000000 		.4byte	.LVL9
 1880 00d8 86000000 		.4byte	.LFE9
 1881 00dc 0100     		.2byte	0x1
 1882 00de 55       		.byte	0x55
 1883 00df 00000000 		.4byte	0
 1884 00e3 00000000 		.4byte	0
 1885              	.LLST6:
 1886 00e7 1E000000 		.4byte	.LVL10
 1887 00eb 4A000000 		.4byte	.LVL18
 1888 00ef 0100     		.2byte	0x1
 1889 00f1 54       		.byte	0x54
 1890 00f2 4E000000 		.4byte	.LVL19
 1891 00f6 5C000000 		.4byte	.LVL20
 1892 00fa 0100     		.2byte	0x1
 1893 00fc 54       		.byte	0x54
 1894 00fd 68000000 		.4byte	.LVL22
 1895 0101 84000000 		.4byte	.LVL25
 1896 0105 0100     		.2byte	0x1
 1897 0107 54       		.byte	0x54
 1898 0108 00000000 		.4byte	0
 1899 010c 00000000 		.4byte	0
 1900              	.LLST7:
 1901 0110 24000000 		.4byte	.LVL12
 1902 0114 2C000000 		.4byte	.LVL13
 1903 0118 0100     		.2byte	0x1
 1904 011a 53       		.byte	0x53
 1905 011b 2E000000 		.4byte	.LVL14
 1906 011f 35000000 		.4byte	.LVL15-1
 1907 0123 0100     		.2byte	0x1
 1908 0125 53       		.byte	0x53
 1909 0126 40000000 		.4byte	.LVL16
 1910 012a 46000000 		.4byte	.LVL17
 1911 012e 0100     		.2byte	0x1
 1912 0130 50       		.byte	0x50
 1913 0131 46000000 		.4byte	.LVL17
 1914 0135 4A000000 		.4byte	.LVL18
 1915 0139 0300     		.2byte	0x3
 1916 013b 70       		.byte	0x70
 1917 013c 08       		.sleb128 8
 1918 013d 9F       		.byte	0x9f
 1919 013e 4E000000 		.4byte	.LVL19
 1920 0142 63000000 		.4byte	.LVL21-1
 1921 0146 0100     		.2byte	0x1
 1922 0148 53       		.byte	0x53
 1923 0149 63000000 		.4byte	.LVL21-1
 1924 014d 68000000 		.4byte	.LVL22
ARM GAS  /tmp/ccRTZ230.s 			page 35


 1925 0151 0300     		.2byte	0x3
 1926 0153 74       		.byte	0x74
 1927 0154 78       		.sleb128 -8
 1928 0155 9F       		.byte	0x9f
 1929 0156 68000000 		.4byte	.LVL22
 1930 015a 82000000 		.4byte	.LVL24
 1931 015e 0100     		.2byte	0x1
 1932 0160 53       		.byte	0x53
 1933 0161 00000000 		.4byte	0
 1934 0165 00000000 		.4byte	0
 1935              	.LLST8:
 1936 0169 78000000 		.4byte	.LVL23
 1937 016d 82000000 		.4byte	.LVL24
 1938 0171 0100     		.2byte	0x1
 1939 0173 52       		.byte	0x52
 1940 0174 00000000 		.4byte	0
 1941 0178 00000000 		.4byte	0
 1942              	.LLST9:
 1943 017c 00000000 		.4byte	.LVL26
 1944 0180 08000000 		.4byte	.LVL27
 1945 0184 0100     		.2byte	0x1
 1946 0186 50       		.byte	0x50
 1947 0187 08000000 		.4byte	.LVL27
 1948 018b 5A000000 		.4byte	.LVL37
 1949 018f 0100     		.2byte	0x1
 1950 0191 56       		.byte	0x56
 1951 0192 5A000000 		.4byte	.LVL37
 1952 0196 5E000000 		.4byte	.LVL38
 1953 019a 0400     		.2byte	0x4
 1954 019c F3       		.byte	0xf3
 1955 019d 01       		.uleb128 0x1
 1956 019e 50       		.byte	0x50
 1957 019f 9F       		.byte	0x9f
 1958 01a0 5E000000 		.4byte	.LVL38
 1959 01a4 8E000000 		.4byte	.LVL39
 1960 01a8 0100     		.2byte	0x1
 1961 01aa 56       		.byte	0x56
 1962 01ab 8E000000 		.4byte	.LVL39
 1963 01af 92000000 		.4byte	.LFE10
 1964 01b3 0400     		.2byte	0x4
 1965 01b5 F3       		.byte	0xf3
 1966 01b6 01       		.uleb128 0x1
 1967 01b7 50       		.byte	0x50
 1968 01b8 9F       		.byte	0x9f
 1969 01b9 00000000 		.4byte	0
 1970 01bd 00000000 		.4byte	0
 1971              	.LLST10:
 1972 01c1 10000000 		.4byte	.LVL29
 1973 01c5 18000000 		.4byte	.LVL32
 1974 01c9 0100     		.2byte	0x1
 1975 01cb 55       		.byte	0x55
 1976 01cc 18000000 		.4byte	.LVL32
 1977 01d0 30000000 		.4byte	.LVL34
 1978 01d4 0100     		.2byte	0x1
 1979 01d6 53       		.byte	0x53
 1980 01d7 32000000 		.4byte	.LVL35
 1981 01db 5D000000 		.4byte	.LVL38-1
ARM GAS  /tmp/ccRTZ230.s 			page 36


 1982 01df 0100     		.2byte	0x1
 1983 01e1 53       		.byte	0x53
 1984 01e2 5E000000 		.4byte	.LVL38
 1985 01e6 91000000 		.4byte	.LVL40-1
 1986 01ea 0100     		.2byte	0x1
 1987 01ec 53       		.byte	0x53
 1988 01ed 00000000 		.4byte	0
 1989 01f1 00000000 		.4byte	0
 1990              	.LLST11:
 1991 01f5 0C000000 		.4byte	.LVL28
 1992 01f9 5A000000 		.4byte	.LVL37
 1993 01fd 0100     		.2byte	0x1
 1994 01ff 54       		.byte	0x54
 1995 0200 5A000000 		.4byte	.LVL37
 1996 0204 5E000000 		.4byte	.LVL38
 1997 0208 0600     		.2byte	0x6
 1998 020a F3       		.byte	0xf3
 1999 020b 01       		.uleb128 0x1
 2000 020c 50       		.byte	0x50
 2001 020d 38       		.byte	0x38
 2002 020e 1C       		.byte	0x1c
 2003 020f 9F       		.byte	0x9f
 2004 0210 5E000000 		.4byte	.LVL38
 2005 0214 8E000000 		.4byte	.LVL39
 2006 0218 0100     		.2byte	0x1
 2007 021a 54       		.byte	0x54
 2008 021b 8E000000 		.4byte	.LVL39
 2009 021f 92000000 		.4byte	.LFE10
 2010 0223 0600     		.2byte	0x6
 2011 0225 F3       		.byte	0xf3
 2012 0226 01       		.uleb128 0x1
 2013 0227 50       		.byte	0x50
 2014 0228 38       		.byte	0x38
 2015 0229 1C       		.byte	0x1c
 2016 022a 9F       		.byte	0x9f
 2017 022b 00000000 		.4byte	0
 2018 022f 00000000 		.4byte	0
 2019              	.LLST12:
 2020 0233 0C000000 		.4byte	.LVL28
 2021 0237 12000000 		.4byte	.LVL30
 2022 023b 0100     		.2byte	0x1
 2023 023d 50       		.byte	0x50
 2024 023e 12000000 		.4byte	.LVL30
 2025 0242 15000000 		.4byte	.LVL31-1
 2026 0246 0200     		.2byte	0x2
 2027 0248 74       		.byte	0x74
 2028 0249 00       		.sleb128 0
 2029 024a 15000000 		.4byte	.LVL31-1
 2030 024e 44000000 		.4byte	.LVL36
 2031 0252 0300     		.2byte	0x3
 2032 0254 75       		.byte	0x75
 2033 0255 78       		.sleb128 -8
 2034 0256 9F       		.byte	0x9f
 2035 0257 00000000 		.4byte	0
 2036 025b 00000000 		.4byte	0
 2037              	.LLST13:
 2038 025f 00000000 		.4byte	.LVL41
ARM GAS  /tmp/ccRTZ230.s 			page 37


 2039 0263 12000000 		.4byte	.LVL42
 2040 0267 0100     		.2byte	0x1
 2041 0269 50       		.byte	0x50
 2042 026a 12000000 		.4byte	.LVL42
 2043 026e 24000000 		.4byte	.LVL44
 2044 0272 0100     		.2byte	0x1
 2045 0274 54       		.byte	0x54
 2046 0275 24000000 		.4byte	.LVL44
 2047 0279 3C000000 		.4byte	.LVL49
 2048 027d 1300     		.2byte	0x13
 2049 027f F3       		.byte	0xf3
 2050 0280 01       		.uleb128 0x1
 2051 0281 50       		.byte	0x50
 2052 0282 03       		.byte	0x3
 2053 0283 00000000 		.4byte	.LANCHOR0
 2054 0287 F3       		.byte	0xf3
 2055 0288 01       		.uleb128 0x1
 2056 0289 50       		.byte	0x50
 2057 028a 30       		.byte	0x30
 2058 028b 2E       		.byte	0x2e
 2059 028c 28       		.byte	0x28
 2060 028d 0100     		.2byte	0x1
 2061 028f 16       		.byte	0x16
 2062 0290 13       		.byte	0x13
 2063 0291 9F       		.byte	0x9f
 2064 0292 3C000000 		.4byte	.LVL49
 2065 0296 40000000 		.4byte	.LVL50
 2066 029a 0100     		.2byte	0x1
 2067 029c 54       		.byte	0x54
 2068 029d 40000000 		.4byte	.LVL50
 2069 02a1 42000000 		.4byte	.LFE11
 2070 02a5 1300     		.2byte	0x13
 2071 02a7 F3       		.byte	0xf3
 2072 02a8 01       		.uleb128 0x1
 2073 02a9 50       		.byte	0x50
 2074 02aa 03       		.byte	0x3
 2075 02ab 00000000 		.4byte	.LANCHOR0
 2076 02af F3       		.byte	0xf3
 2077 02b0 01       		.uleb128 0x1
 2078 02b1 50       		.byte	0x50
 2079 02b2 30       		.byte	0x30
 2080 02b3 2E       		.byte	0x2e
 2081 02b4 28       		.byte	0x28
 2082 02b5 0100     		.2byte	0x1
 2083 02b7 16       		.byte	0x16
 2084 02b8 13       		.byte	0x13
 2085 02b9 9F       		.byte	0x9f
 2086 02ba 00000000 		.4byte	0
 2087 02be 00000000 		.4byte	0
 2088              	.LLST14:
 2089 02c2 00000000 		.4byte	.LVL41
 2090 02c6 1B000000 		.4byte	.LVL43-1
 2091 02ca 0100     		.2byte	0x1
 2092 02cc 51       		.byte	0x51
 2093 02cd 1B000000 		.4byte	.LVL43-1
 2094 02d1 42000000 		.4byte	.LFE11
 2095 02d5 0100     		.2byte	0x1
ARM GAS  /tmp/ccRTZ230.s 			page 38


 2096 02d7 55       		.byte	0x55
 2097 02d8 00000000 		.4byte	0
 2098 02dc 00000000 		.4byte	0
 2099              	.LLST15:
 2100 02e0 1C000000 		.4byte	.LVL43
 2101 02e4 24000000 		.4byte	.LVL44
 2102 02e8 0300     		.2byte	0x3
 2103 02ea 74       		.byte	0x74
 2104 02eb 08       		.sleb128 8
 2105 02ec 9F       		.byte	0x9f
 2106 02ed 24000000 		.4byte	.LVL44
 2107 02f1 2C000000 		.4byte	.LVL46
 2108 02f5 1500     		.2byte	0x15
 2109 02f7 F3       		.byte	0xf3
 2110 02f8 01       		.uleb128 0x1
 2111 02f9 50       		.byte	0x50
 2112 02fa 03       		.byte	0x3
 2113 02fb 00000000 		.4byte	.LANCHOR0
 2114 02ff F3       		.byte	0xf3
 2115 0300 01       		.uleb128 0x1
 2116 0301 50       		.byte	0x50
 2117 0302 30       		.byte	0x30
 2118 0303 2E       		.byte	0x2e
 2119 0304 28       		.byte	0x28
 2120 0305 0100     		.2byte	0x1
 2121 0307 16       		.byte	0x16
 2122 0308 13       		.byte	0x13
 2123 0309 23       		.byte	0x23
 2124 030a 08       		.uleb128 0x8
 2125 030b 9F       		.byte	0x9f
 2126 030c 3C000000 		.4byte	.LVL49
 2127 0310 40000000 		.4byte	.LVL50
 2128 0314 0300     		.2byte	0x3
 2129 0316 74       		.byte	0x74
 2130 0317 08       		.sleb128 8
 2131 0318 9F       		.byte	0x9f
 2132 0319 40000000 		.4byte	.LVL50
 2133 031d 42000000 		.4byte	.LFE11
 2134 0321 1500     		.2byte	0x15
 2135 0323 F3       		.byte	0xf3
 2136 0324 01       		.uleb128 0x1
 2137 0325 50       		.byte	0x50
 2138 0326 03       		.byte	0x3
 2139 0327 00000000 		.4byte	.LANCHOR0
 2140 032b F3       		.byte	0xf3
 2141 032c 01       		.uleb128 0x1
 2142 032d 50       		.byte	0x50
 2143 032e 30       		.byte	0x30
 2144 032f 2E       		.byte	0x2e
 2145 0330 28       		.byte	0x28
 2146 0331 0100     		.2byte	0x1
 2147 0333 16       		.byte	0x16
 2148 0334 13       		.byte	0x13
 2149 0335 23       		.byte	0x23
 2150 0336 08       		.uleb128 0x8
 2151 0337 9F       		.byte	0x9f
 2152 0338 00000000 		.4byte	0
ARM GAS  /tmp/ccRTZ230.s 			page 39


 2153 033c 00000000 		.4byte	0
 2154              	.LLST16:
 2155 0340 1C000000 		.4byte	.LVL43
 2156 0344 24000000 		.4byte	.LVL44
 2157 0348 0200     		.2byte	0x2
 2158 034a 30       		.byte	0x30
 2159 034b 9F       		.byte	0x9f
 2160 034c 24000000 		.4byte	.LVL44
 2161 0350 2A000000 		.4byte	.LVL45
 2162 0354 0100     		.2byte	0x1
 2163 0356 54       		.byte	0x54
 2164 0357 2A000000 		.4byte	.LVL45
 2165 035b 2C000000 		.4byte	.LVL46
 2166 035f 0300     		.2byte	0x3
 2167 0361 74       		.byte	0x74
 2168 0362 7F       		.sleb128 -1
 2169 0363 9F       		.byte	0x9f
 2170 0364 2C000000 		.4byte	.LVL46
 2171 0368 30000000 		.4byte	.LVL47
 2172 036c 0100     		.2byte	0x1
 2173 036e 54       		.byte	0x54
 2174 036f 3C000000 		.4byte	.LVL49
 2175 0373 42000000 		.4byte	.LFE11
 2176 0377 0200     		.2byte	0x2
 2177 0379 30       		.byte	0x30
 2178 037a 9F       		.byte	0x9f
 2179 037b 00000000 		.4byte	0
 2180 037f 00000000 		.4byte	0
 2181              	.LLST17:
 2182 0383 1C000000 		.4byte	.LVL43
 2183 0387 24000000 		.4byte	.LVL44
 2184 038b 0200     		.2byte	0x2
 2185 038d 30       		.byte	0x30
 2186 038e 9F       		.byte	0x9f
 2187 038f 24000000 		.4byte	.LVL44
 2188 0393 30000000 		.4byte	.LVL47
 2189 0397 0100     		.2byte	0x1
 2190 0399 52       		.byte	0x52
 2191 039a 3C000000 		.4byte	.LVL49
 2192 039e 42000000 		.4byte	.LFE11
 2193 03a2 0200     		.2byte	0x2
 2194 03a4 30       		.byte	0x30
 2195 03a5 9F       		.byte	0x9f
 2196 03a6 00000000 		.4byte	0
 2197 03aa 00000000 		.4byte	0
 2198              		.section	.debug_aranges,"",%progbits
 2199 0000 3C000000 		.4byte	0x3c
 2200 0004 0200     		.2byte	0x2
 2201 0006 00000000 		.4byte	.Ldebug_info0
 2202 000a 04       		.byte	0x4
 2203 000b 00       		.byte	0
 2204 000c 0000     		.2byte	0
 2205 000e 0000     		.2byte	0
 2206 0010 00000000 		.4byte	.LFB7
 2207 0014 20000000 		.4byte	.LFE7-.LFB7
 2208 0018 00000000 		.4byte	.LFB8
 2209 001c 14000000 		.4byte	.LFE8-.LFB8
ARM GAS  /tmp/ccRTZ230.s 			page 40


 2210 0020 00000000 		.4byte	.LFB9
 2211 0024 86000000 		.4byte	.LFE9-.LFB9
 2212 0028 00000000 		.4byte	.LFB10
 2213 002c 92000000 		.4byte	.LFE10-.LFB10
 2214 0030 00000000 		.4byte	.LFB11
 2215 0034 42000000 		.4byte	.LFE11-.LFB11
 2216 0038 00000000 		.4byte	0
 2217 003c 00000000 		.4byte	0
 2218              		.section	.debug_ranges,"",%progbits
 2219              	.Ldebug_ranges0:
 2220 0000 00000000 		.4byte	.LFB7
 2221 0004 20000000 		.4byte	.LFE7
 2222 0008 00000000 		.4byte	.LFB8
 2223 000c 14000000 		.4byte	.LFE8
 2224 0010 00000000 		.4byte	.LFB9
 2225 0014 86000000 		.4byte	.LFE9
 2226 0018 00000000 		.4byte	.LFB10
 2227 001c 92000000 		.4byte	.LFE10
 2228 0020 00000000 		.4byte	.LFB11
 2229 0024 42000000 		.4byte	.LFE11
 2230 0028 00000000 		.4byte	0
 2231 002c 00000000 		.4byte	0
 2232              		.section	.debug_line,"",%progbits
 2233              	.Ldebug_line0:
 2234 0000 77020000 		.section	.debug_str,"MS",%progbits,1
 2234      02008501 
 2234      00000201 
 2234      FB0E0D00 
 2234      01010101 
 2235              	.LASF42:
 2236 0000 705F6D73 		.ascii	"p_msg\000"
 2236      6700
 2237              	.LASF2:
 2238 0006 73697A65 		.ascii	"size_t\000"
 2238      5F7400
 2239              	.LASF68:
 2240 000d 7264796D 		.ascii	"rdymsg\000"
 2240      736700
 2241              	.LASF17:
 2242 0014 75696E74 		.ascii	"uint64_t\000"
 2242      36345F74 
 2242      00
 2243              	.LASF3:
 2244 001d 5F5F7569 		.ascii	"__uint8_t\000"
 2244      6E74385F 
 2244      7400
 2245              	.LASF58:
 2246 0027 6D656D67 		.ascii	"memgetfunc_t\000"
 2246      65746675 
 2246      6E635F74 
 2246      00
 2247              	.LASF13:
 2248 0034 6C6F6E67 		.ascii	"long long unsigned int\000"
 2248      206C6F6E 
 2248      6720756E 
 2248      7369676E 
 2248      65642069 
ARM GAS  /tmp/ccRTZ230.s 			page 41


 2249              	.LASF69:
 2250 004b 65786974 		.ascii	"exitcode\000"
 2250      636F6465 
 2250      00
 2251              	.LASF62:
 2252 0054 685F6672 		.ascii	"h_free\000"
 2252      656500
 2253              	.LASF75:
 2254 005b 68656170 		.ascii	"heapp\000"
 2254      7000
 2255              	.LASF87:
 2256 0061 63684D74 		.ascii	"chMtxUnlock\000"
 2256      78556E6C 
 2256      6F636B00 
 2257              	.LASF74:
 2258 006d 63684865 		.ascii	"chHeapInit\000"
 2258      6170496E 
 2258      697400
 2259              	.LASF64:
 2260 0078 6E657874 		.ascii	"next\000"
 2260      00
 2261              	.LASF30:
 2262 007d 705F7072 		.ascii	"p_prio\000"
 2262      696F00
 2263              	.LASF11:
 2264 0084 6C6F6E67 		.ascii	"long long int\000"
 2264      206C6F6E 
 2264      6720696E 
 2264      7400
 2265              	.LASF1:
 2266 0092 7369676E 		.ascii	"signed char\000"
 2266      65642063 
 2266      68617200 
 2267              	.LASF63:
 2268 009e 685F6D74 		.ascii	"h_mtx\000"
 2268      7800
 2269              	.LASF46:
 2270 00a4 705F6D70 		.ascii	"p_mpool\000"
 2270      6F6F6C00 
 2271              	.LASF55:
 2272 00ac 6D5F7175 		.ascii	"m_queue\000"
 2272      65756500 
 2273              	.LASF76:
 2274 00b4 63684865 		.ascii	"chHeapFree\000"
 2274      61704672 
 2274      656500
 2275              	.LASF22:
 2276 00bf 74736C69 		.ascii	"tslices_t\000"
 2276      6365735F 
 2276      7400
 2277              	.LASF8:
 2278 00c9 6C6F6E67 		.ascii	"long int\000"
 2278      20696E74 
 2278      00
 2279              	.LASF20:
 2280 00d2 74737461 		.ascii	"tstate_t\000"
 2280      74655F74 
ARM GAS  /tmp/ccRTZ230.s 			page 42


 2280      00
 2281              	.LASF32:
 2282 00db 705F6E65 		.ascii	"p_newer\000"
 2282      77657200 
 2283              	.LASF9:
 2284 00e3 5F5F7569 		.ascii	"__uint32_t\000"
 2284      6E743332 
 2284      5F7400
 2285              	.LASF49:
 2286 00ee 72656761 		.ascii	"regarm_t\000"
 2286      726D5F74 
 2286      00
 2287              	.LASF66:
 2288 00f7 616C6967 		.ascii	"align\000"
 2288      6E00
 2289              	.LASF0:
 2290 00fd 756E7369 		.ascii	"unsigned int\000"
 2290      676E6564 
 2290      20696E74 
 2290      00
 2291              	.LASF10:
 2292 010a 6C6F6E67 		.ascii	"long unsigned int\000"
 2292      20756E73 
 2292      69676E65 
 2292      6420696E 
 2292      7400
 2293              	.LASF85:
 2294 011c 2F6D6E74 		.ascii	"/mnt/c/Users/DQ Sullivan/Downloads/Convex/convex/co"
 2294      2F632F55 
 2294      73657273 
 2294      2F445120 
 2294      53756C6C 
 2295 014f 72746578 		.ascii	"rtex/projects/Vex2016 CyberBrains\000"
 2295      2F70726F 
 2295      6A656374 
 2295      732F5665 
 2295      78323031 
 2296              	.LASF83:
 2297 0171 474E5520 		.ascii	"GNU C 4.8.2 -mcpu=cortex-m3 -mno-thumb-interwork -m"
 2297      4320342E 
 2297      382E3220 
 2297      2D6D6370 
 2297      753D636F 
 2298 01a4 7468756D 		.ascii	"thumb -ggdb -O2 -fomit-frame-pointer -falign-functi"
 2298      62202D67 
 2298      67646220 
 2298      2D4F3220 
 2298      2D666F6D 
 2299 01d7 6F6E733D 		.ascii	"ons=16 -ffunction-sections -fdata-sections -fno-com"
 2299      3136202D 
 2299      6666756E 
 2299      6374696F 
 2299      6E2D7365 
 2300 020a 6D6F6E00 		.ascii	"mon\000"
 2301              	.LASF52:
 2302 020e 636F6E74 		.ascii	"context\000"
 2302      65787400 
ARM GAS  /tmp/ccRTZ230.s 			page 43


 2303              	.LASF67:
 2304 0216 73697A65 		.ascii	"size\000"
 2304      00
 2305              	.LASF6:
 2306 021b 73686F72 		.ascii	"short unsigned int\000"
 2306      7420756E 
 2306      7369676E 
 2306      65642069 
 2306      6E7400
 2307              	.LASF24:
 2308 022e 6D73675F 		.ascii	"msg_t\000"
 2308      7400
 2309              	.LASF19:
 2310 0234 746D6F64 		.ascii	"tmode_t\000"
 2310      655F7400 
 2311              	.LASF81:
 2312 023c 63684D74 		.ascii	"chMtxInit\000"
 2312      78496E69 
 2312      7400
 2313              	.LASF48:
 2314 0246 54687265 		.ascii	"ThreadsList\000"
 2314      6164734C 
 2314      69737400 
 2315              	.LASF25:
 2316 0252 6576656E 		.ascii	"eventmask_t\000"
 2316      746D6173 
 2316      6B5F7400 
 2317              	.LASF54:
 2318 025e 4D757465 		.ascii	"Mutex\000"
 2318      7800
 2319              	.LASF50:
 2320 0264 73746B61 		.ascii	"stkalign_t\000"
 2320      6C69676E 
 2320      5F7400
 2321              	.LASF53:
 2322 026f 73697A65 		.ascii	"sizetype\000"
 2322      74797065 
 2322      00
 2323              	.LASF82:
 2324 0278 63684D74 		.ascii	"chMtxLock\000"
 2324      784C6F63 
 2324      6B00
 2325              	.LASF33:
 2326 0282 705F6F6C 		.ascii	"p_older\000"
 2326      64657200 
 2327              	.LASF47:
 2328 028a 54687265 		.ascii	"ThreadsQueue\000"
 2328      61647351 
 2328      75657565 
 2328      00
 2329              	.LASF59:
 2330 0297 4D656D6F 		.ascii	"MemoryHeap\000"
 2330      72794865 
 2330      617000
 2331              	.LASF12:
 2332 02a2 5F5F7569 		.ascii	"__uint64_t\000"
 2332      6E743634 
ARM GAS  /tmp/ccRTZ230.s 			page 44


 2332      5F7400
 2333              	.LASF21:
 2334 02ad 74726566 		.ascii	"trefs_t\000"
 2334      735F7400 
 2335              	.LASF29:
 2336 02b5 705F7072 		.ascii	"p_prev\000"
 2336      657600
 2337              	.LASF23:
 2338 02bc 74707269 		.ascii	"tprio_t\000"
 2338      6F5F7400 
 2339              	.LASF18:
 2340 02c4 5F426F6F 		.ascii	"_Bool\000"
 2340      6C00
 2341              	.LASF15:
 2342 02ca 696E7433 		.ascii	"int32_t\000"
 2342      325F7400 
 2343              	.LASF4:
 2344 02d2 756E7369 		.ascii	"unsigned char\000"
 2344      676E6564 
 2344      20636861 
 2344      7200
 2345              	.LASF61:
 2346 02e0 685F7072 		.ascii	"h_provider\000"
 2346      6F766964 
 2346      657200
 2347              	.LASF44:
 2348 02eb 705F6D74 		.ascii	"p_mtxlist\000"
 2348      786C6973 
 2348      7400
 2349              	.LASF5:
 2350 02f5 73686F72 		.ascii	"short int\000"
 2350      7420696E 
 2350      7400
 2351              	.LASF35:
 2352 02ff 705F7374 		.ascii	"p_state\000"
 2352      61746500 
 2353              	.LASF38:
 2354 0307 705F7072 		.ascii	"p_preempt\000"
 2354      65656D70 
 2354      7400
 2355              	.LASF86:
 2356 0311 68656170 		.ascii	"heap_header\000"
 2356      5F686561 
 2356      64657200 
 2357              	.LASF71:
 2358 031d 65776D61 		.ascii	"ewmask\000"
 2358      736B00
 2359              	.LASF28:
 2360 0324 705F6E65 		.ascii	"p_next\000"
 2360      787400
 2361              	.LASF36:
 2362 032b 705F666C 		.ascii	"p_flags\000"
 2362      61677300 
 2363              	.LASF27:
 2364 0333 54687265 		.ascii	"Thread\000"
 2364      616400
 2365              	.LASF77:
ARM GAS  /tmp/ccRTZ230.s 			page 45


 2366 033a 63684865 		.ascii	"chHeapAlloc\000"
 2366      6170416C 
 2366      6C6F6300 
 2367              	.LASF43:
 2368 0346 705F6570 		.ascii	"p_epending\000"
 2368      656E6469 
 2368      6E6700
 2369              	.LASF16:
 2370 0351 75696E74 		.ascii	"uint32_t\000"
 2370      33325F74 
 2370      00
 2371              	.LASF65:
 2372 035a 68656170 		.ascii	"heap\000"
 2372      00
 2373              	.LASF80:
 2374 035f 64656661 		.ascii	"default_heap\000"
 2374      756C745F 
 2374      68656170 
 2374      00
 2375              	.LASF72:
 2376 036c 63686172 		.ascii	"char\000"
 2376      00
 2377              	.LASF78:
 2378 0371 63684865 		.ascii	"chHeapStatus\000"
 2378      61705374 
 2378      61747573 
 2378      00
 2379              	.LASF57:
 2380 037e 6D5F6E65 		.ascii	"m_next\000"
 2380      787400
 2381              	.LASF26:
 2382 0385 73797374 		.ascii	"systime_t\000"
 2382      696D655F 
 2382      7400
 2383              	.LASF45:
 2384 038f 705F7265 		.ascii	"p_realprio\000"
 2384      616C7072 
 2384      696F00
 2385              	.LASF7:
 2386 039a 5F5F696E 		.ascii	"__int32_t\000"
 2386      7433325F 
 2386      7400
 2387              	.LASF39:
 2388 03a4 705F7469 		.ascii	"p_time\000"
 2388      6D6500
 2389              	.LASF51:
 2390 03ab 696E7463 		.ascii	"intctx\000"
 2390      747800
 2391              	.LASF41:
 2392 03b2 705F6D73 		.ascii	"p_msgqueue\000"
 2392      67717565 
 2392      756500
 2393              	.LASF84:
 2394 03bd 2E2E2F2E 		.ascii	"../../../../ChibiOS_2.6.2/os/kernel/src/chheap.c\000"
 2394      2E2F2E2E 
 2394      2F2E2E2F 
 2394      43686962 
ARM GAS  /tmp/ccRTZ230.s 			page 46


 2394      694F535F 
 2395              	.LASF37:
 2396 03ee 705F7265 		.ascii	"p_refs\000"
 2396      667300
 2397              	.LASF14:
 2398 03f5 75696E74 		.ascii	"uint8_t\000"
 2398      385F7400 
 2399              	.LASF70:
 2400 03fd 77746F62 		.ascii	"wtobjp\000"
 2400      6A7000
 2401              	.LASF79:
 2402 0404 73697A65 		.ascii	"sizep\000"
 2402      7000
 2403              	.LASF34:
 2404 040a 705F6E61 		.ascii	"p_name\000"
 2404      6D6500
 2405              	.LASF73:
 2406 0411 5F686561 		.ascii	"_heap_init\000"
 2406      705F696E 
 2406      697400
 2407              	.LASF56:
 2408 041c 6D5F6F77 		.ascii	"m_owner\000"
 2408      6E657200 
 2409              	.LASF31:
 2410 0424 705F6374 		.ascii	"p_ctx\000"
 2410      7800
 2411              	.LASF40:
 2412 042a 705F7761 		.ascii	"p_waiting\000"
 2412      6974696E 
 2412      6700
 2413              	.LASF60:
 2414 0434 6D656D6F 		.ascii	"memory_heap\000"
 2414      72795F68 
 2414      65617000 
 2415              		.ident	"GCC: (4.8.2-14ubuntu1+6) 4.8.2"
ARM GAS  /tmp/ccRTZ230.s 			page 47


DEFINED SYMBOLS
                            *ABS*:0000000000000000 chheap.c
     /tmp/ccRTZ230.s:19     .text._heap_init:0000000000000000 $t
     /tmp/ccRTZ230.s:25     .text._heap_init:0000000000000000 _heap_init
     /tmp/ccRTZ230.s:439    .bss.default_heap:0000000000000000 .LANCHOR0
     /tmp/ccRTZ230.s:56     .text.chHeapInit:0000000000000000 $t
     /tmp/ccRTZ230.s:62     .text.chHeapInit:0000000000000000 chHeapInit
     /tmp/ccRTZ230.s:96     .text.chHeapAlloc:0000000000000000 $t
     /tmp/ccRTZ230.s:102    .text.chHeapAlloc:0000000000000000 chHeapAlloc
     /tmp/ccRTZ230.s:230    .text.chHeapFree:0000000000000000 $t
     /tmp/ccRTZ230.s:236    .text.chHeapFree:0000000000000000 chHeapFree
     /tmp/ccRTZ230.s:358    .text.chHeapStatus:0000000000000000 $t
     /tmp/ccRTZ230.s:364    .text.chHeapStatus:0000000000000000 chHeapStatus
     /tmp/ccRTZ230.s:438    .bss.default_heap:0000000000000000 $d
     /tmp/ccRTZ230.s:442    .bss.default_heap:0000000000000000 default_heap
                     .debug_frame:0000000000000010 $d

UNDEFINED SYMBOLS
chCoreAlloc
chMtxInit
chMtxLock
chMtxUnlock
