ARM GAS  /tmp/ccmkWEW9.s 			page 1


   1              		.syntax unified
   2              		.cpu cortex-m3
   3              		.fpu softvfp
   4              		.eabi_attribute 20, 1
   5              		.eabi_attribute 21, 1
   6              		.eabi_attribute 23, 3
   7              		.eabi_attribute 24, 1
   8              		.eabi_attribute 25, 1
   9              		.eabi_attribute 26, 1
  10              		.eabi_attribute 30, 2
  11              		.eabi_attribute 34, 1
  12              		.eabi_attribute 18, 4
  13              		.thumb
  14              		.file	"chmempools.c"
  15              		.text
  16              	.Ltext0:
  17              		.cfi_sections	.debug_frame
  18              		.section	.text.chPoolInit,"ax",%progbits
  19              		.align	2
  20              		.p2align 4,,15
  21              		.global	chPoolInit
  22              		.thumb
  23              		.thumb_func
  24              		.type	chPoolInit, %function
  25              	chPoolInit:
  26              	.LFB7:
  27              		.file 1 "../../../../ChibiOS_2.6.2/os/kernel/src/chmempools.c"
  28              		.loc 1 62 0
  29              		.cfi_startproc
  30              		@ args = 0, pretend = 0, frame = 0
  31              		@ frame_needed = 0, uses_anonymous_args = 0
  32              		@ link register save eliminated.
  33              	.LVL0:
  34              		.loc 1 66 0
  35 0000 0023     		movs	r3, #0
  36              		.loc 1 67 0
  37 0002 4160     		str	r1, [r0, #4]
  38              		.loc 1 68 0
  39 0004 8260     		str	r2, [r0, #8]
  40              		.loc 1 66 0
  41 0006 0360     		str	r3, [r0]
  42 0008 7047     		bx	lr
  43              		.cfi_endproc
  44              	.LFE7:
  45              		.size	chPoolInit, .-chPoolInit
  46 000a 00BFAFF3 		.section	.text.chPoolLoadArray,"ax",%progbits
  46      0080
  47              		.align	2
  48              		.p2align 4,,15
  49              		.global	chPoolLoadArray
  50              		.thumb
  51              		.thumb_func
  52              		.type	chPoolLoadArray, %function
  53              	chPoolLoadArray:
  54              	.LFB8:
  55              		.loc 1 84 0
  56              		.cfi_startproc
ARM GAS  /tmp/ccmkWEW9.s 			page 2


  57              		@ args = 0, pretend = 0, frame = 0
  58              		@ frame_needed = 0, uses_anonymous_args = 0
  59              		@ link register save eliminated.
  60              	.LVL1:
  61 0000 10B4     		push	{r4}
  62              		.cfi_def_cfa_offset 4
  63              		.cfi_offset 4, -4
  64              		.loc 1 88 0
  65 0002 62B1     		cbz	r2, .L2
  66              	.LVL2:
  67              	.L5:
  68              	.LBB16:
  69              	.LBB17:
  70              		.loc 1 173 0
  71 0004 2023     		movs	r3, #32
  72              	@ 173 "../../../../ChibiOS_2.6.2/os/kernel/src/chmempools.c" 1
  73 0006 83F31188 		msr     BASEPRI, r3
  74              	@ 0 "" 2
  75              	.LVL3:
  76              		.thumb
  77              	.LBE17:
  78              	.LBB18:
  79              	.LBB19:
  80              		.loc 1 155 0
  81 000a 0468     		ldr	r4, [r0]
  82              	.LBE19:
  83              	.LBE18:
  84              	.LBB21:
  85              		.loc 1 175 0
  86 000c 0023     		movs	r3, #0
  87              	.LBE21:
  88              	.LBB22:
  89              	.LBB20:
  90              		.loc 1 155 0
  91 000e 0C60     		str	r4, [r1]
  92              		.loc 1 156 0
  93 0010 0160     		str	r1, [r0]
  94              	.LBE20:
  95              	.LBE22:
  96              	.LBB23:
  97              		.loc 1 175 0
  98              	@ 175 "../../../../ChibiOS_2.6.2/os/kernel/src/chmempools.c" 1
  99 0012 83F31188 		msr     BASEPRI, r3
 100              	@ 0 "" 2
 101              		.thumb
 102              	.LBE23:
 103              	.LBE16:
 104              		.loc 1 90 0
 105 0016 4368     		ldr	r3, [r0, #4]
 106              		.loc 1 88 0
 107 0018 013A     		subs	r2, r2, #1
 108              	.LVL4:
 109              		.loc 1 90 0
 110 001a 1944     		add	r1, r1, r3
 111              	.LVL5:
 112              		.loc 1 88 0
 113 001c F2D1     		bne	.L5
ARM GAS  /tmp/ccmkWEW9.s 			page 3


 114              	.LVL6:
 115              	.L2:
 116              		.loc 1 93 0
 117 001e 5DF8044B 		ldr	r4, [sp], #4
 118 0022 7047     		bx	lr
 119              		.cfi_endproc
 120              	.LFE8:
 121              		.size	chPoolLoadArray, .-chPoolLoadArray
 122 0024 AFF30080 		.section	.text.chPoolAllocI,"ax",%progbits
 122      AFF30080 
 122      AFF30080 
 123              		.align	2
 124              		.p2align 4,,15
 125              		.global	chPoolAllocI
 126              		.thumb
 127              		.thumb_func
 128              		.type	chPoolAllocI, %function
 129              	chPoolAllocI:
 130              	.LFB9:
 131              		.loc 1 105 0
 132              		.cfi_startproc
 133              		@ args = 0, pretend = 0, frame = 0
 134              		@ frame_needed = 0, uses_anonymous_args = 0
 135              	.LVL7:
 136 0000 08B5     		push	{r3, lr}
 137              		.cfi_def_cfa_offset 8
 138              		.cfi_offset 3, -8
 139              		.cfi_offset 14, -4
 140              		.loc 1 105 0
 141 0002 0346     		mov	r3, r0
 142              		.loc 1 111 0
 143 0004 0068     		ldr	r0, [r0]
 144              	.LVL8:
 145 0006 10B1     		cbz	r0, .L12
 146              		.loc 1 112 0
 147 0008 0268     		ldr	r2, [r0]
 148 000a 1A60     		str	r2, [r3]
 149 000c 08BD     		pop	{r3, pc}
 150              	.LVL9:
 151              	.L12:
 152              		.loc 1 113 0
 153 000e 9A68     		ldr	r2, [r3, #8]
 154 0010 0AB1     		cbz	r2, .L13
 155              		.loc 1 114 0
 156 0012 5868     		ldr	r0, [r3, #4]
 157              	.LVL10:
 158 0014 9047     		blx	r2
 159              	.LVL11:
 160              	.L13:
 161              		.loc 1 116 0
 162 0016 08BD     		pop	{r3, pc}
 163              		.cfi_endproc
 164              	.LFE9:
 165              		.size	chPoolAllocI, .-chPoolAllocI
 166 0018 AFF30080 		.section	.text.chPoolAlloc,"ax",%progbits
 166      AFF30080 
 167              		.align	2
ARM GAS  /tmp/ccmkWEW9.s 			page 4


 168              		.p2align 4,,15
 169              		.global	chPoolAlloc
 170              		.thumb
 171              		.thumb_func
 172              		.type	chPoolAlloc, %function
 173              	chPoolAlloc:
 174              	.LFB10:
 175              		.loc 1 128 0
 176              		.cfi_startproc
 177              		@ args = 0, pretend = 0, frame = 0
 178              		@ frame_needed = 0, uses_anonymous_args = 0
 179              	.LVL12:
 180 0000 08B5     		push	{r3, lr}
 181              		.cfi_def_cfa_offset 8
 182              		.cfi_offset 3, -8
 183              		.cfi_offset 14, -4
 184              		.loc 1 128 0
 185 0002 0246     		mov	r2, r0
 186              	.LBB24:
 187              		.loc 1 131 0
 188 0004 2023     		movs	r3, #32
 189              	@ 131 "../../../../ChibiOS_2.6.2/os/kernel/src/chmempools.c" 1
 190 0006 83F31188 		msr     BASEPRI, r3
 191              	@ 0 "" 2
 192              	.LVL13:
 193              		.thumb
 194              	.LBE24:
 195              	.LBB25:
 196              	.LBB26:
 197              		.loc 1 111 0
 198 000a 0068     		ldr	r0, [r0]
 199              	.LVL14:
 200 000c 28B1     		cbz	r0, .L18
 201              		.loc 1 112 0
 202 000e 0368     		ldr	r3, [r0]
 203 0010 1360     		str	r3, [r2]
 204              	.L19:
 205              	.LBE26:
 206              	.LBE25:
 207              	.LBB28:
 208              		.loc 1 133 0
 209 0012 0023     		movs	r3, #0
 210              	@ 133 "../../../../ChibiOS_2.6.2/os/kernel/src/chmempools.c" 1
 211 0014 83F31188 		msr     BASEPRI, r3
 212              	@ 0 "" 2
 213              		.thumb
 214              	.LBE28:
 215              		.loc 1 135 0
 216 0018 08BD     		pop	{r3, pc}
 217              	.L18:
 218              	.LBB29:
 219              	.LBB27:
 220              		.loc 1 113 0
 221 001a 9368     		ldr	r3, [r2, #8]
 222 001c 002B     		cmp	r3, #0
 223 001e F8D0     		beq	.L19
 224              		.loc 1 114 0
ARM GAS  /tmp/ccmkWEW9.s 			page 5


 225 0020 5068     		ldr	r0, [r2, #4]
 226              	.LVL15:
 227 0022 9847     		blx	r3
 228              	.LVL16:
 229              	.LBE27:
 230              	.LBE29:
 231              	.LBB30:
 232              		.loc 1 133 0
 233 0024 0023     		movs	r3, #0
 234              	@ 133 "../../../../ChibiOS_2.6.2/os/kernel/src/chmempools.c" 1
 235 0026 83F31188 		msr     BASEPRI, r3
 236              	@ 0 "" 2
 237              		.thumb
 238              	.LBE30:
 239              		.loc 1 135 0
 240 002a 08BD     		pop	{r3, pc}
 241              		.cfi_endproc
 242              	.LFE10:
 243              		.size	chPoolAlloc, .-chPoolAlloc
 244 002c AFF30080 		.section	.text.chPoolFreeI,"ax",%progbits
 245              		.align	2
 246              		.p2align 4,,15
 247              		.global	chPoolFreeI
 248              		.thumb
 249              		.thumb_func
 250              		.type	chPoolFreeI, %function
 251              	chPoolFreeI:
 252              	.LFB11:
 253              		.loc 1 149 0
 254              		.cfi_startproc
 255              		@ args = 0, pretend = 0, frame = 0
 256              		@ frame_needed = 0, uses_anonymous_args = 0
 257              		@ link register save eliminated.
 258              	.LVL17:
 259              		.loc 1 155 0
 260 0000 0368     		ldr	r3, [r0]
 261              	.LVL18:
 262 0002 0B60     		str	r3, [r1]
 263              		.loc 1 156 0
 264 0004 0160     		str	r1, [r0]
 265 0006 7047     		bx	lr
 266              		.cfi_endproc
 267              	.LFE11:
 268              		.size	chPoolFreeI, .-chPoolFreeI
 269 0008 AFF30080 		.section	.text.chPoolFree,"ax",%progbits
 269      AFF30080 
 270              		.align	2
 271              		.p2align 4,,15
 272              		.global	chPoolFree
 273              		.thumb
 274              		.thumb_func
 275              		.type	chPoolFree, %function
 276              	chPoolFree:
 277              	.LFB12:
 278              		.loc 1 171 0
 279              		.cfi_startproc
 280              		@ args = 0, pretend = 0, frame = 0
ARM GAS  /tmp/ccmkWEW9.s 			page 6


 281              		@ frame_needed = 0, uses_anonymous_args = 0
 282              		@ link register save eliminated.
 283              	.LVL19:
 284              	.LBB31:
 285              		.loc 1 173 0
 286 0000 2023     		movs	r3, #32
 287              	@ 173 "../../../../ChibiOS_2.6.2/os/kernel/src/chmempools.c" 1
 288 0002 83F31188 		msr     BASEPRI, r3
 289              	@ 0 "" 2
 290              	.LVL20:
 291              		.thumb
 292              	.LBE31:
 293              	.LBB32:
 294              	.LBB33:
 295              		.loc 1 155 0
 296 0006 0268     		ldr	r2, [r0]
 297              	.LBE33:
 298              	.LBE32:
 299              	.LBB35:
 300              		.loc 1 175 0
 301 0008 0023     		movs	r3, #0
 302              	.LBE35:
 303              	.LBB36:
 304              	.LBB34:
 305              		.loc 1 155 0
 306 000a 0A60     		str	r2, [r1]
 307              		.loc 1 156 0
 308 000c 0160     		str	r1, [r0]
 309              	.LBE34:
 310              	.LBE36:
 311              	.LBB37:
 312              		.loc 1 175 0
 313              	@ 175 "../../../../ChibiOS_2.6.2/os/kernel/src/chmempools.c" 1
 314 000e 83F31188 		msr     BASEPRI, r3
 315              	@ 0 "" 2
 316              		.thumb
 317 0012 7047     		bx	lr
 318              	.LBE37:
 319              		.cfi_endproc
 320              	.LFE12:
 321              		.size	chPoolFree, .-chPoolFree
 322 0014 AFF30080 		.text
 322      AFF30080 
 322      AFF30080 
 323              	.Letext0:
 324              		.file 2 "/usr/lib/gcc/arm-none-eabi/4.8.2/include/stddef.h"
 325              		.file 3 "/usr/include/newlib/machine/_default_types.h"
 326              		.file 4 "/usr/include/newlib/stdint.h"
 327              		.file 5 "../../../../ChibiOS_2.6.2/os/kernel/include/chmemcore.h"
 328              		.file 6 "../../../../ChibiOS_2.6.2/os/kernel/include/chmempools.h"
 329              		.section	.debug_info,"",%progbits
 330              	.Ldebug_info0:
 331 0000 04040000 		.4byte	0x404
 332 0004 0400     		.2byte	0x4
 333 0006 00000000 		.4byte	.Ldebug_abbrev0
 334 000a 04       		.byte	0x4
 335 000b 01       		.uleb128 0x1
ARM GAS  /tmp/ccmkWEW9.s 			page 7


 336 000c DE000000 		.4byte	.LASF30
 337 0010 01       		.byte	0x1
 338 0011 E2010000 		.4byte	.LASF31
 339 0015 11000000 		.4byte	.LASF32
 340 0019 90000000 		.4byte	.Ldebug_ranges0+0x90
 341 001d 00000000 		.4byte	0
 342 0021 00000000 		.4byte	.Ldebug_line0
 343 0025 02       		.uleb128 0x2
 344 0026 04       		.byte	0x4
 345 0027 05       		.byte	0x5
 346 0028 696E7400 		.ascii	"int\000"
 347 002c 03       		.uleb128 0x3
 348 002d 0A000000 		.4byte	.LASF2
 349 0031 02       		.byte	0x2
 350 0032 D4       		.byte	0xd4
 351 0033 37000000 		.4byte	0x37
 352 0037 04       		.uleb128 0x4
 353 0038 04       		.byte	0x4
 354 0039 07       		.byte	0x7
 355 003a AE010000 		.4byte	.LASF0
 356 003e 04       		.uleb128 0x4
 357 003f 01       		.byte	0x1
 358 0040 06       		.byte	0x6
 359 0041 74020000 		.4byte	.LASF1
 360 0045 03       		.uleb128 0x3
 361 0046 00000000 		.4byte	.LASF3
 362 004a 03       		.byte	0x3
 363 004b 1C       		.byte	0x1c
 364 004c 50000000 		.4byte	0x50
 365 0050 04       		.uleb128 0x4
 366 0051 01       		.byte	0x1
 367 0052 08       		.byte	0x8
 368 0053 D0000000 		.4byte	.LASF4
 369 0057 04       		.uleb128 0x4
 370 0058 02       		.byte	0x2
 371 0059 05       		.byte	0x5
 372 005a 4C020000 		.4byte	.LASF5
 373 005e 04       		.uleb128 0x4
 374 005f 02       		.byte	0x2
 375 0060 07       		.byte	0x7
 376 0061 A8000000 		.4byte	.LASF6
 377 0065 04       		.uleb128 0x4
 378 0066 04       		.byte	0x4
 379 0067 05       		.byte	0x5
 380 0068 6B020000 		.4byte	.LASF7
 381 006c 03       		.uleb128 0x3
 382 006d 7B010000 		.4byte	.LASF8
 383 0071 03       		.byte	0x3
 384 0072 38       		.byte	0x38
 385 0073 77000000 		.4byte	0x77
 386 0077 04       		.uleb128 0x4
 387 0078 04       		.byte	0x4
 388 0079 07       		.byte	0x7
 389 007a 96000000 		.4byte	.LASF9
 390 007e 04       		.uleb128 0x4
 391 007f 08       		.byte	0x8
 392 0080 05       		.byte	0x5
ARM GAS  /tmp/ccmkWEW9.s 			page 8


 393 0081 20020000 		.4byte	.LASF10
 394 0085 04       		.uleb128 0x4
 395 0086 08       		.byte	0x8
 396 0087 07       		.byte	0x7
 397 0088 BB010000 		.4byte	.LASF11
 398 008c 03       		.uleb128 0x3
 399 008d D2010000 		.4byte	.LASF12
 400 0091 04       		.byte	0x4
 401 0092 2A       		.byte	0x2a
 402 0093 45000000 		.4byte	0x45
 403 0097 03       		.uleb128 0x3
 404 0098 62020000 		.4byte	.LASF13
 405 009c 04       		.byte	0x4
 406 009d 42       		.byte	0x42
 407 009e 6C000000 		.4byte	0x6c
 408 00a2 04       		.uleb128 0x4
 409 00a3 01       		.byte	0x1
 410 00a4 02       		.byte	0x2
 411 00a5 88020000 		.4byte	.LASF14
 412 00a9 05       		.uleb128 0x5
 413 00aa 04       		.byte	0x4
 414 00ab 04       		.uleb128 0x4
 415 00ac 04       		.byte	0x4
 416 00ad 07       		.byte	0x7
 417 00ae 17020000 		.4byte	.LASF15
 418 00b2 03       		.uleb128 0x3
 419 00b3 33020000 		.4byte	.LASF16
 420 00b7 05       		.byte	0x5
 421 00b8 2C       		.byte	0x2c
 422 00b9 BD000000 		.4byte	0xbd
 423 00bd 06       		.uleb128 0x6
 424 00be 04       		.byte	0x4
 425 00bf C3000000 		.4byte	0xc3
 426 00c3 07       		.uleb128 0x7
 427 00c4 A9000000 		.4byte	0xa9
 428 00c8 D2000000 		.4byte	0xd2
 429 00cc 08       		.uleb128 0x8
 430 00cd 2C000000 		.4byte	0x2c
 431 00d1 00       		.byte	0
 432 00d2 09       		.uleb128 0x9
 433 00d3 85000000 		.4byte	.LASF33
 434 00d7 04       		.byte	0x4
 435 00d8 06       		.byte	0x6
 436 00d9 2C       		.byte	0x2c
 437 00da EB000000 		.4byte	0xeb
 438 00de 0A       		.uleb128 0xa
 439 00df DA010000 		.4byte	.LASF17
 440 00e3 06       		.byte	0x6
 441 00e4 2D       		.byte	0x2d
 442 00e5 EB000000 		.4byte	0xeb
 443 00e9 00       		.byte	0
 444 00ea 00       		.byte	0
 445 00eb 06       		.uleb128 0x6
 446 00ec 04       		.byte	0x4
 447 00ed D2000000 		.4byte	0xd2
 448 00f1 0B       		.uleb128 0xb
 449 00f2 0C       		.byte	0xc
ARM GAS  /tmp/ccmkWEW9.s 			page 9


 450 00f3 06       		.byte	0x6
 451 00f4 34       		.byte	0x34
 452 00f5 1E010000 		.4byte	0x11e
 453 00f9 0A       		.uleb128 0xa
 454 00fa 80020000 		.4byte	.LASF18
 455 00fe 06       		.byte	0x6
 456 00ff 35       		.byte	0x35
 457 0100 EB000000 		.4byte	0xeb
 458 0104 00       		.byte	0
 459 0105 0A       		.uleb128 0xa
 460 0106 66000000 		.4byte	.LASF19
 461 010a 06       		.byte	0x6
 462 010b 36       		.byte	0x36
 463 010c 2C000000 		.4byte	0x2c
 464 0110 04       		.byte	0x4
 465 0111 0A       		.uleb128 0xa
 466 0112 40020000 		.4byte	.LASF20
 467 0116 06       		.byte	0x6
 468 0117 38       		.byte	0x38
 469 0118 B2000000 		.4byte	0xb2
 470 011c 08       		.byte	0x8
 471 011d 00       		.byte	0
 472 011e 03       		.uleb128 0x3
 473 011f 91010000 		.4byte	.LASF21
 474 0123 06       		.byte	0x6
 475 0124 3A       		.byte	0x3a
 476 0125 F1000000 		.4byte	0xf1
 477 0129 04       		.uleb128 0x4
 478 012a 01       		.byte	0x1
 479 012b 08       		.byte	0x8
 480 012c 2E020000 		.4byte	.LASF22
 481 0130 0C       		.uleb128 0xc
 482 0131 A1010000 		.4byte	.LASF34
 483 0135 01       		.byte	0x1
 484 0136 69       		.byte	0x69
 485 0137 A9000000 		.4byte	0xa9
 486 013b 01       		.byte	0x1
 487 013c 56010000 		.4byte	0x156
 488 0140 0D       		.uleb128 0xd
 489 0141 6D7000   		.ascii	"mp\000"
 490 0144 01       		.byte	0x1
 491 0145 69       		.byte	0x69
 492 0146 56010000 		.4byte	0x156
 493 014a 0E       		.uleb128 0xe
 494 014b 9C010000 		.4byte	.LASF23
 495 014f 01       		.byte	0x1
 496 0150 6A       		.byte	0x6a
 497 0151 A9000000 		.4byte	0xa9
 498 0155 00       		.byte	0
 499 0156 06       		.uleb128 0x6
 500 0157 04       		.byte	0x4
 501 0158 1E010000 		.4byte	0x11e
 502 015c 0F       		.uleb128 0xf
 503 015d C4000000 		.4byte	.LASF24
 504 0161 01       		.byte	0x1
 505 0162 95       		.byte	0x95
 506 0163 01       		.byte	0x1
ARM GAS  /tmp/ccmkWEW9.s 			page 10


 507 0164 89010000 		.4byte	0x189
 508 0168 0D       		.uleb128 0xd
 509 0169 6D7000   		.ascii	"mp\000"
 510 016c 01       		.byte	0x1
 511 016d 95       		.byte	0x95
 512 016e 56010000 		.4byte	0x156
 513 0172 10       		.uleb128 0x10
 514 0173 9C010000 		.4byte	.LASF23
 515 0177 01       		.byte	0x1
 516 0178 95       		.byte	0x95
 517 0179 A9000000 		.4byte	0xa9
 518 017d 11       		.uleb128 0x11
 519 017e 70687000 		.ascii	"php\000"
 520 0182 01       		.byte	0x1
 521 0183 96       		.byte	0x96
 522 0184 EB000000 		.4byte	0xeb
 523 0188 00       		.byte	0
 524 0189 0F       		.uleb128 0xf
 525 018a 86010000 		.4byte	.LASF25
 526 018e 01       		.byte	0x1
 527 018f AB       		.byte	0xab
 528 0190 01       		.byte	0x1
 529 0191 C9010000 		.4byte	0x1c9
 530 0195 0D       		.uleb128 0xd
 531 0196 6D7000   		.ascii	"mp\000"
 532 0199 01       		.byte	0x1
 533 019a AB       		.byte	0xab
 534 019b 56010000 		.4byte	0x156
 535 019f 10       		.uleb128 0x10
 536 01a0 9C010000 		.4byte	.LASF23
 537 01a4 01       		.byte	0x1
 538 01a5 AB       		.byte	0xab
 539 01a6 A9000000 		.4byte	0xa9
 540 01aa 12       		.uleb128 0x12
 541 01ab BB010000 		.4byte	0x1bb
 542 01af 11       		.uleb128 0x11
 543 01b0 746D7000 		.ascii	"tmp\000"
 544 01b4 01       		.byte	0x1
 545 01b5 AD       		.byte	0xad
 546 01b6 97000000 		.4byte	0x97
 547 01ba 00       		.byte	0
 548 01bb 13       		.uleb128 0x13
 549 01bc 11       		.uleb128 0x11
 550 01bd 746D7000 		.ascii	"tmp\000"
 551 01c1 01       		.byte	0x1
 552 01c2 AF       		.byte	0xaf
 553 01c3 97000000 		.4byte	0x97
 554 01c7 00       		.byte	0
 555 01c8 00       		.byte	0
 556 01c9 14       		.uleb128 0x14
 557 01ca 8E020000 		.4byte	.LASF28
 558 01ce 01       		.byte	0x1
 559 01cf 3E       		.byte	0x3e
 560 01d0 00000000 		.4byte	.LFB7
 561 01d4 0A000000 		.4byte	.LFE7-.LFB7
 562 01d8 01       		.uleb128 0x1
 563 01d9 9C       		.byte	0x9c
ARM GAS  /tmp/ccmkWEW9.s 			page 11


 564 01da 05020000 		.4byte	0x205
 565 01de 15       		.uleb128 0x15
 566 01df 6D7000   		.ascii	"mp\000"
 567 01e2 01       		.byte	0x1
 568 01e3 3E       		.byte	0x3e
 569 01e4 56010000 		.4byte	0x156
 570 01e8 01       		.uleb128 0x1
 571 01e9 50       		.byte	0x50
 572 01ea 16       		.uleb128 0x16
 573 01eb 91000000 		.4byte	.LASF26
 574 01ef 01       		.byte	0x1
 575 01f0 3E       		.byte	0x3e
 576 01f1 2C000000 		.4byte	0x2c
 577 01f5 01       		.uleb128 0x1
 578 01f6 51       		.byte	0x51
 579 01f7 16       		.uleb128 0x16
 580 01f8 BB000000 		.4byte	.LASF27
 581 01fc 01       		.byte	0x1
 582 01fd 3E       		.byte	0x3e
 583 01fe B2000000 		.4byte	0xb2
 584 0202 01       		.uleb128 0x1
 585 0203 52       		.byte	0x52
 586 0204 00       		.byte	0
 587 0205 14       		.uleb128 0x14
 588 0206 75000000 		.4byte	.LASF29
 589 020a 01       		.byte	0x1
 590 020b 54       		.byte	0x54
 591 020c 00000000 		.4byte	.LFB8
 592 0210 24000000 		.4byte	.LFE8-.LFB8
 593 0214 01       		.uleb128 0x1
 594 0215 9C       		.byte	0x9c
 595 0216 BA020000 		.4byte	0x2ba
 596 021a 15       		.uleb128 0x15
 597 021b 6D7000   		.ascii	"mp\000"
 598 021e 01       		.byte	0x1
 599 021f 54       		.byte	0x54
 600 0220 56010000 		.4byte	0x156
 601 0224 01       		.uleb128 0x1
 602 0225 50       		.byte	0x50
 603 0226 17       		.uleb128 0x17
 604 0227 7000     		.ascii	"p\000"
 605 0229 01       		.byte	0x1
 606 022a 54       		.byte	0x54
 607 022b A9000000 		.4byte	0xa9
 608 022f 00000000 		.4byte	.LLST0
 609 0233 17       		.uleb128 0x17
 610 0234 6E00     		.ascii	"n\000"
 611 0236 01       		.byte	0x1
 612 0237 54       		.byte	0x54
 613 0238 2C000000 		.4byte	0x2c
 614 023c 1E000000 		.4byte	.LLST1
 615 0240 18       		.uleb128 0x18
 616 0241 89010000 		.4byte	0x189
 617 0245 04000000 		.4byte	.LBB16
 618 0249 12000000 		.4byte	.LBE16-.LBB16
 619 024d 01       		.byte	0x1
 620 024e 59       		.byte	0x59
ARM GAS  /tmp/ccmkWEW9.s 			page 12


 621 024f 19       		.uleb128 0x19
 622 0250 9F010000 		.4byte	0x19f
 623 0254 49000000 		.4byte	.LLST2
 624 0258 19       		.uleb128 0x19
 625 0259 95010000 		.4byte	0x195
 626 025d 68000000 		.4byte	.LLST3
 627 0261 1A       		.uleb128 0x1a
 628 0262 04000000 		.4byte	.LBB17
 629 0266 06000000 		.4byte	.LBE17-.LBB17
 630 026a 76020000 		.4byte	0x276
 631 026e 1B       		.uleb128 0x1b
 632 026f AF010000 		.4byte	0x1af
 633 0273 01       		.uleb128 0x1
 634 0274 53       		.byte	0x53
 635 0275 00       		.byte	0
 636 0276 1C       		.uleb128 0x1c
 637 0277 5C010000 		.4byte	0x15c
 638 027b 0A000000 		.4byte	.LBB18
 639 027f 00000000 		.4byte	.Ldebug_ranges0+0
 640 0283 01       		.byte	0x1
 641 0284 AE       		.byte	0xae
 642 0285 AB020000 		.4byte	0x2ab
 643 0289 19       		.uleb128 0x19
 644 028a 72010000 		.4byte	0x172
 645 028e 7B000000 		.4byte	.LLST4
 646 0292 19       		.uleb128 0x19
 647 0293 68010000 		.4byte	0x168
 648 0297 9A000000 		.4byte	.LLST5
 649 029b 1D       		.uleb128 0x1d
 650 029c 00000000 		.4byte	.Ldebug_ranges0+0
 651 02a0 1E       		.uleb128 0x1e
 652 02a1 7D010000 		.4byte	0x17d
 653 02a5 7B000000 		.4byte	.LLST4
 654 02a9 00       		.byte	0
 655 02aa 00       		.byte	0
 656 02ab 1D       		.uleb128 0x1d
 657 02ac 18000000 		.4byte	.Ldebug_ranges0+0x18
 658 02b0 1B       		.uleb128 0x1b
 659 02b1 BC010000 		.4byte	0x1bc
 660 02b5 01       		.uleb128 0x1
 661 02b6 53       		.byte	0x53
 662 02b7 00       		.byte	0
 663 02b8 00       		.byte	0
 664 02b9 00       		.byte	0
 665 02ba 1F       		.uleb128 0x1f
 666 02bb 30010000 		.4byte	0x130
 667 02bf 00000000 		.4byte	.LFB9
 668 02c3 18000000 		.4byte	.LFE9-.LFB9
 669 02c7 01       		.uleb128 0x1
 670 02c8 9C       		.byte	0x9c
 671 02c9 E0020000 		.4byte	0x2e0
 672 02cd 19       		.uleb128 0x19
 673 02ce 40010000 		.4byte	0x140
 674 02d2 AD000000 		.4byte	.LLST7
 675 02d6 1E       		.uleb128 0x1e
 676 02d7 4A010000 		.4byte	0x14a
 677 02db D9000000 		.4byte	.LLST8
ARM GAS  /tmp/ccmkWEW9.s 			page 13


 678 02df 00       		.byte	0
 679 02e0 20       		.uleb128 0x20
 680 02e1 56020000 		.4byte	.LASF35
 681 02e5 01       		.byte	0x1
 682 02e6 80       		.byte	0x80
 683 02e7 A9000000 		.4byte	0xa9
 684 02eb 00000000 		.4byte	.LFB10
 685 02ef 2C000000 		.4byte	.LFE10-.LFB10
 686 02f3 01       		.uleb128 0x1
 687 02f4 9C       		.byte	0x9c
 688 02f5 6F030000 		.4byte	0x36f
 689 02f9 17       		.uleb128 0x17
 690 02fa 6D7000   		.ascii	"mp\000"
 691 02fd 01       		.byte	0x1
 692 02fe 80       		.byte	0x80
 693 02ff 56010000 		.4byte	0x156
 694 0303 03010000 		.4byte	.LLST9
 695 0307 21       		.uleb128 0x21
 696 0308 9C010000 		.4byte	.LASF23
 697 030c 01       		.byte	0x1
 698 030d 81       		.byte	0x81
 699 030e A9000000 		.4byte	0xa9
 700 0312 01       		.uleb128 0x1
 701 0313 50       		.byte	0x50
 702 0314 1A       		.uleb128 0x1a
 703 0315 04000000 		.4byte	.LBB24
 704 0319 06000000 		.4byte	.LBE24-.LBB24
 705 031d 2F030000 		.4byte	0x32f
 706 0321 22       		.uleb128 0x22
 707 0322 746D7000 		.ascii	"tmp\000"
 708 0326 01       		.byte	0x1
 709 0327 83       		.byte	0x83
 710 0328 97000000 		.4byte	0x97
 711 032c 01       		.uleb128 0x1
 712 032d 53       		.byte	0x53
 713 032e 00       		.byte	0
 714 032f 1C       		.uleb128 0x1c
 715 0330 30010000 		.4byte	0x130
 716 0334 0A000000 		.4byte	.LBB25
 717 0338 30000000 		.4byte	.Ldebug_ranges0+0x30
 718 033c 01       		.byte	0x1
 719 033d 84       		.byte	0x84
 720 033e 5B030000 		.4byte	0x35b
 721 0342 19       		.uleb128 0x19
 722 0343 40010000 		.4byte	0x140
 723 0347 2F010000 		.4byte	.LLST10
 724 034b 1D       		.uleb128 0x1d
 725 034c 30000000 		.4byte	.Ldebug_ranges0+0x30
 726 0350 1E       		.uleb128 0x1e
 727 0351 4A010000 		.4byte	0x14a
 728 0355 5B010000 		.4byte	.LLST11
 729 0359 00       		.byte	0
 730 035a 00       		.byte	0
 731 035b 1D       		.uleb128 0x1d
 732 035c 48000000 		.4byte	.Ldebug_ranges0+0x48
 733 0360 22       		.uleb128 0x22
 734 0361 746D7000 		.ascii	"tmp\000"
ARM GAS  /tmp/ccmkWEW9.s 			page 14


 735 0365 01       		.byte	0x1
 736 0366 85       		.byte	0x85
 737 0367 97000000 		.4byte	0x97
 738 036b 01       		.uleb128 0x1
 739 036c 53       		.byte	0x53
 740 036d 00       		.byte	0
 741 036e 00       		.byte	0
 742 036f 23       		.uleb128 0x23
 743 0370 5C010000 		.4byte	0x15c
 744 0374 00000000 		.4byte	.LFB11
 745 0378 08000000 		.4byte	.LFE11-.LFB11
 746 037c 01       		.uleb128 0x1
 747 037d 9C       		.byte	0x9c
 748 037e 98030000 		.4byte	0x398
 749 0382 24       		.uleb128 0x24
 750 0383 68010000 		.4byte	0x168
 751 0387 01       		.uleb128 0x1
 752 0388 50       		.byte	0x50
 753 0389 24       		.uleb128 0x24
 754 038a 72010000 		.4byte	0x172
 755 038e 01       		.uleb128 0x1
 756 038f 51       		.byte	0x51
 757 0390 1B       		.uleb128 0x1b
 758 0391 7D010000 		.4byte	0x17d
 759 0395 01       		.uleb128 0x1
 760 0396 51       		.byte	0x51
 761 0397 00       		.byte	0
 762 0398 25       		.uleb128 0x25
 763 0399 89010000 		.4byte	0x189
 764 039d 00000000 		.4byte	.LFB12
 765 03a1 14000000 		.4byte	.LFE12-.LFB12
 766 03a5 01       		.uleb128 0x1
 767 03a6 9C       		.byte	0x9c
 768 03a7 24       		.uleb128 0x24
 769 03a8 95010000 		.4byte	0x195
 770 03ac 01       		.uleb128 0x1
 771 03ad 50       		.byte	0x50
 772 03ae 24       		.uleb128 0x24
 773 03af 9F010000 		.4byte	0x19f
 774 03b3 01       		.uleb128 0x1
 775 03b4 51       		.byte	0x51
 776 03b5 1A       		.uleb128 0x1a
 777 03b6 00000000 		.4byte	.LBB31
 778 03ba 06000000 		.4byte	.LBE31-.LBB31
 779 03be CA030000 		.4byte	0x3ca
 780 03c2 1B       		.uleb128 0x1b
 781 03c3 AF010000 		.4byte	0x1af
 782 03c7 01       		.uleb128 0x1
 783 03c8 53       		.byte	0x53
 784 03c9 00       		.byte	0
 785 03ca 1C       		.uleb128 0x1c
 786 03cb 5C010000 		.4byte	0x15c
 787 03cf 06000000 		.4byte	.LBB32
 788 03d3 60000000 		.4byte	.Ldebug_ranges0+0x60
 789 03d7 01       		.byte	0x1
 790 03d8 AE       		.byte	0xae
 791 03d9 F9030000 		.4byte	0x3f9
ARM GAS  /tmp/ccmkWEW9.s 			page 15


 792 03dd 24       		.uleb128 0x24
 793 03de 72010000 		.4byte	0x172
 794 03e2 01       		.uleb128 0x1
 795 03e3 51       		.byte	0x51
 796 03e4 24       		.uleb128 0x24
 797 03e5 68010000 		.4byte	0x168
 798 03e9 01       		.uleb128 0x1
 799 03ea 50       		.byte	0x50
 800 03eb 1D       		.uleb128 0x1d
 801 03ec 60000000 		.4byte	.Ldebug_ranges0+0x60
 802 03f0 1B       		.uleb128 0x1b
 803 03f1 7D010000 		.4byte	0x17d
 804 03f5 01       		.uleb128 0x1
 805 03f6 51       		.byte	0x51
 806 03f7 00       		.byte	0
 807 03f8 00       		.byte	0
 808 03f9 1D       		.uleb128 0x1d
 809 03fa 78000000 		.4byte	.Ldebug_ranges0+0x78
 810 03fe 1B       		.uleb128 0x1b
 811 03ff BC010000 		.4byte	0x1bc
 812 0403 01       		.uleb128 0x1
 813 0404 53       		.byte	0x53
 814 0405 00       		.byte	0
 815 0406 00       		.byte	0
 816 0407 00       		.byte	0
 817              		.section	.debug_abbrev,"",%progbits
 818              	.Ldebug_abbrev0:
 819 0000 01       		.uleb128 0x1
 820 0001 11       		.uleb128 0x11
 821 0002 01       		.byte	0x1
 822 0003 25       		.uleb128 0x25
 823 0004 0E       		.uleb128 0xe
 824 0005 13       		.uleb128 0x13
 825 0006 0B       		.uleb128 0xb
 826 0007 03       		.uleb128 0x3
 827 0008 0E       		.uleb128 0xe
 828 0009 1B       		.uleb128 0x1b
 829 000a 0E       		.uleb128 0xe
 830 000b 55       		.uleb128 0x55
 831 000c 17       		.uleb128 0x17
 832 000d 11       		.uleb128 0x11
 833 000e 01       		.uleb128 0x1
 834 000f 10       		.uleb128 0x10
 835 0010 17       		.uleb128 0x17
 836 0011 00       		.byte	0
 837 0012 00       		.byte	0
 838 0013 02       		.uleb128 0x2
 839 0014 24       		.uleb128 0x24
 840 0015 00       		.byte	0
 841 0016 0B       		.uleb128 0xb
 842 0017 0B       		.uleb128 0xb
 843 0018 3E       		.uleb128 0x3e
 844 0019 0B       		.uleb128 0xb
 845 001a 03       		.uleb128 0x3
 846 001b 08       		.uleb128 0x8
 847 001c 00       		.byte	0
 848 001d 00       		.byte	0
ARM GAS  /tmp/ccmkWEW9.s 			page 16


 849 001e 03       		.uleb128 0x3
 850 001f 16       		.uleb128 0x16
 851 0020 00       		.byte	0
 852 0021 03       		.uleb128 0x3
 853 0022 0E       		.uleb128 0xe
 854 0023 3A       		.uleb128 0x3a
 855 0024 0B       		.uleb128 0xb
 856 0025 3B       		.uleb128 0x3b
 857 0026 0B       		.uleb128 0xb
 858 0027 49       		.uleb128 0x49
 859 0028 13       		.uleb128 0x13
 860 0029 00       		.byte	0
 861 002a 00       		.byte	0
 862 002b 04       		.uleb128 0x4
 863 002c 24       		.uleb128 0x24
 864 002d 00       		.byte	0
 865 002e 0B       		.uleb128 0xb
 866 002f 0B       		.uleb128 0xb
 867 0030 3E       		.uleb128 0x3e
 868 0031 0B       		.uleb128 0xb
 869 0032 03       		.uleb128 0x3
 870 0033 0E       		.uleb128 0xe
 871 0034 00       		.byte	0
 872 0035 00       		.byte	0
 873 0036 05       		.uleb128 0x5
 874 0037 0F       		.uleb128 0xf
 875 0038 00       		.byte	0
 876 0039 0B       		.uleb128 0xb
 877 003a 0B       		.uleb128 0xb
 878 003b 00       		.byte	0
 879 003c 00       		.byte	0
 880 003d 06       		.uleb128 0x6
 881 003e 0F       		.uleb128 0xf
 882 003f 00       		.byte	0
 883 0040 0B       		.uleb128 0xb
 884 0041 0B       		.uleb128 0xb
 885 0042 49       		.uleb128 0x49
 886 0043 13       		.uleb128 0x13
 887 0044 00       		.byte	0
 888 0045 00       		.byte	0
 889 0046 07       		.uleb128 0x7
 890 0047 15       		.uleb128 0x15
 891 0048 01       		.byte	0x1
 892 0049 27       		.uleb128 0x27
 893 004a 19       		.uleb128 0x19
 894 004b 49       		.uleb128 0x49
 895 004c 13       		.uleb128 0x13
 896 004d 01       		.uleb128 0x1
 897 004e 13       		.uleb128 0x13
 898 004f 00       		.byte	0
 899 0050 00       		.byte	0
 900 0051 08       		.uleb128 0x8
 901 0052 05       		.uleb128 0x5
 902 0053 00       		.byte	0
 903 0054 49       		.uleb128 0x49
 904 0055 13       		.uleb128 0x13
 905 0056 00       		.byte	0
ARM GAS  /tmp/ccmkWEW9.s 			page 17


 906 0057 00       		.byte	0
 907 0058 09       		.uleb128 0x9
 908 0059 13       		.uleb128 0x13
 909 005a 01       		.byte	0x1
 910 005b 03       		.uleb128 0x3
 911 005c 0E       		.uleb128 0xe
 912 005d 0B       		.uleb128 0xb
 913 005e 0B       		.uleb128 0xb
 914 005f 3A       		.uleb128 0x3a
 915 0060 0B       		.uleb128 0xb
 916 0061 3B       		.uleb128 0x3b
 917 0062 0B       		.uleb128 0xb
 918 0063 01       		.uleb128 0x1
 919 0064 13       		.uleb128 0x13
 920 0065 00       		.byte	0
 921 0066 00       		.byte	0
 922 0067 0A       		.uleb128 0xa
 923 0068 0D       		.uleb128 0xd
 924 0069 00       		.byte	0
 925 006a 03       		.uleb128 0x3
 926 006b 0E       		.uleb128 0xe
 927 006c 3A       		.uleb128 0x3a
 928 006d 0B       		.uleb128 0xb
 929 006e 3B       		.uleb128 0x3b
 930 006f 0B       		.uleb128 0xb
 931 0070 49       		.uleb128 0x49
 932 0071 13       		.uleb128 0x13
 933 0072 38       		.uleb128 0x38
 934 0073 0B       		.uleb128 0xb
 935 0074 00       		.byte	0
 936 0075 00       		.byte	0
 937 0076 0B       		.uleb128 0xb
 938 0077 13       		.uleb128 0x13
 939 0078 01       		.byte	0x1
 940 0079 0B       		.uleb128 0xb
 941 007a 0B       		.uleb128 0xb
 942 007b 3A       		.uleb128 0x3a
 943 007c 0B       		.uleb128 0xb
 944 007d 3B       		.uleb128 0x3b
 945 007e 0B       		.uleb128 0xb
 946 007f 01       		.uleb128 0x1
 947 0080 13       		.uleb128 0x13
 948 0081 00       		.byte	0
 949 0082 00       		.byte	0
 950 0083 0C       		.uleb128 0xc
 951 0084 2E       		.uleb128 0x2e
 952 0085 01       		.byte	0x1
 953 0086 3F       		.uleb128 0x3f
 954 0087 19       		.uleb128 0x19
 955 0088 03       		.uleb128 0x3
 956 0089 0E       		.uleb128 0xe
 957 008a 3A       		.uleb128 0x3a
 958 008b 0B       		.uleb128 0xb
 959 008c 3B       		.uleb128 0x3b
 960 008d 0B       		.uleb128 0xb
 961 008e 27       		.uleb128 0x27
 962 008f 19       		.uleb128 0x19
ARM GAS  /tmp/ccmkWEW9.s 			page 18


 963 0090 49       		.uleb128 0x49
 964 0091 13       		.uleb128 0x13
 965 0092 20       		.uleb128 0x20
 966 0093 0B       		.uleb128 0xb
 967 0094 01       		.uleb128 0x1
 968 0095 13       		.uleb128 0x13
 969 0096 00       		.byte	0
 970 0097 00       		.byte	0
 971 0098 0D       		.uleb128 0xd
 972 0099 05       		.uleb128 0x5
 973 009a 00       		.byte	0
 974 009b 03       		.uleb128 0x3
 975 009c 08       		.uleb128 0x8
 976 009d 3A       		.uleb128 0x3a
 977 009e 0B       		.uleb128 0xb
 978 009f 3B       		.uleb128 0x3b
 979 00a0 0B       		.uleb128 0xb
 980 00a1 49       		.uleb128 0x49
 981 00a2 13       		.uleb128 0x13
 982 00a3 00       		.byte	0
 983 00a4 00       		.byte	0
 984 00a5 0E       		.uleb128 0xe
 985 00a6 34       		.uleb128 0x34
 986 00a7 00       		.byte	0
 987 00a8 03       		.uleb128 0x3
 988 00a9 0E       		.uleb128 0xe
 989 00aa 3A       		.uleb128 0x3a
 990 00ab 0B       		.uleb128 0xb
 991 00ac 3B       		.uleb128 0x3b
 992 00ad 0B       		.uleb128 0xb
 993 00ae 49       		.uleb128 0x49
 994 00af 13       		.uleb128 0x13
 995 00b0 00       		.byte	0
 996 00b1 00       		.byte	0
 997 00b2 0F       		.uleb128 0xf
 998 00b3 2E       		.uleb128 0x2e
 999 00b4 01       		.byte	0x1
 1000 00b5 3F       		.uleb128 0x3f
 1001 00b6 19       		.uleb128 0x19
 1002 00b7 03       		.uleb128 0x3
 1003 00b8 0E       		.uleb128 0xe
 1004 00b9 3A       		.uleb128 0x3a
 1005 00ba 0B       		.uleb128 0xb
 1006 00bb 3B       		.uleb128 0x3b
 1007 00bc 0B       		.uleb128 0xb
 1008 00bd 27       		.uleb128 0x27
 1009 00be 19       		.uleb128 0x19
 1010 00bf 20       		.uleb128 0x20
 1011 00c0 0B       		.uleb128 0xb
 1012 00c1 01       		.uleb128 0x1
 1013 00c2 13       		.uleb128 0x13
 1014 00c3 00       		.byte	0
 1015 00c4 00       		.byte	0
 1016 00c5 10       		.uleb128 0x10
 1017 00c6 05       		.uleb128 0x5
 1018 00c7 00       		.byte	0
 1019 00c8 03       		.uleb128 0x3
ARM GAS  /tmp/ccmkWEW9.s 			page 19


 1020 00c9 0E       		.uleb128 0xe
 1021 00ca 3A       		.uleb128 0x3a
 1022 00cb 0B       		.uleb128 0xb
 1023 00cc 3B       		.uleb128 0x3b
 1024 00cd 0B       		.uleb128 0xb
 1025 00ce 49       		.uleb128 0x49
 1026 00cf 13       		.uleb128 0x13
 1027 00d0 00       		.byte	0
 1028 00d1 00       		.byte	0
 1029 00d2 11       		.uleb128 0x11
 1030 00d3 34       		.uleb128 0x34
 1031 00d4 00       		.byte	0
 1032 00d5 03       		.uleb128 0x3
 1033 00d6 08       		.uleb128 0x8
 1034 00d7 3A       		.uleb128 0x3a
 1035 00d8 0B       		.uleb128 0xb
 1036 00d9 3B       		.uleb128 0x3b
 1037 00da 0B       		.uleb128 0xb
 1038 00db 49       		.uleb128 0x49
 1039 00dc 13       		.uleb128 0x13
 1040 00dd 00       		.byte	0
 1041 00de 00       		.byte	0
 1042 00df 12       		.uleb128 0x12
 1043 00e0 0B       		.uleb128 0xb
 1044 00e1 01       		.byte	0x1
 1045 00e2 01       		.uleb128 0x1
 1046 00e3 13       		.uleb128 0x13
 1047 00e4 00       		.byte	0
 1048 00e5 00       		.byte	0
 1049 00e6 13       		.uleb128 0x13
 1050 00e7 0B       		.uleb128 0xb
 1051 00e8 01       		.byte	0x1
 1052 00e9 00       		.byte	0
 1053 00ea 00       		.byte	0
 1054 00eb 14       		.uleb128 0x14
 1055 00ec 2E       		.uleb128 0x2e
 1056 00ed 01       		.byte	0x1
 1057 00ee 3F       		.uleb128 0x3f
 1058 00ef 19       		.uleb128 0x19
 1059 00f0 03       		.uleb128 0x3
 1060 00f1 0E       		.uleb128 0xe
 1061 00f2 3A       		.uleb128 0x3a
 1062 00f3 0B       		.uleb128 0xb
 1063 00f4 3B       		.uleb128 0x3b
 1064 00f5 0B       		.uleb128 0xb
 1065 00f6 27       		.uleb128 0x27
 1066 00f7 19       		.uleb128 0x19
 1067 00f8 11       		.uleb128 0x11
 1068 00f9 01       		.uleb128 0x1
 1069 00fa 12       		.uleb128 0x12
 1070 00fb 06       		.uleb128 0x6
 1071 00fc 40       		.uleb128 0x40
 1072 00fd 18       		.uleb128 0x18
 1073 00fe 9742     		.uleb128 0x2117
 1074 0100 19       		.uleb128 0x19
 1075 0101 01       		.uleb128 0x1
 1076 0102 13       		.uleb128 0x13
ARM GAS  /tmp/ccmkWEW9.s 			page 20


 1077 0103 00       		.byte	0
 1078 0104 00       		.byte	0
 1079 0105 15       		.uleb128 0x15
 1080 0106 05       		.uleb128 0x5
 1081 0107 00       		.byte	0
 1082 0108 03       		.uleb128 0x3
 1083 0109 08       		.uleb128 0x8
 1084 010a 3A       		.uleb128 0x3a
 1085 010b 0B       		.uleb128 0xb
 1086 010c 3B       		.uleb128 0x3b
 1087 010d 0B       		.uleb128 0xb
 1088 010e 49       		.uleb128 0x49
 1089 010f 13       		.uleb128 0x13
 1090 0110 02       		.uleb128 0x2
 1091 0111 18       		.uleb128 0x18
 1092 0112 00       		.byte	0
 1093 0113 00       		.byte	0
 1094 0114 16       		.uleb128 0x16
 1095 0115 05       		.uleb128 0x5
 1096 0116 00       		.byte	0
 1097 0117 03       		.uleb128 0x3
 1098 0118 0E       		.uleb128 0xe
 1099 0119 3A       		.uleb128 0x3a
 1100 011a 0B       		.uleb128 0xb
 1101 011b 3B       		.uleb128 0x3b
 1102 011c 0B       		.uleb128 0xb
 1103 011d 49       		.uleb128 0x49
 1104 011e 13       		.uleb128 0x13
 1105 011f 02       		.uleb128 0x2
 1106 0120 18       		.uleb128 0x18
 1107 0121 00       		.byte	0
 1108 0122 00       		.byte	0
 1109 0123 17       		.uleb128 0x17
 1110 0124 05       		.uleb128 0x5
 1111 0125 00       		.byte	0
 1112 0126 03       		.uleb128 0x3
 1113 0127 08       		.uleb128 0x8
 1114 0128 3A       		.uleb128 0x3a
 1115 0129 0B       		.uleb128 0xb
 1116 012a 3B       		.uleb128 0x3b
 1117 012b 0B       		.uleb128 0xb
 1118 012c 49       		.uleb128 0x49
 1119 012d 13       		.uleb128 0x13
 1120 012e 02       		.uleb128 0x2
 1121 012f 17       		.uleb128 0x17
 1122 0130 00       		.byte	0
 1123 0131 00       		.byte	0
 1124 0132 18       		.uleb128 0x18
 1125 0133 1D       		.uleb128 0x1d
 1126 0134 01       		.byte	0x1
 1127 0135 31       		.uleb128 0x31
 1128 0136 13       		.uleb128 0x13
 1129 0137 11       		.uleb128 0x11
 1130 0138 01       		.uleb128 0x1
 1131 0139 12       		.uleb128 0x12
 1132 013a 06       		.uleb128 0x6
 1133 013b 58       		.uleb128 0x58
ARM GAS  /tmp/ccmkWEW9.s 			page 21


 1134 013c 0B       		.uleb128 0xb
 1135 013d 59       		.uleb128 0x59
 1136 013e 0B       		.uleb128 0xb
 1137 013f 00       		.byte	0
 1138 0140 00       		.byte	0
 1139 0141 19       		.uleb128 0x19
 1140 0142 05       		.uleb128 0x5
 1141 0143 00       		.byte	0
 1142 0144 31       		.uleb128 0x31
 1143 0145 13       		.uleb128 0x13
 1144 0146 02       		.uleb128 0x2
 1145 0147 17       		.uleb128 0x17
 1146 0148 00       		.byte	0
 1147 0149 00       		.byte	0
 1148 014a 1A       		.uleb128 0x1a
 1149 014b 0B       		.uleb128 0xb
 1150 014c 01       		.byte	0x1
 1151 014d 11       		.uleb128 0x11
 1152 014e 01       		.uleb128 0x1
 1153 014f 12       		.uleb128 0x12
 1154 0150 06       		.uleb128 0x6
 1155 0151 01       		.uleb128 0x1
 1156 0152 13       		.uleb128 0x13
 1157 0153 00       		.byte	0
 1158 0154 00       		.byte	0
 1159 0155 1B       		.uleb128 0x1b
 1160 0156 34       		.uleb128 0x34
 1161 0157 00       		.byte	0
 1162 0158 31       		.uleb128 0x31
 1163 0159 13       		.uleb128 0x13
 1164 015a 02       		.uleb128 0x2
 1165 015b 18       		.uleb128 0x18
 1166 015c 00       		.byte	0
 1167 015d 00       		.byte	0
 1168 015e 1C       		.uleb128 0x1c
 1169 015f 1D       		.uleb128 0x1d
 1170 0160 01       		.byte	0x1
 1171 0161 31       		.uleb128 0x31
 1172 0162 13       		.uleb128 0x13
 1173 0163 52       		.uleb128 0x52
 1174 0164 01       		.uleb128 0x1
 1175 0165 55       		.uleb128 0x55
 1176 0166 17       		.uleb128 0x17
 1177 0167 58       		.uleb128 0x58
 1178 0168 0B       		.uleb128 0xb
 1179 0169 59       		.uleb128 0x59
 1180 016a 0B       		.uleb128 0xb
 1181 016b 01       		.uleb128 0x1
 1182 016c 13       		.uleb128 0x13
 1183 016d 00       		.byte	0
 1184 016e 00       		.byte	0
 1185 016f 1D       		.uleb128 0x1d
 1186 0170 0B       		.uleb128 0xb
 1187 0171 01       		.byte	0x1
 1188 0172 55       		.uleb128 0x55
 1189 0173 17       		.uleb128 0x17
 1190 0174 00       		.byte	0
ARM GAS  /tmp/ccmkWEW9.s 			page 22


 1191 0175 00       		.byte	0
 1192 0176 1E       		.uleb128 0x1e
 1193 0177 34       		.uleb128 0x34
 1194 0178 00       		.byte	0
 1195 0179 31       		.uleb128 0x31
 1196 017a 13       		.uleb128 0x13
 1197 017b 02       		.uleb128 0x2
 1198 017c 17       		.uleb128 0x17
 1199 017d 00       		.byte	0
 1200 017e 00       		.byte	0
 1201 017f 1F       		.uleb128 0x1f
 1202 0180 2E       		.uleb128 0x2e
 1203 0181 01       		.byte	0x1
 1204 0182 31       		.uleb128 0x31
 1205 0183 13       		.uleb128 0x13
 1206 0184 11       		.uleb128 0x11
 1207 0185 01       		.uleb128 0x1
 1208 0186 12       		.uleb128 0x12
 1209 0187 06       		.uleb128 0x6
 1210 0188 40       		.uleb128 0x40
 1211 0189 18       		.uleb128 0x18
 1212 018a 9642     		.uleb128 0x2116
 1213 018c 19       		.uleb128 0x19
 1214 018d 01       		.uleb128 0x1
 1215 018e 13       		.uleb128 0x13
 1216 018f 00       		.byte	0
 1217 0190 00       		.byte	0
 1218 0191 20       		.uleb128 0x20
 1219 0192 2E       		.uleb128 0x2e
 1220 0193 01       		.byte	0x1
 1221 0194 3F       		.uleb128 0x3f
 1222 0195 19       		.uleb128 0x19
 1223 0196 03       		.uleb128 0x3
 1224 0197 0E       		.uleb128 0xe
 1225 0198 3A       		.uleb128 0x3a
 1226 0199 0B       		.uleb128 0xb
 1227 019a 3B       		.uleb128 0x3b
 1228 019b 0B       		.uleb128 0xb
 1229 019c 27       		.uleb128 0x27
 1230 019d 19       		.uleb128 0x19
 1231 019e 49       		.uleb128 0x49
 1232 019f 13       		.uleb128 0x13
 1233 01a0 11       		.uleb128 0x11
 1234 01a1 01       		.uleb128 0x1
 1235 01a2 12       		.uleb128 0x12
 1236 01a3 06       		.uleb128 0x6
 1237 01a4 40       		.uleb128 0x40
 1238 01a5 18       		.uleb128 0x18
 1239 01a6 9642     		.uleb128 0x2116
 1240 01a8 19       		.uleb128 0x19
 1241 01a9 01       		.uleb128 0x1
 1242 01aa 13       		.uleb128 0x13
 1243 01ab 00       		.byte	0
 1244 01ac 00       		.byte	0
 1245 01ad 21       		.uleb128 0x21
 1246 01ae 34       		.uleb128 0x34
 1247 01af 00       		.byte	0
ARM GAS  /tmp/ccmkWEW9.s 			page 23


 1248 01b0 03       		.uleb128 0x3
 1249 01b1 0E       		.uleb128 0xe
 1250 01b2 3A       		.uleb128 0x3a
 1251 01b3 0B       		.uleb128 0xb
 1252 01b4 3B       		.uleb128 0x3b
 1253 01b5 0B       		.uleb128 0xb
 1254 01b6 49       		.uleb128 0x49
 1255 01b7 13       		.uleb128 0x13
 1256 01b8 02       		.uleb128 0x2
 1257 01b9 18       		.uleb128 0x18
 1258 01ba 00       		.byte	0
 1259 01bb 00       		.byte	0
 1260 01bc 22       		.uleb128 0x22
 1261 01bd 34       		.uleb128 0x34
 1262 01be 00       		.byte	0
 1263 01bf 03       		.uleb128 0x3
 1264 01c0 08       		.uleb128 0x8
 1265 01c1 3A       		.uleb128 0x3a
 1266 01c2 0B       		.uleb128 0xb
 1267 01c3 3B       		.uleb128 0x3b
 1268 01c4 0B       		.uleb128 0xb
 1269 01c5 49       		.uleb128 0x49
 1270 01c6 13       		.uleb128 0x13
 1271 01c7 02       		.uleb128 0x2
 1272 01c8 18       		.uleb128 0x18
 1273 01c9 00       		.byte	0
 1274 01ca 00       		.byte	0
 1275 01cb 23       		.uleb128 0x23
 1276 01cc 2E       		.uleb128 0x2e
 1277 01cd 01       		.byte	0x1
 1278 01ce 31       		.uleb128 0x31
 1279 01cf 13       		.uleb128 0x13
 1280 01d0 11       		.uleb128 0x11
 1281 01d1 01       		.uleb128 0x1
 1282 01d2 12       		.uleb128 0x12
 1283 01d3 06       		.uleb128 0x6
 1284 01d4 40       		.uleb128 0x40
 1285 01d5 18       		.uleb128 0x18
 1286 01d6 9742     		.uleb128 0x2117
 1287 01d8 19       		.uleb128 0x19
 1288 01d9 01       		.uleb128 0x1
 1289 01da 13       		.uleb128 0x13
 1290 01db 00       		.byte	0
 1291 01dc 00       		.byte	0
 1292 01dd 24       		.uleb128 0x24
 1293 01de 05       		.uleb128 0x5
 1294 01df 00       		.byte	0
 1295 01e0 31       		.uleb128 0x31
 1296 01e1 13       		.uleb128 0x13
 1297 01e2 02       		.uleb128 0x2
 1298 01e3 18       		.uleb128 0x18
 1299 01e4 00       		.byte	0
 1300 01e5 00       		.byte	0
 1301 01e6 25       		.uleb128 0x25
 1302 01e7 2E       		.uleb128 0x2e
 1303 01e8 01       		.byte	0x1
 1304 01e9 31       		.uleb128 0x31
ARM GAS  /tmp/ccmkWEW9.s 			page 24


 1305 01ea 13       		.uleb128 0x13
 1306 01eb 11       		.uleb128 0x11
 1307 01ec 01       		.uleb128 0x1
 1308 01ed 12       		.uleb128 0x12
 1309 01ee 06       		.uleb128 0x6
 1310 01ef 40       		.uleb128 0x40
 1311 01f0 18       		.uleb128 0x18
 1312 01f1 9742     		.uleb128 0x2117
 1313 01f3 19       		.uleb128 0x19
 1314 01f4 00       		.byte	0
 1315 01f5 00       		.byte	0
 1316 01f6 00       		.byte	0
 1317              		.section	.debug_loc,"",%progbits
 1318              	.Ldebug_loc0:
 1319              	.LLST0:
 1320 0000 00000000 		.4byte	.LVL1
 1321 0004 1C000000 		.4byte	.LVL5
 1322 0008 0100     		.2byte	0x1
 1323 000a 51       		.byte	0x51
 1324 000b 1C000000 		.4byte	.LVL5
 1325 000f 24000000 		.4byte	.LFE8
 1326 0013 0100     		.2byte	0x1
 1327 0015 51       		.byte	0x51
 1328 0016 00000000 		.4byte	0
 1329 001a 00000000 		.4byte	0
 1330              	.LLST1:
 1331 001e 00000000 		.4byte	.LVL1
 1332 0022 04000000 		.4byte	.LVL2
 1333 0026 0100     		.2byte	0x1
 1334 0028 52       		.byte	0x52
 1335 0029 04000000 		.4byte	.LVL2
 1336 002d 1A000000 		.4byte	.LVL4
 1337 0031 0100     		.2byte	0x1
 1338 0033 52       		.byte	0x52
 1339 0034 1A000000 		.4byte	.LVL4
 1340 0038 1C000000 		.4byte	.LVL5
 1341 003c 0300     		.2byte	0x3
 1342 003e 72       		.byte	0x72
 1343 003f 01       		.sleb128 1
 1344 0040 9F       		.byte	0x9f
 1345 0041 00000000 		.4byte	0
 1346 0045 00000000 		.4byte	0
 1347              	.LLST2:
 1348 0049 04000000 		.4byte	.LVL2
 1349 004d 1C000000 		.4byte	.LVL5
 1350 0051 0100     		.2byte	0x1
 1351 0053 51       		.byte	0x51
 1352 0054 1C000000 		.4byte	.LVL5
 1353 0058 1E000000 		.4byte	.LVL6
 1354 005c 0200     		.2byte	0x2
 1355 005e 70       		.byte	0x70
 1356 005f 00       		.sleb128 0
 1357 0060 00000000 		.4byte	0
 1358 0064 00000000 		.4byte	0
 1359              	.LLST3:
 1360 0068 04000000 		.4byte	.LVL2
 1361 006c 1E000000 		.4byte	.LVL6
ARM GAS  /tmp/ccmkWEW9.s 			page 25


 1362 0070 0100     		.2byte	0x1
 1363 0072 50       		.byte	0x50
 1364 0073 00000000 		.4byte	0
 1365 0077 00000000 		.4byte	0
 1366              	.LLST4:
 1367 007b 0A000000 		.4byte	.LVL3
 1368 007f 1C000000 		.4byte	.LVL5
 1369 0083 0100     		.2byte	0x1
 1370 0085 51       		.byte	0x51
 1371 0086 1C000000 		.4byte	.LVL5
 1372 008a 1E000000 		.4byte	.LVL6
 1373 008e 0200     		.2byte	0x2
 1374 0090 70       		.byte	0x70
 1375 0091 00       		.sleb128 0
 1376 0092 00000000 		.4byte	0
 1377 0096 00000000 		.4byte	0
 1378              	.LLST5:
 1379 009a 0A000000 		.4byte	.LVL3
 1380 009e 1E000000 		.4byte	.LVL6
 1381 00a2 0100     		.2byte	0x1
 1382 00a4 50       		.byte	0x50
 1383 00a5 00000000 		.4byte	0
 1384 00a9 00000000 		.4byte	0
 1385              	.LLST7:
 1386 00ad 00000000 		.4byte	.LVL7
 1387 00b1 06000000 		.4byte	.LVL8
 1388 00b5 0100     		.2byte	0x1
 1389 00b7 50       		.byte	0x50
 1390 00b8 06000000 		.4byte	.LVL8
 1391 00bc 15000000 		.4byte	.LVL11-1
 1392 00c0 0100     		.2byte	0x1
 1393 00c2 53       		.byte	0x53
 1394 00c3 15000000 		.4byte	.LVL11-1
 1395 00c7 18000000 		.4byte	.LFE9
 1396 00cb 0400     		.2byte	0x4
 1397 00cd F3       		.byte	0xf3
 1398 00ce 01       		.uleb128 0x1
 1399 00cf 50       		.byte	0x50
 1400 00d0 9F       		.byte	0x9f
 1401 00d1 00000000 		.4byte	0
 1402 00d5 00000000 		.4byte	0
 1403              	.LLST8:
 1404 00d9 06000000 		.4byte	.LVL8
 1405 00dd 14000000 		.4byte	.LVL10
 1406 00e1 0100     		.2byte	0x1
 1407 00e3 50       		.byte	0x50
 1408 00e4 14000000 		.4byte	.LVL10
 1409 00e8 15000000 		.4byte	.LVL11-1
 1410 00ec 0200     		.2byte	0x2
 1411 00ee 73       		.byte	0x73
 1412 00ef 00       		.sleb128 0
 1413 00f0 16000000 		.4byte	.LVL11
 1414 00f4 18000000 		.4byte	.LFE9
 1415 00f8 0100     		.2byte	0x1
 1416 00fa 50       		.byte	0x50
 1417 00fb 00000000 		.4byte	0
 1418 00ff 00000000 		.4byte	0
ARM GAS  /tmp/ccmkWEW9.s 			page 26


 1419              	.LLST9:
 1420 0103 00000000 		.4byte	.LVL12
 1421 0107 0C000000 		.4byte	.LVL14
 1422 010b 0100     		.2byte	0x1
 1423 010d 50       		.byte	0x50
 1424 010e 0C000000 		.4byte	.LVL14
 1425 0112 23000000 		.4byte	.LVL16-1
 1426 0116 0100     		.2byte	0x1
 1427 0118 52       		.byte	0x52
 1428 0119 23000000 		.4byte	.LVL16-1
 1429 011d 2C000000 		.4byte	.LFE10
 1430 0121 0400     		.2byte	0x4
 1431 0123 F3       		.byte	0xf3
 1432 0124 01       		.uleb128 0x1
 1433 0125 50       		.byte	0x50
 1434 0126 9F       		.byte	0x9f
 1435 0127 00000000 		.4byte	0
 1436 012b 00000000 		.4byte	0
 1437              	.LLST10:
 1438 012f 0A000000 		.4byte	.LVL13
 1439 0133 0C000000 		.4byte	.LVL14
 1440 0137 0100     		.2byte	0x1
 1441 0139 50       		.byte	0x50
 1442 013a 0C000000 		.4byte	.LVL14
 1443 013e 23000000 		.4byte	.LVL16-1
 1444 0142 0100     		.2byte	0x1
 1445 0144 52       		.byte	0x52
 1446 0145 23000000 		.4byte	.LVL16-1
 1447 0149 2C000000 		.4byte	.LFE10
 1448 014d 0400     		.2byte	0x4
 1449 014f F3       		.byte	0xf3
 1450 0150 01       		.uleb128 0x1
 1451 0151 50       		.byte	0x50
 1452 0152 9F       		.byte	0x9f
 1453 0153 00000000 		.4byte	0
 1454 0157 00000000 		.4byte	0
 1455              	.LLST11:
 1456 015b 0C000000 		.4byte	.LVL14
 1457 015f 22000000 		.4byte	.LVL15
 1458 0163 0100     		.2byte	0x1
 1459 0165 50       		.byte	0x50
 1460 0166 22000000 		.4byte	.LVL15
 1461 016a 23000000 		.4byte	.LVL16-1
 1462 016e 0200     		.2byte	0x2
 1463 0170 72       		.byte	0x72
 1464 0171 00       		.sleb128 0
 1465 0172 24000000 		.4byte	.LVL16
 1466 0176 2C000000 		.4byte	.LFE10
 1467 017a 0100     		.2byte	0x1
 1468 017c 50       		.byte	0x50
 1469 017d 00000000 		.4byte	0
 1470 0181 00000000 		.4byte	0
 1471              		.section	.debug_aranges,"",%progbits
 1472 0000 44000000 		.4byte	0x44
 1473 0004 0200     		.2byte	0x2
 1474 0006 00000000 		.4byte	.Ldebug_info0
 1475 000a 04       		.byte	0x4
ARM GAS  /tmp/ccmkWEW9.s 			page 27


 1476 000b 00       		.byte	0
 1477 000c 0000     		.2byte	0
 1478 000e 0000     		.2byte	0
 1479 0010 00000000 		.4byte	.LFB7
 1480 0014 0A000000 		.4byte	.LFE7-.LFB7
 1481 0018 00000000 		.4byte	.LFB8
 1482 001c 24000000 		.4byte	.LFE8-.LFB8
 1483 0020 00000000 		.4byte	.LFB9
 1484 0024 18000000 		.4byte	.LFE9-.LFB9
 1485 0028 00000000 		.4byte	.LFB10
 1486 002c 2C000000 		.4byte	.LFE10-.LFB10
 1487 0030 00000000 		.4byte	.LFB11
 1488 0034 08000000 		.4byte	.LFE11-.LFB11
 1489 0038 00000000 		.4byte	.LFB12
 1490 003c 14000000 		.4byte	.LFE12-.LFB12
 1491 0040 00000000 		.4byte	0
 1492 0044 00000000 		.4byte	0
 1493              		.section	.debug_ranges,"",%progbits
 1494              	.Ldebug_ranges0:
 1495 0000 0A000000 		.4byte	.LBB18
 1496 0004 0C000000 		.4byte	.LBE18
 1497 0008 0E000000 		.4byte	.LBB22
 1498 000c 12000000 		.4byte	.LBE22
 1499 0010 00000000 		.4byte	0
 1500 0014 00000000 		.4byte	0
 1501 0018 0C000000 		.4byte	.LBB21
 1502 001c 0E000000 		.4byte	.LBE21
 1503 0020 12000000 		.4byte	.LBB23
 1504 0024 16000000 		.4byte	.LBE23
 1505 0028 00000000 		.4byte	0
 1506 002c 00000000 		.4byte	0
 1507 0030 0A000000 		.4byte	.LBB25
 1508 0034 12000000 		.4byte	.LBE25
 1509 0038 1A000000 		.4byte	.LBB29
 1510 003c 24000000 		.4byte	.LBE29
 1511 0040 00000000 		.4byte	0
 1512 0044 00000000 		.4byte	0
 1513 0048 12000000 		.4byte	.LBB28
 1514 004c 18000000 		.4byte	.LBE28
 1515 0050 24000000 		.4byte	.LBB30
 1516 0054 2A000000 		.4byte	.LBE30
 1517 0058 00000000 		.4byte	0
 1518 005c 00000000 		.4byte	0
 1519 0060 06000000 		.4byte	.LBB32
 1520 0064 08000000 		.4byte	.LBE32
 1521 0068 0A000000 		.4byte	.LBB36
 1522 006c 0E000000 		.4byte	.LBE36
 1523 0070 00000000 		.4byte	0
 1524 0074 00000000 		.4byte	0
 1525 0078 08000000 		.4byte	.LBB35
 1526 007c 0A000000 		.4byte	.LBE35
 1527 0080 0E000000 		.4byte	.LBB37
 1528 0084 14000000 		.4byte	.LBE37
 1529 0088 00000000 		.4byte	0
 1530 008c 00000000 		.4byte	0
 1531 0090 00000000 		.4byte	.LFB7
 1532 0094 0A000000 		.4byte	.LFE7
ARM GAS  /tmp/ccmkWEW9.s 			page 28


 1533 0098 00000000 		.4byte	.LFB8
 1534 009c 24000000 		.4byte	.LFE8
 1535 00a0 00000000 		.4byte	.LFB9
 1536 00a4 18000000 		.4byte	.LFE9
 1537 00a8 00000000 		.4byte	.LFB10
 1538 00ac 2C000000 		.4byte	.LFE10
 1539 00b0 00000000 		.4byte	.LFB11
 1540 00b4 08000000 		.4byte	.LFE11
 1541 00b8 00000000 		.4byte	.LFB12
 1542 00bc 14000000 		.4byte	.LFE12
 1543 00c0 00000000 		.4byte	0
 1544 00c4 00000000 		.4byte	0
 1545              		.section	.debug_line,"",%progbits
 1546              	.Ldebug_line0:
 1547 0000 C6010000 		.section	.debug_str,"MS",%progbits,1
 1547      02001B01 
 1547      00000201 
 1547      FB0E0D00 
 1547      01010101 
 1548              	.LASF3:
 1549 0000 5F5F7569 		.ascii	"__uint8_t\000"
 1549      6E74385F 
 1549      7400
 1550              	.LASF2:
 1551 000a 73697A65 		.ascii	"size_t\000"
 1551      5F7400
 1552              	.LASF32:
 1553 0011 2F6D6E74 		.ascii	"/mnt/c/Users/DQ Sullivan/Downloads/Convex/convex/co"
 1553      2F632F55 
 1553      73657273 
 1553      2F445120 
 1553      53756C6C 
 1554 0044 72746578 		.ascii	"rtex/projects/Vex2016 CyberBrains\000"
 1554      2F70726F 
 1554      6A656374 
 1554      732F5665 
 1554      78323031 
 1555              	.LASF19:
 1556 0066 6D705F6F 		.ascii	"mp_object_size\000"
 1556      626A6563 
 1556      745F7369 
 1556      7A6500
 1557              	.LASF29:
 1558 0075 6368506F 		.ascii	"chPoolLoadArray\000"
 1558      6F6C4C6F 
 1558      61644172 
 1558      72617900 
 1559              	.LASF33:
 1560 0085 706F6F6C 		.ascii	"pool_header\000"
 1560      5F686561 
 1560      64657200 
 1561              	.LASF26:
 1562 0091 73697A65 		.ascii	"size\000"
 1562      00
 1563              	.LASF9:
 1564 0096 6C6F6E67 		.ascii	"long unsigned int\000"
 1564      20756E73 
ARM GAS  /tmp/ccmkWEW9.s 			page 29


 1564      69676E65 
 1564      6420696E 
 1564      7400
 1565              	.LASF6:
 1566 00a8 73686F72 		.ascii	"short unsigned int\000"
 1566      7420756E 
 1566      7369676E 
 1566      65642069 
 1566      6E7400
 1567              	.LASF27:
 1568 00bb 70726F76 		.ascii	"provider\000"
 1568      69646572 
 1568      00
 1569              	.LASF24:
 1570 00c4 6368506F 		.ascii	"chPoolFreeI\000"
 1570      6F6C4672 
 1570      65654900 
 1571              	.LASF4:
 1572 00d0 756E7369 		.ascii	"unsigned char\000"
 1572      676E6564 
 1572      20636861 
 1572      7200
 1573              	.LASF30:
 1574 00de 474E5520 		.ascii	"GNU C 4.8.2 -mcpu=cortex-m3 -mno-thumb-interwork -m"
 1574      4320342E 
 1574      382E3220 
 1574      2D6D6370 
 1574      753D636F 
 1575 0111 7468756D 		.ascii	"thumb -ggdb -O2 -fomit-frame-pointer -falign-functi"
 1575      62202D67 
 1575      67646220 
 1575      2D4F3220 
 1575      2D666F6D 
 1576 0144 6F6E733D 		.ascii	"ons=16 -ffunction-sections -fdata-sections -fno-com"
 1576      3136202D 
 1576      6666756E 
 1576      6374696F 
 1576      6E2D7365 
 1577 0177 6D6F6E00 		.ascii	"mon\000"
 1578              	.LASF8:
 1579 017b 5F5F7569 		.ascii	"__uint32_t\000"
 1579      6E743332 
 1579      5F7400
 1580              	.LASF25:
 1581 0186 6368506F 		.ascii	"chPoolFree\000"
 1581      6F6C4672 
 1581      656500
 1582              	.LASF21:
 1583 0191 4D656D6F 		.ascii	"MemoryPool\000"
 1583      7279506F 
 1583      6F6C00
 1584              	.LASF23:
 1585 019c 6F626A70 		.ascii	"objp\000"
 1585      00
 1586              	.LASF34:
 1587 01a1 6368506F 		.ascii	"chPoolAllocI\000"
 1587      6F6C416C 
ARM GAS  /tmp/ccmkWEW9.s 			page 30


 1587      6C6F6349 
 1587      00
 1588              	.LASF0:
 1589 01ae 756E7369 		.ascii	"unsigned int\000"
 1589      676E6564 
 1589      20696E74 
 1589      00
 1590              	.LASF11:
 1591 01bb 6C6F6E67 		.ascii	"long long unsigned int\000"
 1591      206C6F6E 
 1591      6720756E 
 1591      7369676E 
 1591      65642069 
 1592              	.LASF12:
 1593 01d2 75696E74 		.ascii	"uint8_t\000"
 1593      385F7400 
 1594              	.LASF17:
 1595 01da 70685F6E 		.ascii	"ph_next\000"
 1595      65787400 
 1596              	.LASF31:
 1597 01e2 2E2E2F2E 		.ascii	"../../../../ChibiOS_2.6.2/os/kernel/src/chmempools."
 1597      2E2F2E2E 
 1597      2F2E2E2F 
 1597      43686962 
 1597      694F535F 
 1598 0215 6300     		.ascii	"c\000"
 1599              	.LASF15:
 1600 0217 73697A65 		.ascii	"sizetype\000"
 1600      74797065 
 1600      00
 1601              	.LASF10:
 1602 0220 6C6F6E67 		.ascii	"long long int\000"
 1602      206C6F6E 
 1602      6720696E 
 1602      7400
 1603              	.LASF22:
 1604 022e 63686172 		.ascii	"char\000"
 1604      00
 1605              	.LASF16:
 1606 0233 6D656D67 		.ascii	"memgetfunc_t\000"
 1606      65746675 
 1606      6E635F74 
 1606      00
 1607              	.LASF20:
 1608 0240 6D705F70 		.ascii	"mp_provider\000"
 1608      726F7669 
 1608      64657200 
 1609              	.LASF5:
 1610 024c 73686F72 		.ascii	"short int\000"
 1610      7420696E 
 1610      7400
 1611              	.LASF35:
 1612 0256 6368506F 		.ascii	"chPoolAlloc\000"
 1612      6F6C416C 
 1612      6C6F6300 
 1613              	.LASF13:
 1614 0262 75696E74 		.ascii	"uint32_t\000"
ARM GAS  /tmp/ccmkWEW9.s 			page 31


 1614      33325F74 
 1614      00
 1615              	.LASF7:
 1616 026b 6C6F6E67 		.ascii	"long int\000"
 1616      20696E74 
 1616      00
 1617              	.LASF1:
 1618 0274 7369676E 		.ascii	"signed char\000"
 1618      65642063 
 1618      68617200 
 1619              	.LASF18:
 1620 0280 6D705F6E 		.ascii	"mp_next\000"
 1620      65787400 
 1621              	.LASF14:
 1622 0288 5F426F6F 		.ascii	"_Bool\000"
 1622      6C00
 1623              	.LASF28:
 1624 028e 6368506F 		.ascii	"chPoolInit\000"
 1624      6F6C496E 
 1624      697400
 1625              		.ident	"GCC: (4.8.2-14ubuntu1+6) 4.8.2"
ARM GAS  /tmp/ccmkWEW9.s 			page 32


DEFINED SYMBOLS
                            *ABS*:0000000000000000 chmempools.c
     /tmp/ccmkWEW9.s:19     .text.chPoolInit:0000000000000000 $t
     /tmp/ccmkWEW9.s:25     .text.chPoolInit:0000000000000000 chPoolInit
     /tmp/ccmkWEW9.s:47     .text.chPoolLoadArray:0000000000000000 $t
     /tmp/ccmkWEW9.s:53     .text.chPoolLoadArray:0000000000000000 chPoolLoadArray
     /tmp/ccmkWEW9.s:123    .text.chPoolAllocI:0000000000000000 $t
     /tmp/ccmkWEW9.s:129    .text.chPoolAllocI:0000000000000000 chPoolAllocI
     /tmp/ccmkWEW9.s:167    .text.chPoolAlloc:0000000000000000 $t
     /tmp/ccmkWEW9.s:173    .text.chPoolAlloc:0000000000000000 chPoolAlloc
     /tmp/ccmkWEW9.s:245    .text.chPoolFreeI:0000000000000000 $t
     /tmp/ccmkWEW9.s:251    .text.chPoolFreeI:0000000000000000 chPoolFreeI
     /tmp/ccmkWEW9.s:270    .text.chPoolFree:0000000000000000 $t
     /tmp/ccmkWEW9.s:276    .text.chPoolFree:0000000000000000 chPoolFree
                     .debug_frame:0000000000000010 $d

NO UNDEFINED SYMBOLS
