ARM GAS  /tmp/ccl4LSH7.s 			page 1


   1              		.syntax unified
   2              		.cpu cortex-m3
   3              		.fpu softvfp
   4              		.eabi_attribute 20, 1
   5              		.eabi_attribute 21, 1
   6              		.eabi_attribute 23, 3
   7              		.eabi_attribute 24, 1
   8              		.eabi_attribute 25, 1
   9              		.eabi_attribute 26, 1
  10              		.eabi_attribute 30, 2
  11              		.eabi_attribute 34, 1
  12              		.eabi_attribute 18, 4
  13              		.thumb
  14              		.file	"chsys.c"
  15              		.text
  16              	.Ltext0:
  17              		.cfi_sections	.debug_frame
  18              		.section	.text._idle_thread,"ax",%progbits
  19              		.align	2
  20              		.p2align 4,,15
  21              		.global	_idle_thread
  22              		.thumb
  23              		.thumb_func
  24              		.type	_idle_thread, %function
  25              	_idle_thread:
  26              	.LFB7:
  27              		.file 1 "../../../../ChibiOS_2.6.2/os/kernel/src/chsys.c"
  28              		.loc 1 61 0
  29              		.cfi_startproc
  30              		@ Volatile: function does not return.
  31              		@ args = 0, pretend = 0, frame = 0
  32              		@ frame_needed = 0, uses_anonymous_args = 0
  33              		@ link register save eliminated.
  34              	.LVL0:
  35              		.loc 1 64 0
  36 0000 40F20003 		movw	r3, #:lower16:rlist
  37 0004 C0F20003 		movt	r3, #:upper16:rlist
  38 0008 9A69     		ldr	r2, [r3, #24]
  39 000a 40F20003 		movw	r3, #:lower16:.LC0
  40 000e C0F20003 		movt	r3, #:upper16:.LC0
  41 0012 9361     		str	r3, [r2, #24]
  42              	.L2:
  43 0014 FEE7     		b	.L2
  44              		.cfi_endproc
  45              	.LFE7:
  46              		.size	_idle_thread, .-_idle_thread
  47 0016 00BFAFF3 		.section	.text.chSysInit,"ax",%progbits
  47      0080AFF3 
  47      0080
  48              		.align	2
  49              		.p2align 4,,15
  50              		.global	chSysInit
  51              		.thumb
  52              		.thumb_func
  53              		.type	chSysInit, %function
  54              	chSysInit:
  55              	.LFB8:
ARM GAS  /tmp/ccl4LSH7.s 			page 2


  56              		.loc 1 84 0
  57              		.cfi_startproc
  58              		@ args = 0, pretend = 0, frame = 0
  59              		@ frame_needed = 0, uses_anonymous_args = 0
  60 0000 10B5     		push	{r4, lr}
  61              		.cfi_def_cfa_offset 8
  62              		.cfi_offset 4, -8
  63              		.cfi_offset 14, -4
  64 0002 82B0     		sub	sp, sp, #8
  65              		.cfi_def_cfa_offset 16
  66              		.loc 1 90 0
  67 0004 FFF7FEFF 		bl	_port_init
  68              	.LVL1:
  69              		.loc 1 91 0
  70 0008 FFF7FEFF 		bl	_scheduler_init
  71              	.LVL2:
  72              		.loc 1 92 0
  73 000c FFF7FEFF 		bl	_vt_init
  74              	.LVL3:
  75              		.loc 1 94 0
  76 0010 FFF7FEFF 		bl	_core_init
  77              	.LVL4:
  78              		.loc 1 97 0
  79 0014 FFF7FEFF 		bl	_heap_init
  80              	.LVL5:
  81              		.loc 1 104 0
  82 0018 40F20000 		movw	r0, #:lower16:.LANCHOR0
  83 001c 4021     		movs	r1, #64
  84 001e C0F20000 		movt	r0, #:upper16:.LANCHOR0
  85 0022 FFF7FEFF 		bl	_thread_init
  86              	.LVL6:
  87 0026 40F20003 		movw	r3, #:lower16:rlist
  88 002a C0F20003 		movt	r3, #:upper16:rlist
  89              		.loc 1 105 0
  90 002e 0122     		movs	r2, #1
  91              		.loc 1 104 0
  92 0030 9861     		str	r0, [r3, #24]
  93              		.loc 1 105 0
  94 0032 0277     		strb	r2, [r0, #28]
  95              	.LBB2:
  96              		.loc 1 111 0
  97 0034 0023     		movs	r3, #0
  98              	@ 111 "../../../../ChibiOS_2.6.2/os/kernel/src/chsys.c" 1
  99 0036 83F31188 		msr     BASEPRI, r3                    
 100 003a 62B6     		cpsie   i
 101              	@ 0 "" 2
 102              		.thumb
 103              	.LBE2:
 104              		.loc 1 115 0
 105 003c 40F20003 		movw	r3, #:lower16:rlist
 106 0040 C0F20003 		movt	r3, #:upper16:rlist
 107 0044 9C69     		ldr	r4, [r3, #24]
 108 0046 40F20002 		movw	r2, #:lower16:ch_debug
 109 004a C0F20002 		movt	r2, #:upper16:ch_debug
 110              		.loc 1 121 0
 111 004e 0021     		movs	r1, #0
 112 0050 40F20000 		movw	r0, #:lower16:.LANCHOR1
ARM GAS  /tmp/ccl4LSH7.s 			page 3


 113 0054 40F20003 		movw	r3, #:lower16:_idle_thread
 114              		.loc 1 115 0
 115 0058 A261     		str	r2, [r4, #24]
 116              		.loc 1 121 0
 117 005a C0F20003 		movt	r3, #:upper16:_idle_thread
 118 005e 0091     		str	r1, [sp]
 119 0060 0122     		movs	r2, #1
 120 0062 C021     		movs	r1, #192
 121 0064 C0F20000 		movt	r0, #:upper16:.LANCHOR1
 122 0068 FFF7FEFF 		bl	chThdCreateStatic
 123              	.LVL7:
 124              		.loc 1 124 0
 125 006c 02B0     		add	sp, sp, #8
 126              		@ sp needed
 127 006e 10BD     		pop	{r4, pc}
 128              		.cfi_endproc
 129              	.LFE8:
 130              		.size	chSysInit, .-chSysInit
 131              		.section	.text.chSysTimerHandlerI,"ax",%progbits
 132              		.align	2
 133              		.p2align 4,,15
 134              		.global	chSysTimerHandlerI
 135              		.thumb
 136              		.thumb_func
 137              		.type	chSysTimerHandlerI, %function
 138              	chSysTimerHandlerI:
 139              	.LFB9:
 140              		.loc 1 137 0
 141              		.cfi_startproc
 142              		@ args = 0, pretend = 0, frame = 0
 143              		@ frame_needed = 0, uses_anonymous_args = 0
 144 0000 70B5     		push	{r4, r5, r6, lr}
 145              		.cfi_def_cfa_offset 16
 146              		.cfi_offset 4, -16
 147              		.cfi_offset 5, -12
 148              		.cfi_offset 6, -8
 149              		.cfi_offset 14, -4
 150              		.loc 1 143 0
 151 0002 40F20003 		movw	r3, #:lower16:rlist
 152 0006 C0F20003 		movt	r3, #:upper16:rlist
 153 000a 9B69     		ldr	r3, [r3, #24]
 154 000c DA7F     		ldrb	r2, [r3, #31]	@ zero_extendqisi2
 155 000e 0AB1     		cbz	r2, .L6
 156              		.loc 1 145 0
 157 0010 013A     		subs	r2, r2, #1
 158 0012 DA77     		strb	r2, [r3, #31]
 159              	.L6:
 160              		.loc 1 148 0
 161 0014 1A6A     		ldr	r2, [r3, #32]
 162              		.loc 1 150 0
 163 0016 40F20001 		movw	r1, #:lower16:vtlist
 164              		.loc 1 148 0
 165 001a 0132     		adds	r2, r2, #1
 166              		.loc 1 150 0
 167 001c C0F20001 		movt	r1, #:upper16:vtlist
 168              		.loc 1 148 0
 169 0020 1A62     		str	r2, [r3, #32]
ARM GAS  /tmp/ccl4LSH7.s 			page 4


 170              		.loc 1 150 0
 171 0022 CB68     		ldr	r3, [r1, #12]
 172 0024 0A68     		ldr	r2, [r1]
 173 0026 0133     		adds	r3, r3, #1
 174 0028 8A42     		cmp	r2, r1
 175 002a CB60     		str	r3, [r1, #12]
 176 002c 19D0     		beq	.L5
 177              	.LBB3:
 178              		.loc 1 150 0 is_stmt 0 discriminator 1
 179 002e 9668     		ldr	r6, [r2, #8]
 180 0030 013E     		subs	r6, r6, #1
 181 0032 9660     		str	r6, [r2, #8]
 182              	.LVL8:
 183 0034 AEB9     		cbnz	r6, .L5
 184              		.loc 1 150 0
 185 0036 0D46     		mov	r5, r1
 186              	.L9:
 187              	.LBB4:
 188              		.loc 1 150 0 discriminator 2
 189 0038 1068     		ldr	r0, [r2]
 190 003a D468     		ldr	r4, [r2, #12]
 191              	.LVL9:
 192 003c 0860     		str	r0, [r1]
 193 003e D660     		str	r6, [r2, #12]
 194              	.LBB5:
 195 0040 0023     		movs	r3, #0
 196              	.LBE5:
 197 0042 4160     		str	r1, [r0, #4]
 198              	.LBB6:
 199              	@ 150 "../../../../ChibiOS_2.6.2/os/kernel/src/chsys.c" 1
 200 0044 83F31188 		msr     BASEPRI, r3
 201              	@ 0 "" 2
 202              		.thumb
 203              	.LBE6:
 204 0048 1069     		ldr	r0, [r2, #16]
 205 004a A047     		blx	r4
 206              	.LVL10:
 207              	.LBB7:
 208 004c 2023     		movs	r3, #32
 209              	@ 150 "../../../../ChibiOS_2.6.2/os/kernel/src/chsys.c" 1
 210 004e 83F31188 		msr     BASEPRI, r3
 211              	@ 0 "" 2
 212              		.thumb
 213              	.LBE7:
 214              	.LBE4:
 215 0052 2A68     		ldr	r2, [r5]
 216              	.LVL11:
 217 0054 40F20001 		movw	r1, #:lower16:vtlist
 218 0058 9368     		ldr	r3, [r2, #8]
 219 005a C0F20001 		movt	r1, #:upper16:vtlist
 220 005e 002B     		cmp	r3, #0
 221 0060 EAD0     		beq	.L9
 222              	.LVL12:
 223              	.L5:
 224 0062 70BD     		pop	{r4, r5, r6, pc}
 225              	.LBE3:
 226              		.cfi_endproc
ARM GAS  /tmp/ccl4LSH7.s 			page 5


 227              	.LFE9:
 228              		.size	chSysTimerHandlerI, .-chSysTimerHandlerI
 229              		.global	_idle_thread_wa
 230 0064 AFF30080 		.section	.rodata.str1.4,"aMS",%progbits,1
 230      AFF30080 
 230      AFF30080 
 231              		.align	2
 232              	.LC0:
 233 0000 69646C65 		.ascii	"idle\000"
 233      00
 234 0005 000000   		.section	.bss.mainthread.4794,"aw",%nobits
 235              		.align	2
 236              		.set	.LANCHOR0,. + 0
 237              		.type	mainthread.4794, %object
 238              		.size	mainthread.4794, 72
 239              	mainthread.4794:
 240 0000 00000000 		.space	72
 240      00000000 
 240      00000000 
 240      00000000 
 240      00000000 
 241              		.section	.bss._idle_thread_wa,"aw",%nobits
 242              		.align	3
 243              		.set	.LANCHOR1,. + 0
 244              		.type	_idle_thread_wa, %object
 245              		.size	_idle_thread_wa, 192
 246              	_idle_thread_wa:
 247 0000 00000000 		.space	192
 247      00000000 
 247      00000000 
 247      00000000 
 247      00000000 
 248              		.text
 249              	.Letext0:
 250              		.file 2 "/usr/lib/gcc/arm-none-eabi/4.8.2/include/stddef.h"
 251              		.file 3 "/usr/include/newlib/machine/_default_types.h"
 252              		.file 4 "/usr/include/newlib/stdint.h"
 253              		.file 5 "../../../../ChibiOS_2.6.2/os/ports/GCC/ARMCMx/chtypes.h"
 254              		.file 6 "../../../../ChibiOS_2.6.2/os/kernel/include/chlists.h"
 255              		.file 7 "../../../../ChibiOS_2.6.2/os/kernel/include/chthreads.h"
 256              		.file 8 "../../../../ChibiOS_2.6.2/os/ports/GCC/ARMCMx/chcore_v7m.h"
 257              		.file 9 "../../../../ChibiOS_2.6.2/os/kernel/include/chvt.h"
 258              		.file 10 "../../../../ChibiOS_2.6.2/os/kernel/include/chschd.h"
 259              		.file 11 "../../../../ChibiOS_2.6.2/os/kernel/include/chmtx.h"
 260              		.file 12 "../../../../ChibiOS_2.6.2/os/kernel/include/chregistry.h"
 261              		.file 13 "../../../../ChibiOS_2.6.2/os/kernel/include/chmemcore.h"
 262              		.file 14 "../../../../ChibiOS_2.6.2/os/kernel/include/chheap.h"
 263              		.section	.debug_info,"",%progbits
 264              	.Ldebug_info0:
 265 0000 23080000 		.4byte	0x823
 266 0004 0400     		.2byte	0x4
 267 0006 00000000 		.4byte	.Ldebug_abbrev0
 268 000a 04       		.byte	0x4
 269 000b 01       		.uleb128 0x1
 270 000c 1B020000 		.4byte	.LASF114
 271 0010 01       		.byte	0x1
 272 0011 8C030000 		.4byte	.LASF115
ARM GAS  /tmp/ccl4LSH7.s 			page 6


 273 0015 C6010000 		.4byte	.LASF116
 274 0019 18000000 		.4byte	.Ldebug_ranges0+0x18
 275 001d 00000000 		.4byte	0
 276 0021 00000000 		.4byte	.Ldebug_line0
 277 0025 02       		.uleb128 0x2
 278 0026 04       		.byte	0x4
 279 0027 05       		.byte	0x5
 280 0028 696E7400 		.ascii	"int\000"
 281 002c 03       		.uleb128 0x3
 282 002d 1B000000 		.4byte	.LASF2
 283 0031 02       		.byte	0x2
 284 0032 D4       		.byte	0xd4
 285 0033 37000000 		.4byte	0x37
 286 0037 04       		.uleb128 0x4
 287 0038 04       		.byte	0x4
 288 0039 07       		.byte	0x7
 289 003a 72010000 		.4byte	.LASF0
 290 003e 04       		.uleb128 0x4
 291 003f 01       		.byte	0x1
 292 0040 06       		.byte	0x6
 293 0041 C1000000 		.4byte	.LASF1
 294 0045 03       		.uleb128 0x3
 295 0046 32000000 		.4byte	.LASF3
 296 004a 03       		.byte	0x3
 297 004b 1C       		.byte	0x1c
 298 004c 50000000 		.4byte	0x50
 299 0050 04       		.uleb128 0x4
 300 0051 01       		.byte	0x1
 301 0052 08       		.byte	0x8
 302 0053 16040000 		.4byte	.LASF4
 303 0057 04       		.uleb128 0x4
 304 0058 02       		.byte	0x2
 305 0059 05       		.byte	0x5
 306 005a 39040000 		.4byte	.LASF5
 307 005e 03       		.uleb128 0x3
 308 005f DB040000 		.4byte	.LASF6
 309 0063 03       		.byte	0x3
 310 0064 26       		.byte	0x26
 311 0065 69000000 		.4byte	0x69
 312 0069 04       		.uleb128 0x4
 313 006a 02       		.byte	0x2
 314 006b 07       		.byte	0x7
 315 006c C0020000 		.4byte	.LASF7
 316 0070 03       		.uleb128 0x3
 317 0071 02050000 		.4byte	.LASF8
 318 0075 03       		.byte	0x3
 319 0076 37       		.byte	0x37
 320 0077 7B000000 		.4byte	0x7b
 321 007b 04       		.uleb128 0x4
 322 007c 04       		.byte	0x4
 323 007d 05       		.byte	0x5
 324 007e 04010000 		.4byte	.LASF9
 325 0082 03       		.uleb128 0x3
 326 0083 41010000 		.4byte	.LASF10
 327 0087 03       		.byte	0x3
 328 0088 38       		.byte	0x38
 329 0089 8D000000 		.4byte	0x8d
ARM GAS  /tmp/ccl4LSH7.s 			page 7


 330 008d 04       		.uleb128 0x4
 331 008e 04       		.byte	0x4
 332 008f 07       		.byte	0x7
 333 0090 94010000 		.4byte	.LASF11
 334 0094 04       		.uleb128 0x4
 335 0095 08       		.byte	0x8
 336 0096 05       		.byte	0x5
 337 0097 B3000000 		.4byte	.LASF12
 338 009b 03       		.uleb128 0x3
 339 009c DB030000 		.4byte	.LASF13
 340 00a0 03       		.byte	0x3
 341 00a1 4E       		.byte	0x4e
 342 00a2 A6000000 		.4byte	0xa6
 343 00a6 04       		.uleb128 0x4
 344 00a7 08       		.byte	0x8
 345 00a8 07       		.byte	0x7
 346 00a9 56000000 		.4byte	.LASF14
 347 00ad 03       		.uleb128 0x3
 348 00ae 57050000 		.4byte	.LASF15
 349 00b2 04       		.byte	0x4
 350 00b3 2A       		.byte	0x2a
 351 00b4 45000000 		.4byte	0x45
 352 00b8 03       		.uleb128 0x3
 353 00b9 16010000 		.4byte	.LASF16
 354 00bd 04       		.byte	0x4
 355 00be 36       		.byte	0x36
 356 00bf 5E000000 		.4byte	0x5e
 357 00c3 03       		.uleb128 0x3
 358 00c4 0E040000 		.4byte	.LASF17
 359 00c8 04       		.byte	0x4
 360 00c9 41       		.byte	0x41
 361 00ca 70000000 		.4byte	0x70
 362 00ce 03       		.uleb128 0x3
 363 00cf AC040000 		.4byte	.LASF18
 364 00d3 04       		.byte	0x4
 365 00d4 42       		.byte	0x42
 366 00d5 82000000 		.4byte	0x82
 367 00d9 03       		.uleb128 0x3
 368 00da 29000000 		.4byte	.LASF19
 369 00de 04       		.byte	0x4
 370 00df 4E       		.byte	0x4e
 371 00e0 9B000000 		.4byte	0x9b
 372 00e4 04       		.uleb128 0x4
 373 00e5 01       		.byte	0x1
 374 00e6 02       		.byte	0x2
 375 00e7 08040000 		.4byte	.LASF20
 376 00eb 03       		.uleb128 0x3
 377 00ec E1020000 		.4byte	.LASF21
 378 00f0 05       		.byte	0x5
 379 00f1 2C       		.byte	0x2c
 380 00f2 AD000000 		.4byte	0xad
 381 00f6 03       		.uleb128 0x3
 382 00f7 0D010000 		.4byte	.LASF22
 383 00fb 05       		.byte	0x5
 384 00fc 2D       		.byte	0x2d
 385 00fd AD000000 		.4byte	0xad
 386 0101 03       		.uleb128 0x3
ARM GAS  /tmp/ccl4LSH7.s 			page 8


 387 0102 E6030000 		.4byte	.LASF23
 388 0106 05       		.byte	0x5
 389 0107 2E       		.byte	0x2e
 390 0108 AD000000 		.4byte	0xad
 391 010c 03       		.uleb128 0x3
 392 010d FA000000 		.4byte	.LASF24
 393 0111 05       		.byte	0x5
 394 0112 2F       		.byte	0x2f
 395 0113 AD000000 		.4byte	0xad
 396 0117 03       		.uleb128 0x3
 397 0118 00040000 		.4byte	.LASF25
 398 011c 05       		.byte	0x5
 399 011d 30       		.byte	0x30
 400 011e CE000000 		.4byte	0xce
 401 0122 03       		.uleb128 0x3
 402 0123 D3020000 		.4byte	.LASF26
 403 0127 05       		.byte	0x5
 404 0128 31       		.byte	0x31
 405 0129 C3000000 		.4byte	0xc3
 406 012d 03       		.uleb128 0x3
 407 012e F5020000 		.4byte	.LASF27
 408 0132 05       		.byte	0x5
 409 0133 33       		.byte	0x33
 410 0134 CE000000 		.4byte	0xce
 411 0138 03       		.uleb128 0x3
 412 0139 ED040000 		.4byte	.LASF28
 413 013d 05       		.byte	0x5
 414 013e 35       		.byte	0x35
 415 013f CE000000 		.4byte	0xce
 416 0143 03       		.uleb128 0x3
 417 0144 8D040000 		.4byte	.LASF29
 418 0148 06       		.byte	0x6
 419 0149 2A       		.byte	0x2a
 420 014a 4E010000 		.4byte	0x14e
 421 014e 05       		.uleb128 0x5
 422 014f 8D040000 		.4byte	.LASF29
 423 0153 48       		.byte	0x48
 424 0154 07       		.byte	0x7
 425 0155 5E       		.byte	0x5e
 426 0156 4B020000 		.4byte	0x24b
 427 015a 06       		.uleb128 0x6
 428 015b 6F040000 		.4byte	.LASF30
 429 015f 07       		.byte	0x7
 430 0160 5F       		.byte	0x5f
 431 0161 6C020000 		.4byte	0x26c
 432 0165 00       		.byte	0
 433 0166 06       		.uleb128 0x6
 434 0167 F9030000 		.4byte	.LASF31
 435 016b 07       		.byte	0x7
 436 016c 61       		.byte	0x61
 437 016d 6C020000 		.4byte	0x26c
 438 0171 04       		.byte	0x4
 439 0172 06       		.uleb128 0x6
 440 0173 8F000000 		.4byte	.LASF32
 441 0177 07       		.byte	0x7
 442 0178 63       		.byte	0x63
 443 0179 17010000 		.4byte	0x117
ARM GAS  /tmp/ccl4LSH7.s 			page 9


 444 017d 08       		.byte	0x8
 445 017e 06       		.uleb128 0x6
 446 017f 9D050000 		.4byte	.LASF33
 447 0183 07       		.byte	0x7
 448 0184 64       		.byte	0x64
 449 0185 31030000 		.4byte	0x331
 450 0189 0C       		.byte	0xc
 451 018a 06       		.uleb128 0x6
 452 018b 29010000 		.4byte	.LASF34
 453 018f 07       		.byte	0x7
 454 0190 66       		.byte	0x66
 455 0191 6C020000 		.4byte	0x26c
 456 0195 10       		.byte	0x10
 457 0196 06       		.uleb128 0x6
 458 0197 69030000 		.4byte	.LASF35
 459 019b 07       		.byte	0x7
 460 019c 67       		.byte	0x67
 461 019d 6C020000 		.4byte	0x26c
 462 01a1 14       		.byte	0x14
 463 01a2 06       		.uleb128 0x6
 464 01a3 71050000 		.4byte	.LASF36
 465 01a7 07       		.byte	0x7
 466 01a8 6E       		.byte	0x6e
 467 01a9 EB040000 		.4byte	0x4eb
 468 01ad 18       		.byte	0x18
 469 01ae 06       		.uleb128 0x6
 470 01af 43040000 		.4byte	.LASF37
 471 01b3 07       		.byte	0x7
 472 01b4 79       		.byte	0x79
 473 01b5 F6000000 		.4byte	0xf6
 474 01b9 1C       		.byte	0x1c
 475 01ba 06       		.uleb128 0x6
 476 01bb 85040000 		.4byte	.LASF38
 477 01bf 07       		.byte	0x7
 478 01c0 7D       		.byte	0x7d
 479 01c1 EB000000 		.4byte	0xeb
 480 01c5 1D       		.byte	0x1d
 481 01c6 06       		.uleb128 0x6
 482 01c7 40050000 		.4byte	.LASF39
 483 01cb 07       		.byte	0x7
 484 01cc 82       		.byte	0x82
 485 01cd 01010000 		.4byte	0x101
 486 01d1 1E       		.byte	0x1e
 487 01d2 06       		.uleb128 0x6
 488 01d3 4B040000 		.4byte	.LASF40
 489 01d7 07       		.byte	0x7
 490 01d8 88       		.byte	0x88
 491 01d9 0C010000 		.4byte	0x10c
 492 01dd 1F       		.byte	0x1f
 493 01de 06       		.uleb128 0x6
 494 01df 15050000 		.4byte	.LASF41
 495 01e3 07       		.byte	0x7
 496 01e4 8F       		.byte	0x8f
 497 01e5 08040000 		.4byte	0x408
 498 01e9 20       		.byte	0x20
 499 01ea 07       		.uleb128 0x7
 500 01eb 705F7500 		.ascii	"p_u\000"
ARM GAS  /tmp/ccl4LSH7.s 			page 10


 501 01ef 07       		.byte	0x7
 502 01f0 B4       		.byte	0xb4
 503 01f1 B6040000 		.4byte	0x4b6
 504 01f5 24       		.byte	0x24
 505 01f6 06       		.uleb128 0x6
 506 01f7 A3050000 		.4byte	.LASF42
 507 01fb 07       		.byte	0x7
 508 01fc B9       		.byte	0xb9
 509 01fd 92020000 		.4byte	0x292
 510 0201 28       		.byte	0x28
 511 0202 06       		.uleb128 0x6
 512 0203 23050000 		.4byte	.LASF43
 513 0207 07       		.byte	0x7
 514 0208 BF       		.byte	0xbf
 515 0209 72020000 		.4byte	0x272
 516 020d 2C       		.byte	0x2c
 517 020e 06       		.uleb128 0x6
 518 020f 15000000 		.4byte	.LASF44
 519 0213 07       		.byte	0x7
 520 0214 C3       		.byte	0xc3
 521 0215 22010000 		.4byte	0x122
 522 0219 34       		.byte	0x34
 523 021a 06       		.uleb128 0x6
 524 021b A1040000 		.4byte	.LASF45
 525 021f 07       		.byte	0x7
 526 0220 C9       		.byte	0xc9
 527 0221 2D010000 		.4byte	0x12d
 528 0225 38       		.byte	0x38
 529 0226 06       		.uleb128 0x6
 530 0227 2F040000 		.4byte	.LASF46
 531 022b 07       		.byte	0x7
 532 022c D0       		.byte	0xd0
 533 022d FD040000 		.4byte	0x4fd
 534 0231 3C       		.byte	0x3c
 535 0232 06       		.uleb128 0x6
 536 0233 F7040000 		.4byte	.LASF47
 537 0237 07       		.byte	0x7
 538 0238 D4       		.byte	0xd4
 539 0239 17010000 		.4byte	0x117
 540 023d 40       		.byte	0x40
 541 023e 06       		.uleb128 0x6
 542 023f EA000000 		.4byte	.LASF48
 543 0243 07       		.byte	0x7
 544 0244 DA       		.byte	0xda
 545 0245 A8020000 		.4byte	0x2a8
 546 0249 44       		.byte	0x44
 547 024a 00       		.byte	0
 548 024b 08       		.uleb128 0x8
 549 024c 08       		.byte	0x8
 550 024d 06       		.byte	0x6
 551 024e 61       		.byte	0x61
 552 024f 6C020000 		.4byte	0x26c
 553 0253 06       		.uleb128 0x6
 554 0254 6F040000 		.4byte	.LASF30
 555 0258 06       		.byte	0x6
 556 0259 62       		.byte	0x62
 557 025a 6C020000 		.4byte	0x26c
ARM GAS  /tmp/ccl4LSH7.s 			page 11


 558 025e 00       		.byte	0
 559 025f 06       		.uleb128 0x6
 560 0260 F9030000 		.4byte	.LASF31
 561 0264 06       		.byte	0x6
 562 0265 64       		.byte	0x64
 563 0266 6C020000 		.4byte	0x26c
 564 026a 04       		.byte	0x4
 565 026b 00       		.byte	0
 566 026c 09       		.uleb128 0x9
 567 026d 04       		.byte	0x4
 568 026e 43010000 		.4byte	0x143
 569 0272 03       		.uleb128 0x3
 570 0273 77030000 		.4byte	.LASF49
 571 0277 06       		.byte	0x6
 572 0278 66       		.byte	0x66
 573 0279 4B020000 		.4byte	0x24b
 574 027d 08       		.uleb128 0x8
 575 027e 04       		.byte	0x4
 576 027f 06       		.byte	0x6
 577 0280 6B       		.byte	0x6b
 578 0281 92020000 		.4byte	0x292
 579 0285 06       		.uleb128 0x6
 580 0286 6F040000 		.4byte	.LASF30
 581 028a 06       		.byte	0x6
 582 028b 6D       		.byte	0x6d
 583 028c 6C020000 		.4byte	0x26c
 584 0290 00       		.byte	0
 585 0291 00       		.byte	0
 586 0292 03       		.uleb128 0x3
 587 0293 E9020000 		.4byte	.LASF50
 588 0297 06       		.byte	0x6
 589 0298 70       		.byte	0x70
 590 0299 7D020000 		.4byte	0x27d
 591 029d 03       		.uleb128 0x3
 592 029e 4C010000 		.4byte	.LASF51
 593 02a2 08       		.byte	0x8
 594 02a3 E5       		.byte	0xe5
 595 02a4 A8020000 		.4byte	0x2a8
 596 02a8 0A       		.uleb128 0xa
 597 02a9 04       		.byte	0x4
 598 02aa 03       		.uleb128 0x3
 599 02ab 07030000 		.4byte	.LASF52
 600 02af 08       		.byte	0x8
 601 02b0 EB       		.byte	0xeb
 602 02b1 D9000000 		.4byte	0xd9
 603 02b5 0B       		.uleb128 0xb
 604 02b6 1C050000 		.4byte	.LASF53
 605 02ba 24       		.byte	0x24
 606 02bb 08       		.byte	0x8
 607 02bc 0C01     		.2byte	0x10c
 608 02be 31030000 		.4byte	0x331
 609 02c2 0C       		.uleb128 0xc
 610 02c3 723400   		.ascii	"r4\000"
 611 02c6 08       		.byte	0x8
 612 02c7 1F01     		.2byte	0x11f
 613 02c9 9D020000 		.4byte	0x29d
 614 02cd 00       		.byte	0
ARM GAS  /tmp/ccl4LSH7.s 			page 12


 615 02ce 0C       		.uleb128 0xc
 616 02cf 723500   		.ascii	"r5\000"
 617 02d2 08       		.byte	0x8
 618 02d3 2001     		.2byte	0x120
 619 02d5 9D020000 		.4byte	0x29d
 620 02d9 04       		.byte	0x4
 621 02da 0C       		.uleb128 0xc
 622 02db 723600   		.ascii	"r6\000"
 623 02de 08       		.byte	0x8
 624 02df 2101     		.2byte	0x121
 625 02e1 9D020000 		.4byte	0x29d
 626 02e5 08       		.byte	0x8
 627 02e6 0C       		.uleb128 0xc
 628 02e7 723700   		.ascii	"r7\000"
 629 02ea 08       		.byte	0x8
 630 02eb 2201     		.2byte	0x122
 631 02ed 9D020000 		.4byte	0x29d
 632 02f1 0C       		.byte	0xc
 633 02f2 0C       		.uleb128 0xc
 634 02f3 723800   		.ascii	"r8\000"
 635 02f6 08       		.byte	0x8
 636 02f7 2301     		.2byte	0x123
 637 02f9 9D020000 		.4byte	0x29d
 638 02fd 10       		.byte	0x10
 639 02fe 0C       		.uleb128 0xc
 640 02ff 723900   		.ascii	"r9\000"
 641 0302 08       		.byte	0x8
 642 0303 2401     		.2byte	0x124
 643 0305 9D020000 		.4byte	0x29d
 644 0309 14       		.byte	0x14
 645 030a 0C       		.uleb128 0xc
 646 030b 72313000 		.ascii	"r10\000"
 647 030f 08       		.byte	0x8
 648 0310 2501     		.2byte	0x125
 649 0312 9D020000 		.4byte	0x29d
 650 0316 18       		.byte	0x18
 651 0317 0C       		.uleb128 0xc
 652 0318 72313100 		.ascii	"r11\000"
 653 031c 08       		.byte	0x8
 654 031d 2601     		.2byte	0x126
 655 031f 9D020000 		.4byte	0x29d
 656 0323 1C       		.byte	0x1c
 657 0324 0C       		.uleb128 0xc
 658 0325 6C7200   		.ascii	"lr\000"
 659 0328 08       		.byte	0x8
 660 0329 2701     		.2byte	0x127
 661 032b 9D020000 		.4byte	0x29d
 662 032f 20       		.byte	0x20
 663 0330 00       		.byte	0
 664 0331 0B       		.uleb128 0xb
 665 0332 B8020000 		.4byte	.LASF54
 666 0336 04       		.byte	0x4
 667 0337 08       		.byte	0x8
 668 0338 3101     		.2byte	0x131
 669 033a 4C030000 		.4byte	0x34c
 670 033e 0C       		.uleb128 0xc
 671 033f 72313300 		.ascii	"r13\000"
ARM GAS  /tmp/ccl4LSH7.s 			page 13


 672 0343 08       		.byte	0x8
 673 0344 3201     		.2byte	0x132
 674 0346 4C030000 		.4byte	0x34c
 675 034a 00       		.byte	0
 676 034b 00       		.byte	0
 677 034c 09       		.uleb128 0x9
 678 034d 04       		.byte	0x4
 679 034e B5020000 		.4byte	0x2b5
 680 0352 04       		.uleb128 0x4
 681 0353 04       		.byte	0x4
 682 0354 07       		.byte	0x7
 683 0355 40030000 		.4byte	.LASF55
 684 0359 03       		.uleb128 0x3
 685 035a AF010000 		.4byte	.LASF56
 686 035e 09       		.byte	0x9
 687 035f 58       		.byte	0x58
 688 0360 64030000 		.4byte	0x364
 689 0364 09       		.uleb128 0x9
 690 0365 04       		.byte	0x4
 691 0366 6A030000 		.4byte	0x36a
 692 036a 0D       		.uleb128 0xd
 693 036b 75030000 		.4byte	0x375
 694 036f 0E       		.uleb128 0xe
 695 0370 A8020000 		.4byte	0x2a8
 696 0374 00       		.byte	0
 697 0375 03       		.uleb128 0x3
 698 0376 C9040000 		.4byte	.LASF57
 699 037a 09       		.byte	0x9
 700 037b 5D       		.byte	0x5d
 701 037c 80030000 		.4byte	0x380
 702 0380 05       		.uleb128 0x5
 703 0381 C9040000 		.4byte	.LASF57
 704 0385 14       		.byte	0x14
 705 0386 09       		.byte	0x9
 706 0387 64       		.byte	0x64
 707 0388 C9030000 		.4byte	0x3c9
 708 038c 06       		.uleb128 0x6
 709 038d 8C010000 		.4byte	.LASF58
 710 0391 09       		.byte	0x9
 711 0392 65       		.byte	0x65
 712 0393 C9030000 		.4byte	0x3c9
 713 0397 00       		.byte	0
 714 0398 06       		.uleb128 0x6
 715 0399 55010000 		.4byte	.LASF59
 716 039d 09       		.byte	0x9
 717 039e 67       		.byte	0x67
 718 039f C9030000 		.4byte	0x3c9
 719 03a3 04       		.byte	0x4
 720 03a4 06       		.uleb128 0x6
 721 03a5 38030000 		.4byte	.LASF60
 722 03a9 09       		.byte	0x9
 723 03aa 69       		.byte	0x69
 724 03ab 38010000 		.4byte	0x138
 725 03af 08       		.byte	0x8
 726 03b0 06       		.uleb128 0x6
 727 03b1 49030000 		.4byte	.LASF61
 728 03b5 09       		.byte	0x9
ARM GAS  /tmp/ccl4LSH7.s 			page 14


 729 03b6 6A       		.byte	0x6a
 730 03b7 59030000 		.4byte	0x359
 731 03bb 0C       		.byte	0xc
 732 03bc 06       		.uleb128 0x6
 733 03bd 2E050000 		.4byte	.LASF62
 734 03c1 09       		.byte	0x9
 735 03c2 6C       		.byte	0x6c
 736 03c3 A8020000 		.4byte	0x2a8
 737 03c7 10       		.byte	0x10
 738 03c8 00       		.byte	0
 739 03c9 09       		.uleb128 0x9
 740 03ca 04       		.byte	0x4
 741 03cb 75030000 		.4byte	0x375
 742 03cf 08       		.uleb128 0x8
 743 03d0 10       		.byte	0x10
 744 03d1 09       		.byte	0x9
 745 03d2 76       		.byte	0x76
 746 03d3 08040000 		.4byte	0x408
 747 03d7 06       		.uleb128 0x6
 748 03d8 8C010000 		.4byte	.LASF58
 749 03dc 09       		.byte	0x9
 750 03dd 77       		.byte	0x77
 751 03de C9030000 		.4byte	0x3c9
 752 03e2 00       		.byte	0
 753 03e3 06       		.uleb128 0x6
 754 03e4 55010000 		.4byte	.LASF59
 755 03e8 09       		.byte	0x9
 756 03e9 79       		.byte	0x79
 757 03ea C9030000 		.4byte	0x3c9
 758 03ee 04       		.byte	0x4
 759 03ef 06       		.uleb128 0x6
 760 03f0 38030000 		.4byte	.LASF60
 761 03f4 09       		.byte	0x9
 762 03f5 7B       		.byte	0x7b
 763 03f6 38010000 		.4byte	0x138
 764 03fa 08       		.byte	0x8
 765 03fb 06       		.uleb128 0x6
 766 03fc 78050000 		.4byte	.LASF63
 767 0400 09       		.byte	0x9
 768 0401 7C       		.byte	0x7c
 769 0402 08040000 		.4byte	0x408
 770 0406 0C       		.byte	0xc
 771 0407 00       		.byte	0
 772 0408 0F       		.uleb128 0xf
 773 0409 38010000 		.4byte	0x138
 774 040d 03       		.uleb128 0x3
 775 040e 8E050000 		.4byte	.LASF64
 776 0412 09       		.byte	0x9
 777 0413 7D       		.byte	0x7d
 778 0414 CF030000 		.4byte	0x3cf
 779 0418 08       		.uleb128 0x8
 780 0419 1C       		.byte	0x1c
 781 041a 0A       		.byte	0xa
 782 041b 5E       		.byte	0x5e
 783 041c 69040000 		.4byte	0x469
 784 0420 06       		.uleb128 0x6
 785 0421 C1040000 		.4byte	.LASF65
ARM GAS  /tmp/ccl4LSH7.s 			page 15


 786 0425 0A       		.byte	0xa
 787 0426 5F       		.byte	0x5f
 788 0427 72020000 		.4byte	0x272
 789 042b 00       		.byte	0
 790 042c 06       		.uleb128 0x6
 791 042d 61040000 		.4byte	.LASF66
 792 0431 0A       		.byte	0xa
 793 0432 60       		.byte	0x60
 794 0433 17010000 		.4byte	0x117
 795 0437 08       		.byte	0x8
 796 0438 06       		.uleb128 0x6
 797 0439 71030000 		.4byte	.LASF67
 798 043d 0A       		.byte	0xa
 799 043e 62       		.byte	0x62
 800 043f 31030000 		.4byte	0x331
 801 0443 0C       		.byte	0xc
 802 0444 06       		.uleb128 0x6
 803 0445 D9020000 		.4byte	.LASF68
 804 0449 0A       		.byte	0xa
 805 044a 65       		.byte	0x65
 806 044b 6C020000 		.4byte	0x26c
 807 044f 10       		.byte	0x10
 808 0450 06       		.uleb128 0x6
 809 0451 C6030000 		.4byte	.LASF69
 810 0455 0A       		.byte	0xa
 811 0456 66       		.byte	0x66
 812 0457 6C020000 		.4byte	0x26c
 813 045b 14       		.byte	0x14
 814 045c 06       		.uleb128 0x6
 815 045d BC030000 		.4byte	.LASF70
 816 0461 0A       		.byte	0xa
 817 0462 69       		.byte	0x69
 818 0463 6C020000 		.4byte	0x26c
 819 0467 18       		.byte	0x18
 820 0468 00       		.byte	0
 821 0469 03       		.uleb128 0x3
 822 046a 47050000 		.4byte	.LASF71
 823 046e 0A       		.byte	0xa
 824 046f 6B       		.byte	0x6b
 825 0470 18040000 		.4byte	0x418
 826 0474 05       		.uleb128 0x5
 827 0475 01030000 		.4byte	.LASF72
 828 0479 10       		.byte	0x10
 829 047a 0B       		.byte	0xb
 830 047b 2C       		.byte	0x2c
 831 047c A5040000 		.4byte	0x4a5
 832 0480 06       		.uleb128 0x6
 833 0481 F2000000 		.4byte	.LASF73
 834 0485 0B       		.byte	0xb
 835 0486 2D       		.byte	0x2d
 836 0487 72020000 		.4byte	0x272
 837 048b 00       		.byte	0
 838 048c 06       		.uleb128 0x6
 839 048d 95050000 		.4byte	.LASF74
 840 0491 0B       		.byte	0xb
 841 0492 2F       		.byte	0x2f
 842 0493 6C020000 		.4byte	0x26c
ARM GAS  /tmp/ccl4LSH7.s 			page 16


 843 0497 08       		.byte	0x8
 844 0498 06       		.uleb128 0x6
 845 0499 E6040000 		.4byte	.LASF75
 846 049d 0B       		.byte	0xb
 847 049e 31       		.byte	0x31
 848 049f A5040000 		.4byte	0x4a5
 849 04a3 0C       		.byte	0xc
 850 04a4 00       		.byte	0
 851 04a5 09       		.uleb128 0x9
 852 04a6 04       		.byte	0x4
 853 04a7 74040000 		.4byte	0x474
 854 04ab 03       		.uleb128 0x3
 855 04ac 01030000 		.4byte	.LASF72
 856 04b0 0B       		.byte	0xb
 857 04b1 33       		.byte	0x33
 858 04b2 74040000 		.4byte	0x474
 859 04b6 10       		.uleb128 0x10
 860 04b7 04       		.byte	0x4
 861 04b8 07       		.byte	0x7
 862 04b9 96       		.byte	0x96
 863 04ba EB040000 		.4byte	0x4eb
 864 04be 11       		.uleb128 0x11
 865 04bf 22000000 		.4byte	.LASF76
 866 04c3 07       		.byte	0x7
 867 04c4 9D       		.byte	0x9d
 868 04c5 22010000 		.4byte	0x122
 869 04c9 11       		.uleb128 0x11
 870 04ca 7B000000 		.4byte	.LASF77
 871 04ce 07       		.byte	0x7
 872 04cf A4       		.byte	0xa4
 873 04d0 22010000 		.4byte	0x122
 874 04d4 11       		.uleb128 0x11
 875 04d5 6A050000 		.4byte	.LASF78
 876 04d9 07       		.byte	0x7
 877 04da AB       		.byte	0xab
 878 04db A8020000 		.4byte	0x2a8
 879 04df 11       		.uleb128 0x11
 880 04e0 68040000 		.4byte	.LASF79
 881 04e4 07       		.byte	0x7
 882 04e5 B2       		.byte	0xb2
 883 04e6 2D010000 		.4byte	0x12d
 884 04ea 00       		.byte	0
 885 04eb 09       		.uleb128 0x9
 886 04ec 04       		.byte	0x4
 887 04ed F1040000 		.4byte	0x4f1
 888 04f1 12       		.uleb128 0x12
 889 04f2 F6040000 		.4byte	0x4f6
 890 04f6 04       		.uleb128 0x4
 891 04f7 01       		.byte	0x1
 892 04f8 08       		.byte	0x8
 893 04f9 D6040000 		.4byte	.LASF80
 894 04fd 09       		.uleb128 0x9
 895 04fe 04       		.byte	0x4
 896 04ff AB040000 		.4byte	0x4ab
 897 0503 03       		.uleb128 0x3
 898 0504 00000000 		.4byte	.LASF81
 899 0508 07       		.byte	0x7
ARM GAS  /tmp/ccl4LSH7.s 			page 17


 900 0509 E5       		.byte	0xe5
 901 050a 0E050000 		.4byte	0x50e
 902 050e 09       		.uleb128 0x9
 903 050f 04       		.byte	0x4
 904 0510 14050000 		.4byte	0x514
 905 0514 13       		.uleb128 0x13
 906 0515 22010000 		.4byte	0x122
 907 0519 23050000 		.4byte	0x523
 908 051d 0E       		.uleb128 0xe
 909 051e A8020000 		.4byte	0x2a8
 910 0522 00       		.byte	0
 911 0523 08       		.uleb128 0x8
 912 0524 16       		.byte	0x16
 913 0525 0C       		.byte	0xc
 914 0526 2C       		.byte	0x2c
 915 0527 04060000 		.4byte	0x604
 916 052b 06       		.uleb128 0x6
 917 052c B8010000 		.4byte	.LASF82
 918 0530 0C       		.byte	0xc
 919 0531 2D       		.byte	0x2d
 920 0532 04060000 		.4byte	0x604
 921 0536 00       		.byte	0
 922 0537 06       		.uleb128 0x6
 923 0538 24030000 		.4byte	.LASF83
 924 053c 0C       		.byte	0xc
 925 053d 2E       		.byte	0x2e
 926 053e AD000000 		.4byte	0xad
 927 0542 04       		.byte	0x4
 928 0543 06       		.uleb128 0x6
 929 0544 84030000 		.4byte	.LASF84
 930 0548 0C       		.byte	0xc
 931 0549 2F       		.byte	0x2f
 932 054a AD000000 		.4byte	0xad
 933 054e 05       		.byte	0x5
 934 054f 06       		.uleb128 0x6
 935 0550 83050000 		.4byte	.LASF85
 936 0554 0C       		.byte	0xc
 937 0555 30       		.byte	0x30
 938 0556 B8000000 		.4byte	0xb8
 939 055a 06       		.byte	0x6
 940 055b 06       		.uleb128 0x6
 941 055c EE030000 		.4byte	.LASF86
 942 0560 0C       		.byte	0xc
 943 0561 31       		.byte	0x31
 944 0562 AD000000 		.4byte	0xad
 945 0566 08       		.byte	0x8
 946 0567 06       		.uleb128 0x6
 947 0568 51030000 		.4byte	.LASF87
 948 056c 0C       		.byte	0xc
 949 056d 32       		.byte	0x32
 950 056e AD000000 		.4byte	0xad
 951 0572 09       		.byte	0x9
 952 0573 06       		.uleb128 0x6
 953 0574 6D000000 		.4byte	.LASF88
 954 0578 0C       		.byte	0xc
 955 0579 33       		.byte	0x33
 956 057a AD000000 		.4byte	0xad
ARM GAS  /tmp/ccl4LSH7.s 			page 18


 957 057e 0A       		.byte	0xa
 958 057f 06       		.uleb128 0x6
 959 0580 B5040000 		.4byte	.LASF89
 960 0584 0C       		.byte	0xc
 961 0585 34       		.byte	0x34
 962 0586 AD000000 		.4byte	0xad
 963 058a 0B       		.byte	0xb
 964 058b 06       		.uleb128 0x6
 965 058c 35050000 		.4byte	.LASF90
 966 0590 0C       		.byte	0xc
 967 0591 35       		.byte	0x35
 968 0592 AD000000 		.4byte	0xad
 969 0596 0C       		.byte	0xc
 970 0597 06       		.uleb128 0x6
 971 0598 94040000 		.4byte	.LASF91
 972 059c 0C       		.byte	0xc
 973 059d 36       		.byte	0x36
 974 059e AD000000 		.4byte	0xad
 975 05a2 0D       		.byte	0xd
 976 05a3 06       		.uleb128 0x6
 977 05a4 08000000 		.4byte	.LASF92
 978 05a8 0C       		.byte	0xc
 979 05a9 37       		.byte	0x37
 980 05aa AD000000 		.4byte	0xad
 981 05ae 0E       		.byte	0xe
 982 05af 06       		.uleb128 0x6
 983 05b0 5D030000 		.4byte	.LASF93
 984 05b4 0C       		.byte	0xc
 985 05b5 38       		.byte	0x38
 986 05b6 AD000000 		.4byte	0xad
 987 05ba 0F       		.byte	0xf
 988 05bb 06       		.uleb128 0x6
 989 05bc CD000000 		.4byte	.LASF94
 990 05c0 0C       		.byte	0xc
 991 05c1 39       		.byte	0x39
 992 05c2 AD000000 		.4byte	0xad
 993 05c6 10       		.byte	0x10
 994 05c7 06       		.uleb128 0x6
 995 05c8 96000000 		.4byte	.LASF95
 996 05cc 0C       		.byte	0xc
 997 05cd 3B       		.byte	0x3b
 998 05ce AD000000 		.4byte	0xad
 999 05d2 11       		.byte	0x11
 1000 05d3 06       		.uleb128 0x6
 1001 05d4 DD000000 		.4byte	.LASF96
 1002 05d8 0C       		.byte	0xc
 1003 05d9 3C       		.byte	0x3c
 1004 05da AD000000 		.4byte	0xad
 1005 05de 12       		.byte	0x12
 1006 05df 06       		.uleb128 0x6
 1007 05e0 2C030000 		.4byte	.LASF97
 1008 05e4 0C       		.byte	0xc
 1009 05e5 3D       		.byte	0x3d
 1010 05e6 AD000000 		.4byte	0xad
 1011 05ea 13       		.byte	0x13
 1012 05eb 06       		.uleb128 0x6
 1013 05ec 76040000 		.4byte	.LASF98
ARM GAS  /tmp/ccl4LSH7.s 			page 19


 1014 05f0 0C       		.byte	0xc
 1015 05f1 3E       		.byte	0x3e
 1016 05f2 AD000000 		.4byte	0xad
 1017 05f6 14       		.byte	0x14
 1018 05f7 06       		.uleb128 0x6
 1019 05f8 55040000 		.4byte	.LASF99
 1020 05fc 0C       		.byte	0xc
 1021 05fd 40       		.byte	0x40
 1022 05fe AD000000 		.4byte	0xad
 1023 0602 15       		.byte	0x15
 1024 0603 00       		.byte	0
 1025 0604 14       		.uleb128 0x14
 1026 0605 F6040000 		.4byte	0x4f6
 1027 0609 14060000 		.4byte	0x614
 1028 060d 15       		.uleb128 0x15
 1029 060e 52030000 		.4byte	0x352
 1030 0612 03       		.byte	0x3
 1031 0613 00       		.byte	0
 1032 0614 03       		.uleb128 0x3
 1033 0615 1F010000 		.4byte	.LASF100
 1034 0619 0C       		.byte	0xc
 1035 061a 41       		.byte	0x41
 1036 061b 23050000 		.4byte	0x523
 1037 061f 16       		.uleb128 0x16
 1038 0620 CE030000 		.4byte	.LASF101
 1039 0624 01       		.byte	0x1
 1040 0625 3D       		.byte	0x3d
 1041 0626 00000000 		.4byte	.LFB7
 1042 062a 16000000 		.4byte	.LFE7-.LFB7
 1043 062e 01       		.uleb128 0x1
 1044 062f 9C       		.byte	0x9c
 1045 0630 40060000 		.4byte	0x640
 1046 0634 17       		.uleb128 0x17
 1047 0635 7000     		.ascii	"p\000"
 1048 0637 01       		.byte	0x1
 1049 0638 3D       		.byte	0x3d
 1050 0639 A8020000 		.4byte	0x2a8
 1051 063d 01       		.uleb128 0x1
 1052 063e 50       		.byte	0x50
 1053 063f 00       		.byte	0
 1054 0640 16       		.uleb128 0x16
 1055 0641 5D010000 		.4byte	.LASF102
 1056 0645 01       		.byte	0x1
 1057 0646 54       		.byte	0x54
 1058 0647 00000000 		.4byte	.LFB8
 1059 064b 70000000 		.4byte	.LFE8-.LFB8
 1060 064f 01       		.uleb128 0x1
 1061 0650 9C       		.byte	0x9c
 1062 0651 F9060000 		.4byte	0x6f9
 1063 0655 18       		.uleb128 0x18
 1064 0656 84000000 		.4byte	.LASF103
 1065 065a 01       		.byte	0x1
 1066 065b 55       		.byte	0x55
 1067 065c 43010000 		.4byte	0x143
 1068 0660 05       		.uleb128 0x5
 1069 0661 03       		.byte	0x3
 1070 0662 00000000 		.4byte	mainthread.4794
ARM GAS  /tmp/ccl4LSH7.s 			page 20


 1071 0666 19       		.uleb128 0x19
 1072 0667 34000000 		.4byte	.LBB2
 1073 066b 08000000 		.4byte	.LBE2-.LBB2
 1074 066f 81060000 		.4byte	0x681
 1075 0673 1A       		.uleb128 0x1a
 1076 0674 746D7000 		.ascii	"tmp\000"
 1077 0678 01       		.byte	0x1
 1078 0679 6F       		.byte	0x6f
 1079 067a CE000000 		.4byte	0xce
 1080 067e 01       		.uleb128 0x1
 1081 067f 53       		.byte	0x53
 1082 0680 00       		.byte	0
 1083 0681 1B       		.uleb128 0x1b
 1084 0682 08000000 		.4byte	.LVL1
 1085 0686 C1070000 		.4byte	0x7c1
 1086 068a 1B       		.uleb128 0x1b
 1087 068b 0C000000 		.4byte	.LVL2
 1088 068f C9070000 		.4byte	0x7c9
 1089 0693 1B       		.uleb128 0x1b
 1090 0694 10000000 		.4byte	.LVL3
 1091 0698 D0070000 		.4byte	0x7d0
 1092 069c 1B       		.uleb128 0x1b
 1093 069d 14000000 		.4byte	.LVL4
 1094 06a1 D7070000 		.4byte	0x7d7
 1095 06a5 1B       		.uleb128 0x1b
 1096 06a6 18000000 		.4byte	.LVL5
 1097 06aa DE070000 		.4byte	0x7de
 1098 06ae 1C       		.uleb128 0x1c
 1099 06af 26000000 		.4byte	.LVL6
 1100 06b3 E5070000 		.4byte	0x7e5
 1101 06b7 CB060000 		.4byte	0x6cb
 1102 06bb 1D       		.uleb128 0x1d
 1103 06bc 01       		.uleb128 0x1
 1104 06bd 51       		.byte	0x51
 1105 06be 02       		.uleb128 0x2
 1106 06bf 08       		.byte	0x8
 1107 06c0 40       		.byte	0x40
 1108 06c1 1D       		.uleb128 0x1d
 1109 06c2 01       		.uleb128 0x1
 1110 06c3 50       		.byte	0x50
 1111 06c4 05       		.uleb128 0x5
 1112 06c5 03       		.byte	0x3
 1113 06c6 00000000 		.4byte	.LANCHOR0
 1114 06ca 00       		.byte	0
 1115 06cb 1E       		.uleb128 0x1e
 1116 06cc 6C000000 		.4byte	.LVL7
 1117 06d0 00080000 		.4byte	0x800
 1118 06d4 1D       		.uleb128 0x1d
 1119 06d5 01       		.uleb128 0x1
 1120 06d6 53       		.byte	0x53
 1121 06d7 05       		.uleb128 0x5
 1122 06d8 03       		.byte	0x3
 1123 06d9 00000000 		.4byte	_idle_thread
 1124 06dd 1D       		.uleb128 0x1d
 1125 06de 01       		.uleb128 0x1
 1126 06df 52       		.byte	0x52
 1127 06e0 01       		.uleb128 0x1
ARM GAS  /tmp/ccl4LSH7.s 			page 21


 1128 06e1 31       		.byte	0x31
 1129 06e2 1D       		.uleb128 0x1d
 1130 06e3 01       		.uleb128 0x1
 1131 06e4 51       		.byte	0x51
 1132 06e5 02       		.uleb128 0x2
 1133 06e6 08       		.byte	0x8
 1134 06e7 C0       		.byte	0xc0
 1135 06e8 1D       		.uleb128 0x1d
 1136 06e9 01       		.uleb128 0x1
 1137 06ea 50       		.byte	0x50
 1138 06eb 05       		.uleb128 0x5
 1139 06ec 03       		.byte	0x3
 1140 06ed 00000000 		.4byte	.LANCHOR1
 1141 06f1 1D       		.uleb128 0x1d
 1142 06f2 02       		.uleb128 0x2
 1143 06f3 7D       		.byte	0x7d
 1144 06f4 00       		.sleb128 0
 1145 06f5 01       		.uleb128 0x1
 1146 06f6 30       		.byte	0x30
 1147 06f7 00       		.byte	0
 1148 06f8 00       		.byte	0
 1149 06f9 16       		.uleb128 0x16
 1150 06fa 43000000 		.4byte	.LASF104
 1151 06fe 01       		.byte	0x1
 1152 06ff 89       		.byte	0x89
 1153 0700 00000000 		.4byte	.LFB9
 1154 0704 64000000 		.4byte	.LFE9-.LFB9
 1155 0708 01       		.uleb128 0x1
 1156 0709 9C       		.byte	0x9c
 1157 070a 7A070000 		.4byte	0x77a
 1158 070e 1F       		.uleb128 0x1f
 1159 070f 2E000000 		.4byte	.LBB3
 1160 0713 36000000 		.4byte	.LBE3-.LBB3
 1161 0717 20       		.uleb128 0x20
 1162 0718 76747000 		.ascii	"vtp\000"
 1163 071c 01       		.byte	0x1
 1164 071d 96       		.byte	0x96
 1165 071e C9030000 		.4byte	0x3c9
 1166 0722 00000000 		.4byte	.LLST0
 1167 0726 1F       		.uleb128 0x1f
 1168 0727 38000000 		.4byte	.LBB4
 1169 072b 1A000000 		.4byte	.LBE4-.LBB4
 1170 072f 20       		.uleb128 0x20
 1171 0730 666E00   		.ascii	"fn\000"
 1172 0733 01       		.byte	0x1
 1173 0734 96       		.byte	0x96
 1174 0735 59030000 		.4byte	0x359
 1175 0739 1E000000 		.4byte	.LLST1
 1176 073d 21       		.uleb128 0x21
 1177 073e 00000000 		.4byte	.Ldebug_ranges0+0
 1178 0742 54070000 		.4byte	0x754
 1179 0746 1A       		.uleb128 0x1a
 1180 0747 746D7000 		.ascii	"tmp\000"
 1181 074b 01       		.byte	0x1
 1182 074c 96       		.byte	0x96
 1183 074d CE000000 		.4byte	0xce
 1184 0751 01       		.uleb128 0x1
ARM GAS  /tmp/ccl4LSH7.s 			page 22


 1185 0752 53       		.byte	0x53
 1186 0753 00       		.byte	0
 1187 0754 19       		.uleb128 0x19
 1188 0755 4C000000 		.4byte	.LBB7
 1189 0759 06000000 		.4byte	.LBE7-.LBB7
 1190 075d 6F070000 		.4byte	0x76f
 1191 0761 1A       		.uleb128 0x1a
 1192 0762 746D7000 		.ascii	"tmp\000"
 1193 0766 01       		.byte	0x1
 1194 0767 96       		.byte	0x96
 1195 0768 CE000000 		.4byte	0xce
 1196 076c 01       		.uleb128 0x1
 1197 076d 53       		.byte	0x53
 1198 076e 00       		.byte	0
 1199 076f 22       		.uleb128 0x22
 1200 0770 4C000000 		.4byte	.LVL10
 1201 0774 02       		.uleb128 0x2
 1202 0775 74       		.byte	0x74
 1203 0776 00       		.sleb128 0
 1204 0777 00       		.byte	0
 1205 0778 00       		.byte	0
 1206 0779 00       		.byte	0
 1207 077a 23       		.uleb128 0x23
 1208 077b 3C000000 		.4byte	.LASF105
 1209 077f 09       		.byte	0x9
 1210 0780 F5       		.byte	0xf5
 1211 0781 0D040000 		.4byte	0x40d
 1212 0785 23       		.uleb128 0x23
 1213 0786 51050000 		.4byte	.LASF106
 1214 078a 0A       		.byte	0xa
 1215 078b 6F       		.byte	0x6f
 1216 078c 69040000 		.4byte	0x469
 1217 0790 23       		.uleb128 0x23
 1218 0791 A6010000 		.4byte	.LASF107
 1219 0795 0C       		.byte	0xc
 1220 0796 7E       		.byte	0x7e
 1221 0797 9B070000 		.4byte	0x79b
 1222 079b 12       		.uleb128 0x12
 1223 079c 14060000 		.4byte	0x614
 1224 07a0 14       		.uleb128 0x14
 1225 07a1 AA020000 		.4byte	0x2aa
 1226 07a5 B0070000 		.4byte	0x7b0
 1227 07a9 15       		.uleb128 0x15
 1228 07aa 52030000 		.4byte	0x352
 1229 07ae 17       		.byte	0x17
 1230 07af 00       		.byte	0
 1231 07b0 24       		.uleb128 0x24
 1232 07b1 31010000 		.4byte	.LASF108
 1233 07b5 01       		.byte	0x1
 1234 07b6 31       		.byte	0x31
 1235 07b7 A0070000 		.4byte	0x7a0
 1236 07bb 05       		.uleb128 0x5
 1237 07bc 03       		.byte	0x3
 1238 07bd 00000000 		.4byte	_idle_thread_wa
 1239 07c1 25       		.uleb128 0x25
 1240 07c2 5F050000 		.4byte	.LASF109
 1241 07c6 08       		.byte	0x8
ARM GAS  /tmp/ccl4LSH7.s 			page 23


 1242 07c7 0202     		.2byte	0x202
 1243 07c9 26       		.uleb128 0x26
 1244 07ca A3000000 		.4byte	.LASF110
 1245 07ce 0A       		.byte	0xa
 1246 07cf 8E       		.byte	0x8e
 1247 07d0 26       		.uleb128 0x26
 1248 07d1 0C050000 		.4byte	.LASF111
 1249 07d5 09       		.byte	0x9
 1250 07d6 FD       		.byte	0xfd
 1251 07d7 26       		.uleb128 0x26
 1252 07d8 24040000 		.4byte	.LASF112
 1253 07dc 0D       		.byte	0xd
 1254 07dd 51       		.byte	0x51
 1255 07de 26       		.uleb128 0x26
 1256 07df 67010000 		.4byte	.LASF113
 1257 07e3 0E       		.byte	0xe
 1258 07e4 55       		.byte	0x55
 1259 07e5 27       		.uleb128 0x27
 1260 07e6 7F010000 		.4byte	.LASF117
 1261 07ea 07       		.byte	0x7
 1262 07eb 6A01     		.2byte	0x16a
 1263 07ed 6C020000 		.4byte	0x26c
 1264 07f1 00080000 		.4byte	0x800
 1265 07f5 0E       		.uleb128 0xe
 1266 07f6 6C020000 		.4byte	0x26c
 1267 07fa 0E       		.uleb128 0xe
 1268 07fb 17010000 		.4byte	0x117
 1269 07ff 00       		.byte	0
 1270 0800 28       		.uleb128 0x28
 1271 0801 12030000 		.4byte	.LASF118
 1272 0805 07       		.byte	0x7
 1273 0806 7001     		.2byte	0x170
 1274 0808 6C020000 		.4byte	0x26c
 1275 080c 0E       		.uleb128 0xe
 1276 080d A8020000 		.4byte	0x2a8
 1277 0811 0E       		.uleb128 0xe
 1278 0812 2C000000 		.4byte	0x2c
 1279 0816 0E       		.uleb128 0xe
 1280 0817 17010000 		.4byte	0x117
 1281 081b 0E       		.uleb128 0xe
 1282 081c 03050000 		.4byte	0x503
 1283 0820 0E       		.uleb128 0xe
 1284 0821 A8020000 		.4byte	0x2a8
 1285 0825 00       		.byte	0
 1286 0826 00       		.byte	0
 1287              		.section	.debug_abbrev,"",%progbits
 1288              	.Ldebug_abbrev0:
 1289 0000 01       		.uleb128 0x1
 1290 0001 11       		.uleb128 0x11
 1291 0002 01       		.byte	0x1
 1292 0003 25       		.uleb128 0x25
 1293 0004 0E       		.uleb128 0xe
 1294 0005 13       		.uleb128 0x13
 1295 0006 0B       		.uleb128 0xb
 1296 0007 03       		.uleb128 0x3
 1297 0008 0E       		.uleb128 0xe
 1298 0009 1B       		.uleb128 0x1b
ARM GAS  /tmp/ccl4LSH7.s 			page 24


 1299 000a 0E       		.uleb128 0xe
 1300 000b 55       		.uleb128 0x55
 1301 000c 17       		.uleb128 0x17
 1302 000d 11       		.uleb128 0x11
 1303 000e 01       		.uleb128 0x1
 1304 000f 10       		.uleb128 0x10
 1305 0010 17       		.uleb128 0x17
 1306 0011 00       		.byte	0
 1307 0012 00       		.byte	0
 1308 0013 02       		.uleb128 0x2
 1309 0014 24       		.uleb128 0x24
 1310 0015 00       		.byte	0
 1311 0016 0B       		.uleb128 0xb
 1312 0017 0B       		.uleb128 0xb
 1313 0018 3E       		.uleb128 0x3e
 1314 0019 0B       		.uleb128 0xb
 1315 001a 03       		.uleb128 0x3
 1316 001b 08       		.uleb128 0x8
 1317 001c 00       		.byte	0
 1318 001d 00       		.byte	0
 1319 001e 03       		.uleb128 0x3
 1320 001f 16       		.uleb128 0x16
 1321 0020 00       		.byte	0
 1322 0021 03       		.uleb128 0x3
 1323 0022 0E       		.uleb128 0xe
 1324 0023 3A       		.uleb128 0x3a
 1325 0024 0B       		.uleb128 0xb
 1326 0025 3B       		.uleb128 0x3b
 1327 0026 0B       		.uleb128 0xb
 1328 0027 49       		.uleb128 0x49
 1329 0028 13       		.uleb128 0x13
 1330 0029 00       		.byte	0
 1331 002a 00       		.byte	0
 1332 002b 04       		.uleb128 0x4
 1333 002c 24       		.uleb128 0x24
 1334 002d 00       		.byte	0
 1335 002e 0B       		.uleb128 0xb
 1336 002f 0B       		.uleb128 0xb
 1337 0030 3E       		.uleb128 0x3e
 1338 0031 0B       		.uleb128 0xb
 1339 0032 03       		.uleb128 0x3
 1340 0033 0E       		.uleb128 0xe
 1341 0034 00       		.byte	0
 1342 0035 00       		.byte	0
 1343 0036 05       		.uleb128 0x5
 1344 0037 13       		.uleb128 0x13
 1345 0038 01       		.byte	0x1
 1346 0039 03       		.uleb128 0x3
 1347 003a 0E       		.uleb128 0xe
 1348 003b 0B       		.uleb128 0xb
 1349 003c 0B       		.uleb128 0xb
 1350 003d 3A       		.uleb128 0x3a
 1351 003e 0B       		.uleb128 0xb
 1352 003f 3B       		.uleb128 0x3b
 1353 0040 0B       		.uleb128 0xb
 1354 0041 01       		.uleb128 0x1
 1355 0042 13       		.uleb128 0x13
ARM GAS  /tmp/ccl4LSH7.s 			page 25


 1356 0043 00       		.byte	0
 1357 0044 00       		.byte	0
 1358 0045 06       		.uleb128 0x6
 1359 0046 0D       		.uleb128 0xd
 1360 0047 00       		.byte	0
 1361 0048 03       		.uleb128 0x3
 1362 0049 0E       		.uleb128 0xe
 1363 004a 3A       		.uleb128 0x3a
 1364 004b 0B       		.uleb128 0xb
 1365 004c 3B       		.uleb128 0x3b
 1366 004d 0B       		.uleb128 0xb
 1367 004e 49       		.uleb128 0x49
 1368 004f 13       		.uleb128 0x13
 1369 0050 38       		.uleb128 0x38
 1370 0051 0B       		.uleb128 0xb
 1371 0052 00       		.byte	0
 1372 0053 00       		.byte	0
 1373 0054 07       		.uleb128 0x7
 1374 0055 0D       		.uleb128 0xd
 1375 0056 00       		.byte	0
 1376 0057 03       		.uleb128 0x3
 1377 0058 08       		.uleb128 0x8
 1378 0059 3A       		.uleb128 0x3a
 1379 005a 0B       		.uleb128 0xb
 1380 005b 3B       		.uleb128 0x3b
 1381 005c 0B       		.uleb128 0xb
 1382 005d 49       		.uleb128 0x49
 1383 005e 13       		.uleb128 0x13
 1384 005f 38       		.uleb128 0x38
 1385 0060 0B       		.uleb128 0xb
 1386 0061 00       		.byte	0
 1387 0062 00       		.byte	0
 1388 0063 08       		.uleb128 0x8
 1389 0064 13       		.uleb128 0x13
 1390 0065 01       		.byte	0x1
 1391 0066 0B       		.uleb128 0xb
 1392 0067 0B       		.uleb128 0xb
 1393 0068 3A       		.uleb128 0x3a
 1394 0069 0B       		.uleb128 0xb
 1395 006a 3B       		.uleb128 0x3b
 1396 006b 0B       		.uleb128 0xb
 1397 006c 01       		.uleb128 0x1
 1398 006d 13       		.uleb128 0x13
 1399 006e 00       		.byte	0
 1400 006f 00       		.byte	0
 1401 0070 09       		.uleb128 0x9
 1402 0071 0F       		.uleb128 0xf
 1403 0072 00       		.byte	0
 1404 0073 0B       		.uleb128 0xb
 1405 0074 0B       		.uleb128 0xb
 1406 0075 49       		.uleb128 0x49
 1407 0076 13       		.uleb128 0x13
 1408 0077 00       		.byte	0
 1409 0078 00       		.byte	0
 1410 0079 0A       		.uleb128 0xa
 1411 007a 0F       		.uleb128 0xf
 1412 007b 00       		.byte	0
ARM GAS  /tmp/ccl4LSH7.s 			page 26


 1413 007c 0B       		.uleb128 0xb
 1414 007d 0B       		.uleb128 0xb
 1415 007e 00       		.byte	0
 1416 007f 00       		.byte	0
 1417 0080 0B       		.uleb128 0xb
 1418 0081 13       		.uleb128 0x13
 1419 0082 01       		.byte	0x1
 1420 0083 03       		.uleb128 0x3
 1421 0084 0E       		.uleb128 0xe
 1422 0085 0B       		.uleb128 0xb
 1423 0086 0B       		.uleb128 0xb
 1424 0087 3A       		.uleb128 0x3a
 1425 0088 0B       		.uleb128 0xb
 1426 0089 3B       		.uleb128 0x3b
 1427 008a 05       		.uleb128 0x5
 1428 008b 01       		.uleb128 0x1
 1429 008c 13       		.uleb128 0x13
 1430 008d 00       		.byte	0
 1431 008e 00       		.byte	0
 1432 008f 0C       		.uleb128 0xc
 1433 0090 0D       		.uleb128 0xd
 1434 0091 00       		.byte	0
 1435 0092 03       		.uleb128 0x3
 1436 0093 08       		.uleb128 0x8
 1437 0094 3A       		.uleb128 0x3a
 1438 0095 0B       		.uleb128 0xb
 1439 0096 3B       		.uleb128 0x3b
 1440 0097 05       		.uleb128 0x5
 1441 0098 49       		.uleb128 0x49
 1442 0099 13       		.uleb128 0x13
 1443 009a 38       		.uleb128 0x38
 1444 009b 0B       		.uleb128 0xb
 1445 009c 00       		.byte	0
 1446 009d 00       		.byte	0
 1447 009e 0D       		.uleb128 0xd
 1448 009f 15       		.uleb128 0x15
 1449 00a0 01       		.byte	0x1
 1450 00a1 27       		.uleb128 0x27
 1451 00a2 19       		.uleb128 0x19
 1452 00a3 01       		.uleb128 0x1
 1453 00a4 13       		.uleb128 0x13
 1454 00a5 00       		.byte	0
 1455 00a6 00       		.byte	0
 1456 00a7 0E       		.uleb128 0xe
 1457 00a8 05       		.uleb128 0x5
 1458 00a9 00       		.byte	0
 1459 00aa 49       		.uleb128 0x49
 1460 00ab 13       		.uleb128 0x13
 1461 00ac 00       		.byte	0
 1462 00ad 00       		.byte	0
 1463 00ae 0F       		.uleb128 0xf
 1464 00af 35       		.uleb128 0x35
 1465 00b0 00       		.byte	0
 1466 00b1 49       		.uleb128 0x49
 1467 00b2 13       		.uleb128 0x13
 1468 00b3 00       		.byte	0
 1469 00b4 00       		.byte	0
ARM GAS  /tmp/ccl4LSH7.s 			page 27


 1470 00b5 10       		.uleb128 0x10
 1471 00b6 17       		.uleb128 0x17
 1472 00b7 01       		.byte	0x1
 1473 00b8 0B       		.uleb128 0xb
 1474 00b9 0B       		.uleb128 0xb
 1475 00ba 3A       		.uleb128 0x3a
 1476 00bb 0B       		.uleb128 0xb
 1477 00bc 3B       		.uleb128 0x3b
 1478 00bd 0B       		.uleb128 0xb
 1479 00be 01       		.uleb128 0x1
 1480 00bf 13       		.uleb128 0x13
 1481 00c0 00       		.byte	0
 1482 00c1 00       		.byte	0
 1483 00c2 11       		.uleb128 0x11
 1484 00c3 0D       		.uleb128 0xd
 1485 00c4 00       		.byte	0
 1486 00c5 03       		.uleb128 0x3
 1487 00c6 0E       		.uleb128 0xe
 1488 00c7 3A       		.uleb128 0x3a
 1489 00c8 0B       		.uleb128 0xb
 1490 00c9 3B       		.uleb128 0x3b
 1491 00ca 0B       		.uleb128 0xb
 1492 00cb 49       		.uleb128 0x49
 1493 00cc 13       		.uleb128 0x13
 1494 00cd 00       		.byte	0
 1495 00ce 00       		.byte	0
 1496 00cf 12       		.uleb128 0x12
 1497 00d0 26       		.uleb128 0x26
 1498 00d1 00       		.byte	0
 1499 00d2 49       		.uleb128 0x49
 1500 00d3 13       		.uleb128 0x13
 1501 00d4 00       		.byte	0
 1502 00d5 00       		.byte	0
 1503 00d6 13       		.uleb128 0x13
 1504 00d7 15       		.uleb128 0x15
 1505 00d8 01       		.byte	0x1
 1506 00d9 27       		.uleb128 0x27
 1507 00da 19       		.uleb128 0x19
 1508 00db 49       		.uleb128 0x49
 1509 00dc 13       		.uleb128 0x13
 1510 00dd 01       		.uleb128 0x1
 1511 00de 13       		.uleb128 0x13
 1512 00df 00       		.byte	0
 1513 00e0 00       		.byte	0
 1514 00e1 14       		.uleb128 0x14
 1515 00e2 01       		.uleb128 0x1
 1516 00e3 01       		.byte	0x1
 1517 00e4 49       		.uleb128 0x49
 1518 00e5 13       		.uleb128 0x13
 1519 00e6 01       		.uleb128 0x1
 1520 00e7 13       		.uleb128 0x13
 1521 00e8 00       		.byte	0
 1522 00e9 00       		.byte	0
 1523 00ea 15       		.uleb128 0x15
 1524 00eb 21       		.uleb128 0x21
 1525 00ec 00       		.byte	0
 1526 00ed 49       		.uleb128 0x49
ARM GAS  /tmp/ccl4LSH7.s 			page 28


 1527 00ee 13       		.uleb128 0x13
 1528 00ef 2F       		.uleb128 0x2f
 1529 00f0 0B       		.uleb128 0xb
 1530 00f1 00       		.byte	0
 1531 00f2 00       		.byte	0
 1532 00f3 16       		.uleb128 0x16
 1533 00f4 2E       		.uleb128 0x2e
 1534 00f5 01       		.byte	0x1
 1535 00f6 3F       		.uleb128 0x3f
 1536 00f7 19       		.uleb128 0x19
 1537 00f8 03       		.uleb128 0x3
 1538 00f9 0E       		.uleb128 0xe
 1539 00fa 3A       		.uleb128 0x3a
 1540 00fb 0B       		.uleb128 0xb
 1541 00fc 3B       		.uleb128 0x3b
 1542 00fd 0B       		.uleb128 0xb
 1543 00fe 27       		.uleb128 0x27
 1544 00ff 19       		.uleb128 0x19
 1545 0100 11       		.uleb128 0x11
 1546 0101 01       		.uleb128 0x1
 1547 0102 12       		.uleb128 0x12
 1548 0103 06       		.uleb128 0x6
 1549 0104 40       		.uleb128 0x40
 1550 0105 18       		.uleb128 0x18
 1551 0106 9742     		.uleb128 0x2117
 1552 0108 19       		.uleb128 0x19
 1553 0109 01       		.uleb128 0x1
 1554 010a 13       		.uleb128 0x13
 1555 010b 00       		.byte	0
 1556 010c 00       		.byte	0
 1557 010d 17       		.uleb128 0x17
 1558 010e 05       		.uleb128 0x5
 1559 010f 00       		.byte	0
 1560 0110 03       		.uleb128 0x3
 1561 0111 08       		.uleb128 0x8
 1562 0112 3A       		.uleb128 0x3a
 1563 0113 0B       		.uleb128 0xb
 1564 0114 3B       		.uleb128 0x3b
 1565 0115 0B       		.uleb128 0xb
 1566 0116 49       		.uleb128 0x49
 1567 0117 13       		.uleb128 0x13
 1568 0118 02       		.uleb128 0x2
 1569 0119 18       		.uleb128 0x18
 1570 011a 00       		.byte	0
 1571 011b 00       		.byte	0
 1572 011c 18       		.uleb128 0x18
 1573 011d 34       		.uleb128 0x34
 1574 011e 00       		.byte	0
 1575 011f 03       		.uleb128 0x3
 1576 0120 0E       		.uleb128 0xe
 1577 0121 3A       		.uleb128 0x3a
 1578 0122 0B       		.uleb128 0xb
 1579 0123 3B       		.uleb128 0x3b
 1580 0124 0B       		.uleb128 0xb
 1581 0125 49       		.uleb128 0x49
 1582 0126 13       		.uleb128 0x13
 1583 0127 02       		.uleb128 0x2
ARM GAS  /tmp/ccl4LSH7.s 			page 29


 1584 0128 18       		.uleb128 0x18
 1585 0129 00       		.byte	0
 1586 012a 00       		.byte	0
 1587 012b 19       		.uleb128 0x19
 1588 012c 0B       		.uleb128 0xb
 1589 012d 01       		.byte	0x1
 1590 012e 11       		.uleb128 0x11
 1591 012f 01       		.uleb128 0x1
 1592 0130 12       		.uleb128 0x12
 1593 0131 06       		.uleb128 0x6
 1594 0132 01       		.uleb128 0x1
 1595 0133 13       		.uleb128 0x13
 1596 0134 00       		.byte	0
 1597 0135 00       		.byte	0
 1598 0136 1A       		.uleb128 0x1a
 1599 0137 34       		.uleb128 0x34
 1600 0138 00       		.byte	0
 1601 0139 03       		.uleb128 0x3
 1602 013a 08       		.uleb128 0x8
 1603 013b 3A       		.uleb128 0x3a
 1604 013c 0B       		.uleb128 0xb
 1605 013d 3B       		.uleb128 0x3b
 1606 013e 0B       		.uleb128 0xb
 1607 013f 49       		.uleb128 0x49
 1608 0140 13       		.uleb128 0x13
 1609 0141 02       		.uleb128 0x2
 1610 0142 18       		.uleb128 0x18
 1611 0143 00       		.byte	0
 1612 0144 00       		.byte	0
 1613 0145 1B       		.uleb128 0x1b
 1614 0146 898201   		.uleb128 0x4109
 1615 0149 00       		.byte	0
 1616 014a 11       		.uleb128 0x11
 1617 014b 01       		.uleb128 0x1
 1618 014c 31       		.uleb128 0x31
 1619 014d 13       		.uleb128 0x13
 1620 014e 00       		.byte	0
 1621 014f 00       		.byte	0
 1622 0150 1C       		.uleb128 0x1c
 1623 0151 898201   		.uleb128 0x4109
 1624 0154 01       		.byte	0x1
 1625 0155 11       		.uleb128 0x11
 1626 0156 01       		.uleb128 0x1
 1627 0157 31       		.uleb128 0x31
 1628 0158 13       		.uleb128 0x13
 1629 0159 01       		.uleb128 0x1
 1630 015a 13       		.uleb128 0x13
 1631 015b 00       		.byte	0
 1632 015c 00       		.byte	0
 1633 015d 1D       		.uleb128 0x1d
 1634 015e 8A8201   		.uleb128 0x410a
 1635 0161 00       		.byte	0
 1636 0162 02       		.uleb128 0x2
 1637 0163 18       		.uleb128 0x18
 1638 0164 9142     		.uleb128 0x2111
 1639 0166 18       		.uleb128 0x18
 1640 0167 00       		.byte	0
ARM GAS  /tmp/ccl4LSH7.s 			page 30


 1641 0168 00       		.byte	0
 1642 0169 1E       		.uleb128 0x1e
 1643 016a 898201   		.uleb128 0x4109
 1644 016d 01       		.byte	0x1
 1645 016e 11       		.uleb128 0x11
 1646 016f 01       		.uleb128 0x1
 1647 0170 31       		.uleb128 0x31
 1648 0171 13       		.uleb128 0x13
 1649 0172 00       		.byte	0
 1650 0173 00       		.byte	0
 1651 0174 1F       		.uleb128 0x1f
 1652 0175 0B       		.uleb128 0xb
 1653 0176 01       		.byte	0x1
 1654 0177 11       		.uleb128 0x11
 1655 0178 01       		.uleb128 0x1
 1656 0179 12       		.uleb128 0x12
 1657 017a 06       		.uleb128 0x6
 1658 017b 00       		.byte	0
 1659 017c 00       		.byte	0
 1660 017d 20       		.uleb128 0x20
 1661 017e 34       		.uleb128 0x34
 1662 017f 00       		.byte	0
 1663 0180 03       		.uleb128 0x3
 1664 0181 08       		.uleb128 0x8
 1665 0182 3A       		.uleb128 0x3a
 1666 0183 0B       		.uleb128 0xb
 1667 0184 3B       		.uleb128 0x3b
 1668 0185 0B       		.uleb128 0xb
 1669 0186 49       		.uleb128 0x49
 1670 0187 13       		.uleb128 0x13
 1671 0188 02       		.uleb128 0x2
 1672 0189 17       		.uleb128 0x17
 1673 018a 00       		.byte	0
 1674 018b 00       		.byte	0
 1675 018c 21       		.uleb128 0x21
 1676 018d 0B       		.uleb128 0xb
 1677 018e 01       		.byte	0x1
 1678 018f 55       		.uleb128 0x55
 1679 0190 17       		.uleb128 0x17
 1680 0191 01       		.uleb128 0x1
 1681 0192 13       		.uleb128 0x13
 1682 0193 00       		.byte	0
 1683 0194 00       		.byte	0
 1684 0195 22       		.uleb128 0x22
 1685 0196 898201   		.uleb128 0x4109
 1686 0199 00       		.byte	0
 1687 019a 11       		.uleb128 0x11
 1688 019b 01       		.uleb128 0x1
 1689 019c 9342     		.uleb128 0x2113
 1690 019e 18       		.uleb128 0x18
 1691 019f 00       		.byte	0
 1692 01a0 00       		.byte	0
 1693 01a1 23       		.uleb128 0x23
 1694 01a2 34       		.uleb128 0x34
 1695 01a3 00       		.byte	0
 1696 01a4 03       		.uleb128 0x3
 1697 01a5 0E       		.uleb128 0xe
ARM GAS  /tmp/ccl4LSH7.s 			page 31


 1698 01a6 3A       		.uleb128 0x3a
 1699 01a7 0B       		.uleb128 0xb
 1700 01a8 3B       		.uleb128 0x3b
 1701 01a9 0B       		.uleb128 0xb
 1702 01aa 49       		.uleb128 0x49
 1703 01ab 13       		.uleb128 0x13
 1704 01ac 3F       		.uleb128 0x3f
 1705 01ad 19       		.uleb128 0x19
 1706 01ae 3C       		.uleb128 0x3c
 1707 01af 19       		.uleb128 0x19
 1708 01b0 00       		.byte	0
 1709 01b1 00       		.byte	0
 1710 01b2 24       		.uleb128 0x24
 1711 01b3 34       		.uleb128 0x34
 1712 01b4 00       		.byte	0
 1713 01b5 03       		.uleb128 0x3
 1714 01b6 0E       		.uleb128 0xe
 1715 01b7 3A       		.uleb128 0x3a
 1716 01b8 0B       		.uleb128 0xb
 1717 01b9 3B       		.uleb128 0x3b
 1718 01ba 0B       		.uleb128 0xb
 1719 01bb 49       		.uleb128 0x49
 1720 01bc 13       		.uleb128 0x13
 1721 01bd 3F       		.uleb128 0x3f
 1722 01be 19       		.uleb128 0x19
 1723 01bf 02       		.uleb128 0x2
 1724 01c0 18       		.uleb128 0x18
 1725 01c1 00       		.byte	0
 1726 01c2 00       		.byte	0
 1727 01c3 25       		.uleb128 0x25
 1728 01c4 2E       		.uleb128 0x2e
 1729 01c5 00       		.byte	0
 1730 01c6 3F       		.uleb128 0x3f
 1731 01c7 19       		.uleb128 0x19
 1732 01c8 03       		.uleb128 0x3
 1733 01c9 0E       		.uleb128 0xe
 1734 01ca 3A       		.uleb128 0x3a
 1735 01cb 0B       		.uleb128 0xb
 1736 01cc 3B       		.uleb128 0x3b
 1737 01cd 05       		.uleb128 0x5
 1738 01ce 27       		.uleb128 0x27
 1739 01cf 19       		.uleb128 0x19
 1740 01d0 3C       		.uleb128 0x3c
 1741 01d1 19       		.uleb128 0x19
 1742 01d2 00       		.byte	0
 1743 01d3 00       		.byte	0
 1744 01d4 26       		.uleb128 0x26
 1745 01d5 2E       		.uleb128 0x2e
 1746 01d6 00       		.byte	0
 1747 01d7 3F       		.uleb128 0x3f
 1748 01d8 19       		.uleb128 0x19
 1749 01d9 03       		.uleb128 0x3
 1750 01da 0E       		.uleb128 0xe
 1751 01db 3A       		.uleb128 0x3a
 1752 01dc 0B       		.uleb128 0xb
 1753 01dd 3B       		.uleb128 0x3b
 1754 01de 0B       		.uleb128 0xb
ARM GAS  /tmp/ccl4LSH7.s 			page 32


 1755 01df 27       		.uleb128 0x27
 1756 01e0 19       		.uleb128 0x19
 1757 01e1 3C       		.uleb128 0x3c
 1758 01e2 19       		.uleb128 0x19
 1759 01e3 00       		.byte	0
 1760 01e4 00       		.byte	0
 1761 01e5 27       		.uleb128 0x27
 1762 01e6 2E       		.uleb128 0x2e
 1763 01e7 01       		.byte	0x1
 1764 01e8 3F       		.uleb128 0x3f
 1765 01e9 19       		.uleb128 0x19
 1766 01ea 03       		.uleb128 0x3
 1767 01eb 0E       		.uleb128 0xe
 1768 01ec 3A       		.uleb128 0x3a
 1769 01ed 0B       		.uleb128 0xb
 1770 01ee 3B       		.uleb128 0x3b
 1771 01ef 05       		.uleb128 0x5
 1772 01f0 27       		.uleb128 0x27
 1773 01f1 19       		.uleb128 0x19
 1774 01f2 49       		.uleb128 0x49
 1775 01f3 13       		.uleb128 0x13
 1776 01f4 3C       		.uleb128 0x3c
 1777 01f5 19       		.uleb128 0x19
 1778 01f6 01       		.uleb128 0x1
 1779 01f7 13       		.uleb128 0x13
 1780 01f8 00       		.byte	0
 1781 01f9 00       		.byte	0
 1782 01fa 28       		.uleb128 0x28
 1783 01fb 2E       		.uleb128 0x2e
 1784 01fc 01       		.byte	0x1
 1785 01fd 3F       		.uleb128 0x3f
 1786 01fe 19       		.uleb128 0x19
 1787 01ff 03       		.uleb128 0x3
 1788 0200 0E       		.uleb128 0xe
 1789 0201 3A       		.uleb128 0x3a
 1790 0202 0B       		.uleb128 0xb
 1791 0203 3B       		.uleb128 0x3b
 1792 0204 05       		.uleb128 0x5
 1793 0205 27       		.uleb128 0x27
 1794 0206 19       		.uleb128 0x19
 1795 0207 49       		.uleb128 0x49
 1796 0208 13       		.uleb128 0x13
 1797 0209 3C       		.uleb128 0x3c
 1798 020a 19       		.uleb128 0x19
 1799 020b 00       		.byte	0
 1800 020c 00       		.byte	0
 1801 020d 00       		.byte	0
 1802              		.section	.debug_loc,"",%progbits
 1803              	.Ldebug_loc0:
 1804              	.LLST0:
 1805 0000 34000000 		.4byte	.LVL8
 1806 0004 4B000000 		.4byte	.LVL10-1
 1807 0008 0100     		.2byte	0x1
 1808 000a 52       		.byte	0x52
 1809 000b 54000000 		.4byte	.LVL11
 1810 000f 62000000 		.4byte	.LVL12
 1811 0013 0100     		.2byte	0x1
ARM GAS  /tmp/ccl4LSH7.s 			page 33


 1812 0015 52       		.byte	0x52
 1813 0016 00000000 		.4byte	0
 1814 001a 00000000 		.4byte	0
 1815              	.LLST1:
 1816 001e 3C000000 		.4byte	.LVL9
 1817 0022 62000000 		.4byte	.LVL12
 1818 0026 0100     		.2byte	0x1
 1819 0028 54       		.byte	0x54
 1820 0029 00000000 		.4byte	0
 1821 002d 00000000 		.4byte	0
 1822              		.section	.debug_aranges,"",%progbits
 1823 0000 2C000000 		.4byte	0x2c
 1824 0004 0200     		.2byte	0x2
 1825 0006 00000000 		.4byte	.Ldebug_info0
 1826 000a 04       		.byte	0x4
 1827 000b 00       		.byte	0
 1828 000c 0000     		.2byte	0
 1829 000e 0000     		.2byte	0
 1830 0010 00000000 		.4byte	.LFB7
 1831 0014 16000000 		.4byte	.LFE7-.LFB7
 1832 0018 00000000 		.4byte	.LFB8
 1833 001c 70000000 		.4byte	.LFE8-.LFB8
 1834 0020 00000000 		.4byte	.LFB9
 1835 0024 64000000 		.4byte	.LFE9-.LFB9
 1836 0028 00000000 		.4byte	0
 1837 002c 00000000 		.4byte	0
 1838              		.section	.debug_ranges,"",%progbits
 1839              	.Ldebug_ranges0:
 1840 0000 40000000 		.4byte	.LBB5
 1841 0004 42000000 		.4byte	.LBE5
 1842 0008 44000000 		.4byte	.LBB6
 1843 000c 48000000 		.4byte	.LBE6
 1844 0010 00000000 		.4byte	0
 1845 0014 00000000 		.4byte	0
 1846 0018 00000000 		.4byte	.LFB7
 1847 001c 16000000 		.4byte	.LFE7
 1848 0020 00000000 		.4byte	.LFB8
 1849 0024 70000000 		.4byte	.LFE8
 1850 0028 00000000 		.4byte	.LFB9
 1851 002c 64000000 		.4byte	.LFE9
 1852 0030 00000000 		.4byte	0
 1853 0034 00000000 		.4byte	0
 1854              		.section	.debug_line,"",%progbits
 1855              	.Ldebug_line0:
 1856 0000 05020000 		.section	.debug_str,"MS",%progbits,1
 1856      0200AA01 
 1856      00000201 
 1856      FB0E0D00 
 1856      01010101 
 1857              	.LASF81:
 1858 0000 7466756E 		.ascii	"tfunc_t\000"
 1858      635F7400 
 1859              	.LASF92:
 1860 0008 63665F6F 		.ascii	"cf_off_older\000"
 1860      66665F6F 
 1860      6C646572 
 1860      00
ARM GAS  /tmp/ccl4LSH7.s 			page 34


 1861              	.LASF44:
 1862 0015 705F6D73 		.ascii	"p_msg\000"
 1862      6700
 1863              	.LASF2:
 1864 001b 73697A65 		.ascii	"size_t\000"
 1864      5F7400
 1865              	.LASF76:
 1866 0022 7264796D 		.ascii	"rdymsg\000"
 1866      736700
 1867              	.LASF19:
 1868 0029 75696E74 		.ascii	"uint64_t\000"
 1868      36345F74 
 1868      00
 1869              	.LASF3:
 1870 0032 5F5F7569 		.ascii	"__uint8_t\000"
 1870      6E74385F 
 1870      7400
 1871              	.LASF105:
 1872 003c 76746C69 		.ascii	"vtlist\000"
 1872      737400
 1873              	.LASF104:
 1874 0043 63685379 		.ascii	"chSysTimerHandlerI\000"
 1874      7354696D 
 1874      65724861 
 1874      6E646C65 
 1874      724900
 1875              	.LASF14:
 1876 0056 6C6F6E67 		.ascii	"long long unsigned int\000"
 1876      206C6F6E 
 1876      6720756E 
 1876      7369676E 
 1876      65642069 
 1877              	.LASF88:
 1878 006d 63685F74 		.ascii	"ch_threadsize\000"
 1878      68726561 
 1878      6473697A 
 1878      6500
 1879              	.LASF77:
 1880 007b 65786974 		.ascii	"exitcode\000"
 1880      636F6465 
 1880      00
 1881              	.LASF103:
 1882 0084 6D61696E 		.ascii	"mainthread\000"
 1882      74687265 
 1882      616400
 1883              	.LASF32:
 1884 008f 705F7072 		.ascii	"p_prio\000"
 1884      696F00
 1885              	.LASF95:
 1886 0096 63665F6F 		.ascii	"cf_off_state\000"
 1886      66665F73 
 1886      74617465 
 1886      00
 1887              	.LASF110:
 1888 00a3 5F736368 		.ascii	"_scheduler_init\000"
 1888      6564756C 
 1888      65725F69 
ARM GAS  /tmp/ccl4LSH7.s 			page 35


 1888      6E697400 
 1889              	.LASF12:
 1890 00b3 6C6F6E67 		.ascii	"long long int\000"
 1890      206C6F6E 
 1890      6720696E 
 1890      7400
 1891              	.LASF1:
 1892 00c1 7369676E 		.ascii	"signed char\000"
 1892      65642063 
 1892      68617200 
 1893              	.LASF94:
 1894 00cd 63665F6F 		.ascii	"cf_off_stklimit\000"
 1894      66665F73 
 1894      746B6C69 
 1894      6D697400 
 1895              	.LASF96:
 1896 00dd 63665F6F 		.ascii	"cf_off_flags\000"
 1896      66665F66 
 1896      6C616773 
 1896      00
 1897              	.LASF48:
 1898 00ea 705F6D70 		.ascii	"p_mpool\000"
 1898      6F6F6C00 
 1899              	.LASF73:
 1900 00f2 6D5F7175 		.ascii	"m_queue\000"
 1900      65756500 
 1901              	.LASF24:
 1902 00fa 74736C69 		.ascii	"tslices_t\000"
 1902      6365735F 
 1902      7400
 1903              	.LASF9:
 1904 0104 6C6F6E67 		.ascii	"long int\000"
 1904      20696E74 
 1904      00
 1905              	.LASF22:
 1906 010d 74737461 		.ascii	"tstate_t\000"
 1906      74655F74 
 1906      00
 1907              	.LASF16:
 1908 0116 75696E74 		.ascii	"uint16_t\000"
 1908      31365F74 
 1908      00
 1909              	.LASF100:
 1910 011f 63686465 		.ascii	"chdebug_t\000"
 1910      6275675F 
 1910      7400
 1911              	.LASF34:
 1912 0129 705F6E65 		.ascii	"p_newer\000"
 1912      77657200 
 1913              	.LASF108:
 1914 0131 5F69646C 		.ascii	"_idle_thread_wa\000"
 1914      655F7468 
 1914      72656164 
 1914      5F776100 
 1915              	.LASF10:
 1916 0141 5F5F7569 		.ascii	"__uint32_t\000"
 1916      6E743332 
ARM GAS  /tmp/ccl4LSH7.s 			page 36


 1916      5F7400
 1917              	.LASF51:
 1918 014c 72656761 		.ascii	"regarm_t\000"
 1918      726D5F74 
 1918      00
 1919              	.LASF59:
 1920 0155 76745F70 		.ascii	"vt_prev\000"
 1920      72657600 
 1921              	.LASF102:
 1922 015d 63685379 		.ascii	"chSysInit\000"
 1922      73496E69 
 1922      7400
 1923              	.LASF113:
 1924 0167 5F686561 		.ascii	"_heap_init\000"
 1924      705F696E 
 1924      697400
 1925              	.LASF0:
 1926 0172 756E7369 		.ascii	"unsigned int\000"
 1926      676E6564 
 1926      20696E74 
 1926      00
 1927              	.LASF117:
 1928 017f 5F746872 		.ascii	"_thread_init\000"
 1928      6561645F 
 1928      696E6974 
 1928      00
 1929              	.LASF58:
 1930 018c 76745F6E 		.ascii	"vt_next\000"
 1930      65787400 
 1931              	.LASF11:
 1932 0194 6C6F6E67 		.ascii	"long unsigned int\000"
 1932      20756E73 
 1932      69676E65 
 1932      6420696E 
 1932      7400
 1933              	.LASF107:
 1934 01a6 63685F64 		.ascii	"ch_debug\000"
 1934      65627567 
 1934      00
 1935              	.LASF56:
 1936 01af 76746675 		.ascii	"vtfunc_t\000"
 1936      6E635F74 
 1936      00
 1937              	.LASF82:
 1938 01b8 63685F69 		.ascii	"ch_identifier\000"
 1938      64656E74 
 1938      69666965 
 1938      7200
 1939              	.LASF116:
 1940 01c6 2F6D6E74 		.ascii	"/mnt/c/Users/DQ Sullivan/Downloads/Convex/convex/co"
 1940      2F632F55 
 1940      73657273 
 1940      2F445120 
 1940      53756C6C 
 1941 01f9 72746578 		.ascii	"rtex/projects/Vex2016 CyberBrains\000"
 1941      2F70726F 
 1941      6A656374 
ARM GAS  /tmp/ccl4LSH7.s 			page 37


 1941      732F5665 
 1941      78323031 
 1942              	.LASF114:
 1943 021b 474E5520 		.ascii	"GNU C 4.8.2 -mcpu=cortex-m3 -mno-thumb-interwork -m"
 1943      4320342E 
 1943      382E3220 
 1943      2D6D6370 
 1943      753D636F 
 1944 024e 7468756D 		.ascii	"thumb -ggdb -O2 -fomit-frame-pointer -falign-functi"
 1944      62202D67 
 1944      67646220 
 1944      2D4F3220 
 1944      2D666F6D 
 1945 0281 6F6E733D 		.ascii	"ons=16 -ffunction-sections -fdata-sections -fno-com"
 1945      3136202D 
 1945      6666756E 
 1945      6374696F 
 1945      6E2D7365 
 1946 02b4 6D6F6E00 		.ascii	"mon\000"
 1947              	.LASF54:
 1948 02b8 636F6E74 		.ascii	"context\000"
 1948      65787400 
 1949              	.LASF7:
 1950 02c0 73686F72 		.ascii	"short unsigned int\000"
 1950      7420756E 
 1950      7369676E 
 1950      65642069 
 1950      6E7400
 1951              	.LASF26:
 1952 02d3 6D73675F 		.ascii	"msg_t\000"
 1952      7400
 1953              	.LASF68:
 1954 02d9 725F6E65 		.ascii	"r_newer\000"
 1954      77657200 
 1955              	.LASF21:
 1956 02e1 746D6F64 		.ascii	"tmode_t\000"
 1956      655F7400 
 1957              	.LASF50:
 1958 02e9 54687265 		.ascii	"ThreadsList\000"
 1958      6164734C 
 1958      69737400 
 1959              	.LASF27:
 1960 02f5 6576656E 		.ascii	"eventmask_t\000"
 1960      746D6173 
 1960      6B5F7400 
 1961              	.LASF72:
 1962 0301 4D757465 		.ascii	"Mutex\000"
 1962      7800
 1963              	.LASF52:
 1964 0307 73746B61 		.ascii	"stkalign_t\000"
 1964      6C69676E 
 1964      5F7400
 1965              	.LASF118:
 1966 0312 63685468 		.ascii	"chThdCreateStatic\000"
 1966      64437265 
 1966      61746553 
 1966      74617469 
ARM GAS  /tmp/ccl4LSH7.s 			page 38


 1966      6300
 1967              	.LASF83:
 1968 0324 63685F7A 		.ascii	"ch_zero\000"
 1968      65726F00 
 1969              	.LASF97:
 1970 032c 63665F6F 		.ascii	"cf_off_refs\000"
 1970      66665F72 
 1970      65667300 
 1971              	.LASF60:
 1972 0338 76745F74 		.ascii	"vt_time\000"
 1972      696D6500 
 1973              	.LASF55:
 1974 0340 73697A65 		.ascii	"sizetype\000"
 1974      74797065 
 1974      00
 1975              	.LASF61:
 1976 0349 76745F66 		.ascii	"vt_func\000"
 1976      756E6300 
 1977              	.LASF87:
 1978 0351 63685F74 		.ascii	"ch_timesize\000"
 1978      696D6573 
 1978      697A6500 
 1979              	.LASF93:
 1980 035d 63665F6F 		.ascii	"cf_off_name\000"
 1980      66665F6E 
 1980      616D6500 
 1981              	.LASF35:
 1982 0369 705F6F6C 		.ascii	"p_older\000"
 1982      64657200 
 1983              	.LASF67:
 1984 0371 725F6374 		.ascii	"r_ctx\000"
 1984      7800
 1985              	.LASF49:
 1986 0377 54687265 		.ascii	"ThreadsQueue\000"
 1986      61647351 
 1986      75657565 
 1986      00
 1987              	.LASF84:
 1988 0384 63685F73 		.ascii	"ch_size\000"
 1988      697A6500 
 1989              	.LASF115:
 1990 038c 2E2E2F2E 		.ascii	"../../../../ChibiOS_2.6.2/os/kernel/src/chsys.c\000"
 1990      2E2F2E2E 
 1990      2F2E2E2F 
 1990      43686962 
 1990      694F535F 
 1991              	.LASF70:
 1992 03bc 725F6375 		.ascii	"r_current\000"
 1992      7272656E 
 1992      7400
 1993              	.LASF69:
 1994 03c6 725F6F6C 		.ascii	"r_older\000"
 1994      64657200 
 1995              	.LASF101:
 1996 03ce 5F69646C 		.ascii	"_idle_thread\000"
 1996      655F7468 
 1996      72656164 
ARM GAS  /tmp/ccl4LSH7.s 			page 39


 1996      00
 1997              	.LASF13:
 1998 03db 5F5F7569 		.ascii	"__uint64_t\000"
 1998      6E743634 
 1998      5F7400
 1999              	.LASF23:
 2000 03e6 74726566 		.ascii	"trefs_t\000"
 2000      735F7400 
 2001              	.LASF86:
 2002 03ee 63685F70 		.ascii	"ch_ptrsize\000"
 2002      74727369 
 2002      7A6500
 2003              	.LASF31:
 2004 03f9 705F7072 		.ascii	"p_prev\000"
 2004      657600
 2005              	.LASF25:
 2006 0400 74707269 		.ascii	"tprio_t\000"
 2006      6F5F7400 
 2007              	.LASF20:
 2008 0408 5F426F6F 		.ascii	"_Bool\000"
 2008      6C00
 2009              	.LASF17:
 2010 040e 696E7433 		.ascii	"int32_t\000"
 2010      325F7400 
 2011              	.LASF4:
 2012 0416 756E7369 		.ascii	"unsigned char\000"
 2012      676E6564 
 2012      20636861 
 2012      7200
 2013              	.LASF112:
 2014 0424 5F636F72 		.ascii	"_core_init\000"
 2014      655F696E 
 2014      697400
 2015              	.LASF46:
 2016 042f 705F6D74 		.ascii	"p_mtxlist\000"
 2016      786C6973 
 2016      7400
 2017              	.LASF5:
 2018 0439 73686F72 		.ascii	"short int\000"
 2018      7420696E 
 2018      7400
 2019              	.LASF37:
 2020 0443 705F7374 		.ascii	"p_state\000"
 2020      61746500 
 2021              	.LASF40:
 2022 044b 705F7072 		.ascii	"p_preempt\000"
 2022      65656D70 
 2022      7400
 2023              	.LASF99:
 2024 0455 63665F6F 		.ascii	"cf_off_time\000"
 2024      66665F74 
 2024      696D6500 
 2025              	.LASF66:
 2026 0461 725F7072 		.ascii	"r_prio\000"
 2026      696F00
 2027              	.LASF79:
 2028 0468 65776D61 		.ascii	"ewmask\000"
ARM GAS  /tmp/ccl4LSH7.s 			page 40


 2028      736B00
 2029              	.LASF30:
 2030 046f 705F6E65 		.ascii	"p_next\000"
 2030      787400
 2031              	.LASF98:
 2032 0476 63665F6F 		.ascii	"cf_off_preempt\000"
 2032      66665F70 
 2032      7265656D 
 2032      707400
 2033              	.LASF38:
 2034 0485 705F666C 		.ascii	"p_flags\000"
 2034      61677300 
 2035              	.LASF29:
 2036 048d 54687265 		.ascii	"Thread\000"
 2036      616400
 2037              	.LASF91:
 2038 0494 63665F6F 		.ascii	"cf_off_newer\000"
 2038      66665F6E 
 2038      65776572 
 2038      00
 2039              	.LASF45:
 2040 04a1 705F6570 		.ascii	"p_epending\000"
 2040      656E6469 
 2040      6E6700
 2041              	.LASF18:
 2042 04ac 75696E74 		.ascii	"uint32_t\000"
 2042      33325F74 
 2042      00
 2043              	.LASF89:
 2044 04b5 63665F6F 		.ascii	"cf_off_prio\000"
 2044      66665F70 
 2044      72696F00 
 2045              	.LASF65:
 2046 04c1 725F7175 		.ascii	"r_queue\000"
 2046      65756500 
 2047              	.LASF57:
 2048 04c9 56697274 		.ascii	"VirtualTimer\000"
 2048      75616C54 
 2048      696D6572 
 2048      00
 2049              	.LASF80:
 2050 04d6 63686172 		.ascii	"char\000"
 2050      00
 2051              	.LASF6:
 2052 04db 5F5F7569 		.ascii	"__uint16_t\000"
 2052      6E743136 
 2052      5F7400
 2053              	.LASF75:
 2054 04e6 6D5F6E65 		.ascii	"m_next\000"
 2054      787400
 2055              	.LASF28:
 2056 04ed 73797374 		.ascii	"systime_t\000"
 2056      696D655F 
 2056      7400
 2057              	.LASF47:
 2058 04f7 705F7265 		.ascii	"p_realprio\000"
 2058      616C7072 
ARM GAS  /tmp/ccl4LSH7.s 			page 41


 2058      696F00
 2059              	.LASF8:
 2060 0502 5F5F696E 		.ascii	"__int32_t\000"
 2060      7433325F 
 2060      7400
 2061              	.LASF111:
 2062 050c 5F76745F 		.ascii	"_vt_init\000"
 2062      696E6974 
 2062      00
 2063              	.LASF41:
 2064 0515 705F7469 		.ascii	"p_time\000"
 2064      6D6500
 2065              	.LASF53:
 2066 051c 696E7463 		.ascii	"intctx\000"
 2066      747800
 2067              	.LASF43:
 2068 0523 705F6D73 		.ascii	"p_msgqueue\000"
 2068      67717565 
 2068      756500
 2069              	.LASF62:
 2070 052e 76745F70 		.ascii	"vt_par\000"
 2070      617200
 2071              	.LASF90:
 2072 0535 63665F6F 		.ascii	"cf_off_ctx\000"
 2072      66665F63 
 2072      747800
 2073              	.LASF39:
 2074 0540 705F7265 		.ascii	"p_refs\000"
 2074      667300
 2075              	.LASF71:
 2076 0547 52656164 		.ascii	"ReadyList\000"
 2076      794C6973 
 2076      7400
 2077              	.LASF106:
 2078 0551 726C6973 		.ascii	"rlist\000"
 2078      7400
 2079              	.LASF15:
 2080 0557 75696E74 		.ascii	"uint8_t\000"
 2080      385F7400 
 2081              	.LASF109:
 2082 055f 5F706F72 		.ascii	"_port_init\000"
 2082      745F696E 
 2082      697400
 2083              	.LASF78:
 2084 056a 77746F62 		.ascii	"wtobjp\000"
 2084      6A7000
 2085              	.LASF36:
 2086 0571 705F6E61 		.ascii	"p_name\000"
 2086      6D6500
 2087              	.LASF63:
 2088 0578 76745F73 		.ascii	"vt_systime\000"
 2088      79737469 
 2088      6D6500
 2089              	.LASF85:
 2090 0583 63685F76 		.ascii	"ch_version\000"
 2090      65727369 
 2090      6F6E00
ARM GAS  /tmp/ccl4LSH7.s 			page 42


 2091              	.LASF64:
 2092 058e 56544C69 		.ascii	"VTList\000"
 2092      737400
 2093              	.LASF74:
 2094 0595 6D5F6F77 		.ascii	"m_owner\000"
 2094      6E657200 
 2095              	.LASF33:
 2096 059d 705F6374 		.ascii	"p_ctx\000"
 2096      7800
 2097              	.LASF42:
 2098 05a3 705F7761 		.ascii	"p_waiting\000"
 2098      6974696E 
 2098      6700
 2099              		.ident	"GCC: (4.8.2-14ubuntu1+6) 4.8.2"
ARM GAS  /tmp/ccl4LSH7.s 			page 43


DEFINED SYMBOLS
                            *ABS*:0000000000000000 chsys.c
     /tmp/ccl4LSH7.s:19     .text._idle_thread:0000000000000000 $t
     /tmp/ccl4LSH7.s:25     .text._idle_thread:0000000000000000 _idle_thread
     /tmp/ccl4LSH7.s:232    .rodata.str1.4:0000000000000000 .LC0
     /tmp/ccl4LSH7.s:48     .text.chSysInit:0000000000000000 $t
     /tmp/ccl4LSH7.s:54     .text.chSysInit:0000000000000000 chSysInit
     /tmp/ccl4LSH7.s:236    .bss.mainthread.4794:0000000000000000 .LANCHOR0
     /tmp/ccl4LSH7.s:243    .bss._idle_thread_wa:0000000000000000 .LANCHOR1
     /tmp/ccl4LSH7.s:132    .text.chSysTimerHandlerI:0000000000000000 $t
     /tmp/ccl4LSH7.s:138    .text.chSysTimerHandlerI:0000000000000000 chSysTimerHandlerI
     /tmp/ccl4LSH7.s:246    .bss._idle_thread_wa:0000000000000000 _idle_thread_wa
     /tmp/ccl4LSH7.s:231    .rodata.str1.4:0000000000000000 $d
     /tmp/ccl4LSH7.s:235    .bss.mainthread.4794:0000000000000000 $d
     /tmp/ccl4LSH7.s:239    .bss.mainthread.4794:0000000000000000 mainthread.4794
     /tmp/ccl4LSH7.s:242    .bss._idle_thread_wa:0000000000000000 $d
                     .debug_frame:0000000000000010 $d

UNDEFINED SYMBOLS
rlist
_port_init
_scheduler_init
_vt_init
_core_init
_heap_init
_thread_init
ch_debug
chThdCreateStatic
vtlist
