ARM GAS  /tmp/ccu9S0xr.s 			page 1


   1              		.syntax unified
   2              		.cpu cortex-m3
   3              		.fpu softvfp
   4              		.eabi_attribute 20, 1
   5              		.eabi_attribute 21, 1
   6              		.eabi_attribute 23, 3
   7              		.eabi_attribute 24, 1
   8              		.eabi_attribute 25, 1
   9              		.eabi_attribute 26, 1
  10              		.eabi_attribute 30, 2
  11              		.eabi_attribute 34, 1
  12              		.eabi_attribute 18, 4
  13              		.thumb
  14              		.file	"hal_lld.c"
  15              		.text
  16              	.Ltext0:
  17              		.cfi_sections	.debug_frame
  18              		.section	.text.hal_lld_init,"ax",%progbits
  19              		.align	2
  20              		.p2align 4,,15
  21              		.global	hal_lld_init
  22              		.thumb
  23              		.thumb_func
  24              		.type	hal_lld_init, %function
  25              	hal_lld_init:
  26              	.LFB64:
  27              		.file 1 "../../../../ChibiOS_2.6.2/os/hal/platforms/STM32F1xx/hal_lld.c"
  28              		.loc 1 99 0
  29              		.cfi_startproc
  30              		@ args = 0, pretend = 0, frame = 0
  31              		@ frame_needed = 0, uses_anonymous_args = 0
  32              		@ link register save eliminated.
  33              		.loc 1 102 0
  34 0000 4FF48053 		mov	r3, #4096
  35              		.loc 1 99 0
  36 0004 F0B4     		push	{r4, r5, r6, r7}
  37              		.cfi_def_cfa_offset 16
  38              		.cfi_offset 4, -16
  39              		.cfi_offset 5, -12
  40              		.cfi_offset 6, -8
  41              		.cfi_offset 7, -4
  42              		.loc 1 102 0
  43 0006 C4F20203 		movt	r3, 16386
  44 000a 0021     		movs	r1, #0
  45 000c 4FF0FF35 		mov	r5, #-1
  46              		.loc 1 106 0
  47 0010 4EF21002 		movw	r2, #57360
  48 0014 41F63F14 		movw	r4, #6463
  49              		.loc 1 102 0
  50 0018 1869     		ldr	r0, [r3, #16]
  51              		.loc 1 106 0
  52 001a CEF20002 		movt	r2, 57344
  53              		.loc 1 102 0
  54 001e 1D61     		str	r5, [r3, #16]
  55              		.loc 1 106 0
  56 0020 C0F20104 		movt	r4, 1
  57              		.loc 1 102 0
ARM GAS  /tmp/ccu9S0xr.s 			page 2


  58 0024 1961     		str	r1, [r3, #16]
  59              		.loc 1 108 0
  60 0026 0726     		movs	r6, #7
  61              		.loc 1 113 0
  62 0028 4EF6F050 		movw	r0, #60912
  63              		.loc 1 103 0
  64 002c DF68     		ldr	r7, [r3, #12]
  65              		.loc 1 113 0
  66 002e CEF20000 		movt	r0, 57344
  67              		.loc 1 103 0
  68 0032 DD60     		str	r5, [r3, #12]
  69 0034 D960     		str	r1, [r3, #12]
  70              		.loc 1 106 0
  71 0036 5460     		str	r4, [r2, #4]
  72              		.loc 1 107 0
  73 0038 9160     		str	r1, [r2, #8]
  74              		.loc 1 108 0
  75 003a 1660     		str	r6, [r2]
  76              		.loc 1 113 0
  77 003c C268     		ldr	r2, [r0, #12]
  78              		.loc 1 114 0
  79 003e 4FF48051 		mov	r1, #4096
  80              		.loc 1 113 0
  81 0042 42F08072 		orr	r2, r2, #16777216
  82 0046 C260     		str	r2, [r0, #12]
  83              		.loc 1 114 0
  84 0048 CEF20001 		movt	r1, 57344
  85 004c 0868     		ldr	r0, [r1]
  86              	.LBB4:
  87              	.LBB5:
  88              		.loc 1 52 0
  89 004e 4FF4E042 		mov	r2, #28672
  90              	.LBE5:
  91              	.LBE4:
  92              		.loc 1 114 0
  93 0052 40F00100 		orr	r0, r0, #1
  94 0056 0860     		str	r0, [r1]
  95              		.loc 1 117 0
  96 0058 D969     		ldr	r1, [r3, #28]
  97              	.LBB8:
  98              	.LBB6:
  99              		.loc 1 52 0
 100 005a C4F20002 		movt	r2, 16384
 101              	.LBE6:
 102              	.LBE8:
 103              		.loc 1 117 0
 104 005e 41F08051 		orr	r1, r1, #268435456
 105 0062 D961     		str	r1, [r3, #28]
 106              		.loc 1 118 0
 107 0064 D969     		ldr	r1, [r3, #28]
 108              		.loc 1 131 0
 109 0066 F0BC     		pop	{r4, r5, r6, r7}
 110              		.loc 1 118 0
 111 0068 41F00061 		orr	r1, r1, #134217728
 112 006c D961     		str	r1, [r3, #28]
 113              	.LBB9:
 114              	.LBB7:
ARM GAS  /tmp/ccu9S0xr.s 			page 3


 115              		.loc 1 52 0
 116 006e 1368     		ldr	r3, [r2]
 117 0070 43F48073 		orr	r3, r3, #256
 118 0074 1360     		str	r3, [r2]
 119              	.LBE7:
 120              	.LBE9:
 121              		.loc 1 124 0
 122 0076 FFF7FEBF 		b	dmaInit
 123              	.LVL0:
 124              		.cfi_endproc
 125              	.LFE64:
 126              		.size	hal_lld_init, .-hal_lld_init
 127 007a 00BFAFF3 		.section	.text.stm32_clock_init,"ax",%progbits
 127      0080
 128              		.align	2
 129              		.p2align 4,,15
 130              		.global	stm32_clock_init
 131              		.thumb
 132              		.thumb_func
 133              		.type	stm32_clock_init, %function
 134              	stm32_clock_init:
 135              	.LFB65:
 136              		.loc 1 147 0
 137              		.cfi_startproc
 138              		@ args = 0, pretend = 0, frame = 0
 139              		@ frame_needed = 0, uses_anonymous_args = 0
 140              		@ link register save eliminated.
 141              		.loc 1 152 0
 142 0000 4FF48053 		mov	r3, #4096
 143 0004 C4F20203 		movt	r3, 16386
 144 0008 1A68     		ldr	r2, [r3]
 145              		.loc 1 153 0
 146 000a 1946     		mov	r1, r3
 147              		.loc 1 152 0
 148 000c 42F00102 		orr	r2, r2, #1
 149 0010 1A60     		str	r2, [r3]
 150              	.L4:
 151              		.loc 1 153 0 discriminator 1
 152 0012 0A68     		ldr	r2, [r1]
 153 0014 4FF48053 		mov	r3, #4096
 154 0018 9207     		lsls	r2, r2, #30
 155 001a C4F20203 		movt	r3, 16386
 156 001e F8D5     		bpl	.L4
 157              		.loc 1 155 0
 158 0020 1968     		ldr	r1, [r3]
 159              		.loc 1 156 0
 160 0022 0022     		movs	r2, #0
 161              		.loc 1 155 0
 162 0024 01F0F901 		and	r1, r1, #249
 163 0028 1960     		str	r1, [r3]
 164              		.loc 1 157 0
 165 002a 1946     		mov	r1, r3
 166              		.loc 1 156 0
 167 002c 5A60     		str	r2, [r3, #4]
 168              	.L6:
 169              		.loc 1 157 0 discriminator 1
 170 002e 4A68     		ldr	r2, [r1, #4]
ARM GAS  /tmp/ccu9S0xr.s 			page 4


 171 0030 4FF48053 		mov	r3, #4096
 172 0034 12F00C0F 		tst	r2, #12
 173 0038 C4F20203 		movt	r3, 16386
 174 003c F7D1     		bne	.L6
 175              		.loc 1 166 0
 176 003e 1A68     		ldr	r2, [r3]
 177              		.loc 1 167 0
 178 0040 1946     		mov	r1, r3
 179              		.loc 1 166 0
 180 0042 42F48032 		orr	r2, r2, #65536
 181 0046 1A60     		str	r2, [r3]
 182              	.L8:
 183              		.loc 1 167 0 discriminator 1
 184 0048 0A68     		ldr	r2, [r1]
 185 004a 4FF48053 		mov	r3, #4096
 186 004e 9003     		lsls	r0, r2, #14
 187 0050 C4F20203 		movt	r3, 16386
 188 0054 F8D5     		bpl	.L8
 189              		.loc 1 180 0
 190 0056 5A68     		ldr	r2, [r3, #4]
 191              		.loc 1 182 0
 192 0058 1946     		mov	r1, r3
 193              		.loc 1 180 0
 194 005a 42F4E812 		orr	r2, r2, #1900544
 195 005e 5A60     		str	r2, [r3, #4]
 196              		.loc 1 181 0
 197 0060 1A68     		ldr	r2, [r3]
 198 0062 42F08072 		orr	r2, r2, #16777216
 199 0066 1A60     		str	r2, [r3]
 200              	.L10:
 201              		.loc 1 182 0 discriminator 1
 202 0068 0A68     		ldr	r2, [r1]
 203 006a 4FF48053 		mov	r3, #4096
 204 006e 9201     		lsls	r2, r2, #6
 205 0070 C4F20203 		movt	r3, 16386
 206 0074 F8D5     		bpl	.L10
 207              		.loc 1 188 0
 208 0076 4FF44441 		mov	r1, #50176
 209              		.loc 1 198 0
 210 007a 4FF40052 		mov	r2, #8192
 211              		.loc 1 188 0
 212 007e C0F21D01 		movt	r1, 29
 213              		.loc 1 198 0
 214 0082 C4F20202 		movt	r2, 16386
 215 0086 1220     		movs	r0, #18
 216              		.loc 1 188 0
 217 0088 5960     		str	r1, [r3, #4]
 218              		.loc 1 198 0
 219 008a 1060     		str	r0, [r2]
 220              		.loc 1 203 0
 221 008c 5968     		ldr	r1, [r3, #4]
 222              		.loc 1 204 0
 223 008e 1A46     		mov	r2, r3
 224              		.loc 1 203 0
 225 0090 41F00201 		orr	r1, r1, #2
 226 0094 5960     		str	r1, [r3, #4]
 227              	.L12:
ARM GAS  /tmp/ccu9S0xr.s 			page 5


 228              		.loc 1 204 0 discriminator 1
 229 0096 5368     		ldr	r3, [r2, #4]
 230 0098 03F00C03 		and	r3, r3, #12
 231 009c 082B     		cmp	r3, #8
 232 009e FAD1     		bne	.L12
 233              		.loc 1 212 0
 234 00a0 7047     		bx	lr
 235              		.cfi_endproc
 236              	.LFE65:
 237              		.size	stm32_clock_init, .-stm32_clock_init
 238 00a2 00BFAFF3 		.text
 238      0080AFF3 
 238      0080AFF3 
 238      0080
 239              	.Letext0:
 240              		.file 2 "/usr/include/newlib/machine/_default_types.h"
 241              		.file 3 "/usr/include/newlib/stdint.h"
 242              		.file 4 "../../../../ChibiOS_2.6.2/os/ports/common/ARMCMx/nvic.h"
 243              		.file 5 "../../../../ChibiOS_2.6.2/os/ports/common/ARMCMx/CMSIS/include/core_cm3.h"
 244              		.file 6 "../../../../ChibiOS_2.6.2/os/hal/platforms/STM32F1xx/stm32f10x.h"
 245              		.file 7 "../../../../ChibiOS_2.6.2/os/hal/platforms/STM32F1xx/stm32_dma.h"
 246              		.section	.debug_info,"",%progbits
 247              	.Ldebug_info0:
 248 0000 8E030000 		.4byte	0x38e
 249 0004 0400     		.2byte	0x4
 250 0006 00000000 		.4byte	.Ldebug_abbrev0
 251 000a 04       		.byte	0x4
 252 000b 01       		.uleb128 0x1
 253 000c 7B000000 		.4byte	.LASF50
 254 0010 01       		.byte	0x1
 255 0011 73010000 		.4byte	.LASF51
 256 0015 CB020000 		.4byte	.LASF52
 257 0019 20000000 		.4byte	.Ldebug_ranges0+0x20
 258 001d 00000000 		.4byte	0
 259 0021 00000000 		.4byte	.Ldebug_line0
 260 0025 02       		.uleb128 0x2
 261 0026 04       		.byte	0x4
 262 0027 05       		.byte	0x5
 263 0028 696E7400 		.ascii	"int\000"
 264 002c 03       		.uleb128 0x3
 265 002d 04       		.byte	0x4
 266 002e 07       		.byte	0x7
 267 002f 1C020000 		.4byte	.LASF0
 268 0033 03       		.uleb128 0x3
 269 0034 01       		.byte	0x1
 270 0035 06       		.byte	0x6
 271 0036 F0010000 		.4byte	.LASF1
 272 003a 03       		.uleb128 0x3
 273 003b 01       		.byte	0x1
 274 003c 08       		.byte	0x8
 275 003d DA010000 		.4byte	.LASF2
 276 0041 03       		.uleb128 0x3
 277 0042 02       		.byte	0x2
 278 0043 05       		.byte	0x5
 279 0044 0F000000 		.4byte	.LASF3
 280 0048 04       		.uleb128 0x4
 281 0049 53000000 		.4byte	.LASF5
ARM GAS  /tmp/ccu9S0xr.s 			page 6


 282 004d 02       		.byte	0x2
 283 004e 26       		.byte	0x26
 284 004f 53000000 		.4byte	0x53
 285 0053 03       		.uleb128 0x3
 286 0054 02       		.byte	0x2
 287 0055 07       		.byte	0x7
 288 0056 4C020000 		.4byte	.LASF4
 289 005a 04       		.uleb128 0x4
 290 005b B5020000 		.4byte	.LASF6
 291 005f 02       		.byte	0x2
 292 0060 37       		.byte	0x37
 293 0061 65000000 		.4byte	0x65
 294 0065 03       		.uleb128 0x3
 295 0066 04       		.byte	0x4
 296 0067 05       		.byte	0x5
 297 0068 6A010000 		.4byte	.LASF7
 298 006c 04       		.uleb128 0x4
 299 006d 40000000 		.4byte	.LASF8
 300 0071 02       		.byte	0x2
 301 0072 38       		.byte	0x38
 302 0073 77000000 		.4byte	0x77
 303 0077 03       		.uleb128 0x3
 304 0078 04       		.byte	0x4
 305 0079 07       		.byte	0x7
 306 007a 89020000 		.4byte	.LASF9
 307 007e 03       		.uleb128 0x3
 308 007f 08       		.byte	0x8
 309 0080 05       		.byte	0x5
 310 0081 49010000 		.4byte	.LASF10
 311 0085 03       		.uleb128 0x3
 312 0086 08       		.byte	0x8
 313 0087 07       		.byte	0x7
 314 0088 FC010000 		.4byte	.LASF11
 315 008c 04       		.uleb128 0x4
 316 008d 29020000 		.4byte	.LASF12
 317 0091 03       		.byte	0x3
 318 0092 36       		.byte	0x36
 319 0093 48000000 		.4byte	0x48
 320 0097 04       		.uleb128 0x4
 321 0098 6C020000 		.4byte	.LASF13
 322 009c 03       		.byte	0x3
 323 009d 41       		.byte	0x41
 324 009e 5A000000 		.4byte	0x5a
 325 00a2 04       		.uleb128 0x4
 326 00a3 13020000 		.4byte	.LASF14
 327 00a7 03       		.byte	0x3
 328 00a8 42       		.byte	0x42
 329 00a9 6C000000 		.4byte	0x6c
 330 00ad 03       		.uleb128 0x3
 331 00ae 01       		.byte	0x1
 332 00af 02       		.byte	0x2
 333 00b0 74020000 		.4byte	.LASF15
 334 00b4 04       		.uleb128 0x4
 335 00b5 39010000 		.4byte	.LASF16
 336 00b9 04       		.byte	0x4
 337 00ba 3A       		.byte	0x3a
 338 00bb BF000000 		.4byte	0xbf
ARM GAS  /tmp/ccu9S0xr.s 			page 7


 339 00bf 05       		.uleb128 0x5
 340 00c0 A2000000 		.4byte	0xa2
 341 00c4 03       		.uleb128 0x3
 342 00c5 04       		.byte	0x4
 343 00c6 07       		.byte	0x7
 344 00c7 19000000 		.4byte	.LASF17
 345 00cb 06       		.uleb128 0x6
 346 00cc 10       		.byte	0x10
 347 00cd 04       		.byte	0x4
 348 00ce F1       		.byte	0xf1
 349 00cf 04010000 		.4byte	0x104
 350 00d3 07       		.uleb128 0x7
 351 00d4 64010000 		.4byte	.LASF18
 352 00d8 04       		.byte	0x4
 353 00d9 F2       		.byte	0xf2
 354 00da B4000000 		.4byte	0xb4
 355 00de 00       		.byte	0
 356 00df 07       		.uleb128 0x7
 357 00e0 75000000 		.4byte	.LASF19
 358 00e4 04       		.byte	0x4
 359 00e5 F3       		.byte	0xf3
 360 00e6 B4000000 		.4byte	0xb4
 361 00ea 04       		.byte	0x4
 362 00eb 07       		.uleb128 0x7
 363 00ec 33010000 		.4byte	.LASF20
 364 00f0 04       		.byte	0x4
 365 00f1 F4       		.byte	0xf4
 366 00f2 B4000000 		.4byte	0xb4
 367 00f6 08       		.byte	0x8
 368 00f7 07       		.uleb128 0x7
 369 00f8 09000000 		.4byte	.LASF21
 370 00fc 04       		.byte	0x4
 371 00fd F5       		.byte	0xf5
 372 00fe B4000000 		.4byte	0xb4
 373 0102 0C       		.byte	0xc
 374 0103 00       		.byte	0
 375 0104 04       		.uleb128 0x4
 376 0105 64020000 		.4byte	.LASF22
 377 0109 04       		.byte	0x4
 378 010a F6       		.byte	0xf6
 379 010b CB000000 		.4byte	0xcb
 380 010f 08       		.uleb128 0x8
 381 0110 20       		.byte	0x20
 382 0111 04       		.byte	0x4
 383 0112 0601     		.2byte	0x106
 384 0114 81010000 		.4byte	0x181
 385 0118 09       		.uleb128 0x9
 386 0119 5E000000 		.4byte	.LASF23
 387 011d 04       		.byte	0x4
 388 011e 0701     		.2byte	0x107
 389 0120 B4000000 		.4byte	0xb4
 390 0124 00       		.byte	0
 391 0125 09       		.uleb128 0x9
 392 0126 57010000 		.4byte	.LASF24
 393 012a 04       		.byte	0x4
 394 012b 0801     		.2byte	0x108
 395 012d B4000000 		.4byte	0xb4
ARM GAS  /tmp/ccu9S0xr.s 			page 8


 396 0131 04       		.byte	0x4
 397 0132 09       		.uleb128 0x9
 398 0133 82020000 		.4byte	.LASF25
 399 0137 04       		.byte	0x4
 400 0138 0901     		.2byte	0x109
 401 013a B4000000 		.4byte	0xb4
 402 013e 08       		.byte	0x8
 403 013f 09       		.uleb128 0x9
 404 0140 D3010000 		.4byte	.LASF26
 405 0144 04       		.byte	0x4
 406 0145 0A01     		.2byte	0x10a
 407 0147 B4000000 		.4byte	0xb4
 408 014b 0C       		.byte	0xc
 409 014c 09       		.uleb128 0x9
 410 014d 9B020000 		.4byte	.LASF27
 411 0151 04       		.byte	0x4
 412 0152 0B01     		.2byte	0x10b
 413 0154 B4000000 		.4byte	0xb4
 414 0158 10       		.byte	0x10
 415 0159 09       		.uleb128 0x9
 416 015a BF020000 		.4byte	.LASF28
 417 015e 04       		.byte	0x4
 418 015f 0C01     		.2byte	0x10c
 419 0161 B4000000 		.4byte	0xb4
 420 0165 14       		.byte	0x14
 421 0166 09       		.uleb128 0x9
 422 0167 2C000000 		.4byte	.LASF29
 423 016b 04       		.byte	0x4
 424 016c 0D01     		.2byte	0x10d
 425 016e B4000000 		.4byte	0xb4
 426 0172 18       		.byte	0x18
 427 0173 09       		.uleb128 0x9
 428 0174 27000000 		.4byte	.LASF30
 429 0178 04       		.byte	0x4
 430 0179 0E01     		.2byte	0x10e
 431 017b B4000000 		.4byte	0xb4
 432 017f 1C       		.byte	0x1c
 433 0180 00       		.byte	0
 434 0181 0A       		.uleb128 0xa
 435 0182 4B000000 		.4byte	.LASF31
 436 0186 04       		.byte	0x4
 437 0187 0F01     		.2byte	0x10f
 438 0189 0F010000 		.4byte	0x10f
 439 018d 03       		.uleb128 0x3
 440 018e 01       		.byte	0x1
 441 018f 08       		.byte	0x8
 442 0190 5F020000 		.4byte	.LASF32
 443 0194 0B       		.uleb128 0xb
 444 0195 BF000000 		.4byte	0xbf
 445 0199 08       		.uleb128 0x8
 446 019a 10       		.byte	0x10
 447 019b 05       		.byte	0x5
 448 019c 3F02     		.2byte	0x23f
 449 019e D7010000 		.4byte	0x1d7
 450 01a2 09       		.uleb128 0x9
 451 01a3 5E000000 		.4byte	.LASF23
 452 01a7 05       		.byte	0x5
ARM GAS  /tmp/ccu9S0xr.s 			page 9


 453 01a8 4102     		.2byte	0x241
 454 01aa BF000000 		.4byte	0xbf
 455 01ae 00       		.byte	0
 456 01af 09       		.uleb128 0x9
 457 01b0 C6020000 		.4byte	.LASF33
 458 01b4 05       		.byte	0x5
 459 01b5 4202     		.2byte	0x242
 460 01b7 BF000000 		.4byte	0xbf
 461 01bb 04       		.byte	0x4
 462 01bc 0C       		.uleb128 0xc
 463 01bd 56414C00 		.ascii	"VAL\000"
 464 01c1 05       		.byte	0x5
 465 01c2 4302     		.2byte	0x243
 466 01c4 BF000000 		.4byte	0xbf
 467 01c8 08       		.byte	0x8
 468 01c9 09       		.uleb128 0x9
 469 01ca 5E010000 		.4byte	.LASF34
 470 01ce 05       		.byte	0x5
 471 01cf 4402     		.2byte	0x244
 472 01d1 94010000 		.4byte	0x194
 473 01d5 0C       		.byte	0xc
 474 01d6 00       		.byte	0
 475 01d7 0A       		.uleb128 0xa
 476 01d8 3F020000 		.4byte	.LASF35
 477 01dc 05       		.byte	0x5
 478 01dd 4502     		.2byte	0x245
 479 01df 99010000 		.4byte	0x199
 480 01e3 05       		.uleb128 0x5
 481 01e4 97000000 		.4byte	0x97
 482 01e8 08       		.uleb128 0x8
 483 01e9 24       		.byte	0x24
 484 01ea 06       		.byte	0x6
 485 01eb 9403     		.2byte	0x394
 486 01ed 64020000 		.4byte	0x264
 487 01f1 0C       		.uleb128 0xc
 488 01f2 41435200 		.ascii	"ACR\000"
 489 01f6 06       		.byte	0x6
 490 01f7 9603     		.2byte	0x396
 491 01f9 BF000000 		.4byte	0xbf
 492 01fd 00       		.byte	0
 493 01fe 09       		.uleb128 0x9
 494 01ff 63000000 		.4byte	.LASF36
 495 0203 06       		.byte	0x6
 496 0204 9703     		.2byte	0x397
 497 0206 BF000000 		.4byte	0xbf
 498 020a 04       		.byte	0x4
 499 020b 09       		.uleb128 0x9
 500 020c 41010000 		.4byte	.LASF37
 501 0210 06       		.byte	0x6
 502 0211 9803     		.2byte	0x398
 503 0213 BF000000 		.4byte	0xbf
 504 0217 08       		.byte	0x8
 505 0218 0C       		.uleb128 0xc
 506 0219 535200   		.ascii	"SR\000"
 507 021c 06       		.byte	0x6
 508 021d 9903     		.2byte	0x399
 509 021f BF000000 		.4byte	0xbf
ARM GAS  /tmp/ccu9S0xr.s 			page 10


 510 0223 0C       		.byte	0xc
 511 0224 0C       		.uleb128 0xc
 512 0225 435200   		.ascii	"CR\000"
 513 0228 06       		.byte	0x6
 514 0229 9A03     		.2byte	0x39a
 515 022b BF000000 		.4byte	0xbf
 516 022f 10       		.byte	0x10
 517 0230 0C       		.uleb128 0xc
 518 0231 415200   		.ascii	"AR\000"
 519 0234 06       		.byte	0x6
 520 0235 9B03     		.2byte	0x39b
 521 0237 BF000000 		.4byte	0xbf
 522 023b 14       		.byte	0x14
 523 023c 09       		.uleb128 0x9
 524 023d 20030000 		.4byte	.LASF38
 525 0241 06       		.byte	0x6
 526 0242 9C03     		.2byte	0x39c
 527 0244 BF000000 		.4byte	0xbf
 528 0248 18       		.byte	0x18
 529 0249 0C       		.uleb128 0xc
 530 024a 4F425200 		.ascii	"OBR\000"
 531 024e 06       		.byte	0x6
 532 024f 9D03     		.2byte	0x39d
 533 0251 BF000000 		.4byte	0xbf
 534 0255 1C       		.byte	0x1c
 535 0256 09       		.uleb128 0x9
 536 0257 CE010000 		.4byte	.LASF39
 537 025b 06       		.byte	0x6
 538 025c 9E03     		.2byte	0x39e
 539 025e BF000000 		.4byte	0xbf
 540 0262 20       		.byte	0x20
 541 0263 00       		.byte	0
 542 0264 0A       		.uleb128 0xa
 543 0265 29030000 		.4byte	.LASF40
 544 0269 06       		.byte	0x6
 545 026a A703     		.2byte	0x3a7
 546 026c E8010000 		.4byte	0x1e8
 547 0270 08       		.uleb128 0x8
 548 0271 08       		.byte	0x8
 549 0272 06       		.byte	0x6
 550 0273 3904     		.2byte	0x439
 551 0275 93020000 		.4byte	0x293
 552 0279 0C       		.uleb128 0xc
 553 027a 435200   		.ascii	"CR\000"
 554 027d 06       		.byte	0x6
 555 027e 3B04     		.2byte	0x43b
 556 0280 BF000000 		.4byte	0xbf
 557 0284 00       		.byte	0
 558 0285 0C       		.uleb128 0xc
 559 0286 43535200 		.ascii	"CSR\000"
 560 028a 06       		.byte	0x6
 561 028b 3C04     		.2byte	0x43c
 562 028d BF000000 		.4byte	0xbf
 563 0291 04       		.byte	0x4
 564 0292 00       		.byte	0
 565 0293 0A       		.uleb128 0xa
 566 0294 34000000 		.4byte	.LASF41
ARM GAS  /tmp/ccu9S0xr.s 			page 11


 567 0298 06       		.byte	0x6
 568 0299 3D04     		.2byte	0x43d
 569 029b 70020000 		.4byte	0x270
 570 029f 08       		.uleb128 0x8
 571 02a0 28       		.byte	0x28
 572 02a1 06       		.byte	0x6
 573 02a2 4304     		.2byte	0x443
 574 02a4 2A030000 		.4byte	0x32a
 575 02a8 0C       		.uleb128 0xc
 576 02a9 435200   		.ascii	"CR\000"
 577 02ac 06       		.byte	0x6
 578 02ad 4504     		.2byte	0x445
 579 02af BF000000 		.4byte	0xbf
 580 02b3 00       		.byte	0
 581 02b4 09       		.uleb128 0x9
 582 02b5 68000000 		.4byte	.LASF42
 583 02b9 06       		.byte	0x6
 584 02ba 4604     		.2byte	0x446
 585 02bc BF000000 		.4byte	0xbf
 586 02c0 04       		.byte	0x4
 587 02c1 0C       		.uleb128 0xc
 588 02c2 43495200 		.ascii	"CIR\000"
 589 02c6 06       		.byte	0x6
 590 02c7 4704     		.2byte	0x447
 591 02c9 BF000000 		.4byte	0xbf
 592 02cd 08       		.byte	0x8
 593 02ce 09       		.uleb128 0x9
 594 02cf C5010000 		.4byte	.LASF43
 595 02d3 06       		.byte	0x6
 596 02d4 4804     		.2byte	0x448
 597 02d6 BF000000 		.4byte	0xbf
 598 02da 0C       		.byte	0xc
 599 02db 09       		.uleb128 0x9
 600 02dc 00000000 		.4byte	.LASF44
 601 02e0 06       		.byte	0x6
 602 02e1 4904     		.2byte	0x449
 603 02e3 BF000000 		.4byte	0xbf
 604 02e7 10       		.byte	0x10
 605 02e8 09       		.uleb128 0x9
 606 02e9 BE010000 		.4byte	.LASF45
 607 02ed 06       		.byte	0x6
 608 02ee 4A04     		.2byte	0x44a
 609 02f0 BF000000 		.4byte	0xbf
 610 02f4 14       		.byte	0x14
 611 02f5 09       		.uleb128 0x9
 612 02f6 E8010000 		.4byte	.LASF46
 613 02fa 06       		.byte	0x6
 614 02fb 4B04     		.2byte	0x44b
 615 02fd BF000000 		.4byte	0xbf
 616 0301 18       		.byte	0x18
 617 0302 09       		.uleb128 0x9
 618 0303 6D000000 		.4byte	.LASF47
 619 0307 06       		.byte	0x6
 620 0308 4C04     		.2byte	0x44c
 621 030a BF000000 		.4byte	0xbf
 622 030e 1C       		.byte	0x1c
 623 030f 09       		.uleb128 0x9
ARM GAS  /tmp/ccu9S0xr.s 			page 12


 624 0310 22000000 		.4byte	.LASF48
 625 0314 06       		.byte	0x6
 626 0315 4D04     		.2byte	0x44d
 627 0317 BF000000 		.4byte	0xbf
 628 031b 20       		.byte	0x20
 629 031c 0C       		.uleb128 0xc
 630 031d 43535200 		.ascii	"CSR\000"
 631 0321 06       		.byte	0x6
 632 0322 4E04     		.2byte	0x44e
 633 0324 BF000000 		.4byte	0xbf
 634 0328 24       		.byte	0x24
 635 0329 00       		.byte	0
 636 032a 0A       		.uleb128 0xa
 637 032b B2010000 		.4byte	.LASF49
 638 032f 06       		.byte	0x6
 639 0330 5904     		.2byte	0x459
 640 0332 9F020000 		.4byte	0x29f
 641 0336 0D       		.uleb128 0xd
 642 0337 18010000 		.4byte	.LASF53
 643 033b 01       		.byte	0x1
 644 033c 31       		.byte	0x31
 645 033d 01       		.byte	0x1
 646 033e 0E       		.uleb128 0xe
 647 033f 32020000 		.4byte	.LASF54
 648 0343 01       		.byte	0x1
 649 0344 63       		.byte	0x63
 650 0345 00000000 		.4byte	.LFB64
 651 0349 7A000000 		.4byte	.LFE64-.LFB64
 652 034d 01       		.uleb128 0x1
 653 034e 9C       		.byte	0x9c
 654 034f 6C030000 		.4byte	0x36c
 655 0353 0F       		.uleb128 0xf
 656 0354 36030000 		.4byte	0x336
 657 0358 4E000000 		.4byte	.LBB4
 658 035c 00000000 		.4byte	.Ldebug_ranges0+0
 659 0360 01       		.byte	0x1
 660 0361 79       		.byte	0x79
 661 0362 10       		.uleb128 0x10
 662 0363 7A000000 		.4byte	.LVL0
 663 0367 89030000 		.4byte	0x389
 664 036b 00       		.byte	0
 665 036c 11       		.uleb128 0x11
 666 036d A4020000 		.4byte	.LASF55
 667 0371 01       		.byte	0x1
 668 0372 93       		.byte	0x93
 669 0373 00000000 		.4byte	.LFB65
 670 0377 A2000000 		.4byte	.LFE65-.LFB65
 671 037b 01       		.uleb128 0x1
 672 037c 9C       		.byte	0x9c
 673 037d 12       		.uleb128 0x12
 674 037e 37030000 		.4byte	.LASF56
 675 0382 05       		.byte	0x5
 676 0383 0706     		.2byte	0x607
 677 0385 E3010000 		.4byte	0x1e3
 678 0389 13       		.uleb128 0x13
 679 038a 7A020000 		.4byte	.LASF57
 680 038e 07       		.byte	0x7
ARM GAS  /tmp/ccu9S0xr.s 			page 13


 681 038f 8A01     		.2byte	0x18a
 682 0391 00       		.byte	0
 683              		.section	.debug_abbrev,"",%progbits
 684              	.Ldebug_abbrev0:
 685 0000 01       		.uleb128 0x1
 686 0001 11       		.uleb128 0x11
 687 0002 01       		.byte	0x1
 688 0003 25       		.uleb128 0x25
 689 0004 0E       		.uleb128 0xe
 690 0005 13       		.uleb128 0x13
 691 0006 0B       		.uleb128 0xb
 692 0007 03       		.uleb128 0x3
 693 0008 0E       		.uleb128 0xe
 694 0009 1B       		.uleb128 0x1b
 695 000a 0E       		.uleb128 0xe
 696 000b 55       		.uleb128 0x55
 697 000c 17       		.uleb128 0x17
 698 000d 11       		.uleb128 0x11
 699 000e 01       		.uleb128 0x1
 700 000f 10       		.uleb128 0x10
 701 0010 17       		.uleb128 0x17
 702 0011 00       		.byte	0
 703 0012 00       		.byte	0
 704 0013 02       		.uleb128 0x2
 705 0014 24       		.uleb128 0x24
 706 0015 00       		.byte	0
 707 0016 0B       		.uleb128 0xb
 708 0017 0B       		.uleb128 0xb
 709 0018 3E       		.uleb128 0x3e
 710 0019 0B       		.uleb128 0xb
 711 001a 03       		.uleb128 0x3
 712 001b 08       		.uleb128 0x8
 713 001c 00       		.byte	0
 714 001d 00       		.byte	0
 715 001e 03       		.uleb128 0x3
 716 001f 24       		.uleb128 0x24
 717 0020 00       		.byte	0
 718 0021 0B       		.uleb128 0xb
 719 0022 0B       		.uleb128 0xb
 720 0023 3E       		.uleb128 0x3e
 721 0024 0B       		.uleb128 0xb
 722 0025 03       		.uleb128 0x3
 723 0026 0E       		.uleb128 0xe
 724 0027 00       		.byte	0
 725 0028 00       		.byte	0
 726 0029 04       		.uleb128 0x4
 727 002a 16       		.uleb128 0x16
 728 002b 00       		.byte	0
 729 002c 03       		.uleb128 0x3
 730 002d 0E       		.uleb128 0xe
 731 002e 3A       		.uleb128 0x3a
 732 002f 0B       		.uleb128 0xb
 733 0030 3B       		.uleb128 0x3b
 734 0031 0B       		.uleb128 0xb
 735 0032 49       		.uleb128 0x49
 736 0033 13       		.uleb128 0x13
 737 0034 00       		.byte	0
ARM GAS  /tmp/ccu9S0xr.s 			page 14


 738 0035 00       		.byte	0
 739 0036 05       		.uleb128 0x5
 740 0037 35       		.uleb128 0x35
 741 0038 00       		.byte	0
 742 0039 49       		.uleb128 0x49
 743 003a 13       		.uleb128 0x13
 744 003b 00       		.byte	0
 745 003c 00       		.byte	0
 746 003d 06       		.uleb128 0x6
 747 003e 13       		.uleb128 0x13
 748 003f 01       		.byte	0x1
 749 0040 0B       		.uleb128 0xb
 750 0041 0B       		.uleb128 0xb
 751 0042 3A       		.uleb128 0x3a
 752 0043 0B       		.uleb128 0xb
 753 0044 3B       		.uleb128 0x3b
 754 0045 0B       		.uleb128 0xb
 755 0046 01       		.uleb128 0x1
 756 0047 13       		.uleb128 0x13
 757 0048 00       		.byte	0
 758 0049 00       		.byte	0
 759 004a 07       		.uleb128 0x7
 760 004b 0D       		.uleb128 0xd
 761 004c 00       		.byte	0
 762 004d 03       		.uleb128 0x3
 763 004e 0E       		.uleb128 0xe
 764 004f 3A       		.uleb128 0x3a
 765 0050 0B       		.uleb128 0xb
 766 0051 3B       		.uleb128 0x3b
 767 0052 0B       		.uleb128 0xb
 768 0053 49       		.uleb128 0x49
 769 0054 13       		.uleb128 0x13
 770 0055 38       		.uleb128 0x38
 771 0056 0B       		.uleb128 0xb
 772 0057 00       		.byte	0
 773 0058 00       		.byte	0
 774 0059 08       		.uleb128 0x8
 775 005a 13       		.uleb128 0x13
 776 005b 01       		.byte	0x1
 777 005c 0B       		.uleb128 0xb
 778 005d 0B       		.uleb128 0xb
 779 005e 3A       		.uleb128 0x3a
 780 005f 0B       		.uleb128 0xb
 781 0060 3B       		.uleb128 0x3b
 782 0061 05       		.uleb128 0x5
 783 0062 01       		.uleb128 0x1
 784 0063 13       		.uleb128 0x13
 785 0064 00       		.byte	0
 786 0065 00       		.byte	0
 787 0066 09       		.uleb128 0x9
 788 0067 0D       		.uleb128 0xd
 789 0068 00       		.byte	0
 790 0069 03       		.uleb128 0x3
 791 006a 0E       		.uleb128 0xe
 792 006b 3A       		.uleb128 0x3a
 793 006c 0B       		.uleb128 0xb
 794 006d 3B       		.uleb128 0x3b
ARM GAS  /tmp/ccu9S0xr.s 			page 15


 795 006e 05       		.uleb128 0x5
 796 006f 49       		.uleb128 0x49
 797 0070 13       		.uleb128 0x13
 798 0071 38       		.uleb128 0x38
 799 0072 0B       		.uleb128 0xb
 800 0073 00       		.byte	0
 801 0074 00       		.byte	0
 802 0075 0A       		.uleb128 0xa
 803 0076 16       		.uleb128 0x16
 804 0077 00       		.byte	0
 805 0078 03       		.uleb128 0x3
 806 0079 0E       		.uleb128 0xe
 807 007a 3A       		.uleb128 0x3a
 808 007b 0B       		.uleb128 0xb
 809 007c 3B       		.uleb128 0x3b
 810 007d 05       		.uleb128 0x5
 811 007e 49       		.uleb128 0x49
 812 007f 13       		.uleb128 0x13
 813 0080 00       		.byte	0
 814 0081 00       		.byte	0
 815 0082 0B       		.uleb128 0xb
 816 0083 26       		.uleb128 0x26
 817 0084 00       		.byte	0
 818 0085 49       		.uleb128 0x49
 819 0086 13       		.uleb128 0x13
 820 0087 00       		.byte	0
 821 0088 00       		.byte	0
 822 0089 0C       		.uleb128 0xc
 823 008a 0D       		.uleb128 0xd
 824 008b 00       		.byte	0
 825 008c 03       		.uleb128 0x3
 826 008d 08       		.uleb128 0x8
 827 008e 3A       		.uleb128 0x3a
 828 008f 0B       		.uleb128 0xb
 829 0090 3B       		.uleb128 0x3b
 830 0091 05       		.uleb128 0x5
 831 0092 49       		.uleb128 0x49
 832 0093 13       		.uleb128 0x13
 833 0094 38       		.uleb128 0x38
 834 0095 0B       		.uleb128 0xb
 835 0096 00       		.byte	0
 836 0097 00       		.byte	0
 837 0098 0D       		.uleb128 0xd
 838 0099 2E       		.uleb128 0x2e
 839 009a 00       		.byte	0
 840 009b 03       		.uleb128 0x3
 841 009c 0E       		.uleb128 0xe
 842 009d 3A       		.uleb128 0x3a
 843 009e 0B       		.uleb128 0xb
 844 009f 3B       		.uleb128 0x3b
 845 00a0 0B       		.uleb128 0xb
 846 00a1 27       		.uleb128 0x27
 847 00a2 19       		.uleb128 0x19
 848 00a3 20       		.uleb128 0x20
 849 00a4 0B       		.uleb128 0xb
 850 00a5 00       		.byte	0
 851 00a6 00       		.byte	0
ARM GAS  /tmp/ccu9S0xr.s 			page 16


 852 00a7 0E       		.uleb128 0xe
 853 00a8 2E       		.uleb128 0x2e
 854 00a9 01       		.byte	0x1
 855 00aa 3F       		.uleb128 0x3f
 856 00ab 19       		.uleb128 0x19
 857 00ac 03       		.uleb128 0x3
 858 00ad 0E       		.uleb128 0xe
 859 00ae 3A       		.uleb128 0x3a
 860 00af 0B       		.uleb128 0xb
 861 00b0 3B       		.uleb128 0x3b
 862 00b1 0B       		.uleb128 0xb
 863 00b2 27       		.uleb128 0x27
 864 00b3 19       		.uleb128 0x19
 865 00b4 11       		.uleb128 0x11
 866 00b5 01       		.uleb128 0x1
 867 00b6 12       		.uleb128 0x12
 868 00b7 06       		.uleb128 0x6
 869 00b8 40       		.uleb128 0x40
 870 00b9 18       		.uleb128 0x18
 871 00ba 9742     		.uleb128 0x2117
 872 00bc 19       		.uleb128 0x19
 873 00bd 01       		.uleb128 0x1
 874 00be 13       		.uleb128 0x13
 875 00bf 00       		.byte	0
 876 00c0 00       		.byte	0
 877 00c1 0F       		.uleb128 0xf
 878 00c2 1D       		.uleb128 0x1d
 879 00c3 00       		.byte	0
 880 00c4 31       		.uleb128 0x31
 881 00c5 13       		.uleb128 0x13
 882 00c6 52       		.uleb128 0x52
 883 00c7 01       		.uleb128 0x1
 884 00c8 55       		.uleb128 0x55
 885 00c9 17       		.uleb128 0x17
 886 00ca 58       		.uleb128 0x58
 887 00cb 0B       		.uleb128 0xb
 888 00cc 59       		.uleb128 0x59
 889 00cd 0B       		.uleb128 0xb
 890 00ce 00       		.byte	0
 891 00cf 00       		.byte	0
 892 00d0 10       		.uleb128 0x10
 893 00d1 898201   		.uleb128 0x4109
 894 00d4 00       		.byte	0
 895 00d5 11       		.uleb128 0x11
 896 00d6 01       		.uleb128 0x1
 897 00d7 9542     		.uleb128 0x2115
 898 00d9 19       		.uleb128 0x19
 899 00da 31       		.uleb128 0x31
 900 00db 13       		.uleb128 0x13
 901 00dc 00       		.byte	0
 902 00dd 00       		.byte	0
 903 00de 11       		.uleb128 0x11
 904 00df 2E       		.uleb128 0x2e
 905 00e0 00       		.byte	0
 906 00e1 3F       		.uleb128 0x3f
 907 00e2 19       		.uleb128 0x19
 908 00e3 03       		.uleb128 0x3
ARM GAS  /tmp/ccu9S0xr.s 			page 17


 909 00e4 0E       		.uleb128 0xe
 910 00e5 3A       		.uleb128 0x3a
 911 00e6 0B       		.uleb128 0xb
 912 00e7 3B       		.uleb128 0x3b
 913 00e8 0B       		.uleb128 0xb
 914 00e9 27       		.uleb128 0x27
 915 00ea 19       		.uleb128 0x19
 916 00eb 11       		.uleb128 0x11
 917 00ec 01       		.uleb128 0x1
 918 00ed 12       		.uleb128 0x12
 919 00ee 06       		.uleb128 0x6
 920 00ef 40       		.uleb128 0x40
 921 00f0 18       		.uleb128 0x18
 922 00f1 9742     		.uleb128 0x2117
 923 00f3 19       		.uleb128 0x19
 924 00f4 00       		.byte	0
 925 00f5 00       		.byte	0
 926 00f6 12       		.uleb128 0x12
 927 00f7 34       		.uleb128 0x34
 928 00f8 00       		.byte	0
 929 00f9 03       		.uleb128 0x3
 930 00fa 0E       		.uleb128 0xe
 931 00fb 3A       		.uleb128 0x3a
 932 00fc 0B       		.uleb128 0xb
 933 00fd 3B       		.uleb128 0x3b
 934 00fe 05       		.uleb128 0x5
 935 00ff 49       		.uleb128 0x49
 936 0100 13       		.uleb128 0x13
 937 0101 3F       		.uleb128 0x3f
 938 0102 19       		.uleb128 0x19
 939 0103 3C       		.uleb128 0x3c
 940 0104 19       		.uleb128 0x19
 941 0105 00       		.byte	0
 942 0106 00       		.byte	0
 943 0107 13       		.uleb128 0x13
 944 0108 2E       		.uleb128 0x2e
 945 0109 00       		.byte	0
 946 010a 3F       		.uleb128 0x3f
 947 010b 19       		.uleb128 0x19
 948 010c 03       		.uleb128 0x3
 949 010d 0E       		.uleb128 0xe
 950 010e 3A       		.uleb128 0x3a
 951 010f 0B       		.uleb128 0xb
 952 0110 3B       		.uleb128 0x3b
 953 0111 05       		.uleb128 0x5
 954 0112 27       		.uleb128 0x27
 955 0113 19       		.uleb128 0x19
 956 0114 3C       		.uleb128 0x3c
 957 0115 19       		.uleb128 0x19
 958 0116 00       		.byte	0
 959 0117 00       		.byte	0
 960 0118 00       		.byte	0
 961              		.section	.debug_aranges,"",%progbits
 962 0000 24000000 		.4byte	0x24
 963 0004 0200     		.2byte	0x2
 964 0006 00000000 		.4byte	.Ldebug_info0
 965 000a 04       		.byte	0x4
ARM GAS  /tmp/ccu9S0xr.s 			page 18


 966 000b 00       		.byte	0
 967 000c 0000     		.2byte	0
 968 000e 0000     		.2byte	0
 969 0010 00000000 		.4byte	.LFB64
 970 0014 7A000000 		.4byte	.LFE64-.LFB64
 971 0018 00000000 		.4byte	.LFB65
 972 001c A2000000 		.4byte	.LFE65-.LFB65
 973 0020 00000000 		.4byte	0
 974 0024 00000000 		.4byte	0
 975              		.section	.debug_ranges,"",%progbits
 976              	.Ldebug_ranges0:
 977 0000 4E000000 		.4byte	.LBB4
 978 0004 52000000 		.4byte	.LBE4
 979 0008 5A000000 		.4byte	.LBB8
 980 000c 5E000000 		.4byte	.LBE8
 981 0010 6E000000 		.4byte	.LBB9
 982 0014 76000000 		.4byte	.LBE9
 983 0018 00000000 		.4byte	0
 984 001c 00000000 		.4byte	0
 985 0020 00000000 		.4byte	.LFB64
 986 0024 7A000000 		.4byte	.LFE64
 987 0028 00000000 		.4byte	.LFB65
 988 002c A2000000 		.4byte	.LFE65
 989 0030 00000000 		.4byte	0
 990 0034 00000000 		.4byte	0
 991              		.section	.debug_line,"",%progbits
 992              	.Ldebug_line0:
 993 0000 EA010000 		.section	.debug_str,"MS",%progbits,1
 993      02004B01 
 993      00000201 
 993      FB0E0D00 
 993      01010101 
 994              	.LASF44:
 995 0000 41504231 		.ascii	"APB1RSTR\000"
 995      52535452 
 995      00
 996              	.LASF21:
 997 0009 44454D43 		.ascii	"DEMCR\000"
 997      5200
 998              	.LASF3:
 999 000f 73686F72 		.ascii	"short int\000"
 999      7420696E 
 999      7400
 1000              	.LASF17:
 1001 0019 73697A65 		.ascii	"sizetype\000"
 1001      74797065 
 1001      00
 1002              	.LASF48:
 1003 0022 42444352 		.ascii	"BDCR\000"
 1003      00
 1004              	.LASF30:
 1005 0027 50435352 		.ascii	"PCSR\000"
 1005      00
 1006              	.LASF29:
 1007 002c 464F4C44 		.ascii	"FOLDCNT\000"
 1007      434E5400 
 1008              	.LASF41:
ARM GAS  /tmp/ccu9S0xr.s 			page 19


 1009 0034 5057525F 		.ascii	"PWR_TypeDef\000"
 1009      54797065 
 1009      44656600 
 1010              	.LASF8:
 1011 0040 5F5F7569 		.ascii	"__uint32_t\000"
 1011      6E743332 
 1011      5F7400
 1012              	.LASF31:
 1013 004b 434D785F 		.ascii	"CMx_DWT\000"
 1013      44575400 
 1014              	.LASF5:
 1015 0053 5F5F7569 		.ascii	"__uint16_t\000"
 1015      6E743136 
 1015      5F7400
 1016              	.LASF23:
 1017 005e 4354524C 		.ascii	"CTRL\000"
 1017      00
 1018              	.LASF36:
 1019 0063 4B455952 		.ascii	"KEYR\000"
 1019      00
 1020              	.LASF42:
 1021 0068 43464752 		.ascii	"CFGR\000"
 1021      00
 1022              	.LASF47:
 1023 006d 41504231 		.ascii	"APB1ENR\000"
 1023      454E5200 
 1024              	.LASF19:
 1025 0075 44435253 		.ascii	"DCRSR\000"
 1025      5200
 1026              	.LASF50:
 1027 007b 474E5520 		.ascii	"GNU C 4.8.2 -mcpu=cortex-m3 -mno-thumb-interwork -m"
 1027      4320342E 
 1027      382E3220 
 1027      2D6D6370 
 1027      753D636F 
 1028 00ae 7468756D 		.ascii	"thumb -ggdb -O2 -fomit-frame-pointer -falign-functi"
 1028      62202D67 
 1028      67646220 
 1028      2D4F3220 
 1028      2D666F6D 
 1029 00e1 6F6E733D 		.ascii	"ons=16 -ffunction-sections -fdata-sections -fno-com"
 1029      3136202D 
 1029      6666756E 
 1029      6374696F 
 1029      6E2D7365 
 1030 0114 6D6F6E00 		.ascii	"mon\000"
 1031              	.LASF53:
 1032 0118 68616C5F 		.ascii	"hal_lld_backup_domain_init\000"
 1032      6C6C645F 
 1032      6261636B 
 1032      75705F64 
 1032      6F6D6169 
 1033              	.LASF20:
 1034 0133 44435244 		.ascii	"DCRDR\000"
 1034      5200
 1035              	.LASF16:
 1036 0139 494F5245 		.ascii	"IOREG32\000"
ARM GAS  /tmp/ccu9S0xr.s 			page 20


 1036      47333200 
 1037              	.LASF37:
 1038 0141 4F50544B 		.ascii	"OPTKEYR\000"
 1038      45595200 
 1039              	.LASF10:
 1040 0149 6C6F6E67 		.ascii	"long long int\000"
 1040      206C6F6E 
 1040      6720696E 
 1040      7400
 1041              	.LASF24:
 1042 0157 43594343 		.ascii	"CYCCNT\000"
 1042      4E5400
 1043              	.LASF34:
 1044 015e 43414C49 		.ascii	"CALIB\000"
 1044      4200
 1045              	.LASF18:
 1046 0164 44484353 		.ascii	"DHCSR\000"
 1046      5200
 1047              	.LASF7:
 1048 016a 6C6F6E67 		.ascii	"long int\000"
 1048      20696E74 
 1048      00
 1049              	.LASF51:
 1050 0173 2E2E2F2E 		.ascii	"../../../../ChibiOS_2.6.2/os/hal/platforms/STM32F1x"
 1050      2E2F2E2E 
 1050      2F2E2E2F 
 1050      43686962 
 1050      694F535F 
 1051 01a6 782F6861 		.ascii	"x/hal_lld.c\000"
 1051      6C5F6C6C 
 1051      642E6300 
 1052              	.LASF49:
 1053 01b2 5243435F 		.ascii	"RCC_TypeDef\000"
 1053      54797065 
 1053      44656600 
 1054              	.LASF45:
 1055 01be 41484245 		.ascii	"AHBENR\000"
 1055      4E5200
 1056              	.LASF43:
 1057 01c5 41504232 		.ascii	"APB2RSTR\000"
 1057      52535452 
 1057      00
 1058              	.LASF39:
 1059 01ce 57525052 		.ascii	"WRPR\000"
 1059      00
 1060              	.LASF26:
 1061 01d3 45584343 		.ascii	"EXCCNT\000"
 1061      4E5400
 1062              	.LASF2:
 1063 01da 756E7369 		.ascii	"unsigned char\000"
 1063      676E6564 
 1063      20636861 
 1063      7200
 1064              	.LASF46:
 1065 01e8 41504232 		.ascii	"APB2ENR\000"
 1065      454E5200 
 1066              	.LASF1:
ARM GAS  /tmp/ccu9S0xr.s 			page 21


 1067 01f0 7369676E 		.ascii	"signed char\000"
 1067      65642063 
 1067      68617200 
 1068              	.LASF11:
 1069 01fc 6C6F6E67 		.ascii	"long long unsigned int\000"
 1069      206C6F6E 
 1069      6720756E 
 1069      7369676E 
 1069      65642069 
 1070              	.LASF14:
 1071 0213 75696E74 		.ascii	"uint32_t\000"
 1071      33325F74 
 1071      00
 1072              	.LASF0:
 1073 021c 756E7369 		.ascii	"unsigned int\000"
 1073      676E6564 
 1073      20696E74 
 1073      00
 1074              	.LASF12:
 1075 0229 75696E74 		.ascii	"uint16_t\000"
 1075      31365F74 
 1075      00
 1076              	.LASF54:
 1077 0232 68616C5F 		.ascii	"hal_lld_init\000"
 1077      6C6C645F 
 1077      696E6974 
 1077      00
 1078              	.LASF35:
 1079 023f 53797354 		.ascii	"SysTick_Type\000"
 1079      69636B5F 
 1079      54797065 
 1079      00
 1080              	.LASF4:
 1081 024c 73686F72 		.ascii	"short unsigned int\000"
 1081      7420756E 
 1081      7369676E 
 1081      65642069 
 1081      6E7400
 1082              	.LASF32:
 1083 025f 63686172 		.ascii	"char\000"
 1083      00
 1084              	.LASF22:
 1085 0264 434D785F 		.ascii	"CMx_SCS\000"
 1085      53435300 
 1086              	.LASF13:
 1087 026c 696E7433 		.ascii	"int32_t\000"
 1087      325F7400 
 1088              	.LASF15:
 1089 0274 5F426F6F 		.ascii	"_Bool\000"
 1089      6C00
 1090              	.LASF57:
 1091 027a 646D6149 		.ascii	"dmaInit\000"
 1091      6E697400 
 1092              	.LASF25:
 1093 0282 43504943 		.ascii	"CPICNT\000"
 1093      4E5400
 1094              	.LASF9:
ARM GAS  /tmp/ccu9S0xr.s 			page 22


 1095 0289 6C6F6E67 		.ascii	"long unsigned int\000"
 1095      20756E73 
 1095      69676E65 
 1095      6420696E 
 1095      7400
 1096              	.LASF27:
 1097 029b 534C4545 		.ascii	"SLEEPCNT\000"
 1097      50434E54 
 1097      00
 1098              	.LASF55:
 1099 02a4 73746D33 		.ascii	"stm32_clock_init\000"
 1099      325F636C 
 1099      6F636B5F 
 1099      696E6974 
 1099      00
 1100              	.LASF6:
 1101 02b5 5F5F696E 		.ascii	"__int32_t\000"
 1101      7433325F 
 1101      7400
 1102              	.LASF28:
 1103 02bf 4C535543 		.ascii	"LSUCNT\000"
 1103      4E5400
 1104              	.LASF33:
 1105 02c6 4C4F4144 		.ascii	"LOAD\000"
 1105      00
 1106              	.LASF52:
 1107 02cb 2F6D6E74 		.ascii	"/mnt/c/Users/DQ Sullivan/Downloads/Convex/convex/co"
 1107      2F632F55 
 1107      73657273 
 1107      2F445120 
 1107      53756C6C 
 1108 02fe 72746578 		.ascii	"rtex/projects/Vex2016 CyberBrains\000"
 1108      2F70726F 
 1108      6A656374 
 1108      732F5665 
 1108      78323031 
 1109              	.LASF38:
 1110 0320 52455345 		.ascii	"RESERVED\000"
 1110      52564544 
 1110      00
 1111              	.LASF40:
 1112 0329 464C4153 		.ascii	"FLASH_TypeDef\000"
 1112      485F5479 
 1112      70654465 
 1112      6600
 1113              	.LASF56:
 1114 0337 49544D5F 		.ascii	"ITM_RxBuffer\000"
 1114      52784275 
 1114      66666572 
 1114      00
 1115              		.ident	"GCC: (4.8.2-14ubuntu1+6) 4.8.2"
ARM GAS  /tmp/ccu9S0xr.s 			page 23


DEFINED SYMBOLS
                            *ABS*:0000000000000000 hal_lld.c
     /tmp/ccu9S0xr.s:19     .text.hal_lld_init:0000000000000000 $t
     /tmp/ccu9S0xr.s:25     .text.hal_lld_init:0000000000000000 hal_lld_init
     /tmp/ccu9S0xr.s:128    .text.stm32_clock_init:0000000000000000 $t
     /tmp/ccu9S0xr.s:134    .text.stm32_clock_init:0000000000000000 stm32_clock_init
                     .debug_frame:0000000000000010 $d

UNDEFINED SYMBOLS
dmaInit
