ARM GAS  /tmp/cctgpDAH.s 			page 1


   1              		.syntax unified
   2              		.cpu cortex-m3
   3              		.fpu softvfp
   4              		.eabi_attribute 20, 1
   5              		.eabi_attribute 21, 1
   6              		.eabi_attribute 23, 3
   7              		.eabi_attribute 24, 1
   8              		.eabi_attribute 25, 1
   9              		.eabi_attribute 26, 1
  10              		.eabi_attribute 30, 2
  11              		.eabi_attribute 34, 1
  12              		.eabi_attribute 18, 4
  13              		.thumb
  14              		.file	"pal.c"
  15              		.text
  16              	.Ltext0:
  17              		.cfi_sections	.debug_frame
  18              		.section	.text.palReadBus,"ax",%progbits
  19              		.align	2
  20              		.p2align 4,,15
  21              		.global	palReadBus
  22              		.thumb
  23              		.thumb_func
  24              		.type	palReadBus, %function
  25              	palReadBus:
  26              	.LFB63:
  27              		.file 1 "../../../../ChibiOS_2.6.2/os/hal/src/pal.c"
  28              		.loc 1 77 0
  29              		.cfi_startproc
  30              		@ args = 0, pretend = 0, frame = 0
  31              		@ frame_needed = 0, uses_anonymous_args = 0
  32              		@ link register save eliminated.
  33              	.LVL0:
  34              		.loc 1 82 0
  35 0000 0368     		ldr	r3, [r0]
  36 0002 8268     		ldr	r2, [r0, #8]
  37 0004 9968     		ldr	r1, [r3, #8]
  38 0006 4368     		ldr	r3, [r0, #4]
  39 0008 21FA02F0 		lsr	r0, r1, r2
  40              	.LVL1:
  41              		.loc 1 83 0
  42 000c 1840     		ands	r0, r0, r3
  43 000e 7047     		bx	lr
  44              		.cfi_endproc
  45              	.LFE63:
  46              		.size	palReadBus, .-palReadBus
  47              		.section	.text.palWriteBus,"ax",%progbits
  48              		.align	2
  49              		.p2align 4,,15
  50              		.global	palWriteBus
  51              		.thumb
  52              		.thumb_func
  53              		.type	palWriteBus, %function
  54              	palWriteBus:
  55              	.LFB64:
  56              		.loc 1 103 0
  57              		.cfi_startproc
ARM GAS  /tmp/cctgpDAH.s 			page 2


  58              		@ args = 0, pretend = 0, frame = 0
  59              		@ frame_needed = 0, uses_anonymous_args = 0
  60              		@ link register save eliminated.
  61              	.LVL2:
  62              		.loc 1 108 0
  63 0000 4268     		ldr	r2, [r0, #4]
  64 0002 8368     		ldr	r3, [r0, #8]
  65              		.loc 1 103 0
  66 0004 30B4     		push	{r4, r5}
  67              		.cfi_def_cfa_offset 8
  68              		.cfi_offset 4, -8
  69              		.cfi_offset 5, -4
  70              		.loc 1 108 0
  71 0006 22EA0105 		bic	r5, r2, r1
  72 000a 03F11004 		add	r4, r3, #16
  73 000e 0A40     		ands	r2, r2, r1
  74 0010 02FA03F3 		lsl	r3, r2, r3
  75 0014 05FA04F2 		lsl	r2, r5, r4
  76              		.loc 1 109 0
  77 0018 30BC     		pop	{r4, r5}
  78              		.loc 1 108 0
  79 001a 0068     		ldr	r0, [r0]
  80              	.LVL3:
  81 001c 1343     		orrs	r3, r3, r2
  82 001e 0361     		str	r3, [r0, #16]
  83              		.loc 1 109 0
  84 0020 7047     		bx	lr
  85              		.cfi_endproc
  86              	.LFE64:
  87              		.size	palWriteBus, .-palWriteBus
  88 0022 00BFAFF3 		.section	.text.palSetBusMode,"ax",%progbits
  88      0080AFF3 
  88      0080AFF3 
  88      0080
  89              		.align	2
  90              		.p2align 4,,15
  91              		.global	palSetBusMode
  92              		.thumb
  93              		.thumb_func
  94              		.type	palSetBusMode, %function
  95              	palSetBusMode:
  96              	.LFB65:
  97              		.loc 1 127 0
  98              		.cfi_startproc
  99              		@ args = 0, pretend = 0, frame = 0
 100              		@ frame_needed = 0, uses_anonymous_args = 0
 101              		@ link register save eliminated.
 102              	.LVL4:
 103 0000 10B4     		push	{r4}
 104              		.cfi_def_cfa_offset 4
 105              		.cfi_offset 4, -4
 106              		.loc 1 132 0
 107 0002 8368     		ldr	r3, [r0, #8]
 108 0004 4468     		ldr	r4, [r0, #4]
 109              		.loc 1 127 0
 110 0006 0A46     		mov	r2, r1
 111              		.loc 1 132 0
ARM GAS  /tmp/cctgpDAH.s 			page 3


 112 0008 0068     		ldr	r0, [r0]
 113              	.LVL5:
 114 000a 04FA03F1 		lsl	r1, r4, r3
 115              	.LVL6:
 116              		.loc 1 133 0
 117 000e 5DF8044B 		ldr	r4, [sp], #4
 118              		.loc 1 132 0
 119 0012 FFF7FEBF 		b	_pal_lld_setgroupmode
 120              	.LVL7:
 121              		.cfi_endproc
 122              	.LFE65:
 123              		.size	palSetBusMode, .-palSetBusMode
 124 0016 00BFAFF3 		.text
 124      0080AFF3 
 124      0080
 125              	.Letext0:
 126              		.file 2 "/usr/include/newlib/machine/_default_types.h"
 127              		.file 3 "/usr/include/newlib/stdint.h"
 128              		.file 4 "../../../../ChibiOS_2.6.2/os/hal/platforms/STM32F1xx/stm32f10x.h"
 129              		.file 5 "../../../../ChibiOS_2.6.2/os/hal/platforms/STM32/GPIOv1/pal_lld.h"
 130              		.file 6 "../../../../ChibiOS_2.6.2/os/hal/include/pal.h"
 131              		.file 7 "../../../../ChibiOS_2.6.2/os/ports/common/ARMCMx/CMSIS/include/core_cm3.h"
 132              		.section	.debug_info,"",%progbits
 133              	.Ldebug_info0:
 134 0000 58020000 		.4byte	0x258
 135 0004 0400     		.2byte	0x4
 136 0006 00000000 		.4byte	.Ldebug_abbrev0
 137 000a 04       		.byte	0x4
 138 000b 01       		.uleb128 0x1
 139 000c F7000000 		.4byte	.LASF31
 140 0010 01       		.byte	0x1
 141 0011 09020000 		.4byte	.LASF32
 142 0015 1C000000 		.4byte	.LASF33
 143 0019 00000000 		.4byte	.Ldebug_ranges0+0
 144 001d 00000000 		.4byte	0
 145 0021 00000000 		.4byte	.Ldebug_line0
 146 0025 02       		.uleb128 0x2
 147 0026 04       		.byte	0x4
 148 0027 05       		.byte	0x5
 149 0028 696E7400 		.ascii	"int\000"
 150 002c 03       		.uleb128 0x3
 151 002d 04       		.byte	0x4
 152 002e 07       		.byte	0x7
 153 002f B5010000 		.4byte	.LASF0
 154 0033 03       		.uleb128 0x3
 155 0034 01       		.byte	0x1
 156 0035 06       		.byte	0x6
 157 0036 5C020000 		.4byte	.LASF1
 158 003a 03       		.uleb128 0x3
 159 003b 01       		.byte	0x1
 160 003c 08       		.byte	0x8
 161 003d B7000000 		.4byte	.LASF2
 162 0041 03       		.uleb128 0x3
 163 0042 02       		.byte	0x2
 164 0043 05       		.byte	0x5
 165 0044 82000000 		.4byte	.LASF3
 166 0048 03       		.uleb128 0x3
ARM GAS  /tmp/cctgpDAH.s 			page 4


 167 0049 02       		.byte	0x2
 168 004a 07       		.byte	0x7
 169 004b D7000000 		.4byte	.LASF4
 170 004f 04       		.uleb128 0x4
 171 0050 05000000 		.4byte	.LASF6
 172 0054 02       		.byte	0x2
 173 0055 37       		.byte	0x37
 174 0056 5A000000 		.4byte	0x5a
 175 005a 03       		.uleb128 0x3
 176 005b 04       		.byte	0x4
 177 005c 05       		.byte	0x5
 178 005d 48020000 		.4byte	.LASF5
 179 0061 04       		.uleb128 0x4
 180 0062 94010000 		.4byte	.LASF7
 181 0066 02       		.byte	0x2
 182 0067 38       		.byte	0x38
 183 0068 6C000000 		.4byte	0x6c
 184 006c 03       		.uleb128 0x3
 185 006d 04       		.byte	0x4
 186 006e 07       		.byte	0x7
 187 006f C5000000 		.4byte	.LASF8
 188 0073 03       		.uleb128 0x3
 189 0074 08       		.byte	0x8
 190 0075 05       		.byte	0x5
 191 0076 EA010000 		.4byte	.LASF9
 192 007a 03       		.uleb128 0x3
 193 007b 08       		.byte	0x8
 194 007c 07       		.byte	0x7
 195 007d 6E020000 		.4byte	.LASF10
 196 0081 04       		.uleb128 0x4
 197 0082 D9010000 		.4byte	.LASF11
 198 0086 03       		.byte	0x3
 199 0087 41       		.byte	0x41
 200 0088 4F000000 		.4byte	0x4f
 201 008c 04       		.uleb128 0x4
 202 008d 3F020000 		.4byte	.LASF12
 203 0091 03       		.byte	0x3
 204 0092 42       		.byte	0x42
 205 0093 61000000 		.4byte	0x61
 206 0097 04       		.uleb128 0x4
 207 0098 0F000000 		.4byte	.LASF13
 208 009c 03       		.byte	0x3
 209 009d 60       		.byte	0x60
 210 009e 2C000000 		.4byte	0x2c
 211 00a2 03       		.uleb128 0x3
 212 00a3 01       		.byte	0x1
 213 00a4 02       		.byte	0x2
 214 00a5 68020000 		.4byte	.LASF14
 215 00a9 05       		.uleb128 0x5
 216 00aa 8C000000 		.4byte	0x8c
 217 00ae 03       		.uleb128 0x3
 218 00af 04       		.byte	0x4
 219 00b0 07       		.byte	0x7
 220 00b1 E1010000 		.4byte	.LASF15
 221 00b5 03       		.uleb128 0x3
 222 00b6 01       		.byte	0x1
 223 00b7 08       		.byte	0x8
ARM GAS  /tmp/cctgpDAH.s 			page 5


 224 00b8 CF010000 		.4byte	.LASF16
 225 00bc 05       		.uleb128 0x5
 226 00bd 81000000 		.4byte	0x81
 227 00c1 06       		.uleb128 0x6
 228 00c2 1C       		.byte	0x1c
 229 00c3 04       		.byte	0x4
 230 00c4 F803     		.2byte	0x3f8
 231 00c6 26010000 		.4byte	0x126
 232 00ca 07       		.uleb128 0x7
 233 00cb 43524C00 		.ascii	"CRL\000"
 234 00cf 04       		.byte	0x4
 235 00d0 FA03     		.2byte	0x3fa
 236 00d2 A9000000 		.4byte	0xa9
 237 00d6 00       		.byte	0
 238 00d7 07       		.uleb128 0x7
 239 00d8 43524800 		.ascii	"CRH\000"
 240 00dc 04       		.byte	0x4
 241 00dd FB03     		.2byte	0x3fb
 242 00df A9000000 		.4byte	0xa9
 243 00e3 04       		.byte	0x4
 244 00e4 07       		.uleb128 0x7
 245 00e5 49445200 		.ascii	"IDR\000"
 246 00e9 04       		.byte	0x4
 247 00ea FC03     		.2byte	0x3fc
 248 00ec A9000000 		.4byte	0xa9
 249 00f0 08       		.byte	0x8
 250 00f1 07       		.uleb128 0x7
 251 00f2 4F445200 		.ascii	"ODR\000"
 252 00f6 04       		.byte	0x4
 253 00f7 FD03     		.2byte	0x3fd
 254 00f9 A9000000 		.4byte	0xa9
 255 00fd 0C       		.byte	0xc
 256 00fe 08       		.uleb128 0x8
 257 00ff 71000000 		.4byte	.LASF17
 258 0103 04       		.byte	0x4
 259 0104 FE03     		.2byte	0x3fe
 260 0106 A9000000 		.4byte	0xa9
 261 010a 10       		.byte	0x10
 262 010b 07       		.uleb128 0x7
 263 010c 42525200 		.ascii	"BRR\000"
 264 0110 04       		.byte	0x4
 265 0111 FF03     		.2byte	0x3ff
 266 0113 A9000000 		.4byte	0xa9
 267 0117 14       		.byte	0x14
 268 0118 08       		.uleb128 0x8
 269 0119 00000000 		.4byte	.LASF18
 270 011d 04       		.byte	0x4
 271 011e 0004     		.2byte	0x400
 272 0120 A9000000 		.4byte	0xa9
 273 0124 18       		.byte	0x18
 274 0125 00       		.byte	0
 275 0126 09       		.uleb128 0x9
 276 0127 C2010000 		.4byte	.LASF19
 277 012b 04       		.byte	0x4
 278 012c 0104     		.2byte	0x401
 279 012e C1000000 		.4byte	0xc1
 280 0132 04       		.uleb128 0x4
ARM GAS  /tmp/cctgpDAH.s 			page 6


 281 0133 A1000000 		.4byte	.LASF20
 282 0137 05       		.byte	0x5
 283 0138 6D       		.byte	0x6d
 284 0139 8C000000 		.4byte	0x8c
 285 013d 04       		.uleb128 0x4
 286 013e AE000000 		.4byte	.LASF21
 287 0142 05       		.byte	0x5
 288 0143 72       		.byte	0x72
 289 0144 8C000000 		.4byte	0x8c
 290 0148 04       		.uleb128 0x4
 291 0149 34020000 		.4byte	.LASF22
 292 014d 05       		.byte	0x5
 293 014e 7A       		.byte	0x7a
 294 014f 53010000 		.4byte	0x153
 295 0153 0A       		.uleb128 0xa
 296 0154 04       		.byte	0x4
 297 0155 26010000 		.4byte	0x126
 298 0159 0B       		.uleb128 0xb
 299 015a 0C       		.byte	0xc
 300 015b 06       		.byte	0x6
 301 015c 85       		.byte	0x85
 302 015d 86010000 		.4byte	0x186
 303 0161 0C       		.uleb128 0xc
 304 0162 9A000000 		.4byte	.LASF23
 305 0166 06       		.byte	0x6
 306 0167 89       		.byte	0x89
 307 0168 48010000 		.4byte	0x148
 308 016c 00       		.byte	0
 309 016d 0C       		.uleb128 0xc
 310 016e F8010000 		.4byte	.LASF24
 311 0172 06       		.byte	0x6
 312 0173 8F       		.byte	0x8f
 313 0174 32010000 		.4byte	0x132
 314 0178 04       		.byte	0x4
 315 0179 0C       		.uleb128 0xc
 316 017a 02020000 		.4byte	.LASF25
 317 017e 06       		.byte	0x6
 318 017f 93       		.byte	0x93
 319 0180 97000000 		.4byte	0x97
 320 0184 08       		.byte	0x8
 321 0185 00       		.byte	0
 322 0186 04       		.uleb128 0x4
 323 0187 85020000 		.4byte	.LASF26
 324 018b 06       		.byte	0x6
 325 018c 94       		.byte	0x94
 326 018d 59010000 		.4byte	0x159
 327 0191 0D       		.uleb128 0xd
 328 0192 51020000 		.4byte	.LASF34
 329 0196 01       		.byte	0x1
 330 0197 4D       		.byte	0x4d
 331 0198 32010000 		.4byte	0x132
 332 019c 00000000 		.4byte	.LFB63
 333 01a0 10000000 		.4byte	.LFE63-.LFB63
 334 01a4 01       		.uleb128 0x1
 335 01a5 9C       		.byte	0x9c
 336 01a6 BA010000 		.4byte	0x1ba
 337 01aa 0E       		.uleb128 0xe
ARM GAS  /tmp/cctgpDAH.s 			page 7


 338 01ab 62757300 		.ascii	"bus\000"
 339 01af 01       		.byte	0x1
 340 01b0 4D       		.byte	0x4d
 341 01b1 BA010000 		.4byte	0x1ba
 342 01b5 00000000 		.4byte	.LLST0
 343 01b9 00       		.byte	0
 344 01ba 0A       		.uleb128 0xa
 345 01bb 04       		.byte	0x4
 346 01bc 86010000 		.4byte	0x186
 347 01c0 0F       		.uleb128 0xf
 348 01c1 76000000 		.4byte	.LASF28
 349 01c5 01       		.byte	0x1
 350 01c6 67       		.byte	0x67
 351 01c7 00000000 		.4byte	.LFB64
 352 01cb 22000000 		.4byte	.LFE64-.LFB64
 353 01cf 01       		.uleb128 0x1
 354 01d0 9C       		.byte	0x9c
 355 01d1 F2010000 		.4byte	0x1f2
 356 01d5 0E       		.uleb128 0xe
 357 01d6 62757300 		.ascii	"bus\000"
 358 01da 01       		.byte	0x1
 359 01db 67       		.byte	0x67
 360 01dc BA010000 		.4byte	0x1ba
 361 01e0 21000000 		.4byte	.LLST1
 362 01e4 10       		.uleb128 0x10
 363 01e5 FD010000 		.4byte	.LASF27
 364 01e9 01       		.byte	0x1
 365 01ea 67       		.byte	0x67
 366 01eb 32010000 		.4byte	0x132
 367 01ef 01       		.uleb128 0x1
 368 01f0 51       		.byte	0x51
 369 01f1 00       		.byte	0
 370 01f2 0F       		.uleb128 0xf
 371 01f3 8C000000 		.4byte	.LASF29
 372 01f7 01       		.byte	0x1
 373 01f8 7F       		.byte	0x7f
 374 01f9 00000000 		.4byte	.LFB65
 375 01fd 16000000 		.4byte	.LFE65-.LFB65
 376 0201 01       		.uleb128 0x1
 377 0202 9C       		.byte	0x9c
 378 0203 37020000 		.4byte	0x237
 379 0207 0E       		.uleb128 0xe
 380 0208 62757300 		.ascii	"bus\000"
 381 020c 01       		.byte	0x1
 382 020d 7F       		.byte	0x7f
 383 020e BA010000 		.4byte	0x1ba
 384 0212 42000000 		.4byte	.LLST2
 385 0216 11       		.uleb128 0x11
 386 0217 D4010000 		.4byte	.LASF30
 387 021b 01       		.byte	0x1
 388 021c 7F       		.byte	0x7f
 389 021d 3D010000 		.4byte	0x13d
 390 0221 63000000 		.4byte	.LLST3
 391 0225 12       		.uleb128 0x12
 392 0226 16000000 		.4byte	.LVL7
 393 022a 43020000 		.4byte	0x243
 394 022e 13       		.uleb128 0x13
ARM GAS  /tmp/cctgpDAH.s 			page 8


 395 022f 01       		.uleb128 0x1
 396 0230 52       		.byte	0x52
 397 0231 03       		.uleb128 0x3
 398 0232 F3       		.byte	0xf3
 399 0233 01       		.uleb128 0x1
 400 0234 51       		.byte	0x51
 401 0235 00       		.byte	0
 402 0236 00       		.byte	0
 403 0237 14       		.uleb128 0x14
 404 0238 EA000000 		.4byte	.LASF35
 405 023c 07       		.byte	0x7
 406 023d 0706     		.2byte	0x607
 407 023f BC000000 		.4byte	0xbc
 408 0243 15       		.uleb128 0x15
 409 0244 9F010000 		.4byte	.LASF36
 410 0248 05       		.byte	0x5
 411 0249 4301     		.2byte	0x143
 412 024b 16       		.uleb128 0x16
 413 024c 48010000 		.4byte	0x148
 414 0250 16       		.uleb128 0x16
 415 0251 32010000 		.4byte	0x132
 416 0255 16       		.uleb128 0x16
 417 0256 3D010000 		.4byte	0x13d
 418 025a 00       		.byte	0
 419 025b 00       		.byte	0
 420              		.section	.debug_abbrev,"",%progbits
 421              	.Ldebug_abbrev0:
 422 0000 01       		.uleb128 0x1
 423 0001 11       		.uleb128 0x11
 424 0002 01       		.byte	0x1
 425 0003 25       		.uleb128 0x25
 426 0004 0E       		.uleb128 0xe
 427 0005 13       		.uleb128 0x13
 428 0006 0B       		.uleb128 0xb
 429 0007 03       		.uleb128 0x3
 430 0008 0E       		.uleb128 0xe
 431 0009 1B       		.uleb128 0x1b
 432 000a 0E       		.uleb128 0xe
 433 000b 55       		.uleb128 0x55
 434 000c 17       		.uleb128 0x17
 435 000d 11       		.uleb128 0x11
 436 000e 01       		.uleb128 0x1
 437 000f 10       		.uleb128 0x10
 438 0010 17       		.uleb128 0x17
 439 0011 00       		.byte	0
 440 0012 00       		.byte	0
 441 0013 02       		.uleb128 0x2
 442 0014 24       		.uleb128 0x24
 443 0015 00       		.byte	0
 444 0016 0B       		.uleb128 0xb
 445 0017 0B       		.uleb128 0xb
 446 0018 3E       		.uleb128 0x3e
 447 0019 0B       		.uleb128 0xb
 448 001a 03       		.uleb128 0x3
 449 001b 08       		.uleb128 0x8
 450 001c 00       		.byte	0
 451 001d 00       		.byte	0
ARM GAS  /tmp/cctgpDAH.s 			page 9


 452 001e 03       		.uleb128 0x3
 453 001f 24       		.uleb128 0x24
 454 0020 00       		.byte	0
 455 0021 0B       		.uleb128 0xb
 456 0022 0B       		.uleb128 0xb
 457 0023 3E       		.uleb128 0x3e
 458 0024 0B       		.uleb128 0xb
 459 0025 03       		.uleb128 0x3
 460 0026 0E       		.uleb128 0xe
 461 0027 00       		.byte	0
 462 0028 00       		.byte	0
 463 0029 04       		.uleb128 0x4
 464 002a 16       		.uleb128 0x16
 465 002b 00       		.byte	0
 466 002c 03       		.uleb128 0x3
 467 002d 0E       		.uleb128 0xe
 468 002e 3A       		.uleb128 0x3a
 469 002f 0B       		.uleb128 0xb
 470 0030 3B       		.uleb128 0x3b
 471 0031 0B       		.uleb128 0xb
 472 0032 49       		.uleb128 0x49
 473 0033 13       		.uleb128 0x13
 474 0034 00       		.byte	0
 475 0035 00       		.byte	0
 476 0036 05       		.uleb128 0x5
 477 0037 35       		.uleb128 0x35
 478 0038 00       		.byte	0
 479 0039 49       		.uleb128 0x49
 480 003a 13       		.uleb128 0x13
 481 003b 00       		.byte	0
 482 003c 00       		.byte	0
 483 003d 06       		.uleb128 0x6
 484 003e 13       		.uleb128 0x13
 485 003f 01       		.byte	0x1
 486 0040 0B       		.uleb128 0xb
 487 0041 0B       		.uleb128 0xb
 488 0042 3A       		.uleb128 0x3a
 489 0043 0B       		.uleb128 0xb
 490 0044 3B       		.uleb128 0x3b
 491 0045 05       		.uleb128 0x5
 492 0046 01       		.uleb128 0x1
 493 0047 13       		.uleb128 0x13
 494 0048 00       		.byte	0
 495 0049 00       		.byte	0
 496 004a 07       		.uleb128 0x7
 497 004b 0D       		.uleb128 0xd
 498 004c 00       		.byte	0
 499 004d 03       		.uleb128 0x3
 500 004e 08       		.uleb128 0x8
 501 004f 3A       		.uleb128 0x3a
 502 0050 0B       		.uleb128 0xb
 503 0051 3B       		.uleb128 0x3b
 504 0052 05       		.uleb128 0x5
 505 0053 49       		.uleb128 0x49
 506 0054 13       		.uleb128 0x13
 507 0055 38       		.uleb128 0x38
 508 0056 0B       		.uleb128 0xb
ARM GAS  /tmp/cctgpDAH.s 			page 10


 509 0057 00       		.byte	0
 510 0058 00       		.byte	0
 511 0059 08       		.uleb128 0x8
 512 005a 0D       		.uleb128 0xd
 513 005b 00       		.byte	0
 514 005c 03       		.uleb128 0x3
 515 005d 0E       		.uleb128 0xe
 516 005e 3A       		.uleb128 0x3a
 517 005f 0B       		.uleb128 0xb
 518 0060 3B       		.uleb128 0x3b
 519 0061 05       		.uleb128 0x5
 520 0062 49       		.uleb128 0x49
 521 0063 13       		.uleb128 0x13
 522 0064 38       		.uleb128 0x38
 523 0065 0B       		.uleb128 0xb
 524 0066 00       		.byte	0
 525 0067 00       		.byte	0
 526 0068 09       		.uleb128 0x9
 527 0069 16       		.uleb128 0x16
 528 006a 00       		.byte	0
 529 006b 03       		.uleb128 0x3
 530 006c 0E       		.uleb128 0xe
 531 006d 3A       		.uleb128 0x3a
 532 006e 0B       		.uleb128 0xb
 533 006f 3B       		.uleb128 0x3b
 534 0070 05       		.uleb128 0x5
 535 0071 49       		.uleb128 0x49
 536 0072 13       		.uleb128 0x13
 537 0073 00       		.byte	0
 538 0074 00       		.byte	0
 539 0075 0A       		.uleb128 0xa
 540 0076 0F       		.uleb128 0xf
 541 0077 00       		.byte	0
 542 0078 0B       		.uleb128 0xb
 543 0079 0B       		.uleb128 0xb
 544 007a 49       		.uleb128 0x49
 545 007b 13       		.uleb128 0x13
 546 007c 00       		.byte	0
 547 007d 00       		.byte	0
 548 007e 0B       		.uleb128 0xb
 549 007f 13       		.uleb128 0x13
 550 0080 01       		.byte	0x1
 551 0081 0B       		.uleb128 0xb
 552 0082 0B       		.uleb128 0xb
 553 0083 3A       		.uleb128 0x3a
 554 0084 0B       		.uleb128 0xb
 555 0085 3B       		.uleb128 0x3b
 556 0086 0B       		.uleb128 0xb
 557 0087 01       		.uleb128 0x1
 558 0088 13       		.uleb128 0x13
 559 0089 00       		.byte	0
 560 008a 00       		.byte	0
 561 008b 0C       		.uleb128 0xc
 562 008c 0D       		.uleb128 0xd
 563 008d 00       		.byte	0
 564 008e 03       		.uleb128 0x3
 565 008f 0E       		.uleb128 0xe
ARM GAS  /tmp/cctgpDAH.s 			page 11


 566 0090 3A       		.uleb128 0x3a
 567 0091 0B       		.uleb128 0xb
 568 0092 3B       		.uleb128 0x3b
 569 0093 0B       		.uleb128 0xb
 570 0094 49       		.uleb128 0x49
 571 0095 13       		.uleb128 0x13
 572 0096 38       		.uleb128 0x38
 573 0097 0B       		.uleb128 0xb
 574 0098 00       		.byte	0
 575 0099 00       		.byte	0
 576 009a 0D       		.uleb128 0xd
 577 009b 2E       		.uleb128 0x2e
 578 009c 01       		.byte	0x1
 579 009d 3F       		.uleb128 0x3f
 580 009e 19       		.uleb128 0x19
 581 009f 03       		.uleb128 0x3
 582 00a0 0E       		.uleb128 0xe
 583 00a1 3A       		.uleb128 0x3a
 584 00a2 0B       		.uleb128 0xb
 585 00a3 3B       		.uleb128 0x3b
 586 00a4 0B       		.uleb128 0xb
 587 00a5 27       		.uleb128 0x27
 588 00a6 19       		.uleb128 0x19
 589 00a7 49       		.uleb128 0x49
 590 00a8 13       		.uleb128 0x13
 591 00a9 11       		.uleb128 0x11
 592 00aa 01       		.uleb128 0x1
 593 00ab 12       		.uleb128 0x12
 594 00ac 06       		.uleb128 0x6
 595 00ad 40       		.uleb128 0x40
 596 00ae 18       		.uleb128 0x18
 597 00af 9742     		.uleb128 0x2117
 598 00b1 19       		.uleb128 0x19
 599 00b2 01       		.uleb128 0x1
 600 00b3 13       		.uleb128 0x13
 601 00b4 00       		.byte	0
 602 00b5 00       		.byte	0
 603 00b6 0E       		.uleb128 0xe
 604 00b7 05       		.uleb128 0x5
 605 00b8 00       		.byte	0
 606 00b9 03       		.uleb128 0x3
 607 00ba 08       		.uleb128 0x8
 608 00bb 3A       		.uleb128 0x3a
 609 00bc 0B       		.uleb128 0xb
 610 00bd 3B       		.uleb128 0x3b
 611 00be 0B       		.uleb128 0xb
 612 00bf 49       		.uleb128 0x49
 613 00c0 13       		.uleb128 0x13
 614 00c1 02       		.uleb128 0x2
 615 00c2 17       		.uleb128 0x17
 616 00c3 00       		.byte	0
 617 00c4 00       		.byte	0
 618 00c5 0F       		.uleb128 0xf
 619 00c6 2E       		.uleb128 0x2e
 620 00c7 01       		.byte	0x1
 621 00c8 3F       		.uleb128 0x3f
 622 00c9 19       		.uleb128 0x19
ARM GAS  /tmp/cctgpDAH.s 			page 12


 623 00ca 03       		.uleb128 0x3
 624 00cb 0E       		.uleb128 0xe
 625 00cc 3A       		.uleb128 0x3a
 626 00cd 0B       		.uleb128 0xb
 627 00ce 3B       		.uleb128 0x3b
 628 00cf 0B       		.uleb128 0xb
 629 00d0 27       		.uleb128 0x27
 630 00d1 19       		.uleb128 0x19
 631 00d2 11       		.uleb128 0x11
 632 00d3 01       		.uleb128 0x1
 633 00d4 12       		.uleb128 0x12
 634 00d5 06       		.uleb128 0x6
 635 00d6 40       		.uleb128 0x40
 636 00d7 18       		.uleb128 0x18
 637 00d8 9742     		.uleb128 0x2117
 638 00da 19       		.uleb128 0x19
 639 00db 01       		.uleb128 0x1
 640 00dc 13       		.uleb128 0x13
 641 00dd 00       		.byte	0
 642 00de 00       		.byte	0
 643 00df 10       		.uleb128 0x10
 644 00e0 05       		.uleb128 0x5
 645 00e1 00       		.byte	0
 646 00e2 03       		.uleb128 0x3
 647 00e3 0E       		.uleb128 0xe
 648 00e4 3A       		.uleb128 0x3a
 649 00e5 0B       		.uleb128 0xb
 650 00e6 3B       		.uleb128 0x3b
 651 00e7 0B       		.uleb128 0xb
 652 00e8 49       		.uleb128 0x49
 653 00e9 13       		.uleb128 0x13
 654 00ea 02       		.uleb128 0x2
 655 00eb 18       		.uleb128 0x18
 656 00ec 00       		.byte	0
 657 00ed 00       		.byte	0
 658 00ee 11       		.uleb128 0x11
 659 00ef 05       		.uleb128 0x5
 660 00f0 00       		.byte	0
 661 00f1 03       		.uleb128 0x3
 662 00f2 0E       		.uleb128 0xe
 663 00f3 3A       		.uleb128 0x3a
 664 00f4 0B       		.uleb128 0xb
 665 00f5 3B       		.uleb128 0x3b
 666 00f6 0B       		.uleb128 0xb
 667 00f7 49       		.uleb128 0x49
 668 00f8 13       		.uleb128 0x13
 669 00f9 02       		.uleb128 0x2
 670 00fa 17       		.uleb128 0x17
 671 00fb 00       		.byte	0
 672 00fc 00       		.byte	0
 673 00fd 12       		.uleb128 0x12
 674 00fe 898201   		.uleb128 0x4109
 675 0101 01       		.byte	0x1
 676 0102 11       		.uleb128 0x11
 677 0103 01       		.uleb128 0x1
 678 0104 9542     		.uleb128 0x2115
 679 0106 19       		.uleb128 0x19
ARM GAS  /tmp/cctgpDAH.s 			page 13


 680 0107 31       		.uleb128 0x31
 681 0108 13       		.uleb128 0x13
 682 0109 00       		.byte	0
 683 010a 00       		.byte	0
 684 010b 13       		.uleb128 0x13
 685 010c 8A8201   		.uleb128 0x410a
 686 010f 00       		.byte	0
 687 0110 02       		.uleb128 0x2
 688 0111 18       		.uleb128 0x18
 689 0112 9142     		.uleb128 0x2111
 690 0114 18       		.uleb128 0x18
 691 0115 00       		.byte	0
 692 0116 00       		.byte	0
 693 0117 14       		.uleb128 0x14
 694 0118 34       		.uleb128 0x34
 695 0119 00       		.byte	0
 696 011a 03       		.uleb128 0x3
 697 011b 0E       		.uleb128 0xe
 698 011c 3A       		.uleb128 0x3a
 699 011d 0B       		.uleb128 0xb
 700 011e 3B       		.uleb128 0x3b
 701 011f 05       		.uleb128 0x5
 702 0120 49       		.uleb128 0x49
 703 0121 13       		.uleb128 0x13
 704 0122 3F       		.uleb128 0x3f
 705 0123 19       		.uleb128 0x19
 706 0124 3C       		.uleb128 0x3c
 707 0125 19       		.uleb128 0x19
 708 0126 00       		.byte	0
 709 0127 00       		.byte	0
 710 0128 15       		.uleb128 0x15
 711 0129 2E       		.uleb128 0x2e
 712 012a 01       		.byte	0x1
 713 012b 3F       		.uleb128 0x3f
 714 012c 19       		.uleb128 0x19
 715 012d 03       		.uleb128 0x3
 716 012e 0E       		.uleb128 0xe
 717 012f 3A       		.uleb128 0x3a
 718 0130 0B       		.uleb128 0xb
 719 0131 3B       		.uleb128 0x3b
 720 0132 05       		.uleb128 0x5
 721 0133 27       		.uleb128 0x27
 722 0134 19       		.uleb128 0x19
 723 0135 3C       		.uleb128 0x3c
 724 0136 19       		.uleb128 0x19
 725 0137 00       		.byte	0
 726 0138 00       		.byte	0
 727 0139 16       		.uleb128 0x16
 728 013a 05       		.uleb128 0x5
 729 013b 00       		.byte	0
 730 013c 49       		.uleb128 0x49
 731 013d 13       		.uleb128 0x13
 732 013e 00       		.byte	0
 733 013f 00       		.byte	0
 734 0140 00       		.byte	0
 735              		.section	.debug_loc,"",%progbits
 736              	.Ldebug_loc0:
ARM GAS  /tmp/cctgpDAH.s 			page 14


 737              	.LLST0:
 738 0000 00000000 		.4byte	.LVL0
 739 0004 0C000000 		.4byte	.LVL1
 740 0008 0100     		.2byte	0x1
 741 000a 50       		.byte	0x50
 742 000b 0C000000 		.4byte	.LVL1
 743 000f 10000000 		.4byte	.LFE63
 744 0013 0400     		.2byte	0x4
 745 0015 F3       		.byte	0xf3
 746 0016 01       		.uleb128 0x1
 747 0017 50       		.byte	0x50
 748 0018 9F       		.byte	0x9f
 749 0019 00000000 		.4byte	0
 750 001d 00000000 		.4byte	0
 751              	.LLST1:
 752 0021 00000000 		.4byte	.LVL2
 753 0025 1C000000 		.4byte	.LVL3
 754 0029 0100     		.2byte	0x1
 755 002b 50       		.byte	0x50
 756 002c 1C000000 		.4byte	.LVL3
 757 0030 22000000 		.4byte	.LFE64
 758 0034 0400     		.2byte	0x4
 759 0036 F3       		.byte	0xf3
 760 0037 01       		.uleb128 0x1
 761 0038 50       		.byte	0x50
 762 0039 9F       		.byte	0x9f
 763 003a 00000000 		.4byte	0
 764 003e 00000000 		.4byte	0
 765              	.LLST2:
 766 0042 00000000 		.4byte	.LVL4
 767 0046 0A000000 		.4byte	.LVL5
 768 004a 0100     		.2byte	0x1
 769 004c 50       		.byte	0x50
 770 004d 0A000000 		.4byte	.LVL5
 771 0051 16000000 		.4byte	.LFE65
 772 0055 0400     		.2byte	0x4
 773 0057 F3       		.byte	0xf3
 774 0058 01       		.uleb128 0x1
 775 0059 50       		.byte	0x50
 776 005a 9F       		.byte	0x9f
 777 005b 00000000 		.4byte	0
 778 005f 00000000 		.4byte	0
 779              	.LLST3:
 780 0063 00000000 		.4byte	.LVL4
 781 0067 0E000000 		.4byte	.LVL6
 782 006b 0100     		.2byte	0x1
 783 006d 51       		.byte	0x51
 784 006e 0E000000 		.4byte	.LVL6
 785 0072 15000000 		.4byte	.LVL7-1
 786 0076 0100     		.2byte	0x1
 787 0078 52       		.byte	0x52
 788 0079 15000000 		.4byte	.LVL7-1
 789 007d 16000000 		.4byte	.LFE65
 790 0081 0400     		.2byte	0x4
 791 0083 F3       		.byte	0xf3
 792 0084 01       		.uleb128 0x1
 793 0085 51       		.byte	0x51
ARM GAS  /tmp/cctgpDAH.s 			page 15


 794 0086 9F       		.byte	0x9f
 795 0087 00000000 		.4byte	0
 796 008b 00000000 		.4byte	0
 797              		.section	.debug_aranges,"",%progbits
 798 0000 2C000000 		.4byte	0x2c
 799 0004 0200     		.2byte	0x2
 800 0006 00000000 		.4byte	.Ldebug_info0
 801 000a 04       		.byte	0x4
 802 000b 00       		.byte	0
 803 000c 0000     		.2byte	0
 804 000e 0000     		.2byte	0
 805 0010 00000000 		.4byte	.LFB63
 806 0014 10000000 		.4byte	.LFE63-.LFB63
 807 0018 00000000 		.4byte	.LFB64
 808 001c 22000000 		.4byte	.LFE64-.LFB64
 809 0020 00000000 		.4byte	.LFB65
 810 0024 16000000 		.4byte	.LFE65-.LFB65
 811 0028 00000000 		.4byte	0
 812 002c 00000000 		.4byte	0
 813              		.section	.debug_ranges,"",%progbits
 814              	.Ldebug_ranges0:
 815 0000 00000000 		.4byte	.LFB63
 816 0004 10000000 		.4byte	.LFE63
 817 0008 00000000 		.4byte	.LFB64
 818 000c 22000000 		.4byte	.LFE64
 819 0010 00000000 		.4byte	.LFB65
 820 0014 16000000 		.4byte	.LFE65
 821 0018 00000000 		.4byte	0
 822 001c 00000000 		.4byte	0
 823              		.section	.debug_line,"",%progbits
 824              	.Ldebug_line0:
 825 0000 DC010000 		.section	.debug_str,"MS",%progbits,1
 825      02009901 
 825      00000201 
 825      FB0E0D00 
 825      01010101 
 826              	.LASF18:
 827 0000 4C434B52 		.ascii	"LCKR\000"
 827      00
 828              	.LASF6:
 829 0005 5F5F696E 		.ascii	"__int32_t\000"
 829      7433325F 
 829      7400
 830              	.LASF13:
 831 000f 75696E74 		.ascii	"uint_fast8_t\000"
 831      5F666173 
 831      74385F74 
 831      00
 832              	.LASF33:
 833 001c 2F6D6E74 		.ascii	"/mnt/c/Users/DQ Sullivan/Downloads/Convex/convex/co"
 833      2F632F55 
 833      73657273 
 833      2F445120 
 833      53756C6C 
 834 004f 72746578 		.ascii	"rtex/projects/Vex2016 CyberBrains\000"
 834      2F70726F 
 834      6A656374 
ARM GAS  /tmp/cctgpDAH.s 			page 16


 834      732F5665 
 834      78323031 
 835              	.LASF17:
 836 0071 42535252 		.ascii	"BSRR\000"
 836      00
 837              	.LASF28:
 838 0076 70616C57 		.ascii	"palWriteBus\000"
 838      72697465 
 838      42757300 
 839              	.LASF3:
 840 0082 73686F72 		.ascii	"short int\000"
 840      7420696E 
 840      7400
 841              	.LASF29:
 842 008c 70616C53 		.ascii	"palSetBusMode\000"
 842      65744275 
 842      734D6F64 
 842      6500
 843              	.LASF23:
 844 009a 706F7274 		.ascii	"portid\000"
 844      696400
 845              	.LASF20:
 846 00a1 696F706F 		.ascii	"ioportmask_t\000"
 846      72746D61 
 846      736B5F74 
 846      00
 847              	.LASF21:
 848 00ae 696F6D6F 		.ascii	"iomode_t\000"
 848      64655F74 
 848      00
 849              	.LASF2:
 850 00b7 756E7369 		.ascii	"unsigned char\000"
 850      676E6564 
 850      20636861 
 850      7200
 851              	.LASF8:
 852 00c5 6C6F6E67 		.ascii	"long unsigned int\000"
 852      20756E73 
 852      69676E65 
 852      6420696E 
 852      7400
 853              	.LASF4:
 854 00d7 73686F72 		.ascii	"short unsigned int\000"
 854      7420756E 
 854      7369676E 
 854      65642069 
 854      6E7400
 855              	.LASF35:
 856 00ea 49544D5F 		.ascii	"ITM_RxBuffer\000"
 856      52784275 
 856      66666572 
 856      00
 857              	.LASF31:
 858 00f7 474E5520 		.ascii	"GNU C 4.8.2 -mcpu=cortex-m3 -mno-thumb-interwork -m"
 858      4320342E 
 858      382E3220 
 858      2D6D6370 
ARM GAS  /tmp/cctgpDAH.s 			page 17


 858      753D636F 
 859 012a 7468756D 		.ascii	"thumb -ggdb -O2 -fomit-frame-pointer -falign-functi"
 859      62202D67 
 859      67646220 
 859      2D4F3220 
 859      2D666F6D 
 860 015d 6F6E733D 		.ascii	"ons=16 -ffunction-sections -fdata-sections -fno-com"
 860      3136202D 
 860      6666756E 
 860      6374696F 
 860      6E2D7365 
 861 0190 6D6F6E00 		.ascii	"mon\000"
 862              	.LASF7:
 863 0194 5F5F7569 		.ascii	"__uint32_t\000"
 863      6E743332 
 863      5F7400
 864              	.LASF36:
 865 019f 5F70616C 		.ascii	"_pal_lld_setgroupmode\000"
 865      5F6C6C64 
 865      5F736574 
 865      67726F75 
 865      706D6F64 
 866              	.LASF0:
 867 01b5 756E7369 		.ascii	"unsigned int\000"
 867      676E6564 
 867      20696E74 
 867      00
 868              	.LASF19:
 869 01c2 4750494F 		.ascii	"GPIO_TypeDef\000"
 869      5F547970 
 869      65446566 
 869      00
 870              	.LASF16:
 871 01cf 63686172 		.ascii	"char\000"
 871      00
 872              	.LASF30:
 873 01d4 6D6F6465 		.ascii	"mode\000"
 873      00
 874              	.LASF11:
 875 01d9 696E7433 		.ascii	"int32_t\000"
 875      325F7400 
 876              	.LASF15:
 877 01e1 73697A65 		.ascii	"sizetype\000"
 877      74797065 
 877      00
 878              	.LASF9:
 879 01ea 6C6F6E67 		.ascii	"long long int\000"
 879      206C6F6E 
 879      6720696E 
 879      7400
 880              	.LASF24:
 881 01f8 6D61736B 		.ascii	"mask\000"
 881      00
 882              	.LASF27:
 883 01fd 62697473 		.ascii	"bits\000"
 883      00
 884              	.LASF25:
ARM GAS  /tmp/cctgpDAH.s 			page 18


 885 0202 6F666673 		.ascii	"offset\000"
 885      657400
 886              	.LASF32:
 887 0209 2E2E2F2E 		.ascii	"../../../../ChibiOS_2.6.2/os/hal/src/pal.c\000"
 887      2E2F2E2E 
 887      2F2E2E2F 
 887      43686962 
 887      694F535F 
 888              	.LASF22:
 889 0234 696F706F 		.ascii	"ioportid_t\000"
 889      72746964 
 889      5F7400
 890              	.LASF12:
 891 023f 75696E74 		.ascii	"uint32_t\000"
 891      33325F74 
 891      00
 892              	.LASF5:
 893 0248 6C6F6E67 		.ascii	"long int\000"
 893      20696E74 
 893      00
 894              	.LASF34:
 895 0251 70616C52 		.ascii	"palReadBus\000"
 895      65616442 
 895      757300
 896              	.LASF1:
 897 025c 7369676E 		.ascii	"signed char\000"
 897      65642063 
 897      68617200 
 898              	.LASF14:
 899 0268 5F426F6F 		.ascii	"_Bool\000"
 899      6C00
 900              	.LASF10:
 901 026e 6C6F6E67 		.ascii	"long long unsigned int\000"
 901      206C6F6E 
 901      6720756E 
 901      7369676E 
 901      65642069 
 902              	.LASF26:
 903 0285 494F4275 		.ascii	"IOBus\000"
 903      7300
 904              		.ident	"GCC: (4.8.2-14ubuntu1+6) 4.8.2"
ARM GAS  /tmp/cctgpDAH.s 			page 19


DEFINED SYMBOLS
                            *ABS*:0000000000000000 pal.c
     /tmp/cctgpDAH.s:19     .text.palReadBus:0000000000000000 $t
     /tmp/cctgpDAH.s:25     .text.palReadBus:0000000000000000 palReadBus
     /tmp/cctgpDAH.s:48     .text.palWriteBus:0000000000000000 $t
     /tmp/cctgpDAH.s:54     .text.palWriteBus:0000000000000000 palWriteBus
     /tmp/cctgpDAH.s:89     .text.palSetBusMode:0000000000000000 $t
     /tmp/cctgpDAH.s:95     .text.palSetBusMode:0000000000000000 palSetBusMode
                     .debug_frame:0000000000000010 $d

UNDEFINED SYMBOLS
_pal_lld_setgroupmode
