ARM GAS  /tmp/ccS8dlJC.s 			page 1


   1              		.syntax unified
   2              		.cpu cortex-m3
   3              		.fpu softvfp
   4              		.eabi_attribute 20, 1
   5              		.eabi_attribute 21, 1
   6              		.eabi_attribute 23, 3
   7              		.eabi_attribute 24, 1
   8              		.eabi_attribute 25, 1
   9              		.eabi_attribute 26, 1
  10              		.eabi_attribute 30, 2
  11              		.eabi_attribute 34, 1
  12              		.eabi_attribute 18, 4
  13              		.thumb
  14              		.file	"stm32_flash.c"
  15              		.text
  16              	.Ltext0:
  17              		.cfi_sections	.debug_frame
  18              		.section	.text.FLASH_GetBank1Status,"ax",%progbits
  19              		.align	2
  20              		.p2align 4,,15
  21              		.global	FLASH_GetBank1Status
  22              		.thumb
  23              		.thumb_func
  24              		.type	FLASH_GetBank1Status, %function
  25              	FLASH_GetBank1Status:
  26              	.LFB56:
  27              		.file 1 "../../opt/stm32_flash.c"
  28              		.loc 1 110 0
  29              		.cfi_startproc
  30              		@ args = 0, pretend = 0, frame = 0
  31              		@ frame_needed = 0, uses_anonymous_args = 0
  32              		@ link register save eliminated.
  33              	.LVL0:
  34              		.loc 1 113 0
  35 0000 4FF40053 		mov	r3, #8192
  36 0004 C4F20203 		movt	r3, 16386
  37 0008 DA68     		ldr	r2, [r3, #12]
  38 000a D107     		lsls	r1, r2, #31
  39 000c 0BD4     		bmi	.L4
  40              		.loc 1 119 0
  41 000e DA68     		ldr	r2, [r3, #12]
  42 0010 5207     		lsls	r2, r2, #29
  43 0012 01D5     		bpl	.L8
  44              		.loc 1 121 0
  45 0014 0220     		movs	r0, #2
  46              	.LVL1:
  47              		.loc 1 137 0
  48 0016 7047     		bx	lr
  49              	.LVL2:
  50              	.L8:
  51              	.LBB4:
  52              	.LBB5:
  53              		.loc 1 125 0
  54 0018 DB68     		ldr	r3, [r3, #12]
  55 001a 13F0100F 		tst	r3, #16
  56              		.loc 1 127 0
  57 001e 0CBF     		ite	eq
ARM GAS  /tmp/ccS8dlJC.s 			page 2


  58 0020 0420     		moveq	r0, #4
  59 0022 0320     		movne	r0, #3
  60 0024 7047     		bx	lr
  61              	.L4:
  62              	.LBE5:
  63              	.LBE4:
  64              		.loc 1 115 0
  65 0026 0120     		movs	r0, #1
  66 0028 7047     		bx	lr
  67              		.cfi_endproc
  68              	.LFE56:
  69              		.size	FLASH_GetBank1Status, .-FLASH_GetBank1Status
  70 002a 00BFAFF3 		.section	.text.FLASH_WaitForLastOperation,"ax",%progbits
  70      0080
  71              		.align	2
  72              		.p2align 4,,15
  73              		.global	FLASH_WaitForLastOperation
  74              		.thumb
  75              		.thumb_func
  76              		.type	FLASH_WaitForLastOperation, %function
  77              	FLASH_WaitForLastOperation:
  78              	.LFB57:
  79              		.loc 1 151 0
  80              		.cfi_startproc
  81              		@ args = 0, pretend = 0, frame = 0
  82              		@ frame_needed = 0, uses_anonymous_args = 0
  83              	.LVL3:
  84 0000 10B5     		push	{r4, lr}
  85              		.cfi_def_cfa_offset 8
  86              		.cfi_offset 4, -8
  87              		.cfi_offset 14, -4
  88              		.loc 1 151 0
  89 0002 0446     		mov	r4, r0
  90              		.loc 1 155 0
  91 0004 FFF7FEFF 		bl	FLASH_GetBank1Status
  92              	.LVL4:
  93              		.loc 1 157 0
  94 0008 B0F1010E 		subs	lr, r0, #1
  95 000c DEF10003 		rsbs	r3, lr, #0
  96 0010 53EB0E03 		adcs	r3, r3, lr
  97 0014 002C     		cmp	r4, #0
  98 0016 08BF     		it	eq
  99 0018 0023     		moveq	r3, #0
 100 001a 63B1     		cbz	r3, .L10
 101              	.LVL5:
 102              	.L11:
 103              		.loc 1 159 0
 104 001c FFF7FEFF 		bl	FLASH_GetBank1Status
 105              	.LVL6:
 106              		.loc 1 157 0
 107 0020 013C     		subs	r4, r4, #1
 108              	.LVL7:
 109 0022 0CBF     		ite	eq
 110 0024 0023     		moveq	r3, #0
 111 0026 0123     		movne	r3, #1
 112 0028 0128     		cmp	r0, #1
 113 002a 14BF     		ite	ne
ARM GAS  /tmp/ccS8dlJC.s 			page 3


 114 002c 0023     		movne	r3, #0
 115 002e 03F00103 		andeq	r3, r3, #1
 116 0032 002B     		cmp	r3, #0
 117 0034 F2D1     		bne	.L11
 118              	.LVL8:
 119              	.L10:
 120              		.loc 1 168 0
 121 0036 002C     		cmp	r4, #0
 122 0038 08BF     		it	eq
 123 003a 0520     		moveq	r0, #5
 124              	.LVL9:
 125 003c 10BD     		pop	{r4, pc}
 126              		.cfi_endproc
 127              	.LFE57:
 128              		.size	FLASH_WaitForLastOperation, .-FLASH_WaitForLastOperation
 129 003e 00BF     		.section	.text.FLASH_ErasePage,"ax",%progbits
 130              		.align	2
 131              		.p2align 4,,15
 132              		.global	FLASH_ErasePage
 133              		.thumb
 134              		.thumb_func
 135              		.type	FLASH_ErasePage, %function
 136              	FLASH_ErasePage:
 137              	.LFB58:
 138              		.loc 1 177 0
 139              		.cfi_startproc
 140              		@ args = 0, pretend = 0, frame = 0
 141              		@ frame_needed = 0, uses_anonymous_args = 0
 142              	.LVL10:
 143 0000 38B5     		push	{r3, r4, r5, lr}
 144              		.cfi_def_cfa_offset 16
 145              		.cfi_offset 3, -16
 146              		.cfi_offset 4, -12
 147              		.cfi_offset 5, -8
 148              		.cfi_offset 14, -4
 149              		.loc 1 177 0
 150 0002 0546     		mov	r5, r0
 151              		.loc 1 183 0
 152 0004 4FF43020 		mov	r0, #720896
 153              	.LVL11:
 154 0008 FFF7FEFF 		bl	FLASH_WaitForLastOperation
 155              	.LVL12:
 156              		.loc 1 185 0
 157 000c 0428     		cmp	r0, #4
 158 000e 00D0     		beq	.L22
 159              		.loc 1 201 0
 160 0010 38BD     		pop	{r3, r4, r5, pc}
 161              	.LVL13:
 162              	.L22:
 163              		.loc 1 188 0
 164 0012 4FF40054 		mov	r4, #8192
 165 0016 C4F20204 		movt	r4, 16386
 166 001a 2369     		ldr	r3, [r4, #16]
 167              		.loc 1 193 0
 168 001c 4FF43020 		mov	r0, #720896
 169              	.LVL14:
 170              		.loc 1 188 0
ARM GAS  /tmp/ccS8dlJC.s 			page 4


 171 0020 43F00203 		orr	r3, r3, #2
 172 0024 2361     		str	r3, [r4, #16]
 173              		.loc 1 189 0
 174 0026 6561     		str	r5, [r4, #20]
 175              		.loc 1 190 0
 176 0028 2369     		ldr	r3, [r4, #16]
 177 002a 43F04003 		orr	r3, r3, #64
 178 002e 2361     		str	r3, [r4, #16]
 179              		.loc 1 193 0
 180 0030 FFF7FEFF 		bl	FLASH_WaitForLastOperation
 181              	.LVL15:
 182              		.loc 1 196 0
 183 0034 2269     		ldr	r2, [r4, #16]
 184 0036 41F6FD73 		movw	r3, #8189
 185 003a 1340     		ands	r3, r3, r2
 186 003c 2361     		str	r3, [r4, #16]
 187              		.loc 1 201 0
 188 003e 38BD     		pop	{r3, r4, r5, pc}
 189              		.cfi_endproc
 190              	.LFE58:
 191              		.size	FLASH_ErasePage, .-FLASH_ErasePage
 192              		.section	.text.FLASH_ClearFlag,"ax",%progbits
 193              		.align	2
 194              		.p2align 4,,15
 195              		.global	FLASH_ClearFlag
 196              		.thumb
 197              		.thumb_func
 198              		.type	FLASH_ClearFlag, %function
 199              	FLASH_ClearFlag:
 200              	.LFB59:
 201              		.loc 1 216 0
 202              		.cfi_startproc
 203              		@ args = 0, pretend = 0, frame = 0
 204              		@ frame_needed = 0, uses_anonymous_args = 0
 205              		@ link register save eliminated.
 206              	.LVL16:
 207              		.loc 1 221 0
 208 0000 4FF40053 		mov	r3, #8192
 209 0004 C4F20203 		movt	r3, 16386
 210 0008 D860     		str	r0, [r3, #12]
 211 000a 7047     		bx	lr
 212              		.cfi_endproc
 213              	.LFE59:
 214              		.size	FLASH_ClearFlag, .-FLASH_ClearFlag
 215 000c AFF30080 		.section	.text.FLASH_ProgramWord,"ax",%progbits
 216              		.align	2
 217              		.p2align 4,,15
 218              		.global	FLASH_ProgramWord
 219              		.thumb
 220              		.thumb_func
 221              		.type	FLASH_ProgramWord, %function
 222              	FLASH_ProgramWord:
 223              	.LFB60:
 224              		.loc 1 235 0
 225              		.cfi_startproc
 226              		@ args = 0, pretend = 0, frame = 8
 227              		@ frame_needed = 0, uses_anonymous_args = 0
ARM GAS  /tmp/ccS8dlJC.s 			page 5


 228              	.LVL17:
 229 0000 70B5     		push	{r4, r5, r6, lr}
 230              		.cfi_def_cfa_offset 16
 231              		.cfi_offset 4, -16
 232              		.cfi_offset 5, -12
 233              		.cfi_offset 6, -8
 234              		.cfi_offset 14, -4
 235              		.loc 1 237 0
 236 0002 0023     		movs	r3, #0
 237              		.loc 1 235 0
 238 0004 82B0     		sub	sp, sp, #8
 239              		.cfi_def_cfa_offset 24
 240              		.loc 1 235 0
 241 0006 0546     		mov	r5, r0
 242              		.loc 1 243 0
 243 0008 4FF40050 		mov	r0, #8192
 244              	.LVL18:
 245              		.loc 1 235 0
 246 000c 0C46     		mov	r4, r1
 247              		.loc 1 237 0
 248 000e 0193     		str	r3, [sp, #4]
 249              		.loc 1 243 0
 250 0010 FFF7FEFF 		bl	FLASH_WaitForLastOperation
 251              	.LVL19:
 252              		.loc 1 245 0
 253 0014 0428     		cmp	r0, #4
 254 0016 01D0     		beq	.L27
 255              	.LVL20:
 256              	.L25:
 257              		.loc 1 278 0
 258 0018 02B0     		add	sp, sp, #8
 259              		@ sp needed
 260 001a 70BD     		pop	{r4, r5, r6, pc}
 261              	.LVL21:
 262              	.L27:
 263              		.loc 1 249 0
 264 001c 4FF40056 		mov	r6, #8192
 265 0020 C4F20206 		movt	r6, 16386
 266 0024 3269     		ldr	r2, [r6, #16]
 267              		.loc 1 251 0
 268 0026 A3B2     		uxth	r3, r4
 269              		.loc 1 249 0
 270 0028 42F00102 		orr	r2, r2, #1
 271 002c 3261     		str	r2, [r6, #16]
 272              		.loc 1 253 0
 273 002e 4FF40050 		mov	r0, #8192
 274              	.LVL22:
 275              		.loc 1 251 0
 276 0032 2B80     		strh	r3, [r5]	@ movhi
 277              		.loc 1 253 0
 278 0034 FFF7FEFF 		bl	FLASH_WaitForLastOperation
 279              	.LVL23:
 280              		.loc 1 255 0
 281 0038 0428     		cmp	r0, #4
 282 003a 06D0     		beq	.L28
 283              		.loc 1 272 0
 284 003c 3269     		ldr	r2, [r6, #16]
ARM GAS  /tmp/ccS8dlJC.s 			page 6


 285 003e 41F6FE73 		movw	r3, #8190
 286 0042 1340     		ands	r3, r3, r2
 287 0044 3361     		str	r3, [r6, #16]
 288              		.loc 1 278 0
 289 0046 02B0     		add	sp, sp, #8
 290              		@ sp needed
 291 0048 70BD     		pop	{r4, r5, r6, pc}
 292              	.LVL24:
 293              	.L28:
 294              		.loc 1 259 0
 295 004a 0235     		adds	r5, r5, #2
 296              	.LVL25:
 297 004c 0195     		str	r5, [sp, #4]
 298              		.loc 1 261 0
 299 004e 019B     		ldr	r3, [sp, #4]
 300 0050 240C     		lsrs	r4, r4, #16
 301              	.LVL26:
 302 0052 1C80     		strh	r4, [r3]	@ movhi
 303              		.loc 1 264 0
 304 0054 4FF40050 		mov	r0, #8192
 305              	.LVL27:
 306 0058 FFF7FEFF 		bl	FLASH_WaitForLastOperation
 307              	.LVL28:
 308              		.loc 1 267 0
 309 005c 3269     		ldr	r2, [r6, #16]
 310 005e 41F6FE73 		movw	r3, #8190
 311 0062 1340     		ands	r3, r3, r2
 312 0064 3361     		str	r3, [r6, #16]
 313 0066 D7E7     		b	.L25
 314              		.cfi_endproc
 315              	.LFE60:
 316              		.size	FLASH_ProgramWord, .-FLASH_ProgramWord
 317 0068 AFF30080 		.section	.text.FLASH_ProgramHalfWord,"ax",%progbits
 317      AFF30080 
 318              		.align	2
 319              		.p2align 4,,15
 320              		.global	FLASH_ProgramHalfWord
 321              		.thumb
 322              		.thumb_func
 323              		.type	FLASH_ProgramHalfWord, %function
 324              	FLASH_ProgramHalfWord:
 325              	.LFB61:
 326              		.loc 1 289 0
 327              		.cfi_startproc
 328              		@ args = 0, pretend = 0, frame = 0
 329              		@ frame_needed = 0, uses_anonymous_args = 0
 330              	.LVL29:
 331 0000 70B5     		push	{r4, r5, r6, lr}
 332              		.cfi_def_cfa_offset 16
 333              		.cfi_offset 4, -16
 334              		.cfi_offset 5, -12
 335              		.cfi_offset 6, -8
 336              		.cfi_offset 14, -4
 337              		.loc 1 289 0
 338 0002 0446     		mov	r4, r0
 339              		.loc 1 295 0
 340 0004 4FF40050 		mov	r0, #8192
ARM GAS  /tmp/ccS8dlJC.s 			page 7


 341              	.LVL30:
 342              		.loc 1 289 0
 343 0008 0D46     		mov	r5, r1
 344              		.loc 1 295 0
 345 000a FFF7FEFF 		bl	FLASH_WaitForLastOperation
 346              	.LVL31:
 347              		.loc 1 297 0
 348 000e 0428     		cmp	r0, #4
 349 0010 00D0     		beq	.L31
 350              		.loc 1 312 0
 351 0012 70BD     		pop	{r4, r5, r6, pc}
 352              	.LVL32:
 353              	.L31:
 354              		.loc 1 300 0
 355 0014 4FF40056 		mov	r6, #8192
 356 0018 C4F20206 		movt	r6, 16386
 357 001c 3369     		ldr	r3, [r6, #16]
 358              		.loc 1 304 0
 359 001e 4FF40050 		mov	r0, #8192
 360              	.LVL33:
 361              		.loc 1 300 0
 362 0022 43F00103 		orr	r3, r3, #1
 363 0026 3361     		str	r3, [r6, #16]
 364              		.loc 1 302 0
 365 0028 2580     		strh	r5, [r4]	@ movhi
 366              		.loc 1 304 0
 367 002a FFF7FEFF 		bl	FLASH_WaitForLastOperation
 368              	.LVL34:
 369              		.loc 1 307 0
 370 002e 3269     		ldr	r2, [r6, #16]
 371 0030 41F6FE73 		movw	r3, #8190
 372 0034 1340     		ands	r3, r3, r2
 373 0036 3361     		str	r3, [r6, #16]
 374              		.loc 1 312 0
 375 0038 70BD     		pop	{r4, r5, r6, pc}
 376              		.cfi_endproc
 377              	.LFE61:
 378              		.size	FLASH_ProgramHalfWord, .-FLASH_ProgramHalfWord
 379 003a 00BFAFF3 		.section	.text.FLASH_UnlockBank1,"ax",%progbits
 379      0080
 380              		.align	2
 381              		.p2align 4,,15
 382              		.global	FLASH_UnlockBank1
 383              		.thumb
 384              		.thumb_func
 385              		.type	FLASH_UnlockBank1, %function
 386              	FLASH_UnlockBank1:
 387              	.LFB62:
 388              		.loc 1 323 0
 389              		.cfi_startproc
 390              		@ args = 0, pretend = 0, frame = 0
 391              		@ frame_needed = 0, uses_anonymous_args = 0
 392              		@ link register save eliminated.
 393              		.loc 1 325 0
 394 0000 4FF40053 		mov	r3, #8192
 395 0004 40F22311 		movw	r1, #291
 396              		.loc 1 326 0
ARM GAS  /tmp/ccS8dlJC.s 			page 8


 397 0008 48F6AB12 		movw	r2, #35243
 398              		.loc 1 325 0
 399 000c C4F20203 		movt	r3, 16386
 400 0010 C4F26751 		movt	r1, 17767
 401              		.loc 1 326 0
 402 0014 CCF6EF52 		movt	r2, 52719
 403              		.loc 1 325 0
 404 0018 5960     		str	r1, [r3, #4]
 405              		.loc 1 326 0
 406 001a 5A60     		str	r2, [r3, #4]
 407 001c 7047     		bx	lr
 408              		.cfi_endproc
 409              	.LFE62:
 410              		.size	FLASH_UnlockBank1, .-FLASH_UnlockBank1
 411 001e 00BF     		.text
 412              	.Letext0:
 413              		.file 2 "/usr/include/newlib/machine/_default_types.h"
 414              		.file 3 "/usr/include/newlib/stdint.h"
 415              		.file 4 "../../../../ChibiOS_2.6.2/os/hal/platforms/STM32F1xx/stm32f10x.h"
 416              		.file 5 "../../opt/stm32f10x_flash.h"
 417              		.file 6 "../../../../ChibiOS_2.6.2/os/ports/common/ARMCMx/CMSIS/include/core_cm3.h"
 418              		.section	.debug_info,"",%progbits
 419              	.Ldebug_info0:
 420 0000 A7030000 		.4byte	0x3a7
 421 0004 0400     		.2byte	0x4
 422 0006 00000000 		.4byte	.Ldebug_abbrev0
 423 000a 04       		.byte	0x4
 424 000b 01       		.uleb128 0x1
 425 000c A3010000 		.4byte	.LASF37
 426 0010 01       		.byte	0x1
 427 0011 08010000 		.4byte	.LASF38
 428 0015 4F000000 		.4byte	.LASF39
 429 0019 00000000 		.4byte	.Ldebug_ranges0+0
 430 001d 00000000 		.4byte	0
 431 0021 00000000 		.4byte	.Ldebug_line0
 432 0025 02       		.uleb128 0x2
 433 0026 01       		.byte	0x1
 434 0027 06       		.byte	0x6
 435 0028 FC000000 		.4byte	.LASF0
 436 002c 02       		.uleb128 0x2
 437 002d 01       		.byte	0x1
 438 002e 08       		.byte	0x8
 439 002f 8A010000 		.4byte	.LASF1
 440 0033 02       		.uleb128 0x2
 441 0034 02       		.byte	0x2
 442 0035 05       		.byte	0x5
 443 0036 CF020000 		.4byte	.LASF2
 444 003a 03       		.uleb128 0x3
 445 003b 98010000 		.4byte	.LASF4
 446 003f 02       		.byte	0x2
 447 0040 26       		.byte	0x26
 448 0041 45000000 		.4byte	0x45
 449 0045 02       		.uleb128 0x2
 450 0046 02       		.byte	0x2
 451 0047 07       		.byte	0x7
 452 0048 3D010000 		.4byte	.LASF3
 453 004c 03       		.uleb128 0x3
ARM GAS  /tmp/ccS8dlJC.s 			page 9


 454 004d 45000000 		.4byte	.LASF5
 455 0051 02       		.byte	0x2
 456 0052 37       		.byte	0x37
 457 0053 57000000 		.4byte	0x57
 458 0057 02       		.uleb128 0x2
 459 0058 04       		.byte	0x4
 460 0059 05       		.byte	0x5
 461 005a A4000000 		.4byte	.LASF6
 462 005e 03       		.uleb128 0x3
 463 005f 20010000 		.4byte	.LASF7
 464 0063 02       		.byte	0x2
 465 0064 38       		.byte	0x38
 466 0065 69000000 		.4byte	0x69
 467 0069 02       		.uleb128 0x2
 468 006a 04       		.byte	0x4
 469 006b 07       		.byte	0x7
 470 006c 2B010000 		.4byte	.LASF8
 471 0070 02       		.uleb128 0x2
 472 0071 08       		.byte	0x8
 473 0072 05       		.byte	0x5
 474 0073 B4020000 		.4byte	.LASF9
 475 0077 02       		.uleb128 0x2
 476 0078 08       		.byte	0x8
 477 0079 07       		.byte	0x7
 478 007a 77020000 		.4byte	.LASF10
 479 007e 04       		.uleb128 0x4
 480 007f 04       		.byte	0x4
 481 0080 05       		.byte	0x5
 482 0081 696E7400 		.ascii	"int\000"
 483 0085 02       		.uleb128 0x2
 484 0086 04       		.byte	0x4
 485 0087 07       		.byte	0x7
 486 0088 58020000 		.4byte	.LASF11
 487 008c 03       		.uleb128 0x3
 488 008d E1020000 		.4byte	.LASF12
 489 0091 03       		.byte	0x3
 490 0092 36       		.byte	0x36
 491 0093 3A000000 		.4byte	0x3a
 492 0097 03       		.uleb128 0x3
 493 0098 A3020000 		.4byte	.LASF13
 494 009c 03       		.byte	0x3
 495 009d 41       		.byte	0x41
 496 009e 4C000000 		.4byte	0x4c
 497 00a2 03       		.uleb128 0x3
 498 00a3 EA020000 		.4byte	.LASF14
 499 00a7 03       		.byte	0x3
 500 00a8 42       		.byte	0x42
 501 00a9 5E000000 		.4byte	0x5e
 502 00ad 02       		.uleb128 0x2
 503 00ae 04       		.byte	0x4
 504 00af 07       		.byte	0x7
 505 00b0 AB020000 		.4byte	.LASF15
 506 00b4 05       		.uleb128 0x5
 507 00b5 A2000000 		.4byte	0xa2
 508 00b9 05       		.uleb128 0x5
 509 00ba 97000000 		.4byte	0x97
 510 00be 06       		.uleb128 0x6
ARM GAS  /tmp/ccS8dlJC.s 			page 10


 511 00bf 24       		.byte	0x24
 512 00c0 04       		.byte	0x4
 513 00c1 9403     		.2byte	0x394
 514 00c3 3A010000 		.4byte	0x13a
 515 00c7 07       		.uleb128 0x7
 516 00c8 41435200 		.ascii	"ACR\000"
 517 00cc 04       		.byte	0x4
 518 00cd 9603     		.2byte	0x396
 519 00cf B4000000 		.4byte	0xb4
 520 00d3 00       		.byte	0
 521 00d4 08       		.uleb128 0x8
 522 00d5 01030000 		.4byte	.LASF16
 523 00d9 04       		.byte	0x4
 524 00da 9703     		.2byte	0x397
 525 00dc B4000000 		.4byte	0xb4
 526 00e0 04       		.byte	0x4
 527 00e1 08       		.uleb128 0x8
 528 00e2 82010000 		.4byte	.LASF17
 529 00e6 04       		.byte	0x4
 530 00e7 9803     		.2byte	0x398
 531 00e9 B4000000 		.4byte	0xb4
 532 00ed 08       		.byte	0x8
 533 00ee 07       		.uleb128 0x7
 534 00ef 535200   		.ascii	"SR\000"
 535 00f2 04       		.byte	0x4
 536 00f3 9903     		.2byte	0x399
 537 00f5 B4000000 		.4byte	0xb4
 538 00f9 0C       		.byte	0xc
 539 00fa 07       		.uleb128 0x7
 540 00fb 435200   		.ascii	"CR\000"
 541 00fe 04       		.byte	0x4
 542 00ff 9A03     		.2byte	0x39a
 543 0101 B4000000 		.4byte	0xb4
 544 0105 10       		.byte	0x10
 545 0106 07       		.uleb128 0x7
 546 0107 415200   		.ascii	"AR\000"
 547 010a 04       		.byte	0x4
 548 010b 9B03     		.2byte	0x39b
 549 010d B4000000 		.4byte	0xb4
 550 0111 14       		.byte	0x14
 551 0112 08       		.uleb128 0x8
 552 0113 40020000 		.4byte	.LASF18
 553 0117 04       		.byte	0x4
 554 0118 9C03     		.2byte	0x39c
 555 011a B4000000 		.4byte	0xb4
 556 011e 18       		.byte	0x18
 557 011f 07       		.uleb128 0x7
 558 0120 4F425200 		.ascii	"OBR\000"
 559 0124 04       		.byte	0x4
 560 0125 9D03     		.2byte	0x39d
 561 0127 B4000000 		.4byte	0xb4
 562 012b 1C       		.byte	0x1c
 563 012c 08       		.uleb128 0x8
 564 012d 9E020000 		.4byte	.LASF19
 565 0131 04       		.byte	0x4
 566 0132 9E03     		.2byte	0x39e
 567 0134 B4000000 		.4byte	0xb4
ARM GAS  /tmp/ccS8dlJC.s 			page 11


 568 0138 20       		.byte	0x20
 569 0139 00       		.byte	0
 570 013a 09       		.uleb128 0x9
 571 013b 28000000 		.4byte	.LASF20
 572 013f 04       		.byte	0x4
 573 0140 A703     		.2byte	0x3a7
 574 0142 BE000000 		.4byte	0xbe
 575 0146 0A       		.uleb128 0xa
 576 0147 01       		.byte	0x1
 577 0148 05       		.byte	0x5
 578 0149 33       		.byte	0x33
 579 014a 6D010000 		.4byte	0x16d
 580 014e 0B       		.uleb128 0xb
 581 014f 12030000 		.4byte	.LASF21
 582 0153 01       		.sleb128 1
 583 0154 0B       		.uleb128 0xb
 584 0155 49020000 		.4byte	.LASF22
 585 0159 02       		.sleb128 2
 586 015a 0B       		.uleb128 0xb
 587 015b 8E020000 		.4byte	.LASF23
 588 015f 03       		.sleb128 3
 589 0160 0B       		.uleb128 0xb
 590 0161 36000000 		.4byte	.LASF24
 591 0165 04       		.sleb128 4
 592 0166 0B       		.uleb128 0xb
 593 0167 F3020000 		.4byte	.LASF25
 594 016b 05       		.sleb128 5
 595 016c 00       		.byte	0
 596 016d 03       		.uleb128 0x3
 597 016e C2020000 		.4byte	.LASF26
 598 0172 05       		.byte	0x5
 599 0173 39       		.byte	0x39
 600 0174 46010000 		.4byte	0x146
 601 0178 0C       		.uleb128 0xc
 602 0179 50010000 		.4byte	.LASF40
 603 017d 01       		.byte	0x1
 604 017e 6D       		.byte	0x6d
 605 017f 6D010000 		.4byte	0x16d
 606 0183 01       		.byte	0x1
 607 0184 94010000 		.4byte	0x194
 608 0188 0D       		.uleb128 0xd
 609 0189 06030000 		.4byte	.LASF41
 610 018d 01       		.byte	0x1
 611 018e 6F       		.byte	0x6f
 612 018f 6D010000 		.4byte	0x16d
 613 0193 00       		.byte	0
 614 0194 0E       		.uleb128 0xe
 615 0195 78010000 		.4byte	0x178
 616 0199 00000000 		.4byte	.LFB56
 617 019d 2A000000 		.4byte	.LFE56-.LFB56
 618 01a1 01       		.uleb128 0x1
 619 01a2 9C       		.byte	0x9c
 620 01a3 C0010000 		.4byte	0x1c0
 621 01a7 0F       		.uleb128 0xf
 622 01a8 88010000 		.4byte	0x188
 623 01ac 00000000 		.4byte	.LLST0
 624 01b0 10       		.uleb128 0x10
ARM GAS  /tmp/ccS8dlJC.s 			page 12


 625 01b1 18000000 		.4byte	.LBB5
 626 01b5 0E000000 		.4byte	.LBE5-.LBB5
 627 01b9 11       		.uleb128 0x11
 628 01ba 88010000 		.4byte	0x188
 629 01be 00       		.byte	0
 630 01bf 00       		.byte	0
 631 01c0 12       		.uleb128 0x12
 632 01c1 D6000000 		.4byte	.LASF27
 633 01c5 01       		.byte	0x1
 634 01c6 96       		.byte	0x96
 635 01c7 6D010000 		.4byte	0x16d
 636 01cb 00000000 		.4byte	.LFB57
 637 01cf 3E000000 		.4byte	.LFE57-.LFB57
 638 01d3 01       		.uleb128 0x1
 639 01d4 9C       		.byte	0x9c
 640 01d5 0A020000 		.4byte	0x20a
 641 01d9 13       		.uleb128 0x13
 642 01da 1D030000 		.4byte	.LASF29
 643 01de 01       		.byte	0x1
 644 01df 96       		.byte	0x96
 645 01e0 A2000000 		.4byte	0xa2
 646 01e4 2B000000 		.4byte	.LLST1
 647 01e8 14       		.uleb128 0x14
 648 01e9 CF000000 		.4byte	.LASF31
 649 01ed 01       		.byte	0x1
 650 01ee 98       		.byte	0x98
 651 01ef 6D010000 		.4byte	0x16d
 652 01f3 61000000 		.4byte	.LLST2
 653 01f7 15       		.uleb128 0x15
 654 01f8 08000000 		.4byte	.LVL4
 655 01fc 78010000 		.4byte	0x178
 656 0200 15       		.uleb128 0x15
 657 0201 20000000 		.4byte	.LVL6
 658 0205 78010000 		.4byte	0x178
 659 0209 00       		.byte	0
 660 020a 12       		.uleb128 0x12
 661 020b 72010000 		.4byte	.LASF28
 662 020f 01       		.byte	0x1
 663 0210 B0       		.byte	0xb0
 664 0211 6D010000 		.4byte	0x16d
 665 0215 00000000 		.4byte	.LFB58
 666 0219 40000000 		.4byte	.LFE58-.LFB58
 667 021d 01       		.uleb128 0x1
 668 021e 9C       		.byte	0x9c
 669 021f 68020000 		.4byte	0x268
 670 0223 13       		.uleb128 0x13
 671 0224 16000000 		.4byte	.LASF30
 672 0228 01       		.byte	0x1
 673 0229 B0       		.byte	0xb0
 674 022a A2000000 		.4byte	0xa2
 675 022e AE000000 		.4byte	.LLST3
 676 0232 14       		.uleb128 0x14
 677 0233 CF000000 		.4byte	.LASF31
 678 0237 01       		.byte	0x1
 679 0238 B2       		.byte	0xb2
 680 0239 6D010000 		.4byte	0x16d
 681 023d CC000000 		.4byte	.LLST4
ARM GAS  /tmp/ccS8dlJC.s 			page 13


 682 0241 16       		.uleb128 0x16
 683 0242 0C000000 		.4byte	.LVL12
 684 0246 C0010000 		.4byte	0x1c0
 685 024a 56020000 		.4byte	0x256
 686 024e 17       		.uleb128 0x17
 687 024f 01       		.uleb128 0x1
 688 0250 50       		.byte	0x50
 689 0251 03       		.uleb128 0x3
 690 0252 46       		.byte	0x46
 691 0253 3F       		.byte	0x3f
 692 0254 24       		.byte	0x24
 693 0255 00       		.byte	0
 694 0256 18       		.uleb128 0x18
 695 0257 34000000 		.4byte	.LVL15
 696 025b C0010000 		.4byte	0x1c0
 697 025f 17       		.uleb128 0x17
 698 0260 01       		.uleb128 0x1
 699 0261 50       		.byte	0x50
 700 0262 03       		.uleb128 0x3
 701 0263 46       		.byte	0x46
 702 0264 3F       		.byte	0x3f
 703 0265 24       		.byte	0x24
 704 0266 00       		.byte	0
 705 0267 00       		.byte	0
 706 0268 19       		.uleb128 0x19
 707 0269 AD000000 		.4byte	.LASF42
 708 026d 01       		.byte	0x1
 709 026e D7       		.byte	0xd7
 710 026f 00000000 		.4byte	.LFB59
 711 0273 0C000000 		.4byte	.LFE59-.LFB59
 712 0277 01       		.uleb128 0x1
 713 0278 9C       		.byte	0x9c
 714 0279 8B020000 		.4byte	0x28b
 715 027d 1A       		.uleb128 0x1a
 716 027e F1000000 		.4byte	.LASF32
 717 0282 01       		.byte	0x1
 718 0283 D7       		.byte	0xd7
 719 0284 A2000000 		.4byte	0xa2
 720 0288 01       		.uleb128 0x1
 721 0289 50       		.byte	0x50
 722 028a 00       		.byte	0
 723 028b 12       		.uleb128 0x12
 724 028c BD000000 		.4byte	.LASF33
 725 0290 01       		.byte	0x1
 726 0291 EA       		.byte	0xea
 727 0292 6D010000 		.4byte	0x16d
 728 0296 00000000 		.4byte	.LFB60
 729 029a 68000000 		.4byte	.LFE60-.LFB60
 730 029e 01       		.uleb128 0x1
 731 029f 9C       		.byte	0x9c
 732 02a0 1B030000 		.4byte	0x31b
 733 02a4 13       		.uleb128 0x13
 734 02a5 D9020000 		.4byte	.LASF34
 735 02a9 01       		.byte	0x1
 736 02aa EA       		.byte	0xea
 737 02ab A2000000 		.4byte	0xa2
 738 02af F6000000 		.4byte	.LLST5
ARM GAS  /tmp/ccS8dlJC.s 			page 14


 739 02b3 13       		.uleb128 0x13
 740 02b4 23000000 		.4byte	.LASF35
 741 02b8 01       		.byte	0x1
 742 02b9 EA       		.byte	0xea
 743 02ba A2000000 		.4byte	0xa2
 744 02be 3A010000 		.4byte	.LLST6
 745 02c2 14       		.uleb128 0x14
 746 02c3 CF000000 		.4byte	.LASF31
 747 02c7 01       		.byte	0x1
 748 02c8 EC       		.byte	0xec
 749 02c9 6D010000 		.4byte	0x16d
 750 02cd 7F010000 		.4byte	.LLST7
 751 02d1 1B       		.uleb128 0x1b
 752 02d2 746D7000 		.ascii	"tmp\000"
 753 02d6 01       		.byte	0x1
 754 02d7 ED       		.byte	0xed
 755 02d8 B4000000 		.4byte	0xb4
 756 02dc 02       		.uleb128 0x2
 757 02dd 91       		.byte	0x91
 758 02de 6C       		.sleb128 -20
 759 02df 16       		.uleb128 0x16
 760 02e0 14000000 		.4byte	.LVL19
 761 02e4 C0010000 		.4byte	0x1c0
 762 02e8 F4020000 		.4byte	0x2f4
 763 02ec 17       		.uleb128 0x17
 764 02ed 01       		.uleb128 0x1
 765 02ee 50       		.byte	0x50
 766 02ef 03       		.uleb128 0x3
 767 02f0 0A       		.byte	0xa
 768 02f1 0020     		.2byte	0x2000
 769 02f3 00       		.byte	0
 770 02f4 16       		.uleb128 0x16
 771 02f5 38000000 		.4byte	.LVL23
 772 02f9 C0010000 		.4byte	0x1c0
 773 02fd 09030000 		.4byte	0x309
 774 0301 17       		.uleb128 0x17
 775 0302 01       		.uleb128 0x1
 776 0303 50       		.byte	0x50
 777 0304 03       		.uleb128 0x3
 778 0305 0A       		.byte	0xa
 779 0306 0020     		.2byte	0x2000
 780 0308 00       		.byte	0
 781 0309 18       		.uleb128 0x18
 782 030a 5C000000 		.4byte	.LVL28
 783 030e C0010000 		.4byte	0x1c0
 784 0312 17       		.uleb128 0x17
 785 0313 01       		.uleb128 0x1
 786 0314 50       		.byte	0x50
 787 0315 03       		.uleb128 0x3
 788 0316 0A       		.byte	0xa
 789 0317 0020     		.2byte	0x2000
 790 0319 00       		.byte	0
 791 031a 00       		.byte	0
 792 031b 1C       		.uleb128 0x1c
 793 031c 00000000 		.4byte	.LASF36
 794 0320 01       		.byte	0x1
 795 0321 2001     		.2byte	0x120
ARM GAS  /tmp/ccS8dlJC.s 			page 15


 796 0323 6D010000 		.4byte	0x16d
 797 0327 00000000 		.4byte	.LFB61
 798 032b 3A000000 		.4byte	.LFE61-.LFB61
 799 032f 01       		.uleb128 0x1
 800 0330 9C       		.byte	0x9c
 801 0331 8C030000 		.4byte	0x38c
 802 0335 1D       		.uleb128 0x1d
 803 0336 D9020000 		.4byte	.LASF34
 804 033a 01       		.byte	0x1
 805 033b 2001     		.2byte	0x120
 806 033d A2000000 		.4byte	0xa2
 807 0341 B4010000 		.4byte	.LLST8
 808 0345 1D       		.uleb128 0x1d
 809 0346 23000000 		.4byte	.LASF35
 810 034a 01       		.byte	0x1
 811 034b 2001     		.2byte	0x120
 812 034d 8C000000 		.4byte	0x8c
 813 0351 D2010000 		.4byte	.LLST9
 814 0355 1E       		.uleb128 0x1e
 815 0356 CF000000 		.4byte	.LASF31
 816 035a 01       		.byte	0x1
 817 035b 2201     		.2byte	0x122
 818 035d 6D010000 		.4byte	0x16d
 819 0361 F3010000 		.4byte	.LLST10
 820 0365 16       		.uleb128 0x16
 821 0366 0E000000 		.4byte	.LVL31
 822 036a C0010000 		.4byte	0x1c0
 823 036e 7A030000 		.4byte	0x37a
 824 0372 17       		.uleb128 0x17
 825 0373 01       		.uleb128 0x1
 826 0374 50       		.byte	0x50
 827 0375 03       		.uleb128 0x3
 828 0376 0A       		.byte	0xa
 829 0377 0020     		.2byte	0x2000
 830 0379 00       		.byte	0
 831 037a 18       		.uleb128 0x18
 832 037b 2E000000 		.4byte	.LVL34
 833 037f C0010000 		.4byte	0x1c0
 834 0383 17       		.uleb128 0x17
 835 0384 01       		.uleb128 0x1
 836 0385 50       		.byte	0x50
 837 0386 03       		.uleb128 0x3
 838 0387 0A       		.byte	0xa
 839 0388 0020     		.2byte	0x2000
 840 038a 00       		.byte	0
 841 038b 00       		.byte	0
 842 038c 1F       		.uleb128 0x1f
 843 038d 65020000 		.4byte	.LASF43
 844 0391 01       		.byte	0x1
 845 0392 4201     		.2byte	0x142
 846 0394 00000000 		.4byte	.LFB62
 847 0398 1E000000 		.4byte	.LFE62-.LFB62
 848 039c 01       		.uleb128 0x1
 849 039d 9C       		.byte	0x9c
 850 039e 20       		.uleb128 0x20
 851 039f 65010000 		.4byte	.LASF44
 852 03a3 06       		.byte	0x6
ARM GAS  /tmp/ccS8dlJC.s 			page 16


 853 03a4 0706     		.2byte	0x607
 854 03a6 B9000000 		.4byte	0xb9
 855 03aa 00       		.byte	0
 856              		.section	.debug_abbrev,"",%progbits
 857              	.Ldebug_abbrev0:
 858 0000 01       		.uleb128 0x1
 859 0001 11       		.uleb128 0x11
 860 0002 01       		.byte	0x1
 861 0003 25       		.uleb128 0x25
 862 0004 0E       		.uleb128 0xe
 863 0005 13       		.uleb128 0x13
 864 0006 0B       		.uleb128 0xb
 865 0007 03       		.uleb128 0x3
 866 0008 0E       		.uleb128 0xe
 867 0009 1B       		.uleb128 0x1b
 868 000a 0E       		.uleb128 0xe
 869 000b 55       		.uleb128 0x55
 870 000c 17       		.uleb128 0x17
 871 000d 11       		.uleb128 0x11
 872 000e 01       		.uleb128 0x1
 873 000f 10       		.uleb128 0x10
 874 0010 17       		.uleb128 0x17
 875 0011 00       		.byte	0
 876 0012 00       		.byte	0
 877 0013 02       		.uleb128 0x2
 878 0014 24       		.uleb128 0x24
 879 0015 00       		.byte	0
 880 0016 0B       		.uleb128 0xb
 881 0017 0B       		.uleb128 0xb
 882 0018 3E       		.uleb128 0x3e
 883 0019 0B       		.uleb128 0xb
 884 001a 03       		.uleb128 0x3
 885 001b 0E       		.uleb128 0xe
 886 001c 00       		.byte	0
 887 001d 00       		.byte	0
 888 001e 03       		.uleb128 0x3
 889 001f 16       		.uleb128 0x16
 890 0020 00       		.byte	0
 891 0021 03       		.uleb128 0x3
 892 0022 0E       		.uleb128 0xe
 893 0023 3A       		.uleb128 0x3a
 894 0024 0B       		.uleb128 0xb
 895 0025 3B       		.uleb128 0x3b
 896 0026 0B       		.uleb128 0xb
 897 0027 49       		.uleb128 0x49
 898 0028 13       		.uleb128 0x13
 899 0029 00       		.byte	0
 900 002a 00       		.byte	0
 901 002b 04       		.uleb128 0x4
 902 002c 24       		.uleb128 0x24
 903 002d 00       		.byte	0
 904 002e 0B       		.uleb128 0xb
 905 002f 0B       		.uleb128 0xb
 906 0030 3E       		.uleb128 0x3e
 907 0031 0B       		.uleb128 0xb
 908 0032 03       		.uleb128 0x3
 909 0033 08       		.uleb128 0x8
ARM GAS  /tmp/ccS8dlJC.s 			page 17


 910 0034 00       		.byte	0
 911 0035 00       		.byte	0
 912 0036 05       		.uleb128 0x5
 913 0037 35       		.uleb128 0x35
 914 0038 00       		.byte	0
 915 0039 49       		.uleb128 0x49
 916 003a 13       		.uleb128 0x13
 917 003b 00       		.byte	0
 918 003c 00       		.byte	0
 919 003d 06       		.uleb128 0x6
 920 003e 13       		.uleb128 0x13
 921 003f 01       		.byte	0x1
 922 0040 0B       		.uleb128 0xb
 923 0041 0B       		.uleb128 0xb
 924 0042 3A       		.uleb128 0x3a
 925 0043 0B       		.uleb128 0xb
 926 0044 3B       		.uleb128 0x3b
 927 0045 05       		.uleb128 0x5
 928 0046 01       		.uleb128 0x1
 929 0047 13       		.uleb128 0x13
 930 0048 00       		.byte	0
 931 0049 00       		.byte	0
 932 004a 07       		.uleb128 0x7
 933 004b 0D       		.uleb128 0xd
 934 004c 00       		.byte	0
 935 004d 03       		.uleb128 0x3
 936 004e 08       		.uleb128 0x8
 937 004f 3A       		.uleb128 0x3a
 938 0050 0B       		.uleb128 0xb
 939 0051 3B       		.uleb128 0x3b
 940 0052 05       		.uleb128 0x5
 941 0053 49       		.uleb128 0x49
 942 0054 13       		.uleb128 0x13
 943 0055 38       		.uleb128 0x38
 944 0056 0B       		.uleb128 0xb
 945 0057 00       		.byte	0
 946 0058 00       		.byte	0
 947 0059 08       		.uleb128 0x8
 948 005a 0D       		.uleb128 0xd
 949 005b 00       		.byte	0
 950 005c 03       		.uleb128 0x3
 951 005d 0E       		.uleb128 0xe
 952 005e 3A       		.uleb128 0x3a
 953 005f 0B       		.uleb128 0xb
 954 0060 3B       		.uleb128 0x3b
 955 0061 05       		.uleb128 0x5
 956 0062 49       		.uleb128 0x49
 957 0063 13       		.uleb128 0x13
 958 0064 38       		.uleb128 0x38
 959 0065 0B       		.uleb128 0xb
 960 0066 00       		.byte	0
 961 0067 00       		.byte	0
 962 0068 09       		.uleb128 0x9
 963 0069 16       		.uleb128 0x16
 964 006a 00       		.byte	0
 965 006b 03       		.uleb128 0x3
 966 006c 0E       		.uleb128 0xe
ARM GAS  /tmp/ccS8dlJC.s 			page 18


 967 006d 3A       		.uleb128 0x3a
 968 006e 0B       		.uleb128 0xb
 969 006f 3B       		.uleb128 0x3b
 970 0070 05       		.uleb128 0x5
 971 0071 49       		.uleb128 0x49
 972 0072 13       		.uleb128 0x13
 973 0073 00       		.byte	0
 974 0074 00       		.byte	0
 975 0075 0A       		.uleb128 0xa
 976 0076 04       		.uleb128 0x4
 977 0077 01       		.byte	0x1
 978 0078 0B       		.uleb128 0xb
 979 0079 0B       		.uleb128 0xb
 980 007a 3A       		.uleb128 0x3a
 981 007b 0B       		.uleb128 0xb
 982 007c 3B       		.uleb128 0x3b
 983 007d 0B       		.uleb128 0xb
 984 007e 01       		.uleb128 0x1
 985 007f 13       		.uleb128 0x13
 986 0080 00       		.byte	0
 987 0081 00       		.byte	0
 988 0082 0B       		.uleb128 0xb
 989 0083 28       		.uleb128 0x28
 990 0084 00       		.byte	0
 991 0085 03       		.uleb128 0x3
 992 0086 0E       		.uleb128 0xe
 993 0087 1C       		.uleb128 0x1c
 994 0088 0D       		.uleb128 0xd
 995 0089 00       		.byte	0
 996 008a 00       		.byte	0
 997 008b 0C       		.uleb128 0xc
 998 008c 2E       		.uleb128 0x2e
 999 008d 01       		.byte	0x1
 1000 008e 3F       		.uleb128 0x3f
 1001 008f 19       		.uleb128 0x19
 1002 0090 03       		.uleb128 0x3
 1003 0091 0E       		.uleb128 0xe
 1004 0092 3A       		.uleb128 0x3a
 1005 0093 0B       		.uleb128 0xb
 1006 0094 3B       		.uleb128 0x3b
 1007 0095 0B       		.uleb128 0xb
 1008 0096 27       		.uleb128 0x27
 1009 0097 19       		.uleb128 0x19
 1010 0098 49       		.uleb128 0x49
 1011 0099 13       		.uleb128 0x13
 1012 009a 20       		.uleb128 0x20
 1013 009b 0B       		.uleb128 0xb
 1014 009c 01       		.uleb128 0x1
 1015 009d 13       		.uleb128 0x13
 1016 009e 00       		.byte	0
 1017 009f 00       		.byte	0
 1018 00a0 0D       		.uleb128 0xd
 1019 00a1 34       		.uleb128 0x34
 1020 00a2 00       		.byte	0
 1021 00a3 03       		.uleb128 0x3
 1022 00a4 0E       		.uleb128 0xe
 1023 00a5 3A       		.uleb128 0x3a
ARM GAS  /tmp/ccS8dlJC.s 			page 19


 1024 00a6 0B       		.uleb128 0xb
 1025 00a7 3B       		.uleb128 0x3b
 1026 00a8 0B       		.uleb128 0xb
 1027 00a9 49       		.uleb128 0x49
 1028 00aa 13       		.uleb128 0x13
 1029 00ab 00       		.byte	0
 1030 00ac 00       		.byte	0
 1031 00ad 0E       		.uleb128 0xe
 1032 00ae 2E       		.uleb128 0x2e
 1033 00af 01       		.byte	0x1
 1034 00b0 31       		.uleb128 0x31
 1035 00b1 13       		.uleb128 0x13
 1036 00b2 11       		.uleb128 0x11
 1037 00b3 01       		.uleb128 0x1
 1038 00b4 12       		.uleb128 0x12
 1039 00b5 06       		.uleb128 0x6
 1040 00b6 40       		.uleb128 0x40
 1041 00b7 18       		.uleb128 0x18
 1042 00b8 9742     		.uleb128 0x2117
 1043 00ba 19       		.uleb128 0x19
 1044 00bb 01       		.uleb128 0x1
 1045 00bc 13       		.uleb128 0x13
 1046 00bd 00       		.byte	0
 1047 00be 00       		.byte	0
 1048 00bf 0F       		.uleb128 0xf
 1049 00c0 34       		.uleb128 0x34
 1050 00c1 00       		.byte	0
 1051 00c2 31       		.uleb128 0x31
 1052 00c3 13       		.uleb128 0x13
 1053 00c4 02       		.uleb128 0x2
 1054 00c5 17       		.uleb128 0x17
 1055 00c6 00       		.byte	0
 1056 00c7 00       		.byte	0
 1057 00c8 10       		.uleb128 0x10
 1058 00c9 0B       		.uleb128 0xb
 1059 00ca 01       		.byte	0x1
 1060 00cb 11       		.uleb128 0x11
 1061 00cc 01       		.uleb128 0x1
 1062 00cd 12       		.uleb128 0x12
 1063 00ce 06       		.uleb128 0x6
 1064 00cf 00       		.byte	0
 1065 00d0 00       		.byte	0
 1066 00d1 11       		.uleb128 0x11
 1067 00d2 34       		.uleb128 0x34
 1068 00d3 00       		.byte	0
 1069 00d4 31       		.uleb128 0x31
 1070 00d5 13       		.uleb128 0x13
 1071 00d6 00       		.byte	0
 1072 00d7 00       		.byte	0
 1073 00d8 12       		.uleb128 0x12
 1074 00d9 2E       		.uleb128 0x2e
 1075 00da 01       		.byte	0x1
 1076 00db 3F       		.uleb128 0x3f
 1077 00dc 19       		.uleb128 0x19
 1078 00dd 03       		.uleb128 0x3
 1079 00de 0E       		.uleb128 0xe
 1080 00df 3A       		.uleb128 0x3a
ARM GAS  /tmp/ccS8dlJC.s 			page 20


 1081 00e0 0B       		.uleb128 0xb
 1082 00e1 3B       		.uleb128 0x3b
 1083 00e2 0B       		.uleb128 0xb
 1084 00e3 27       		.uleb128 0x27
 1085 00e4 19       		.uleb128 0x19
 1086 00e5 49       		.uleb128 0x49
 1087 00e6 13       		.uleb128 0x13
 1088 00e7 11       		.uleb128 0x11
 1089 00e8 01       		.uleb128 0x1
 1090 00e9 12       		.uleb128 0x12
 1091 00ea 06       		.uleb128 0x6
 1092 00eb 40       		.uleb128 0x40
 1093 00ec 18       		.uleb128 0x18
 1094 00ed 9742     		.uleb128 0x2117
 1095 00ef 19       		.uleb128 0x19
 1096 00f0 01       		.uleb128 0x1
 1097 00f1 13       		.uleb128 0x13
 1098 00f2 00       		.byte	0
 1099 00f3 00       		.byte	0
 1100 00f4 13       		.uleb128 0x13
 1101 00f5 05       		.uleb128 0x5
 1102 00f6 00       		.byte	0
 1103 00f7 03       		.uleb128 0x3
 1104 00f8 0E       		.uleb128 0xe
 1105 00f9 3A       		.uleb128 0x3a
 1106 00fa 0B       		.uleb128 0xb
 1107 00fb 3B       		.uleb128 0x3b
 1108 00fc 0B       		.uleb128 0xb
 1109 00fd 49       		.uleb128 0x49
 1110 00fe 13       		.uleb128 0x13
 1111 00ff 02       		.uleb128 0x2
 1112 0100 17       		.uleb128 0x17
 1113 0101 00       		.byte	0
 1114 0102 00       		.byte	0
 1115 0103 14       		.uleb128 0x14
 1116 0104 34       		.uleb128 0x34
 1117 0105 00       		.byte	0
 1118 0106 03       		.uleb128 0x3
 1119 0107 0E       		.uleb128 0xe
 1120 0108 3A       		.uleb128 0x3a
 1121 0109 0B       		.uleb128 0xb
 1122 010a 3B       		.uleb128 0x3b
 1123 010b 0B       		.uleb128 0xb
 1124 010c 49       		.uleb128 0x49
 1125 010d 13       		.uleb128 0x13
 1126 010e 02       		.uleb128 0x2
 1127 010f 17       		.uleb128 0x17
 1128 0110 00       		.byte	0
 1129 0111 00       		.byte	0
 1130 0112 15       		.uleb128 0x15
 1131 0113 898201   		.uleb128 0x4109
 1132 0116 00       		.byte	0
 1133 0117 11       		.uleb128 0x11
 1134 0118 01       		.uleb128 0x1
 1135 0119 31       		.uleb128 0x31
 1136 011a 13       		.uleb128 0x13
 1137 011b 00       		.byte	0
ARM GAS  /tmp/ccS8dlJC.s 			page 21


 1138 011c 00       		.byte	0
 1139 011d 16       		.uleb128 0x16
 1140 011e 898201   		.uleb128 0x4109
 1141 0121 01       		.byte	0x1
 1142 0122 11       		.uleb128 0x11
 1143 0123 01       		.uleb128 0x1
 1144 0124 31       		.uleb128 0x31
 1145 0125 13       		.uleb128 0x13
 1146 0126 01       		.uleb128 0x1
 1147 0127 13       		.uleb128 0x13
 1148 0128 00       		.byte	0
 1149 0129 00       		.byte	0
 1150 012a 17       		.uleb128 0x17
 1151 012b 8A8201   		.uleb128 0x410a
 1152 012e 00       		.byte	0
 1153 012f 02       		.uleb128 0x2
 1154 0130 18       		.uleb128 0x18
 1155 0131 9142     		.uleb128 0x2111
 1156 0133 18       		.uleb128 0x18
 1157 0134 00       		.byte	0
 1158 0135 00       		.byte	0
 1159 0136 18       		.uleb128 0x18
 1160 0137 898201   		.uleb128 0x4109
 1161 013a 01       		.byte	0x1
 1162 013b 11       		.uleb128 0x11
 1163 013c 01       		.uleb128 0x1
 1164 013d 31       		.uleb128 0x31
 1165 013e 13       		.uleb128 0x13
 1166 013f 00       		.byte	0
 1167 0140 00       		.byte	0
 1168 0141 19       		.uleb128 0x19
 1169 0142 2E       		.uleb128 0x2e
 1170 0143 01       		.byte	0x1
 1171 0144 3F       		.uleb128 0x3f
 1172 0145 19       		.uleb128 0x19
 1173 0146 03       		.uleb128 0x3
 1174 0147 0E       		.uleb128 0xe
 1175 0148 3A       		.uleb128 0x3a
 1176 0149 0B       		.uleb128 0xb
 1177 014a 3B       		.uleb128 0x3b
 1178 014b 0B       		.uleb128 0xb
 1179 014c 27       		.uleb128 0x27
 1180 014d 19       		.uleb128 0x19
 1181 014e 11       		.uleb128 0x11
 1182 014f 01       		.uleb128 0x1
 1183 0150 12       		.uleb128 0x12
 1184 0151 06       		.uleb128 0x6
 1185 0152 40       		.uleb128 0x40
 1186 0153 18       		.uleb128 0x18
 1187 0154 9742     		.uleb128 0x2117
 1188 0156 19       		.uleb128 0x19
 1189 0157 01       		.uleb128 0x1
 1190 0158 13       		.uleb128 0x13
 1191 0159 00       		.byte	0
 1192 015a 00       		.byte	0
 1193 015b 1A       		.uleb128 0x1a
 1194 015c 05       		.uleb128 0x5
ARM GAS  /tmp/ccS8dlJC.s 			page 22


 1195 015d 00       		.byte	0
 1196 015e 03       		.uleb128 0x3
 1197 015f 0E       		.uleb128 0xe
 1198 0160 3A       		.uleb128 0x3a
 1199 0161 0B       		.uleb128 0xb
 1200 0162 3B       		.uleb128 0x3b
 1201 0163 0B       		.uleb128 0xb
 1202 0164 49       		.uleb128 0x49
 1203 0165 13       		.uleb128 0x13
 1204 0166 02       		.uleb128 0x2
 1205 0167 18       		.uleb128 0x18
 1206 0168 00       		.byte	0
 1207 0169 00       		.byte	0
 1208 016a 1B       		.uleb128 0x1b
 1209 016b 34       		.uleb128 0x34
 1210 016c 00       		.byte	0
 1211 016d 03       		.uleb128 0x3
 1212 016e 08       		.uleb128 0x8
 1213 016f 3A       		.uleb128 0x3a
 1214 0170 0B       		.uleb128 0xb
 1215 0171 3B       		.uleb128 0x3b
 1216 0172 0B       		.uleb128 0xb
 1217 0173 49       		.uleb128 0x49
 1218 0174 13       		.uleb128 0x13
 1219 0175 02       		.uleb128 0x2
 1220 0176 18       		.uleb128 0x18
 1221 0177 00       		.byte	0
 1222 0178 00       		.byte	0
 1223 0179 1C       		.uleb128 0x1c
 1224 017a 2E       		.uleb128 0x2e
 1225 017b 01       		.byte	0x1
 1226 017c 3F       		.uleb128 0x3f
 1227 017d 19       		.uleb128 0x19
 1228 017e 03       		.uleb128 0x3
 1229 017f 0E       		.uleb128 0xe
 1230 0180 3A       		.uleb128 0x3a
 1231 0181 0B       		.uleb128 0xb
 1232 0182 3B       		.uleb128 0x3b
 1233 0183 05       		.uleb128 0x5
 1234 0184 27       		.uleb128 0x27
 1235 0185 19       		.uleb128 0x19
 1236 0186 49       		.uleb128 0x49
 1237 0187 13       		.uleb128 0x13
 1238 0188 11       		.uleb128 0x11
 1239 0189 01       		.uleb128 0x1
 1240 018a 12       		.uleb128 0x12
 1241 018b 06       		.uleb128 0x6
 1242 018c 40       		.uleb128 0x40
 1243 018d 18       		.uleb128 0x18
 1244 018e 9742     		.uleb128 0x2117
 1245 0190 19       		.uleb128 0x19
 1246 0191 01       		.uleb128 0x1
 1247 0192 13       		.uleb128 0x13
 1248 0193 00       		.byte	0
 1249 0194 00       		.byte	0
 1250 0195 1D       		.uleb128 0x1d
 1251 0196 05       		.uleb128 0x5
ARM GAS  /tmp/ccS8dlJC.s 			page 23


 1252 0197 00       		.byte	0
 1253 0198 03       		.uleb128 0x3
 1254 0199 0E       		.uleb128 0xe
 1255 019a 3A       		.uleb128 0x3a
 1256 019b 0B       		.uleb128 0xb
 1257 019c 3B       		.uleb128 0x3b
 1258 019d 05       		.uleb128 0x5
 1259 019e 49       		.uleb128 0x49
 1260 019f 13       		.uleb128 0x13
 1261 01a0 02       		.uleb128 0x2
 1262 01a1 17       		.uleb128 0x17
 1263 01a2 00       		.byte	0
 1264 01a3 00       		.byte	0
 1265 01a4 1E       		.uleb128 0x1e
 1266 01a5 34       		.uleb128 0x34
 1267 01a6 00       		.byte	0
 1268 01a7 03       		.uleb128 0x3
 1269 01a8 0E       		.uleb128 0xe
 1270 01a9 3A       		.uleb128 0x3a
 1271 01aa 0B       		.uleb128 0xb
 1272 01ab 3B       		.uleb128 0x3b
 1273 01ac 05       		.uleb128 0x5
 1274 01ad 49       		.uleb128 0x49
 1275 01ae 13       		.uleb128 0x13
 1276 01af 02       		.uleb128 0x2
 1277 01b0 17       		.uleb128 0x17
 1278 01b1 00       		.byte	0
 1279 01b2 00       		.byte	0
 1280 01b3 1F       		.uleb128 0x1f
 1281 01b4 2E       		.uleb128 0x2e
 1282 01b5 00       		.byte	0
 1283 01b6 3F       		.uleb128 0x3f
 1284 01b7 19       		.uleb128 0x19
 1285 01b8 03       		.uleb128 0x3
 1286 01b9 0E       		.uleb128 0xe
 1287 01ba 3A       		.uleb128 0x3a
 1288 01bb 0B       		.uleb128 0xb
 1289 01bc 3B       		.uleb128 0x3b
 1290 01bd 05       		.uleb128 0x5
 1291 01be 27       		.uleb128 0x27
 1292 01bf 19       		.uleb128 0x19
 1293 01c0 11       		.uleb128 0x11
 1294 01c1 01       		.uleb128 0x1
 1295 01c2 12       		.uleb128 0x12
 1296 01c3 06       		.uleb128 0x6
 1297 01c4 40       		.uleb128 0x40
 1298 01c5 18       		.uleb128 0x18
 1299 01c6 9742     		.uleb128 0x2117
 1300 01c8 19       		.uleb128 0x19
 1301 01c9 00       		.byte	0
 1302 01ca 00       		.byte	0
 1303 01cb 20       		.uleb128 0x20
 1304 01cc 34       		.uleb128 0x34
 1305 01cd 00       		.byte	0
 1306 01ce 03       		.uleb128 0x3
 1307 01cf 0E       		.uleb128 0xe
 1308 01d0 3A       		.uleb128 0x3a
ARM GAS  /tmp/ccS8dlJC.s 			page 24


 1309 01d1 0B       		.uleb128 0xb
 1310 01d2 3B       		.uleb128 0x3b
 1311 01d3 05       		.uleb128 0x5
 1312 01d4 49       		.uleb128 0x49
 1313 01d5 13       		.uleb128 0x13
 1314 01d6 3F       		.uleb128 0x3f
 1315 01d7 19       		.uleb128 0x19
 1316 01d8 3C       		.uleb128 0x3c
 1317 01d9 19       		.uleb128 0x19
 1318 01da 00       		.byte	0
 1319 01db 00       		.byte	0
 1320 01dc 00       		.byte	0
 1321              		.section	.debug_loc,"",%progbits
 1322              	.Ldebug_loc0:
 1323              	.LLST0:
 1324 0000 00000000 		.4byte	.LVL0
 1325 0004 16000000 		.4byte	.LVL1
 1326 0008 0200     		.2byte	0x2
 1327 000a 34       		.byte	0x34
 1328 000b 9F       		.byte	0x9f
 1329 000c 16000000 		.4byte	.LVL1
 1330 0010 18000000 		.4byte	.LVL2
 1331 0014 0100     		.2byte	0x1
 1332 0016 50       		.byte	0x50
 1333 0017 18000000 		.4byte	.LVL2
 1334 001b 2A000000 		.4byte	.LFE56
 1335 001f 0200     		.2byte	0x2
 1336 0021 34       		.byte	0x34
 1337 0022 9F       		.byte	0x9f
 1338 0023 00000000 		.4byte	0
 1339 0027 00000000 		.4byte	0
 1340              	.LLST1:
 1341 002b 00000000 		.4byte	.LVL3
 1342 002f 07000000 		.4byte	.LVL4-1
 1343 0033 0100     		.2byte	0x1
 1344 0035 50       		.byte	0x50
 1345 0036 07000000 		.4byte	.LVL4-1
 1346 003a 20000000 		.4byte	.LVL6
 1347 003e 0100     		.2byte	0x1
 1348 0040 54       		.byte	0x54
 1349 0041 20000000 		.4byte	.LVL6
 1350 0045 22000000 		.4byte	.LVL7
 1351 0049 0300     		.2byte	0x3
 1352 004b 74       		.byte	0x74
 1353 004c 7F       		.sleb128 -1
 1354 004d 9F       		.byte	0x9f
 1355 004e 22000000 		.4byte	.LVL7
 1356 0052 3E000000 		.4byte	.LFE57
 1357 0056 0100     		.2byte	0x1
 1358 0058 54       		.byte	0x54
 1359 0059 00000000 		.4byte	0
 1360 005d 00000000 		.4byte	0
 1361              	.LLST2:
 1362 0061 00000000 		.4byte	.LVL3
 1363 0065 08000000 		.4byte	.LVL4
 1364 0069 0200     		.2byte	0x2
 1365 006b 34       		.byte	0x34
ARM GAS  /tmp/ccS8dlJC.s 			page 25


 1366 006c 9F       		.byte	0x9f
 1367 006d 08000000 		.4byte	.LVL4
 1368 0071 1C000000 		.4byte	.LVL5
 1369 0075 0100     		.2byte	0x1
 1370 0077 50       		.byte	0x50
 1371 0078 1C000000 		.4byte	.LVL5
 1372 007c 20000000 		.4byte	.LVL6
 1373 0080 0200     		.2byte	0x2
 1374 0082 31       		.byte	0x31
 1375 0083 9F       		.byte	0x9f
 1376 0084 20000000 		.4byte	.LVL6
 1377 0088 36000000 		.4byte	.LVL8
 1378 008c 0100     		.2byte	0x1
 1379 008e 50       		.byte	0x50
 1380 008f 36000000 		.4byte	.LVL8
 1381 0093 3C000000 		.4byte	.LVL9
 1382 0097 0D00     		.2byte	0xd
 1383 0099 70       		.byte	0x70
 1384 009a 00       		.sleb128 0
 1385 009b 35       		.byte	0x35
 1386 009c 74       		.byte	0x74
 1387 009d 00       		.sleb128 0
 1388 009e 30       		.byte	0x30
 1389 009f 2E       		.byte	0x2e
 1390 00a0 28       		.byte	0x28
 1391 00a1 0100     		.2byte	0x1
 1392 00a3 16       		.byte	0x16
 1393 00a4 13       		.byte	0x13
 1394 00a5 9F       		.byte	0x9f
 1395 00a6 00000000 		.4byte	0
 1396 00aa 00000000 		.4byte	0
 1397              	.LLST3:
 1398 00ae 00000000 		.4byte	.LVL10
 1399 00b2 08000000 		.4byte	.LVL11
 1400 00b6 0100     		.2byte	0x1
 1401 00b8 50       		.byte	0x50
 1402 00b9 08000000 		.4byte	.LVL11
 1403 00bd 40000000 		.4byte	.LFE58
 1404 00c1 0100     		.2byte	0x1
 1405 00c3 55       		.byte	0x55
 1406 00c4 00000000 		.4byte	0
 1407 00c8 00000000 		.4byte	0
 1408              	.LLST4:
 1409 00cc 00000000 		.4byte	.LVL10
 1410 00d0 0C000000 		.4byte	.LVL12
 1411 00d4 0200     		.2byte	0x2
 1412 00d6 34       		.byte	0x34
 1413 00d7 9F       		.byte	0x9f
 1414 00d8 0C000000 		.4byte	.LVL12
 1415 00dc 20000000 		.4byte	.LVL14
 1416 00e0 0100     		.2byte	0x1
 1417 00e2 50       		.byte	0x50
 1418 00e3 34000000 		.4byte	.LVL15
 1419 00e7 40000000 		.4byte	.LFE58
 1420 00eb 0100     		.2byte	0x1
 1421 00ed 50       		.byte	0x50
 1422 00ee 00000000 		.4byte	0
ARM GAS  /tmp/ccS8dlJC.s 			page 26


 1423 00f2 00000000 		.4byte	0
 1424              	.LLST5:
 1425 00f6 00000000 		.4byte	.LVL17
 1426 00fa 0C000000 		.4byte	.LVL18
 1427 00fe 0100     		.2byte	0x1
 1428 0100 50       		.byte	0x50
 1429 0101 0C000000 		.4byte	.LVL18
 1430 0105 18000000 		.4byte	.LVL20
 1431 0109 0100     		.2byte	0x1
 1432 010b 55       		.byte	0x55
 1433 010c 18000000 		.4byte	.LVL20
 1434 0110 1C000000 		.4byte	.LVL21
 1435 0114 0400     		.2byte	0x4
 1436 0116 F3       		.byte	0xf3
 1437 0117 01       		.uleb128 0x1
 1438 0118 50       		.byte	0x50
 1439 0119 9F       		.byte	0x9f
 1440 011a 1C000000 		.4byte	.LVL21
 1441 011e 4C000000 		.4byte	.LVL25
 1442 0122 0100     		.2byte	0x1
 1443 0124 55       		.byte	0x55
 1444 0125 4C000000 		.4byte	.LVL25
 1445 0129 68000000 		.4byte	.LFE60
 1446 012d 0300     		.2byte	0x3
 1447 012f 75       		.byte	0x75
 1448 0130 7E       		.sleb128 -2
 1449 0131 9F       		.byte	0x9f
 1450 0132 00000000 		.4byte	0
 1451 0136 00000000 		.4byte	0
 1452              	.LLST6:
 1453 013a 00000000 		.4byte	.LVL17
 1454 013e 13000000 		.4byte	.LVL19-1
 1455 0142 0100     		.2byte	0x1
 1456 0144 51       		.byte	0x51
 1457 0145 13000000 		.4byte	.LVL19-1
 1458 0149 18000000 		.4byte	.LVL20
 1459 014d 0100     		.2byte	0x1
 1460 014f 54       		.byte	0x54
 1461 0150 18000000 		.4byte	.LVL20
 1462 0154 1C000000 		.4byte	.LVL21
 1463 0158 0400     		.2byte	0x4
 1464 015a F3       		.byte	0xf3
 1465 015b 01       		.uleb128 0x1
 1466 015c 51       		.byte	0x51
 1467 015d 9F       		.byte	0x9f
 1468 015e 1C000000 		.4byte	.LVL21
 1469 0162 52000000 		.4byte	.LVL26
 1470 0166 0100     		.2byte	0x1
 1471 0168 54       		.byte	0x54
 1472 0169 52000000 		.4byte	.LVL26
 1473 016d 68000000 		.4byte	.LFE60
 1474 0171 0400     		.2byte	0x4
 1475 0173 F3       		.byte	0xf3
 1476 0174 01       		.uleb128 0x1
 1477 0175 51       		.byte	0x51
 1478 0176 9F       		.byte	0x9f
 1479 0177 00000000 		.4byte	0
ARM GAS  /tmp/ccS8dlJC.s 			page 27


 1480 017b 00000000 		.4byte	0
 1481              	.LLST7:
 1482 017f 00000000 		.4byte	.LVL17
 1483 0183 14000000 		.4byte	.LVL19
 1484 0187 0200     		.2byte	0x2
 1485 0189 34       		.byte	0x34
 1486 018a 9F       		.byte	0x9f
 1487 018b 14000000 		.4byte	.LVL19
 1488 018f 32000000 		.4byte	.LVL22
 1489 0193 0100     		.2byte	0x1
 1490 0195 50       		.byte	0x50
 1491 0196 38000000 		.4byte	.LVL23
 1492 019a 58000000 		.4byte	.LVL27
 1493 019e 0100     		.2byte	0x1
 1494 01a0 50       		.byte	0x50
 1495 01a1 5C000000 		.4byte	.LVL28
 1496 01a5 68000000 		.4byte	.LFE60
 1497 01a9 0100     		.2byte	0x1
 1498 01ab 50       		.byte	0x50
 1499 01ac 00000000 		.4byte	0
 1500 01b0 00000000 		.4byte	0
 1501              	.LLST8:
 1502 01b4 00000000 		.4byte	.LVL29
 1503 01b8 08000000 		.4byte	.LVL30
 1504 01bc 0100     		.2byte	0x1
 1505 01be 50       		.byte	0x50
 1506 01bf 08000000 		.4byte	.LVL30
 1507 01c3 3A000000 		.4byte	.LFE61
 1508 01c7 0100     		.2byte	0x1
 1509 01c9 54       		.byte	0x54
 1510 01ca 00000000 		.4byte	0
 1511 01ce 00000000 		.4byte	0
 1512              	.LLST9:
 1513 01d2 00000000 		.4byte	.LVL29
 1514 01d6 0D000000 		.4byte	.LVL31-1
 1515 01da 0100     		.2byte	0x1
 1516 01dc 51       		.byte	0x51
 1517 01dd 0D000000 		.4byte	.LVL31-1
 1518 01e1 3A000000 		.4byte	.LFE61
 1519 01e5 0400     		.2byte	0x4
 1520 01e7 F3       		.byte	0xf3
 1521 01e8 01       		.uleb128 0x1
 1522 01e9 51       		.byte	0x51
 1523 01ea 9F       		.byte	0x9f
 1524 01eb 00000000 		.4byte	0
 1525 01ef 00000000 		.4byte	0
 1526              	.LLST10:
 1527 01f3 00000000 		.4byte	.LVL29
 1528 01f7 0E000000 		.4byte	.LVL31
 1529 01fb 0200     		.2byte	0x2
 1530 01fd 34       		.byte	0x34
 1531 01fe 9F       		.byte	0x9f
 1532 01ff 0E000000 		.4byte	.LVL31
 1533 0203 22000000 		.4byte	.LVL33
 1534 0207 0100     		.2byte	0x1
 1535 0209 50       		.byte	0x50
 1536 020a 2E000000 		.4byte	.LVL34
ARM GAS  /tmp/ccS8dlJC.s 			page 28


 1537 020e 3A000000 		.4byte	.LFE61
 1538 0212 0100     		.2byte	0x1
 1539 0214 50       		.byte	0x50
 1540 0215 00000000 		.4byte	0
 1541 0219 00000000 		.4byte	0
 1542              		.section	.debug_aranges,"",%progbits
 1543 0000 4C000000 		.4byte	0x4c
 1544 0004 0200     		.2byte	0x2
 1545 0006 00000000 		.4byte	.Ldebug_info0
 1546 000a 04       		.byte	0x4
 1547 000b 00       		.byte	0
 1548 000c 0000     		.2byte	0
 1549 000e 0000     		.2byte	0
 1550 0010 00000000 		.4byte	.LFB56
 1551 0014 2A000000 		.4byte	.LFE56-.LFB56
 1552 0018 00000000 		.4byte	.LFB57
 1553 001c 3E000000 		.4byte	.LFE57-.LFB57
 1554 0020 00000000 		.4byte	.LFB58
 1555 0024 40000000 		.4byte	.LFE58-.LFB58
 1556 0028 00000000 		.4byte	.LFB59
 1557 002c 0C000000 		.4byte	.LFE59-.LFB59
 1558 0030 00000000 		.4byte	.LFB60
 1559 0034 68000000 		.4byte	.LFE60-.LFB60
 1560 0038 00000000 		.4byte	.LFB61
 1561 003c 3A000000 		.4byte	.LFE61-.LFB61
 1562 0040 00000000 		.4byte	.LFB62
 1563 0044 1E000000 		.4byte	.LFE62-.LFB62
 1564 0048 00000000 		.4byte	0
 1565 004c 00000000 		.4byte	0
 1566              		.section	.debug_ranges,"",%progbits
 1567              	.Ldebug_ranges0:
 1568 0000 00000000 		.4byte	.LFB56
 1569 0004 2A000000 		.4byte	.LFE56
 1570 0008 00000000 		.4byte	.LFB57
 1571 000c 3E000000 		.4byte	.LFE57
 1572 0010 00000000 		.4byte	.LFB58
 1573 0014 40000000 		.4byte	.LFE58
 1574 0018 00000000 		.4byte	.LFB59
 1575 001c 0C000000 		.4byte	.LFE59
 1576 0020 00000000 		.4byte	.LFB60
 1577 0024 68000000 		.4byte	.LFE60
 1578 0028 00000000 		.4byte	.LFB61
 1579 002c 3A000000 		.4byte	.LFE61
 1580 0030 00000000 		.4byte	.LFB62
 1581 0034 1E000000 		.4byte	.LFE62
 1582 0038 00000000 		.4byte	0
 1583 003c 00000000 		.4byte	0
 1584              		.section	.debug_line,"",%progbits
 1585              	.Ldebug_line0:
 1586 0000 F9010000 		.section	.debug_str,"MS",%progbits,1
 1586      02002401 
 1586      00000201 
 1586      FB0E0D00 
 1586      01010101 
 1587              	.LASF36:
 1588 0000 464C4153 		.ascii	"FLASH_ProgramHalfWord\000"
 1588      485F5072 
ARM GAS  /tmp/ccS8dlJC.s 			page 29


 1588      6F677261 
 1588      6D48616C 
 1588      66576F72 
 1589              	.LASF30:
 1590 0016 50616765 		.ascii	"Page_Address\000"
 1590      5F416464 
 1590      72657373 
 1590      00
 1591              	.LASF35:
 1592 0023 44617461 		.ascii	"Data\000"
 1592      00
 1593              	.LASF20:
 1594 0028 464C4153 		.ascii	"FLASH_TypeDef\000"
 1594      485F5479 
 1594      70654465 
 1594      6600
 1595              	.LASF24:
 1596 0036 464C4153 		.ascii	"FLASH_COMPLETE\000"
 1596      485F434F 
 1596      4D504C45 
 1596      544500
 1597              	.LASF5:
 1598 0045 5F5F696E 		.ascii	"__int32_t\000"
 1598      7433325F 
 1598      7400
 1599              	.LASF39:
 1600 004f 2F6D6E74 		.ascii	"/mnt/c/Users/DQ Sullivan/Downloads/Convex/convex/co"
 1600      2F632F55 
 1600      73657273 
 1600      2F445120 
 1600      53756C6C 
 1601 0082 72746578 		.ascii	"rtex/projects/Vex2016 CyberBrains\000"
 1601      2F70726F 
 1601      6A656374 
 1601      732F5665 
 1601      78323031 
 1602              	.LASF6:
 1603 00a4 6C6F6E67 		.ascii	"long int\000"
 1603      20696E74 
 1603      00
 1604              	.LASF42:
 1605 00ad 464C4153 		.ascii	"FLASH_ClearFlag\000"
 1605      485F436C 
 1605      65617246 
 1605      6C616700 
 1606              	.LASF33:
 1607 00bd 464C4153 		.ascii	"FLASH_ProgramWord\000"
 1607      485F5072 
 1607      6F677261 
 1607      6D576F72 
 1607      6400
 1608              	.LASF31:
 1609 00cf 73746174 		.ascii	"status\000"
 1609      757300
 1610              	.LASF27:
 1611 00d6 464C4153 		.ascii	"FLASH_WaitForLastOperation\000"
 1611      485F5761 
ARM GAS  /tmp/ccS8dlJC.s 			page 30


 1611      6974466F 
 1611      724C6173 
 1611      744F7065 
 1612              	.LASF32:
 1613 00f1 464C4153 		.ascii	"FLASH_FLAG\000"
 1613      485F464C 
 1613      414700
 1614              	.LASF0:
 1615 00fc 7369676E 		.ascii	"signed char\000"
 1615      65642063 
 1615      68617200 
 1616              	.LASF38:
 1617 0108 2E2E2F2E 		.ascii	"../../opt/stm32_flash.c\000"
 1617      2E2F6F70 
 1617      742F7374 
 1617      6D33325F 
 1617      666C6173 
 1618              	.LASF7:
 1619 0120 5F5F7569 		.ascii	"__uint32_t\000"
 1619      6E743332 
 1619      5F7400
 1620              	.LASF8:
 1621 012b 6C6F6E67 		.ascii	"long unsigned int\000"
 1621      20756E73 
 1621      69676E65 
 1621      6420696E 
 1621      7400
 1622              	.LASF3:
 1623 013d 73686F72 		.ascii	"short unsigned int\000"
 1623      7420756E 
 1623      7369676E 
 1623      65642069 
 1623      6E7400
 1624              	.LASF40:
 1625 0150 464C4153 		.ascii	"FLASH_GetBank1Status\000"
 1625      485F4765 
 1625      7442616E 
 1625      6B315374 
 1625      61747573 
 1626              	.LASF44:
 1627 0165 49544D5F 		.ascii	"ITM_RxBuffer\000"
 1627      52784275 
 1627      66666572 
 1627      00
 1628              	.LASF28:
 1629 0172 464C4153 		.ascii	"FLASH_ErasePage\000"
 1629      485F4572 
 1629      61736550 
 1629      61676500 
 1630              	.LASF17:
 1631 0182 4F50544B 		.ascii	"OPTKEYR\000"
 1631      45595200 
 1632              	.LASF1:
 1633 018a 756E7369 		.ascii	"unsigned char\000"
 1633      676E6564 
 1633      20636861 
 1633      7200
ARM GAS  /tmp/ccS8dlJC.s 			page 31


 1634              	.LASF4:
 1635 0198 5F5F7569 		.ascii	"__uint16_t\000"
 1635      6E743136 
 1635      5F7400
 1636              	.LASF37:
 1637 01a3 474E5520 		.ascii	"GNU C 4.8.2 -mcpu=cortex-m3 -mno-thumb-interwork -m"
 1637      4320342E 
 1637      382E3220 
 1637      2D6D6370 
 1637      753D636F 
 1638 01d6 7468756D 		.ascii	"thumb -ggdb -O2 -fomit-frame-pointer -falign-functi"
 1638      62202D67 
 1638      67646220 
 1638      2D4F3220 
 1638      2D666F6D 
 1639 0209 6F6E733D 		.ascii	"ons=16 -ffunction-sections -fdata-sections -fno-com"
 1639      3136202D 
 1639      6666756E 
 1639      6374696F 
 1639      6E2D7365 
 1640 023c 6D6F6E00 		.ascii	"mon\000"
 1641              	.LASF18:
 1642 0240 52455345 		.ascii	"RESERVED\000"
 1642      52564544 
 1642      00
 1643              	.LASF22:
 1644 0249 464C4153 		.ascii	"FLASH_ERROR_PG\000"
 1644      485F4552 
 1644      524F525F 
 1644      504700
 1645              	.LASF11:
 1646 0258 756E7369 		.ascii	"unsigned int\000"
 1646      676E6564 
 1646      20696E74 
 1646      00
 1647              	.LASF43:
 1648 0265 464C4153 		.ascii	"FLASH_UnlockBank1\000"
 1648      485F556E 
 1648      6C6F636B 
 1648      42616E6B 
 1648      3100
 1649              	.LASF10:
 1650 0277 6C6F6E67 		.ascii	"long long unsigned int\000"
 1650      206C6F6E 
 1650      6720756E 
 1650      7369676E 
 1650      65642069 
 1651              	.LASF23:
 1652 028e 464C4153 		.ascii	"FLASH_ERROR_WRP\000"
 1652      485F4552 
 1652      524F525F 
 1652      57525000 
 1653              	.LASF19:
 1654 029e 57525052 		.ascii	"WRPR\000"
 1654      00
 1655              	.LASF13:
 1656 02a3 696E7433 		.ascii	"int32_t\000"
ARM GAS  /tmp/ccS8dlJC.s 			page 32


 1656      325F7400 
 1657              	.LASF15:
 1658 02ab 73697A65 		.ascii	"sizetype\000"
 1658      74797065 
 1658      00
 1659              	.LASF9:
 1660 02b4 6C6F6E67 		.ascii	"long long int\000"
 1660      206C6F6E 
 1660      6720696E 
 1660      7400
 1661              	.LASF26:
 1662 02c2 464C4153 		.ascii	"FLASH_Status\000"
 1662      485F5374 
 1662      61747573 
 1662      00
 1663              	.LASF2:
 1664 02cf 73686F72 		.ascii	"short int\000"
 1664      7420696E 
 1664      7400
 1665              	.LASF34:
 1666 02d9 41646472 		.ascii	"Address\000"
 1666      65737300 
 1667              	.LASF12:
 1668 02e1 75696E74 		.ascii	"uint16_t\000"
 1668      31365F74 
 1668      00
 1669              	.LASF14:
 1670 02ea 75696E74 		.ascii	"uint32_t\000"
 1670      33325F74 
 1670      00
 1671              	.LASF25:
 1672 02f3 464C4153 		.ascii	"FLASH_TIMEOUT\000"
 1672      485F5449 
 1672      4D454F55 
 1672      5400
 1673              	.LASF16:
 1674 0301 4B455952 		.ascii	"KEYR\000"
 1674      00
 1675              	.LASF41:
 1676 0306 666C6173 		.ascii	"flashstatus\000"
 1676      68737461 
 1676      74757300 
 1677              	.LASF21:
 1678 0312 464C4153 		.ascii	"FLASH_BUSY\000"
 1678      485F4255 
 1678      535900
 1679              	.LASF29:
 1680 031d 54696D65 		.ascii	"Timeout\000"
 1680      6F757400 
 1681              		.ident	"GCC: (4.8.2-14ubuntu1+6) 4.8.2"
ARM GAS  /tmp/ccS8dlJC.s 			page 33


DEFINED SYMBOLS
                            *ABS*:0000000000000000 stm32_flash.c
     /tmp/ccS8dlJC.s:19     .text.FLASH_GetBank1Status:0000000000000000 $t
     /tmp/ccS8dlJC.s:25     .text.FLASH_GetBank1Status:0000000000000000 FLASH_GetBank1Status
     /tmp/ccS8dlJC.s:71     .text.FLASH_WaitForLastOperation:0000000000000000 $t
     /tmp/ccS8dlJC.s:77     .text.FLASH_WaitForLastOperation:0000000000000000 FLASH_WaitForLastOperation
     /tmp/ccS8dlJC.s:130    .text.FLASH_ErasePage:0000000000000000 $t
     /tmp/ccS8dlJC.s:136    .text.FLASH_ErasePage:0000000000000000 FLASH_ErasePage
     /tmp/ccS8dlJC.s:193    .text.FLASH_ClearFlag:0000000000000000 $t
     /tmp/ccS8dlJC.s:199    .text.FLASH_ClearFlag:0000000000000000 FLASH_ClearFlag
     /tmp/ccS8dlJC.s:216    .text.FLASH_ProgramWord:0000000000000000 $t
     /tmp/ccS8dlJC.s:222    .text.FLASH_ProgramWord:0000000000000000 FLASH_ProgramWord
     /tmp/ccS8dlJC.s:318    .text.FLASH_ProgramHalfWord:0000000000000000 $t
     /tmp/ccS8dlJC.s:324    .text.FLASH_ProgramHalfWord:0000000000000000 FLASH_ProgramHalfWord
     /tmp/ccS8dlJC.s:380    .text.FLASH_UnlockBank1:0000000000000000 $t
     /tmp/ccS8dlJC.s:386    .text.FLASH_UnlockBank1:0000000000000000 FLASH_UnlockBank1
                     .debug_frame:0000000000000010 $d

NO UNDEFINED SYMBOLS
