ARM GAS  /tmp/ccNZAJsn.s 			page 1


   1              		.syntax unified
   2              		.cpu cortex-m3
   3              		.fpu softvfp
   4              		.eabi_attribute 20, 1
   5              		.eabi_attribute 21, 1
   6              		.eabi_attribute 23, 3
   7              		.eabi_attribute 24, 1
   8              		.eabi_attribute 25, 1
   9              		.eabi_attribute 26, 1
  10              		.eabi_attribute 30, 2
  11              		.eabi_attribute 34, 1
  12              		.eabi_attribute 18, 4
  13              		.thumb
  14              		.file	"vectors.c"
  15              		.text
  16              	.Ltext0:
  17              		.cfi_sections	.debug_frame
  18              		.section	.text._unhandled_exception,"ax",%progbits
  19              		.align	2
  20              		.p2align 4,,15
  21              		.global	_unhandled_exception
  22              		.thumb
  23              		.thumb_func
  24              		.type	_unhandled_exception, %function
  25              	_unhandled_exception:
  26              	.LFB7:
  27              		.file 1 "../../../../ChibiOS_2.6.2/os/ports/GCC/ARMCMx/STM32F1xx/vectors.c"
  28              		.loc 1 241 0
  29              		.cfi_startproc
  30              		@ Naked Function: prologue and epilogue provided by programmer.
  31              		@ Volatile: function does not return.
  32              		@ args = 0, pretend = 0, frame = 0
  33              		@ frame_needed = 0, uses_anonymous_args = 0
  34              	.L2:
  35 0000 FEE7     		b	.L2
  36              		.cfi_endproc
  37              	.LFE7:
  38              		.size	_unhandled_exception, .-_unhandled_exception
  39              		.weak	NMIVector
  40              		.thumb_set NMIVector,_unhandled_exception
  41              		.weak	HardFaultVector
  42              		.thumb_set HardFaultVector,_unhandled_exception
  43              		.weak	MemManageVector
  44              		.thumb_set MemManageVector,_unhandled_exception
  45              		.weak	BusFaultVector
  46              		.thumb_set BusFaultVector,_unhandled_exception
  47              		.weak	UsageFaultVector
  48              		.thumb_set UsageFaultVector,_unhandled_exception
  49              		.weak	Vector1C
  50              		.thumb_set Vector1C,_unhandled_exception
  51              		.weak	Vector20
  52              		.thumb_set Vector20,_unhandled_exception
  53              		.weak	Vector24
  54              		.thumb_set Vector24,_unhandled_exception
  55              		.weak	Vector28
  56              		.thumb_set Vector28,_unhandled_exception
  57              		.weak	SVCallVector
ARM GAS  /tmp/ccNZAJsn.s 			page 2


  58              		.thumb_set SVCallVector,_unhandled_exception
  59              		.weak	DebugMonitorVector
  60              		.thumb_set DebugMonitorVector,_unhandled_exception
  61              		.weak	Vector34
  62              		.thumb_set Vector34,_unhandled_exception
  63              		.weak	PendSVVector
  64              		.thumb_set PendSVVector,_unhandled_exception
  65              		.weak	SysTickVector
  66              		.thumb_set SysTickVector,_unhandled_exception
  67              		.weak	Vector40
  68              		.thumb_set Vector40,_unhandled_exception
  69              		.weak	Vector44
  70              		.thumb_set Vector44,_unhandled_exception
  71              		.weak	Vector48
  72              		.thumb_set Vector48,_unhandled_exception
  73              		.weak	Vector4C
  74              		.thumb_set Vector4C,_unhandled_exception
  75              		.weak	Vector50
  76              		.thumb_set Vector50,_unhandled_exception
  77              		.weak	Vector54
  78              		.thumb_set Vector54,_unhandled_exception
  79              		.weak	Vector58
  80              		.thumb_set Vector58,_unhandled_exception
  81              		.weak	Vector5C
  82              		.thumb_set Vector5C,_unhandled_exception
  83              		.weak	Vector60
  84              		.thumb_set Vector60,_unhandled_exception
  85              		.weak	Vector64
  86              		.thumb_set Vector64,_unhandled_exception
  87              		.weak	Vector68
  88              		.thumb_set Vector68,_unhandled_exception
  89              		.weak	Vector6C
  90              		.thumb_set Vector6C,_unhandled_exception
  91              		.weak	Vector70
  92              		.thumb_set Vector70,_unhandled_exception
  93              		.weak	Vector74
  94              		.thumb_set Vector74,_unhandled_exception
  95              		.weak	Vector78
  96              		.thumb_set Vector78,_unhandled_exception
  97              		.weak	Vector7C
  98              		.thumb_set Vector7C,_unhandled_exception
  99              		.weak	Vector80
 100              		.thumb_set Vector80,_unhandled_exception
 101              		.weak	Vector84
 102              		.thumb_set Vector84,_unhandled_exception
 103              		.weak	Vector88
 104              		.thumb_set Vector88,_unhandled_exception
 105              		.weak	Vector8C
 106              		.thumb_set Vector8C,_unhandled_exception
 107              		.weak	Vector90
 108              		.thumb_set Vector90,_unhandled_exception
 109              		.weak	Vector94
 110              		.thumb_set Vector94,_unhandled_exception
 111              		.weak	Vector98
 112              		.thumb_set Vector98,_unhandled_exception
 113              		.weak	Vector9C
 114              		.thumb_set Vector9C,_unhandled_exception
ARM GAS  /tmp/ccNZAJsn.s 			page 3


 115              		.weak	VectorA0
 116              		.thumb_set VectorA0,_unhandled_exception
 117              		.weak	VectorA4
 118              		.thumb_set VectorA4,_unhandled_exception
 119              		.weak	VectorA8
 120              		.thumb_set VectorA8,_unhandled_exception
 121              		.weak	VectorAC
 122              		.thumb_set VectorAC,_unhandled_exception
 123              		.weak	VectorB0
 124              		.thumb_set VectorB0,_unhandled_exception
 125              		.weak	VectorB4
 126              		.thumb_set VectorB4,_unhandled_exception
 127              		.weak	VectorB8
 128              		.thumb_set VectorB8,_unhandled_exception
 129              		.weak	VectorBC
 130              		.thumb_set VectorBC,_unhandled_exception
 131              		.weak	VectorC0
 132              		.thumb_set VectorC0,_unhandled_exception
 133              		.weak	VectorC4
 134              		.thumb_set VectorC4,_unhandled_exception
 135              		.weak	VectorC8
 136              		.thumb_set VectorC8,_unhandled_exception
 137              		.weak	VectorCC
 138              		.thumb_set VectorCC,_unhandled_exception
 139              		.weak	VectorD0
 140              		.thumb_set VectorD0,_unhandled_exception
 141              		.weak	VectorD4
 142              		.thumb_set VectorD4,_unhandled_exception
 143              		.weak	VectorD8
 144              		.thumb_set VectorD8,_unhandled_exception
 145              		.weak	VectorDC
 146              		.thumb_set VectorDC,_unhandled_exception
 147              		.weak	VectorE0
 148              		.thumb_set VectorE0,_unhandled_exception
 149              		.weak	VectorE4
 150              		.thumb_set VectorE4,_unhandled_exception
 151              		.weak	VectorE8
 152              		.thumb_set VectorE8,_unhandled_exception
 153              		.weak	VectorEC
 154              		.thumb_set VectorEC,_unhandled_exception
 155              		.weak	VectorF0
 156              		.thumb_set VectorF0,_unhandled_exception
 157              		.weak	VectorF4
 158              		.thumb_set VectorF4,_unhandled_exception
 159              		.weak	VectorF8
 160              		.thumb_set VectorF8,_unhandled_exception
 161              		.weak	VectorFC
 162              		.thumb_set VectorFC,_unhandled_exception
 163              		.weak	Vector100
 164              		.thumb_set Vector100,_unhandled_exception
 165              		.weak	Vector104
 166              		.thumb_set Vector104,_unhandled_exception
 167              		.weak	Vector108
 168              		.thumb_set Vector108,_unhandled_exception
 169              		.weak	Vector10C
 170              		.thumb_set Vector10C,_unhandled_exception
 171              		.weak	Vector110
ARM GAS  /tmp/ccNZAJsn.s 			page 4


 172              		.thumb_set Vector110,_unhandled_exception
 173              		.weak	Vector114
 174              		.thumb_set Vector114,_unhandled_exception
 175              		.weak	Vector118
 176              		.thumb_set Vector118,_unhandled_exception
 177              		.weak	Vector11C
 178              		.thumb_set Vector11C,_unhandled_exception
 179              		.weak	Vector120
 180              		.thumb_set Vector120,_unhandled_exception
 181              		.weak	Vector124
 182              		.thumb_set Vector124,_unhandled_exception
 183              		.weak	Vector128
 184              		.thumb_set Vector128,_unhandled_exception
 185              		.weak	Vector12C
 186              		.thumb_set Vector12C,_unhandled_exception
 187              		.global	_vectors
 188 0002 00BFAFF3 		.section	vectors,"aw",%progbits
 188      0080AFF3 
 188      0080AFF3 
 188      0080
 189              		.align	2
 190              		.type	_vectors, %object
 191              		.size	_vectors, 304
 192              	_vectors:
 193 0000 00000000 		.word	__main_stack_end__
 194 0004 00000000 		.word	ResetHandler
 195 0008 00000000 		.word	NMIVector
 196 000c 00000000 		.word	HardFaultVector
 197 0010 00000000 		.word	MemManageVector
 198 0014 00000000 		.word	BusFaultVector
 199 0018 00000000 		.word	UsageFaultVector
 200 001c 00000000 		.word	Vector1C
 201 0020 00000000 		.word	Vector20
 202 0024 00000000 		.word	Vector24
 203 0028 00000000 		.word	Vector28
 204 002c 00000000 		.word	SVCallVector
 205 0030 00000000 		.word	DebugMonitorVector
 206 0034 00000000 		.word	Vector34
 207 0038 00000000 		.word	PendSVVector
 208 003c 00000000 		.word	SysTickVector
 209 0040 00000000 		.word	Vector40
 210 0044 00000000 		.word	Vector44
 211 0048 00000000 		.word	Vector48
 212 004c 00000000 		.word	Vector4C
 213 0050 00000000 		.word	Vector50
 214 0054 00000000 		.word	Vector54
 215 0058 00000000 		.word	Vector58
 216 005c 00000000 		.word	Vector5C
 217 0060 00000000 		.word	Vector60
 218 0064 00000000 		.word	Vector64
 219 0068 00000000 		.word	Vector68
 220 006c 00000000 		.word	Vector6C
 221 0070 00000000 		.word	Vector70
 222 0074 00000000 		.word	Vector74
 223 0078 00000000 		.word	Vector78
 224 007c 00000000 		.word	Vector7C
 225 0080 00000000 		.word	Vector80
ARM GAS  /tmp/ccNZAJsn.s 			page 5


 226 0084 00000000 		.word	Vector84
 227 0088 00000000 		.word	Vector88
 228 008c 00000000 		.word	Vector8C
 229 0090 00000000 		.word	Vector90
 230 0094 00000000 		.word	Vector94
 231 0098 00000000 		.word	Vector98
 232 009c 00000000 		.word	Vector9C
 233 00a0 00000000 		.word	VectorA0
 234 00a4 00000000 		.word	VectorA4
 235 00a8 00000000 		.word	VectorA8
 236 00ac 00000000 		.word	VectorAC
 237 00b0 00000000 		.word	VectorB0
 238 00b4 00000000 		.word	VectorB4
 239 00b8 00000000 		.word	VectorB8
 240 00bc 00000000 		.word	VectorBC
 241 00c0 00000000 		.word	VectorC0
 242 00c4 00000000 		.word	VectorC4
 243 00c8 00000000 		.word	VectorC8
 244 00cc 00000000 		.word	VectorCC
 245 00d0 00000000 		.word	VectorD0
 246 00d4 00000000 		.word	VectorD4
 247 00d8 00000000 		.word	VectorD8
 248 00dc 00000000 		.word	VectorDC
 249 00e0 00000000 		.word	VectorE0
 250 00e4 00000000 		.word	VectorE4
 251 00e8 00000000 		.word	VectorE8
 252 00ec 00000000 		.word	VectorEC
 253 00f0 00000000 		.word	VectorF0
 254 00f4 00000000 		.word	VectorF4
 255 00f8 00000000 		.word	VectorF8
 256 00fc 00000000 		.word	VectorFC
 257 0100 00000000 		.word	Vector100
 258 0104 00000000 		.word	Vector104
 259 0108 00000000 		.word	Vector108
 260 010c 00000000 		.word	Vector10C
 261 0110 00000000 		.word	Vector110
 262 0114 00000000 		.word	Vector114
 263 0118 00000000 		.word	Vector118
 264 011c 00000000 		.word	Vector11C
 265 0120 00000000 		.word	Vector120
 266 0124 00000000 		.word	Vector124
 267 0128 00000000 		.word	Vector128
 268 012c 00000000 		.word	Vector12C
 269              		.text
 270              	.Letext0:
 271              		.file 2 "/usr/include/newlib/machine/_default_types.h"
 272              		.file 3 "/usr/include/newlib/stdint.h"
 273              		.section	.debug_info,"",%progbits
 274              	.Ldebug_info0:
 275 0000 C9010000 		.4byte	0x1c9
 276 0004 0400     		.2byte	0x4
 277 0006 00000000 		.4byte	.Ldebug_abbrev0
 278 000a 04       		.byte	0x4
 279 000b 01       		.uleb128 0x1
 280 000c D2000000 		.4byte	.LASF35
 281 0010 01       		.byte	0x1
 282 0011 39020000 		.4byte	.LASF36
ARM GAS  /tmp/ccNZAJsn.s 			page 6


 283 0015 16000000 		.4byte	.LASF37
 284 0019 00000000 		.4byte	.Ldebug_ranges0+0
 285 001d 00000000 		.4byte	0
 286 0021 00000000 		.4byte	.Ldebug_line0
 287 0025 02       		.uleb128 0x2
 288 0026 04       		.byte	0x4
 289 0027 05       		.byte	0x5
 290 0028 696E7400 		.ascii	"int\000"
 291 002c 03       		.uleb128 0x3
 292 002d 04       		.byte	0x4
 293 002e 07       		.byte	0x7
 294 002f 89010000 		.4byte	.LASF0
 295 0033 03       		.uleb128 0x3
 296 0034 01       		.byte	0x1
 297 0035 06       		.byte	0x6
 298 0036 C1020000 		.4byte	.LASF1
 299 003a 03       		.uleb128 0x3
 300 003b 01       		.byte	0x1
 301 003c 08       		.byte	0x8
 302 003d 96000000 		.4byte	.LASF2
 303 0041 03       		.uleb128 0x3
 304 0042 02       		.byte	0x2
 305 0043 05       		.byte	0x5
 306 0044 98020000 		.4byte	.LASF3
 307 0048 03       		.uleb128 0x3
 308 0049 02       		.byte	0x2
 309 004a 07       		.byte	0x7
 310 004b B6000000 		.4byte	.LASF4
 311 004f 03       		.uleb128 0x3
 312 0050 04       		.byte	0x4
 313 0051 05       		.byte	0x5
 314 0052 B8020000 		.4byte	.LASF5
 315 0056 04       		.uleb128 0x4
 316 0057 7E010000 		.4byte	.LASF9
 317 005b 02       		.byte	0x2
 318 005c 38       		.byte	0x38
 319 005d 61000000 		.4byte	0x61
 320 0061 03       		.uleb128 0x3
 321 0062 04       		.byte	0x4
 322 0063 07       		.byte	0x7
 323 0064 A4000000 		.4byte	.LASF6
 324 0068 03       		.uleb128 0x3
 325 0069 08       		.byte	0x8
 326 006a 05       		.byte	0x5
 327 006b 15020000 		.4byte	.LASF7
 328 006f 03       		.uleb128 0x3
 329 0070 08       		.byte	0x8
 330 0071 07       		.byte	0x7
 331 0072 A1010000 		.4byte	.LASF8
 332 0076 04       		.uleb128 0x4
 333 0077 AF020000 		.4byte	.LASF10
 334 007b 03       		.byte	0x3
 335 007c 42       		.byte	0x42
 336 007d 56000000 		.4byte	0x56
 337 0081 03       		.uleb128 0x3
 338 0082 01       		.byte	0x1
 339 0083 02       		.byte	0x2
ARM GAS  /tmp/ccNZAJsn.s 			page 7


 340 0084 EA020000 		.4byte	.LASF11
 341 0088 03       		.uleb128 0x3
 342 0089 04       		.byte	0x4
 343 008a 07       		.byte	0x7
 344 008b ED010000 		.4byte	.LASF12
 345 008f 03       		.uleb128 0x3
 346 0090 01       		.byte	0x1
 347 0091 08       		.byte	0x8
 348 0092 23020000 		.4byte	.LASF13
 349 0096 04       		.uleb128 0x4
 350 0097 09000000 		.4byte	.LASF14
 351 009b 01       		.byte	0x1
 352 009c 48       		.byte	0x48
 353 009d A1000000 		.4byte	0xa1
 354 00a1 05       		.uleb128 0x5
 355 00a2 04       		.byte	0x4
 356 00a3 A7000000 		.4byte	0xa7
 357 00a7 06       		.uleb128 0x6
 358 00a8 07       		.uleb128 0x7
 359 00a9 3001     		.2byte	0x130
 360 00ab 01       		.byte	0x1
 361 00ac 4D       		.byte	0x4d
 362 00ad 7E010000 		.4byte	0x17e
 363 00b1 08       		.uleb128 0x8
 364 00b2 7D000000 		.4byte	.LASF15
 365 00b6 01       		.byte	0x1
 366 00b7 4E       		.byte	0x4e
 367 00b8 7E010000 		.4byte	0x17e
 368 00bc 00       		.byte	0
 369 00bd 08       		.uleb128 0x8
 370 00be A2020000 		.4byte	.LASF16
 371 00c2 01       		.byte	0x1
 372 00c3 4F       		.byte	0x4f
 373 00c4 96000000 		.4byte	0x96
 374 00c8 04       		.byte	0x4
 375 00c9 08       		.uleb128 0x8
 376 00ca 96010000 		.4byte	.LASF17
 377 00ce 01       		.byte	0x1
 378 00cf 50       		.byte	0x50
 379 00d0 96000000 		.4byte	0x96
 380 00d4 08       		.byte	0x8
 381 00d5 08       		.uleb128 0x8
 382 00d6 04020000 		.4byte	.LASF18
 383 00da 01       		.byte	0x1
 384 00db 51       		.byte	0x51
 385 00dc 96000000 		.4byte	0x96
 386 00e0 0C       		.byte	0xc
 387 00e1 08       		.uleb128 0x8
 388 00e2 28020000 		.4byte	.LASF19
 389 00e6 01       		.byte	0x1
 390 00e7 52       		.byte	0x52
 391 00e8 96000000 		.4byte	0x96
 392 00ec 10       		.byte	0x10
 393 00ed 08       		.uleb128 0x8
 394 00ee B8010000 		.4byte	.LASF20
 395 00f2 01       		.byte	0x1
 396 00f3 53       		.byte	0x53
ARM GAS  /tmp/ccNZAJsn.s 			page 8


 397 00f4 96000000 		.4byte	0x96
 398 00f8 14       		.byte	0x14
 399 00f9 08       		.uleb128 0x8
 400 00fa D1010000 		.4byte	.LASF21
 401 00fe 01       		.byte	0x1
 402 00ff 54       		.byte	0x54
 403 0100 96000000 		.4byte	0x96
 404 0104 18       		.byte	0x18
 405 0105 08       		.uleb128 0x8
 406 0106 C9000000 		.4byte	.LASF22
 407 010a 01       		.byte	0x1
 408 010b 55       		.byte	0x55
 409 010c 96000000 		.4byte	0x96
 410 0110 1C       		.byte	0x1c
 411 0111 08       		.uleb128 0x8
 412 0112 E1020000 		.4byte	.LASF23
 413 0116 01       		.byte	0x1
 414 0117 56       		.byte	0x56
 415 0118 96000000 		.4byte	0x96
 416 011c 20       		.byte	0x20
 417 011d 08       		.uleb128 0x8
 418 011e 00000000 		.4byte	.LASF24
 419 0122 01       		.byte	0x1
 420 0123 57       		.byte	0x57
 421 0124 96000000 		.4byte	0x96
 422 0128 24       		.byte	0x24
 423 0129 08       		.uleb128 0x8
 424 012a C8010000 		.4byte	.LASF25
 425 012e 01       		.byte	0x1
 426 012f 58       		.byte	0x58
 427 0130 96000000 		.4byte	0x96
 428 0134 28       		.byte	0x28
 429 0135 08       		.uleb128 0x8
 430 0136 88000000 		.4byte	.LASF26
 431 013a 01       		.byte	0x1
 432 013b 59       		.byte	0x59
 433 013c 96000000 		.4byte	0x96
 434 0140 2C       		.byte	0x2c
 435 0141 08       		.uleb128 0x8
 436 0142 CD020000 		.4byte	.LASF27
 437 0146 01       		.byte	0x1
 438 0147 5A       		.byte	0x5a
 439 0148 96000000 		.4byte	0x96
 440 014c 30       		.byte	0x30
 441 014d 08       		.uleb128 0x8
 442 014e 6B000000 		.4byte	.LASF28
 443 0152 01       		.byte	0x1
 444 0153 5B       		.byte	0x5b
 445 0154 96000000 		.4byte	0x96
 446 0158 34       		.byte	0x34
 447 0159 08       		.uleb128 0x8
 448 015a F6010000 		.4byte	.LASF29
 449 015e 01       		.byte	0x1
 450 015f 5C       		.byte	0x5c
 451 0160 96000000 		.4byte	0x96
 452 0164 38       		.byte	0x38
 453 0165 08       		.uleb128 0x8
ARM GAS  /tmp/ccNZAJsn.s 			page 9


 454 0166 6F010000 		.4byte	.LASF30
 455 016a 01       		.byte	0x1
 456 016b 5D       		.byte	0x5d
 457 016c 96000000 		.4byte	0x96
 458 0170 3C       		.byte	0x3c
 459 0171 08       		.uleb128 0x8
 460 0172 90020000 		.4byte	.LASF31
 461 0176 01       		.byte	0x1
 462 0177 5E       		.byte	0x5e
 463 0178 84010000 		.4byte	0x184
 464 017c 40       		.byte	0x40
 465 017d 00       		.byte	0
 466 017e 05       		.uleb128 0x5
 467 017f 04       		.byte	0x4
 468 0180 76000000 		.4byte	0x76
 469 0184 09       		.uleb128 0x9
 470 0185 96000000 		.4byte	0x96
 471 0189 94010000 		.4byte	0x194
 472 018d 0A       		.uleb128 0xa
 473 018e 88000000 		.4byte	0x88
 474 0192 3B       		.byte	0x3b
 475 0193 00       		.byte	0
 476 0194 04       		.uleb128 0x4
 477 0195 E3010000 		.4byte	.LASF32
 478 0199 01       		.byte	0x1
 479 019a 5F       		.byte	0x5f
 480 019b A8000000 		.4byte	0xa8
 481 019f 0B       		.uleb128 0xb
 482 01a0 7B020000 		.4byte	.LASF38
 483 01a4 01       		.byte	0x1
 484 01a5 F1       		.byte	0xf1
 485 01a6 00000000 		.4byte	.LFB7
 486 01aa 02000000 		.4byte	.LFE7-.LFB7
 487 01ae 01       		.uleb128 0x1
 488 01af 9C       		.byte	0x9c
 489 01b0 0C       		.uleb128 0xc
 490 01b1 F0020000 		.4byte	.LASF33
 491 01b5 01       		.byte	0x1
 492 01b6 62       		.byte	0x62
 493 01b7 76000000 		.4byte	0x76
 494 01bb 0D       		.uleb128 0xd
 495 01bc 74000000 		.4byte	.LASF34
 496 01c0 01       		.byte	0x1
 497 01c1 C5       		.byte	0xc5
 498 01c2 94010000 		.4byte	0x194
 499 01c6 05       		.uleb128 0x5
 500 01c7 03       		.byte	0x3
 501 01c8 00000000 		.4byte	_vectors
 502 01cc 00       		.byte	0
 503              		.section	.debug_abbrev,"",%progbits
 504              	.Ldebug_abbrev0:
 505 0000 01       		.uleb128 0x1
 506 0001 11       		.uleb128 0x11
 507 0002 01       		.byte	0x1
 508 0003 25       		.uleb128 0x25
 509 0004 0E       		.uleb128 0xe
 510 0005 13       		.uleb128 0x13
ARM GAS  /tmp/ccNZAJsn.s 			page 10


 511 0006 0B       		.uleb128 0xb
 512 0007 03       		.uleb128 0x3
 513 0008 0E       		.uleb128 0xe
 514 0009 1B       		.uleb128 0x1b
 515 000a 0E       		.uleb128 0xe
 516 000b 55       		.uleb128 0x55
 517 000c 17       		.uleb128 0x17
 518 000d 11       		.uleb128 0x11
 519 000e 01       		.uleb128 0x1
 520 000f 10       		.uleb128 0x10
 521 0010 17       		.uleb128 0x17
 522 0011 00       		.byte	0
 523 0012 00       		.byte	0
 524 0013 02       		.uleb128 0x2
 525 0014 24       		.uleb128 0x24
 526 0015 00       		.byte	0
 527 0016 0B       		.uleb128 0xb
 528 0017 0B       		.uleb128 0xb
 529 0018 3E       		.uleb128 0x3e
 530 0019 0B       		.uleb128 0xb
 531 001a 03       		.uleb128 0x3
 532 001b 08       		.uleb128 0x8
 533 001c 00       		.byte	0
 534 001d 00       		.byte	0
 535 001e 03       		.uleb128 0x3
 536 001f 24       		.uleb128 0x24
 537 0020 00       		.byte	0
 538 0021 0B       		.uleb128 0xb
 539 0022 0B       		.uleb128 0xb
 540 0023 3E       		.uleb128 0x3e
 541 0024 0B       		.uleb128 0xb
 542 0025 03       		.uleb128 0x3
 543 0026 0E       		.uleb128 0xe
 544 0027 00       		.byte	0
 545 0028 00       		.byte	0
 546 0029 04       		.uleb128 0x4
 547 002a 16       		.uleb128 0x16
 548 002b 00       		.byte	0
 549 002c 03       		.uleb128 0x3
 550 002d 0E       		.uleb128 0xe
 551 002e 3A       		.uleb128 0x3a
 552 002f 0B       		.uleb128 0xb
 553 0030 3B       		.uleb128 0x3b
 554 0031 0B       		.uleb128 0xb
 555 0032 49       		.uleb128 0x49
 556 0033 13       		.uleb128 0x13
 557 0034 00       		.byte	0
 558 0035 00       		.byte	0
 559 0036 05       		.uleb128 0x5
 560 0037 0F       		.uleb128 0xf
 561 0038 00       		.byte	0
 562 0039 0B       		.uleb128 0xb
 563 003a 0B       		.uleb128 0xb
 564 003b 49       		.uleb128 0x49
 565 003c 13       		.uleb128 0x13
 566 003d 00       		.byte	0
 567 003e 00       		.byte	0
ARM GAS  /tmp/ccNZAJsn.s 			page 11


 568 003f 06       		.uleb128 0x6
 569 0040 15       		.uleb128 0x15
 570 0041 00       		.byte	0
 571 0042 27       		.uleb128 0x27
 572 0043 19       		.uleb128 0x19
 573 0044 00       		.byte	0
 574 0045 00       		.byte	0
 575 0046 07       		.uleb128 0x7
 576 0047 13       		.uleb128 0x13
 577 0048 01       		.byte	0x1
 578 0049 0B       		.uleb128 0xb
 579 004a 05       		.uleb128 0x5
 580 004b 3A       		.uleb128 0x3a
 581 004c 0B       		.uleb128 0xb
 582 004d 3B       		.uleb128 0x3b
 583 004e 0B       		.uleb128 0xb
 584 004f 01       		.uleb128 0x1
 585 0050 13       		.uleb128 0x13
 586 0051 00       		.byte	0
 587 0052 00       		.byte	0
 588 0053 08       		.uleb128 0x8
 589 0054 0D       		.uleb128 0xd
 590 0055 00       		.byte	0
 591 0056 03       		.uleb128 0x3
 592 0057 0E       		.uleb128 0xe
 593 0058 3A       		.uleb128 0x3a
 594 0059 0B       		.uleb128 0xb
 595 005a 3B       		.uleb128 0x3b
 596 005b 0B       		.uleb128 0xb
 597 005c 49       		.uleb128 0x49
 598 005d 13       		.uleb128 0x13
 599 005e 38       		.uleb128 0x38
 600 005f 0B       		.uleb128 0xb
 601 0060 00       		.byte	0
 602 0061 00       		.byte	0
 603 0062 09       		.uleb128 0x9
 604 0063 01       		.uleb128 0x1
 605 0064 01       		.byte	0x1
 606 0065 49       		.uleb128 0x49
 607 0066 13       		.uleb128 0x13
 608 0067 01       		.uleb128 0x1
 609 0068 13       		.uleb128 0x13
 610 0069 00       		.byte	0
 611 006a 00       		.byte	0
 612 006b 0A       		.uleb128 0xa
 613 006c 21       		.uleb128 0x21
 614 006d 00       		.byte	0
 615 006e 49       		.uleb128 0x49
 616 006f 13       		.uleb128 0x13
 617 0070 2F       		.uleb128 0x2f
 618 0071 0B       		.uleb128 0xb
 619 0072 00       		.byte	0
 620 0073 00       		.byte	0
 621 0074 0B       		.uleb128 0xb
 622 0075 2E       		.uleb128 0x2e
 623 0076 00       		.byte	0
 624 0077 3F       		.uleb128 0x3f
ARM GAS  /tmp/ccNZAJsn.s 			page 12


 625 0078 19       		.uleb128 0x19
 626 0079 03       		.uleb128 0x3
 627 007a 0E       		.uleb128 0xe
 628 007b 3A       		.uleb128 0x3a
 629 007c 0B       		.uleb128 0xb
 630 007d 3B       		.uleb128 0x3b
 631 007e 0B       		.uleb128 0xb
 632 007f 27       		.uleb128 0x27
 633 0080 19       		.uleb128 0x19
 634 0081 11       		.uleb128 0x11
 635 0082 01       		.uleb128 0x1
 636 0083 12       		.uleb128 0x12
 637 0084 06       		.uleb128 0x6
 638 0085 40       		.uleb128 0x40
 639 0086 18       		.uleb128 0x18
 640 0087 9742     		.uleb128 0x2117
 641 0089 19       		.uleb128 0x19
 642 008a 00       		.byte	0
 643 008b 00       		.byte	0
 644 008c 0C       		.uleb128 0xc
 645 008d 34       		.uleb128 0x34
 646 008e 00       		.byte	0
 647 008f 03       		.uleb128 0x3
 648 0090 0E       		.uleb128 0xe
 649 0091 3A       		.uleb128 0x3a
 650 0092 0B       		.uleb128 0xb
 651 0093 3B       		.uleb128 0x3b
 652 0094 0B       		.uleb128 0xb
 653 0095 49       		.uleb128 0x49
 654 0096 13       		.uleb128 0x13
 655 0097 3F       		.uleb128 0x3f
 656 0098 19       		.uleb128 0x19
 657 0099 3C       		.uleb128 0x3c
 658 009a 19       		.uleb128 0x19
 659 009b 00       		.byte	0
 660 009c 00       		.byte	0
 661 009d 0D       		.uleb128 0xd
 662 009e 34       		.uleb128 0x34
 663 009f 00       		.byte	0
 664 00a0 03       		.uleb128 0x3
 665 00a1 0E       		.uleb128 0xe
 666 00a2 3A       		.uleb128 0x3a
 667 00a3 0B       		.uleb128 0xb
 668 00a4 3B       		.uleb128 0x3b
 669 00a5 0B       		.uleb128 0xb
 670 00a6 49       		.uleb128 0x49
 671 00a7 13       		.uleb128 0x13
 672 00a8 3F       		.uleb128 0x3f
 673 00a9 19       		.uleb128 0x19
 674 00aa 02       		.uleb128 0x2
 675 00ab 18       		.uleb128 0x18
 676 00ac 00       		.byte	0
 677 00ad 00       		.byte	0
 678 00ae 00       		.byte	0
 679              		.section	.debug_aranges,"",%progbits
 680 0000 1C000000 		.4byte	0x1c
 681 0004 0200     		.2byte	0x2
ARM GAS  /tmp/ccNZAJsn.s 			page 13


 682 0006 00000000 		.4byte	.Ldebug_info0
 683 000a 04       		.byte	0x4
 684 000b 00       		.byte	0
 685 000c 0000     		.2byte	0
 686 000e 0000     		.2byte	0
 687 0010 00000000 		.4byte	.LFB7
 688 0014 02000000 		.4byte	.LFE7-.LFB7
 689 0018 00000000 		.4byte	0
 690 001c 00000000 		.4byte	0
 691              		.section	.debug_ranges,"",%progbits
 692              	.Ldebug_ranges0:
 693 0000 00000000 		.4byte	.LFB7
 694 0004 02000000 		.4byte	.LFE7
 695 0008 00000000 		.4byte	0
 696 000c 00000000 		.4byte	0
 697              		.section	.debug_line,"",%progbits
 698              	.Ldebug_line0:
 699 0000 BE000000 		.section	.debug_str,"MS",%progbits,1
 699      0200A800 
 699      00000201 
 699      FB0E0D00 
 699      01010101 
 700              	.LASF24:
 701 0000 76656374 		.ascii	"vector24\000"
 701      6F723234 
 701      00
 702              	.LASF14:
 703 0009 6972715F 		.ascii	"irq_vector_t\000"
 703      76656374 
 703      6F725F74 
 703      00
 704              	.LASF37:
 705 0016 2F6D6E74 		.ascii	"/mnt/c/Users/DQ Sullivan/Downloads/Convex/convex/co"
 705      2F632F55 
 705      73657273 
 705      2F445120 
 705      53756C6C 
 706 0049 72746578 		.ascii	"rtex/projects/Vex2016 CyberBrains\000"
 706      2F70726F 
 706      6A656374 
 706      732F5665 
 706      78323031 
 707              	.LASF28:
 708 006b 76656374 		.ascii	"vector34\000"
 708      6F723334 
 708      00
 709              	.LASF34:
 710 0074 5F766563 		.ascii	"_vectors\000"
 710      746F7273 
 710      00
 711              	.LASF15:
 712 007d 696E6974 		.ascii	"init_stack\000"
 712      5F737461 
 712      636B00
 713              	.LASF26:
 714 0088 73766361 		.ascii	"svcall_vector\000"
 714      6C6C5F76 
ARM GAS  /tmp/ccNZAJsn.s 			page 14


 714      6563746F 
 714      7200
 715              	.LASF2:
 716 0096 756E7369 		.ascii	"unsigned char\000"
 716      676E6564 
 716      20636861 
 716      7200
 717              	.LASF6:
 718 00a4 6C6F6E67 		.ascii	"long unsigned int\000"
 718      20756E73 
 718      69676E65 
 718      6420696E 
 718      7400
 719              	.LASF4:
 720 00b6 73686F72 		.ascii	"short unsigned int\000"
 720      7420756E 
 720      7369676E 
 720      65642069 
 720      6E7400
 721              	.LASF22:
 722 00c9 76656374 		.ascii	"vector1c\000"
 722      6F723163 
 722      00
 723              	.LASF35:
 724 00d2 474E5520 		.ascii	"GNU C 4.8.2 -mcpu=cortex-m3 -mno-thumb-interwork -m"
 724      4320342E 
 724      382E3220 
 724      2D6D6370 
 724      753D636F 
 725 0105 7468756D 		.ascii	"thumb -ggdb -O2 -fomit-frame-pointer -falign-functi"
 725      62202D67 
 725      67646220 
 725      2D4F3220 
 725      2D666F6D 
 726 0138 6F6E733D 		.ascii	"ons=16 -ffunction-sections -fdata-sections -fno-com"
 726      3136202D 
 726      6666756E 
 726      6374696F 
 726      6E2D7365 
 727 016b 6D6F6E00 		.ascii	"mon\000"
 728              	.LASF30:
 729 016f 73797374 		.ascii	"systick_vector\000"
 729      69636B5F 
 729      76656374 
 729      6F7200
 730              	.LASF9:
 731 017e 5F5F7569 		.ascii	"__uint32_t\000"
 731      6E743332 
 731      5F7400
 732              	.LASF0:
 733 0189 756E7369 		.ascii	"unsigned int\000"
 733      676E6564 
 733      20696E74 
 733      00
 734              	.LASF17:
 735 0196 6E6D695F 		.ascii	"nmi_vector\000"
 735      76656374 
ARM GAS  /tmp/ccNZAJsn.s 			page 15


 735      6F7200
 736              	.LASF8:
 737 01a1 6C6F6E67 		.ascii	"long long unsigned int\000"
 737      206C6F6E 
 737      6720756E 
 737      7369676E 
 737      65642069 
 738              	.LASF20:
 739 01b8 62757366 		.ascii	"busfault_vector\000"
 739      61756C74 
 739      5F766563 
 739      746F7200 
 740              	.LASF25:
 741 01c8 76656374 		.ascii	"vector28\000"
 741      6F723238 
 741      00
 742              	.LASF21:
 743 01d1 75736167 		.ascii	"usagefault_vector\000"
 743      65666175 
 743      6C745F76 
 743      6563746F 
 743      7200
 744              	.LASF32:
 745 01e3 76656374 		.ascii	"vectors_t\000"
 745      6F72735F 
 745      7400
 746              	.LASF12:
 747 01ed 73697A65 		.ascii	"sizetype\000"
 747      74797065 
 747      00
 748              	.LASF29:
 749 01f6 70656E64 		.ascii	"pendsv_vector\000"
 749      73765F76 
 749      6563746F 
 749      7200
 750              	.LASF18:
 751 0204 68617264 		.ascii	"hardfault_vector\000"
 751      6661756C 
 751      745F7665 
 751      63746F72 
 751      00
 752              	.LASF7:
 753 0215 6C6F6E67 		.ascii	"long long int\000"
 753      206C6F6E 
 753      6720696E 
 753      7400
 754              	.LASF13:
 755 0223 63686172 		.ascii	"char\000"
 755      00
 756              	.LASF19:
 757 0228 6D656D6D 		.ascii	"memmanage_vector\000"
 757      616E6167 
 757      655F7665 
 757      63746F72 
 757      00
 758              	.LASF36:
 759 0239 2E2E2F2E 		.ascii	"../../../../ChibiOS_2.6.2/os/ports/GCC/ARMCMx/STM32"
ARM GAS  /tmp/ccNZAJsn.s 			page 16


 759      2E2F2E2E 
 759      2F2E2E2F 
 759      43686962 
 759      694F535F 
 760 026c 46317878 		.ascii	"F1xx/vectors.c\000"
 760      2F766563 
 760      746F7273 
 760      2E6300
 761              	.LASF38:
 762 027b 5F756E68 		.ascii	"_unhandled_exception\000"
 762      616E646C 
 762      65645F65 
 762      78636570 
 762      74696F6E 
 763              	.LASF31:
 764 0290 76656374 		.ascii	"vectors\000"
 764      6F727300 
 765              	.LASF3:
 766 0298 73686F72 		.ascii	"short int\000"
 766      7420696E 
 766      7400
 767              	.LASF16:
 768 02a2 72657365 		.ascii	"reset_vector\000"
 768      745F7665 
 768      63746F72 
 768      00
 769              	.LASF10:
 770 02af 75696E74 		.ascii	"uint32_t\000"
 770      33325F74 
 770      00
 771              	.LASF5:
 772 02b8 6C6F6E67 		.ascii	"long int\000"
 772      20696E74 
 772      00
 773              	.LASF1:
 774 02c1 7369676E 		.ascii	"signed char\000"
 774      65642063 
 774      68617200 
 775              	.LASF27:
 776 02cd 64656275 		.ascii	"debugmonitor_vector\000"
 776      676D6F6E 
 776      69746F72 
 776      5F766563 
 776      746F7200 
 777              	.LASF23:
 778 02e1 76656374 		.ascii	"vector20\000"
 778      6F723230 
 778      00
 779              	.LASF11:
 780 02ea 5F426F6F 		.ascii	"_Bool\000"
 780      6C00
 781              	.LASF33:
 782 02f0 5F5F6D61 		.ascii	"__main_stack_end__\000"
 782      696E5F73 
 782      7461636B 
 782      5F656E64 
 782      5F5F00
ARM GAS  /tmp/ccNZAJsn.s 			page 17


 783              		.ident	"GCC: (4.8.2-14ubuntu1+6) 4.8.2"
ARM GAS  /tmp/ccNZAJsn.s 			page 18


DEFINED SYMBOLS
                            *ABS*:0000000000000000 vectors.c
     /tmp/ccNZAJsn.s:19     .text._unhandled_exception:0000000000000000 $t
     /tmp/ccNZAJsn.s:25     .text._unhandled_exception:0000000000000000 _unhandled_exception
     /tmp/ccNZAJsn.s:25     .text._unhandled_exception:0000000000000000 NMIVector
     /tmp/ccNZAJsn.s:25     .text._unhandled_exception:0000000000000000 HardFaultVector
     /tmp/ccNZAJsn.s:25     .text._unhandled_exception:0000000000000000 MemManageVector
     /tmp/ccNZAJsn.s:25     .text._unhandled_exception:0000000000000000 BusFaultVector
     /tmp/ccNZAJsn.s:25     .text._unhandled_exception:0000000000000000 UsageFaultVector
     /tmp/ccNZAJsn.s:25     .text._unhandled_exception:0000000000000000 Vector1C
     /tmp/ccNZAJsn.s:25     .text._unhandled_exception:0000000000000000 Vector20
     /tmp/ccNZAJsn.s:25     .text._unhandled_exception:0000000000000000 Vector24
     /tmp/ccNZAJsn.s:25     .text._unhandled_exception:0000000000000000 Vector28
     /tmp/ccNZAJsn.s:25     .text._unhandled_exception:0000000000000000 SVCallVector
     /tmp/ccNZAJsn.s:25     .text._unhandled_exception:0000000000000000 DebugMonitorVector
     /tmp/ccNZAJsn.s:25     .text._unhandled_exception:0000000000000000 Vector34
     /tmp/ccNZAJsn.s:25     .text._unhandled_exception:0000000000000000 PendSVVector
     /tmp/ccNZAJsn.s:25     .text._unhandled_exception:0000000000000000 SysTickVector
     /tmp/ccNZAJsn.s:25     .text._unhandled_exception:0000000000000000 Vector40
     /tmp/ccNZAJsn.s:25     .text._unhandled_exception:0000000000000000 Vector44
     /tmp/ccNZAJsn.s:25     .text._unhandled_exception:0000000000000000 Vector48
     /tmp/ccNZAJsn.s:25     .text._unhandled_exception:0000000000000000 Vector4C
     /tmp/ccNZAJsn.s:25     .text._unhandled_exception:0000000000000000 Vector50
     /tmp/ccNZAJsn.s:25     .text._unhandled_exception:0000000000000000 Vector54
     /tmp/ccNZAJsn.s:25     .text._unhandled_exception:0000000000000000 Vector58
     /tmp/ccNZAJsn.s:25     .text._unhandled_exception:0000000000000000 Vector5C
     /tmp/ccNZAJsn.s:25     .text._unhandled_exception:0000000000000000 Vector60
     /tmp/ccNZAJsn.s:25     .text._unhandled_exception:0000000000000000 Vector64
     /tmp/ccNZAJsn.s:25     .text._unhandled_exception:0000000000000000 Vector68
     /tmp/ccNZAJsn.s:25     .text._unhandled_exception:0000000000000000 Vector6C
     /tmp/ccNZAJsn.s:25     .text._unhandled_exception:0000000000000000 Vector70
     /tmp/ccNZAJsn.s:25     .text._unhandled_exception:0000000000000000 Vector74
     /tmp/ccNZAJsn.s:25     .text._unhandled_exception:0000000000000000 Vector78
     /tmp/ccNZAJsn.s:25     .text._unhandled_exception:0000000000000000 Vector7C
     /tmp/ccNZAJsn.s:25     .text._unhandled_exception:0000000000000000 Vector80
     /tmp/ccNZAJsn.s:25     .text._unhandled_exception:0000000000000000 Vector84
     /tmp/ccNZAJsn.s:25     .text._unhandled_exception:0000000000000000 Vector88
     /tmp/ccNZAJsn.s:25     .text._unhandled_exception:0000000000000000 Vector8C
     /tmp/ccNZAJsn.s:25     .text._unhandled_exception:0000000000000000 Vector90
     /tmp/ccNZAJsn.s:25     .text._unhandled_exception:0000000000000000 Vector94
     /tmp/ccNZAJsn.s:25     .text._unhandled_exception:0000000000000000 Vector98
     /tmp/ccNZAJsn.s:25     .text._unhandled_exception:0000000000000000 Vector9C
     /tmp/ccNZAJsn.s:25     .text._unhandled_exception:0000000000000000 VectorA0
     /tmp/ccNZAJsn.s:25     .text._unhandled_exception:0000000000000000 VectorA4
     /tmp/ccNZAJsn.s:25     .text._unhandled_exception:0000000000000000 VectorA8
     /tmp/ccNZAJsn.s:25     .text._unhandled_exception:0000000000000000 VectorAC
     /tmp/ccNZAJsn.s:25     .text._unhandled_exception:0000000000000000 VectorB0
     /tmp/ccNZAJsn.s:25     .text._unhandled_exception:0000000000000000 VectorB4
     /tmp/ccNZAJsn.s:25     .text._unhandled_exception:0000000000000000 VectorB8
     /tmp/ccNZAJsn.s:25     .text._unhandled_exception:0000000000000000 VectorBC
     /tmp/ccNZAJsn.s:25     .text._unhandled_exception:0000000000000000 VectorC0
     /tmp/ccNZAJsn.s:25     .text._unhandled_exception:0000000000000000 VectorC4
     /tmp/ccNZAJsn.s:25     .text._unhandled_exception:0000000000000000 VectorC8
     /tmp/ccNZAJsn.s:25     .text._unhandled_exception:0000000000000000 VectorCC
     /tmp/ccNZAJsn.s:25     .text._unhandled_exception:0000000000000000 VectorD0
     /tmp/ccNZAJsn.s:25     .text._unhandled_exception:0000000000000000 VectorD4
     /tmp/ccNZAJsn.s:25     .text._unhandled_exception:0000000000000000 VectorD8
ARM GAS  /tmp/ccNZAJsn.s 			page 19


     /tmp/ccNZAJsn.s:25     .text._unhandled_exception:0000000000000000 VectorDC
     /tmp/ccNZAJsn.s:25     .text._unhandled_exception:0000000000000000 VectorE0
     /tmp/ccNZAJsn.s:25     .text._unhandled_exception:0000000000000000 VectorE4
     /tmp/ccNZAJsn.s:25     .text._unhandled_exception:0000000000000000 VectorE8
     /tmp/ccNZAJsn.s:25     .text._unhandled_exception:0000000000000000 VectorEC
     /tmp/ccNZAJsn.s:25     .text._unhandled_exception:0000000000000000 VectorF0
     /tmp/ccNZAJsn.s:25     .text._unhandled_exception:0000000000000000 VectorF4
     /tmp/ccNZAJsn.s:25     .text._unhandled_exception:0000000000000000 VectorF8
     /tmp/ccNZAJsn.s:25     .text._unhandled_exception:0000000000000000 VectorFC
     /tmp/ccNZAJsn.s:25     .text._unhandled_exception:0000000000000000 Vector100
     /tmp/ccNZAJsn.s:25     .text._unhandled_exception:0000000000000000 Vector104
     /tmp/ccNZAJsn.s:25     .text._unhandled_exception:0000000000000000 Vector108
     /tmp/ccNZAJsn.s:25     .text._unhandled_exception:0000000000000000 Vector10C
     /tmp/ccNZAJsn.s:25     .text._unhandled_exception:0000000000000000 Vector110
     /tmp/ccNZAJsn.s:25     .text._unhandled_exception:0000000000000000 Vector114
     /tmp/ccNZAJsn.s:25     .text._unhandled_exception:0000000000000000 Vector118
     /tmp/ccNZAJsn.s:25     .text._unhandled_exception:0000000000000000 Vector11C
     /tmp/ccNZAJsn.s:25     .text._unhandled_exception:0000000000000000 Vector120
     /tmp/ccNZAJsn.s:25     .text._unhandled_exception:0000000000000000 Vector124
     /tmp/ccNZAJsn.s:25     .text._unhandled_exception:0000000000000000 Vector128
     /tmp/ccNZAJsn.s:25     .text._unhandled_exception:0000000000000000 Vector12C
     /tmp/ccNZAJsn.s:192    vectors:0000000000000000 _vectors
     /tmp/ccNZAJsn.s:189    vectors:0000000000000000 $d
                     .debug_frame:0000000000000010 $d

UNDEFINED SYMBOLS
__main_stack_end__
ResetHandler
