ARM GAS  /tmp/ccDELY7X.s 			page 1


   1              		.syntax unified
   2              		.cpu cortex-m3
   3              		.fpu softvfp
   4              		.eabi_attribute 20, 1
   5              		.eabi_attribute 21, 1
   6              		.eabi_attribute 23, 3
   7              		.eabi_attribute 24, 1
   8              		.eabi_attribute 25, 1
   9              		.eabi_attribute 26, 1
  10              		.eabi_attribute 30, 2
  11              		.eabi_attribute 34, 1
  12              		.eabi_attribute 18, 4
  13              		.thumb
  14              		.file	"vexctl.c"
  15              		.text
  16              	.Ltext0:
  17              		.cfi_sections	.debug_frame
  18              		.section	.text.vexControllerCompetitionStateSet,"ax",%progbits
  19              		.align	2
  20              		.p2align 4,,15
  21              		.global	vexControllerCompetitionStateSet
  22              		.thumb
  23              		.thumb_func
  24              		.type	vexControllerCompetitionStateSet, %function
  25              	vexControllerCompetitionStateSet:
  26              	.LFB63:
  27              		.file 1 "../../fw/vexctl.c"
  28              		.loc 1 70 0
  29              		.cfi_startproc
  30              		@ args = 0, pretend = 0, frame = 0
  31              		@ frame_needed = 0, uses_anonymous_args = 0
  32              	.LVL0:
  33 0000 38B5     		push	{r3, r4, r5, lr}
  34              		.cfi_def_cfa_offset 16
  35              		.cfi_offset 3, -16
  36              		.cfi_offset 4, -12
  37              		.cfi_offset 5, -8
  38              		.cfi_offset 14, -4
  39              		.loc 1 70 0
  40 0002 0546     		mov	r5, r0
  41 0004 0C46     		mov	r4, r1
  42              		.loc 1 73 0
  43 0006 FFF7FEFF 		bl	vexSpiGetControl
  44              	.LVL1:
  45              		.loc 1 80 0
  46 000a 40F20003 		movw	r3, #:lower16:.LANCHOR0
  47              		.loc 1 73 0
  48 000e 0207     		lsls	r2, r0, #28
  49              		.loc 1 80 0
  50 0010 C0F20003 		movt	r3, #:upper16:.LANCHOR0
  51              		.loc 1 73 0
  52 0014 02D5     		bpl	.L5
  53              		.loc 1 84 0
  54 0016 0020     		movs	r0, #0
  55 0018 1880     		strh	r0, [r3]	@ movhi
  56              		.loc 1 87 0
  57 001a 38BD     		pop	{r3, r4, r5, pc}
ARM GAS  /tmp/ccDELY7X.s 			page 2


  58              	.L5:
  59              		.loc 1 79 0
  60 001c 1A88     		ldrh	r2, [r3]
  61              		.loc 1 80 0
  62 001e 2540     		ands	r5, r5, r4
  63 0020 05F0C005 		and	r5, r5, #192
  64              		.loc 1 79 0
  65 0024 22EA0404 		bic	r4, r2, r4
  66              		.loc 1 80 0
  67 0028 2C43     		orrs	r4, r4, r5
  68 002a 1C80     		strh	r4, [r3]	@ movhi
  69              		.loc 1 81 0
  70 002c 0120     		movs	r0, #1
  71 002e 38BD     		pop	{r3, r4, r5, pc}
  72              		.cfi_endproc
  73              	.LFE63:
  74              		.size	vexControllerCompetitionStateSet, .-vexControllerCompetitionStateSet
  75              		.section	.text.vexControllerCompetitonState,"ax",%progbits
  76              		.align	2
  77              		.p2align 4,,15
  78              		.global	vexControllerCompetitonState
  79              		.thumb
  80              		.thumb_func
  81              		.type	vexControllerCompetitonState, %function
  82              	vexControllerCompetitonState:
  83              	.LFB64:
  84              		.loc 1 96 0
  85              		.cfi_startproc
  86              		@ args = 0, pretend = 0, frame = 0
  87              		@ frame_needed = 0, uses_anonymous_args = 0
  88 0000 08B5     		push	{r3, lr}
  89              		.cfi_def_cfa_offset 8
  90              		.cfi_offset 3, -8
  91              		.cfi_offset 14, -4
  92              		.loc 1 97 0
  93 0002 FFF7FEFF 		bl	vexSpiGetControl
  94              	.LVL2:
  95              		.loc 1 108 0
  96 0006 40F20003 		movw	r3, #:lower16:.LANCHOR0
  97              		.loc 1 105 0
  98 000a 0107     		lsls	r1, r0, #28
  99              		.loc 1 108 0
 100 000c C0F20003 		movt	r3, #:upper16:.LANCHOR0
 101 0010 57BF     		itett	pl
 102 0012 1B88     		ldrhpl	r3, [r3]
 103              		.loc 1 112 0
 104 0014 0022     		movmi	r2, #0
 105              		.loc 1 108 0
 106 0016 1843     		orrpl	r0, r0, r3
 107              	.LVL3:
 108 0018 80B2     		uxthpl	r0, r0
 109              	.LVL4:
 110              		.loc 1 112 0
 111 001a 48BF     		it	mi
 112 001c 1A80     		strhmi	r2, [r3]	@ movhi
 113              		.loc 1 115 0
 114 001e 08BD     		pop	{r3, pc}
ARM GAS  /tmp/ccDELY7X.s 			page 3


 115              		.cfi_endproc
 116              	.LFE64:
 117              		.size	vexControllerCompetitonState, .-vexControllerCompetitonState
 118              		.section	.text.vexControllerGet,"ax",%progbits
 119              		.align	2
 120              		.p2align 4,,15
 121              		.global	vexControllerGet
 122              		.thumb
 123              		.thumb_func
 124              		.type	vexControllerGet, %function
 125              	vexControllerGet:
 126              	.LFB65:
 127              		.loc 1 125 0
 128              		.cfi_startproc
 129              		@ args = 0, pretend = 0, frame = 0
 130              		@ frame_needed = 0, uses_anonymous_args = 0
 131              	.LVL5:
 132 0000 10B5     		push	{r4, lr}
 133              		.cfi_def_cfa_offset 8
 134              		.cfi_offset 4, -8
 135              		.cfi_offset 14, -4
 136              		.loc 1 125 0
 137 0002 0446     		mov	r4, r0
 138              		.loc 1 130 0
 139 0004 2006     		lsls	r0, r4, #24
 140              	.LVL6:
 141              		.loc 1 131 0
 142 0006 54BF     		ite	pl
 143 0008 0120     		movpl	r0, #1
 144              		.loc 1 133 0
 145 000a 0220     		movmi	r0, #2
 146              		.loc 1 136 0
 147 000c 04F07F04 		and	r4, r4, #127
 148              		.loc 1 133 0
 149 0010 FFF7FEFF 		bl	vexSpiGetJoystickDataPtr
 150              	.LVL7:
 151              		.loc 1 136 0
 152 0014 172C     		cmp	r4, #23
 153 0016 00F28680 		bhi	.L41
 154 001a DFE804F0 		tbb	[pc, r4]
 155              	.L14:
 156 001e 7E       		.byte	(.L13-.L14)/2
 157 001f 78       		.byte	(.L15-.L14)/2
 158 0020 71       		.byte	(.L16-.L14)/2
 159 0021 6C       		.byte	(.L17-.L14)/2
 160 0022 68       		.byte	(.L18-.L14)/2
 161 0023 64       		.byte	(.L19-.L14)/2
 162 0024 60       		.byte	(.L20-.L14)/2
 163 0025 5C       		.byte	(.L21-.L14)/2
 164 0026 58       		.byte	(.L22-.L14)/2
 165 0027 54       		.byte	(.L23-.L14)/2
 166 0028 50       		.byte	(.L24-.L14)/2
 167 0029 4C       		.byte	(.L25-.L14)/2
 168 002a 48       		.byte	(.L26-.L14)/2
 169 002b 44       		.byte	(.L27-.L14)/2
 170 002c 40       		.byte	(.L28-.L14)/2
 171 002d 3C       		.byte	(.L29-.L14)/2
ARM GAS  /tmp/ccDELY7X.s 			page 4


 172 002e 29       		.byte	(.L30-.L14)/2
 173 002f 25       		.byte	(.L31-.L14)/2
 174 0030 21       		.byte	(.L32-.L14)/2
 175 0031 1B       		.byte	(.L33-.L14)/2
 176 0032 35       		.byte	(.L34-.L14)/2
 177 0033 2E       		.byte	(.L35-.L14)/2
 178 0034 15       		.byte	(.L36-.L14)/2
 179 0035 0C       		.byte	(.L37-.L14)/2
 180              		.align	1
 181              	.L37:
 182              		.loc 1 223 0
 183 0036 C379     		ldrb	r3, [r0, #7]	@ zero_extendqisi2
 184 0038 002B     		cmp	r3, #0
 185 003a 72D1     		bne	.L46
 186              		.loc 1 223 0 is_stmt 0 discriminator 2
 187 003c 007A     		ldrb	r0, [r0, #8]	@ zero_extendqisi2
 188              	.LVL8:
 189 003e 0030     		adds	r0, r0, #0
 190 0040 18BF     		it	ne
 191 0042 0120     		movne	r0, #1
 192              	.L12:
 193              		.loc 1 229 0 is_stmt 1
 194 0044 00B2     		sxth	r0, r0
 195 0046 10BD     		pop	{r4, pc}
 196              	.LVL9:
 197              	.L36:
 198              		.loc 1 218 0
 199 0048 007A     		ldrb	r0, [r0, #8]	@ zero_extendqisi2
 200              	.LVL10:
 201 004a 10F00F00 		ands	r0, r0, #15
 202 004e 18BF     		it	ne
 203 0050 0120     		movne	r0, #1
 204 0052 F7E7     		b	.L12
 205              	.LVL11:
 206              	.L33:
 207              		.loc 1 209 0
 208 0054 C079     		ldrb	r0, [r0, #7]	@ zero_extendqisi2
 209              	.LVL12:
 210 0056 10F00300 		ands	r0, r0, #3
 211 005a 18BF     		it	ne
 212 005c 0120     		movne	r0, #1
 213 005e F1E7     		b	.L12
 214              	.LVL13:
 215              	.L32:
 216              		.loc 1 204 0
 217 0060 8079     		ldrb	r0, [r0, #6]	@ zero_extendqisi2
 218              	.LVL14:
 219 0062 7F38     		subs	r0, r0, #127
 220 0064 80B2     		uxth	r0, r0
 221 0066 EDE7     		b	.L12
 222              	.LVL15:
 223              	.L31:
 224              		.loc 1 201 0
 225 0068 0079     		ldrb	r0, [r0, #4]	@ zero_extendqisi2
 226              	.LVL16:
 227 006a 7F38     		subs	r0, r0, #127
 228 006c 80B2     		uxth	r0, r0
ARM GAS  /tmp/ccDELY7X.s 			page 5


 229 006e E9E7     		b	.L12
 230              	.LVL17:
 231              	.L30:
 232              		.loc 1 198 0
 233 0070 4079     		ldrb	r0, [r0, #5]	@ zero_extendqisi2
 234              	.LVL18:
 235              	.L49:
 236 0072 7F38     		subs	r0, r0, #127
 237 0074 80B2     		uxth	r0, r0
 238              		.loc 1 229 0
 239 0076 00B2     		sxth	r0, r0
 240 0078 10BD     		pop	{r4, pc}
 241              	.LVL19:
 242              	.L35:
 243              		.loc 1 215 0
 244 007a 037A     		ldrb	r3, [r0, #8]	@ zero_extendqisi2
 245 007c 13F0F00F 		tst	r3, #240
 246 0080 0CBF     		ite	eq
 247 0082 0020     		moveq	r0, #0
 248 0084 0120     		movne	r0, #1
 249              	.LVL20:
 250 0086 DDE7     		b	.L12
 251              	.LVL21:
 252              	.L34:
 253              		.loc 1 212 0
 254 0088 C379     		ldrb	r3, [r0, #7]	@ zero_extendqisi2
 255 008a 13F00C0F 		tst	r3, #12
 256 008e 0CBF     		ite	eq
 257 0090 0020     		moveq	r0, #0
 258 0092 0120     		movne	r0, #1
 259              	.LVL22:
 260 0094 D6E7     		b	.L12
 261              	.LVL23:
 262              	.L29:
 263              		.loc 1 193 0
 264 0096 C079     		ldrb	r0, [r0, #7]	@ zero_extendqisi2
 265              	.LVL24:
 266 0098 C0F3C000 		ubfx	r0, r0, #3, #1
 267 009c D2E7     		b	.L12
 268              	.LVL25:
 269              	.L28:
 270              		.loc 1 190 0
 271 009e C079     		ldrb	r0, [r0, #7]	@ zero_extendqisi2
 272              	.LVL26:
 273 00a0 C0F38000 		ubfx	r0, r0, #2, #1
 274 00a4 CEE7     		b	.L12
 275              	.LVL27:
 276              	.L27:
 277              		.loc 1 186 0
 278 00a6 C079     		ldrb	r0, [r0, #7]	@ zero_extendqisi2
 279              	.LVL28:
 280 00a8 C0F34000 		ubfx	r0, r0, #1, #1
 281 00ac CAE7     		b	.L12
 282              	.LVL29:
 283              	.L26:
 284              		.loc 1 183 0
 285 00ae C079     		ldrb	r0, [r0, #7]	@ zero_extendqisi2
ARM GAS  /tmp/ccDELY7X.s 			page 6


 286              	.LVL30:
 287 00b0 00F00100 		and	r0, r0, #1
 288 00b4 C6E7     		b	.L12
 289              	.LVL31:
 290              	.L25:
 291              		.loc 1 179 0
 292 00b6 90F90800 		ldrsb	r0, [r0, #8]
 293              	.LVL32:
 294 00ba C00F     		lsrs	r0, r0, #31
 295 00bc C2E7     		b	.L12
 296              	.LVL33:
 297              	.L24:
 298              		.loc 1 176 0
 299 00be 007A     		ldrb	r0, [r0, #8]	@ zero_extendqisi2
 300              	.LVL34:
 301 00c0 C0F38010 		ubfx	r0, r0, #6, #1
 302 00c4 BEE7     		b	.L12
 303              	.LVL35:
 304              	.L23:
 305              		.loc 1 173 0
 306 00c6 007A     		ldrb	r0, [r0, #8]	@ zero_extendqisi2
 307              	.LVL36:
 308 00c8 C0F34010 		ubfx	r0, r0, #5, #1
 309 00cc BAE7     		b	.L12
 310              	.LVL37:
 311              	.L22:
 312              		.loc 1 170 0
 313 00ce 007A     		ldrb	r0, [r0, #8]	@ zero_extendqisi2
 314              	.LVL38:
 315 00d0 C0F30010 		ubfx	r0, r0, #4, #1
 316 00d4 B6E7     		b	.L12
 317              	.LVL39:
 318              	.L21:
 319              		.loc 1 166 0
 320 00d6 007A     		ldrb	r0, [r0, #8]	@ zero_extendqisi2
 321              	.LVL40:
 322 00d8 C0F3C000 		ubfx	r0, r0, #3, #1
 323 00dc B2E7     		b	.L12
 324              	.LVL41:
 325              	.L20:
 326              		.loc 1 163 0
 327 00de 007A     		ldrb	r0, [r0, #8]	@ zero_extendqisi2
 328              	.LVL42:
 329 00e0 C0F38000 		ubfx	r0, r0, #2, #1
 330 00e4 AEE7     		b	.L12
 331              	.LVL43:
 332              	.L19:
 333              		.loc 1 160 0
 334 00e6 007A     		ldrb	r0, [r0, #8]	@ zero_extendqisi2
 335              	.LVL44:
 336 00e8 C0F34000 		ubfx	r0, r0, #1, #1
 337 00ec AAE7     		b	.L12
 338              	.LVL45:
 339              	.L18:
 340              		.loc 1 157 0
 341 00ee 007A     		ldrb	r0, [r0, #8]	@ zero_extendqisi2
 342              	.LVL46:
ARM GAS  /tmp/ccDELY7X.s 			page 7


 343 00f0 00F00100 		and	r0, r0, #1
 344 00f4 A6E7     		b	.L12
 345              	.LVL47:
 346              	.L17:
 347              		.loc 1 152 0
 348 00f6 C078     		ldrb	r0, [r0, #3]	@ zero_extendqisi2
 349              	.LVL48:
 350 00f8 FF28     		cmp	r0, #255
 351 00fa BAD1     		bne	.L49
 352              	.L45:
 353              		.loc 1 140 0
 354 00fc 7F20     		movs	r0, #127
 355 00fe A1E7     		b	.L12
 356              	.LVL49:
 357              	.L16:
 358              		.loc 1 148 0
 359 0100 8078     		ldrb	r0, [r0, #2]	@ zero_extendqisi2
 360              	.LVL50:
 361 0102 FF28     		cmp	r0, #255
 362 0104 06D0     		beq	.L44
 363              	.L47:
 364 0106 C0F17F00 		rsb	r0, r0, #127
 365 010a 80B2     		uxth	r0, r0
 366 010c 9AE7     		b	.L12
 367              	.LVL51:
 368              	.L15:
 369              		.loc 1 144 0
 370 010e 4078     		ldrb	r0, [r0, #1]	@ zero_extendqisi2
 371              	.LVL52:
 372 0110 FF28     		cmp	r0, #255
 373 0112 F8D1     		bne	.L47
 374              	.L44:
 375 0114 4FF68170 		movw	r0, #65409
 376              		.loc 1 149 0
 377 0118 94E7     		b	.L12
 378              	.LVL53:
 379              	.L13:
 380              		.loc 1 140 0
 381 011a 0078     		ldrb	r0, [r0]	@ zero_extendqisi2
 382              	.LVL54:
 383 011c FF28     		cmp	r0, #255
 384 011e A8D1     		bne	.L49
 385 0120 ECE7     		b	.L45
 386              	.LVL55:
 387              	.L46:
 388 0122 0120     		movs	r0, #1
 389              	.LVL56:
 390              		.loc 1 223 0
 391 0124 8EE7     		b	.L12
 392              	.LVL57:
 393              	.L41:
 394              		.loc 1 227 0
 395 0126 0020     		movs	r0, #0
 396              	.LVL58:
 397 0128 8CE7     		b	.L12
 398              		.cfi_endproc
 399              	.LFE65:
ARM GAS  /tmp/ccDELY7X.s 			page 8


 400              		.size	vexControllerGet, .-vexControllerGet
 401 012a 00BFAFF3 		.section	.text.vexControllerReleaseWait,"ax",%progbits
 401      0080
 402              		.align	2
 403              		.p2align 4,,15
 404              		.global	vexControllerReleaseWait
 405              		.thumb
 406              		.thumb_func
 407              		.type	vexControllerReleaseWait, %function
 408              	vexControllerReleaseWait:
 409              	.LFB66:
 410              		.loc 1 237 0
 411              		.cfi_startproc
 412              		@ args = 0, pretend = 0, frame = 0
 413              		@ frame_needed = 0, uses_anonymous_args = 0
 414              	.LVL59:
 415 0000 38B5     		push	{r3, r4, r5, lr}
 416              		.cfi_def_cfa_offset 16
 417              		.cfi_offset 3, -16
 418              		.cfi_offset 4, -12
 419              		.cfi_offset 5, -8
 420              		.cfi_offset 14, -4
 421              		.loc 1 242 0
 422 0002 00F07F03 		and	r3, r0, #127
 423 0006 032B     		cmp	r3, #3
 424              		.loc 1 237 0
 425 0008 0546     		mov	r5, r0
 426              		.loc 1 242 0
 427 000a 0BDD     		ble	.L50
 428 000c C824     		movs	r4, #200
 429 000e 04E0     		b	.L53
 430              	.LVL60:
 431              	.L60:
 432              		.loc 1 251 0
 433 0010 1920     		movs	r0, #25
 434 0012 FFF7FEFF 		bl	vexSleep
 435              	.LVL61:
 436              		.loc 1 246 0
 437 0016 013C     		subs	r4, r4, #1
 438              	.LVL62:
 439 0018 04D0     		beq	.L50
 440              	.LVL63:
 441              	.L53:
 442              		.loc 1 248 0
 443 001a 2846     		mov	r0, r5
 444 001c FFF7FEFF 		bl	vexControllerGet
 445              	.LVL64:
 446 0020 0028     		cmp	r0, #0
 447 0022 F5D1     		bne	.L60
 448              	.LVL65:
 449              	.L50:
 450 0024 38BD     		pop	{r3, r4, r5, pc}
 451              		.cfi_endproc
 452              	.LFE66:
 453              		.size	vexControllerReleaseWait, .-vexControllerReleaseWait
 454 0026 00BFAFF3 		.section	.bss.vexLocalCompState,"aw",%nobits
 454      0080AFF3 
ARM GAS  /tmp/ccDELY7X.s 			page 9


 454      0080
 455              		.align	1
 456              		.set	.LANCHOR0,. + 0
 457              		.type	vexLocalCompState, %object
 458              		.size	vexLocalCompState, 2
 459              	vexLocalCompState:
 460 0000 0000     		.space	2
 461              		.text
 462              	.Letext0:
 463              		.file 2 "/usr/include/newlib/machine/_default_types.h"
 464              		.file 3 "/usr/include/newlib/stdint.h"
 465              		.file 4 "../../fw/vexdigital.h"
 466              		.file 5 "../../fw/vexime.h"
 467              		.file 6 "../../fw/vexspi.h"
 468              		.file 7 "../../fw/vexctl.h"
 469              		.file 8 "../../../../ChibiOS_2.6.2/os/ports/common/ARMCMx/CMSIS/include/core_cm3.h"
 470              		.file 9 "../../fw/vex.h"
 471              		.section	.debug_info,"",%progbits
 472              	.Ldebug_info0:
 473 0000 02050000 		.4byte	0x502
 474 0004 0400     		.2byte	0x4
 475 0006 00000000 		.4byte	.Ldebug_abbrev0
 476 000a 04       		.byte	0x4
 477 000b 01       		.uleb128 0x1
 478 000c DB010000 		.4byte	.LASF110
 479 0010 01       		.byte	0x1
 480 0011 53000000 		.4byte	.LASF111
 481 0015 A0030000 		.4byte	.LASF112
 482 0019 00000000 		.4byte	.Ldebug_ranges0+0
 483 001d 00000000 		.4byte	0
 484 0021 00000000 		.4byte	.Ldebug_line0
 485 0025 02       		.uleb128 0x2
 486 0026 04       		.byte	0x4
 487 0027 05       		.byte	0x5
 488 0028 696E7400 		.ascii	"int\000"
 489 002c 03       		.uleb128 0x3
 490 002d 04       		.byte	0x4
 491 002e 07       		.byte	0x7
 492 002f 6A010000 		.4byte	.LASF0
 493 0033 03       		.uleb128 0x3
 494 0034 01       		.byte	0x1
 495 0035 06       		.byte	0x6
 496 0036 C0000000 		.4byte	.LASF1
 497 003a 03       		.uleb128 0x3
 498 003b 01       		.byte	0x1
 499 003c 08       		.byte	0x8
 500 003d 09040000 		.4byte	.LASF2
 501 0041 04       		.uleb128 0x4
 502 0042 F6050000 		.4byte	.LASF4
 503 0046 02       		.byte	0x2
 504 0047 25       		.byte	0x25
 505 0048 4C000000 		.4byte	0x4c
 506 004c 03       		.uleb128 0x3
 507 004d 02       		.byte	0x2
 508 004e 05       		.byte	0x5
 509 004f 14030000 		.4byte	.LASF3
 510 0053 04       		.uleb128 0x4
ARM GAS  /tmp/ccDELY7X.s 			page 10


 511 0054 F3040000 		.4byte	.LASF5
 512 0058 02       		.byte	0x2
 513 0059 26       		.byte	0x26
 514 005a 5E000000 		.4byte	0x5e
 515 005e 03       		.uleb128 0x3
 516 005f 02       		.byte	0x2
 517 0060 07       		.byte	0x7
 518 0061 78020000 		.4byte	.LASF6
 519 0065 04       		.uleb128 0x4
 520 0066 3B050000 		.4byte	.LASF7
 521 006a 02       		.byte	0x2
 522 006b 37       		.byte	0x37
 523 006c 70000000 		.4byte	0x70
 524 0070 03       		.uleb128 0x3
 525 0071 04       		.byte	0x4
 526 0072 05       		.byte	0x5
 527 0073 23010000 		.4byte	.LASF8
 528 0077 03       		.uleb128 0x3
 529 0078 04       		.byte	0x4
 530 0079 07       		.byte	0x7
 531 007a 93010000 		.4byte	.LASF9
 532 007e 03       		.uleb128 0x3
 533 007f 08       		.byte	0x8
 534 0080 05       		.byte	0x5
 535 0081 B2000000 		.4byte	.LASF10
 536 0085 03       		.uleb128 0x3
 537 0086 08       		.byte	0x8
 538 0087 07       		.byte	0x7
 539 0088 3C000000 		.4byte	.LASF11
 540 008c 04       		.uleb128 0x4
 541 008d AA000000 		.4byte	.LASF12
 542 0091 03       		.byte	0x3
 543 0092 35       		.byte	0x35
 544 0093 41000000 		.4byte	0x41
 545 0097 04       		.uleb128 0x4
 546 0098 37010000 		.4byte	.LASF13
 547 009c 03       		.byte	0x3
 548 009d 36       		.byte	0x36
 549 009e 53000000 		.4byte	0x53
 550 00a2 04       		.uleb128 0x4
 551 00a3 01040000 		.4byte	.LASF14
 552 00a7 03       		.byte	0x3
 553 00a8 41       		.byte	0x41
 554 00a9 65000000 		.4byte	0x65
 555 00ad 03       		.uleb128 0x3
 556 00ae 01       		.byte	0x1
 557 00af 02       		.byte	0x2
 558 00b0 FB030000 		.4byte	.LASF15
 559 00b4 03       		.uleb128 0x3
 560 00b5 04       		.byte	0x4
 561 00b6 07       		.byte	0x7
 562 00b7 3A030000 		.4byte	.LASF16
 563 00bb 03       		.uleb128 0x3
 564 00bc 01       		.byte	0x1
 565 00bd 08       		.byte	0x8
 566 00be 8C040000 		.4byte	.LASF17
 567 00c2 05       		.uleb128 0x5
ARM GAS  /tmp/ccDELY7X.s 			page 11


 568 00c3 A2000000 		.4byte	0xa2
 569 00c7 06       		.uleb128 0x6
 570 00c8 01       		.byte	0x1
 571 00c9 04       		.byte	0x4
 572 00ca 8D       		.byte	0x8d
 573 00cb 24010000 		.4byte	0x124
 574 00cf 07       		.uleb128 0x7
 575 00d0 79030000 		.4byte	.LASF18
 576 00d4 7F       		.sleb128 -1
 577 00d5 07       		.uleb128 0x7
 578 00d6 96020000 		.4byte	.LASF19
 579 00da 00       		.sleb128 0
 580 00db 07       		.uleb128 0x7
 581 00dc A4020000 		.4byte	.LASF20
 582 00e0 01       		.sleb128 1
 583 00e1 07       		.uleb128 0x7
 584 00e2 B2020000 		.4byte	.LASF21
 585 00e6 02       		.sleb128 2
 586 00e7 07       		.uleb128 0x7
 587 00e8 C0020000 		.4byte	.LASF22
 588 00ec 03       		.sleb128 3
 589 00ed 07       		.uleb128 0x7
 590 00ee CE020000 		.4byte	.LASF23
 591 00f2 04       		.sleb128 4
 592 00f3 07       		.uleb128 0x7
 593 00f4 DC020000 		.4byte	.LASF24
 594 00f8 05       		.sleb128 5
 595 00f9 07       		.uleb128 0x7
 596 00fa EA020000 		.4byte	.LASF25
 597 00fe 06       		.sleb128 6
 598 00ff 07       		.uleb128 0x7
 599 0100 F8020000 		.4byte	.LASF26
 600 0104 07       		.sleb128 7
 601 0105 07       		.uleb128 0x7
 602 0106 06030000 		.4byte	.LASF27
 603 010a 08       		.sleb128 8
 604 010b 07       		.uleb128 0x7
 605 010c FE040000 		.4byte	.LASF28
 606 0110 09       		.sleb128 9
 607 0111 07       		.uleb128 0x7
 608 0112 0D050000 		.4byte	.LASF29
 609 0116 0A       		.sleb128 10
 610 0117 07       		.uleb128 0x7
 611 0118 1C050000 		.4byte	.LASF30
 612 011c 0B       		.sleb128 11
 613 011d 07       		.uleb128 0x7
 614 011e 65000000 		.4byte	.LASF31
 615 0122 0C       		.sleb128 12
 616 0123 00       		.byte	0
 617 0124 06       		.uleb128 0x6
 618 0125 01       		.byte	0x1
 619 0126 04       		.byte	0x4
 620 0127 A2       		.byte	0xa2
 621 0128 39010000 		.4byte	0x139
 622 012c 07       		.uleb128 0x7
 623 012d 3E060000 		.4byte	.LASF32
 624 0131 00       		.sleb128 0
ARM GAS  /tmp/ccDELY7X.s 			page 12


 625 0132 07       		.uleb128 0x7
 626 0133 2A000000 		.4byte	.LASF33
 627 0137 01       		.sleb128 1
 628 0138 00       		.byte	0
 629 0139 06       		.uleb128 0x6
 630 013a 01       		.byte	0x1
 631 013b 05       		.byte	0x5
 632 013c 46       		.byte	0x46
 633 013d 7F010000 		.4byte	0x17f
 634 0141 07       		.uleb128 0x7
 635 0142 8A030000 		.4byte	.LASF34
 636 0146 00       		.sleb128 0
 637 0147 07       		.uleb128 0x7
 638 0148 91040000 		.4byte	.LASF35
 639 014c 01       		.sleb128 1
 640 014d 07       		.uleb128 0x7
 641 014e 9F040000 		.4byte	.LASF36
 642 0152 02       		.sleb128 2
 643 0153 07       		.uleb128 0x7
 644 0154 AD040000 		.4byte	.LASF37
 645 0158 03       		.sleb128 3
 646 0159 07       		.uleb128 0x7
 647 015a BB040000 		.4byte	.LASF38
 648 015e 04       		.sleb128 4
 649 015f 07       		.uleb128 0x7
 650 0160 C9040000 		.4byte	.LASF39
 651 0164 05       		.sleb128 5
 652 0165 07       		.uleb128 0x7
 653 0166 D7040000 		.4byte	.LASF40
 654 016a 06       		.sleb128 6
 655 016b 07       		.uleb128 0x7
 656 016c E5040000 		.4byte	.LASF41
 657 0170 07       		.sleb128 7
 658 0171 07       		.uleb128 0x7
 659 0172 4E040000 		.4byte	.LASF42
 660 0176 08       		.sleb128 8
 661 0177 07       		.uleb128 0x7
 662 0178 27040000 		.4byte	.LASF43
 663 017c E300     		.sleb128 99
 664 017e 00       		.byte	0
 665 017f 08       		.uleb128 0x8
 666 0180 98030000 		.4byte	.LASF113
 667 0184 0B       		.byte	0xb
 668 0185 06       		.byte	0x6
 669 0186 57       		.byte	0x57
 670 0187 F8010000 		.4byte	0x1f8
 671 018b 09       		.uleb128 0x9
 672 018c 43683100 		.ascii	"Ch1\000"
 673 0190 06       		.byte	0x6
 674 0191 58       		.byte	0x58
 675 0192 BB000000 		.4byte	0xbb
 676 0196 00       		.byte	0
 677 0197 09       		.uleb128 0x9
 678 0198 43683200 		.ascii	"Ch2\000"
 679 019c 06       		.byte	0x6
 680 019d 59       		.byte	0x59
 681 019e BB000000 		.4byte	0xbb
ARM GAS  /tmp/ccDELY7X.s 			page 13


 682 01a2 01       		.byte	0x1
 683 01a3 09       		.uleb128 0x9
 684 01a4 43683300 		.ascii	"Ch3\000"
 685 01a8 06       		.byte	0x6
 686 01a9 5A       		.byte	0x5a
 687 01aa BB000000 		.4byte	0xbb
 688 01ae 02       		.byte	0x2
 689 01af 09       		.uleb128 0x9
 690 01b0 43683400 		.ascii	"Ch4\000"
 691 01b4 06       		.byte	0x6
 692 01b5 5B       		.byte	0x5b
 693 01b6 BB000000 		.4byte	0xbb
 694 01ba 03       		.byte	0x3
 695 01bb 0A       		.uleb128 0xa
 696 01bc AB010000 		.4byte	.LASF44
 697 01c0 06       		.byte	0x6
 698 01c1 5C       		.byte	0x5c
 699 01c2 BB000000 		.4byte	0xbb
 700 01c6 04       		.byte	0x4
 701 01c7 0A       		.uleb128 0xa
 702 01c8 A5010000 		.4byte	.LASF45
 703 01cc 06       		.byte	0x6
 704 01cd 5D       		.byte	0x5d
 705 01ce BB000000 		.4byte	0xbb
 706 01d2 05       		.byte	0x5
 707 01d3 0A       		.uleb128 0xa
 708 01d4 B1010000 		.4byte	.LASF46
 709 01d8 06       		.byte	0x6
 710 01d9 5E       		.byte	0x5e
 711 01da BB000000 		.4byte	0xbb
 712 01de 06       		.byte	0x6
 713 01df 0A       		.uleb128 0xa
 714 01e0 91020000 		.4byte	.LASF47
 715 01e4 06       		.byte	0x6
 716 01e5 5F       		.byte	0x5f
 717 01e6 F8010000 		.4byte	0x1f8
 718 01ea 07       		.byte	0x7
 719 01eb 09       		.uleb128 0x9
 720 01ec 72657300 		.ascii	"res\000"
 721 01f0 06       		.byte	0x6
 722 01f1 60       		.byte	0x60
 723 01f2 F8010000 		.4byte	0x1f8
 724 01f6 09       		.byte	0x9
 725 01f7 00       		.byte	0
 726 01f8 0B       		.uleb128 0xb
 727 01f9 3A000000 		.4byte	0x3a
 728 01fd 08020000 		.4byte	0x208
 729 0201 0C       		.uleb128 0xc
 730 0202 B4000000 		.4byte	0xb4
 731 0206 01       		.byte	0x1
 732 0207 00       		.byte	0
 733 0208 04       		.uleb128 0x4
 734 0209 40010000 		.4byte	.LASF48
 735 020d 06       		.byte	0x6
 736 020e 61       		.byte	0x61
 737 020f 7F010000 		.4byte	0x17f
 738 0213 06       		.uleb128 0x6
ARM GAS  /tmp/ccDELY7X.s 			page 14


 739 0214 01       		.byte	0x1
 740 0215 07       		.byte	0x7
 741 0216 3F       		.byte	0x3f
 742 0217 54030000 		.4byte	0x354
 743 021b 0D       		.uleb128 0xd
 744 021c 43683100 		.ascii	"Ch1\000"
 745 0220 00       		.sleb128 0
 746 0221 0D       		.uleb128 0xd
 747 0222 43683200 		.ascii	"Ch2\000"
 748 0226 01       		.sleb128 1
 749 0227 0D       		.uleb128 0xd
 750 0228 43683300 		.ascii	"Ch3\000"
 751 022c 02       		.sleb128 2
 752 022d 0D       		.uleb128 0xd
 753 022e 43683400 		.ascii	"Ch4\000"
 754 0232 03       		.sleb128 3
 755 0233 07       		.uleb128 0x7
 756 0234 34030000 		.4byte	.LASF49
 757 0238 04       		.sleb128 4
 758 0239 07       		.uleb128 0x7
 759 023a 35050000 		.4byte	.LASF50
 760 023e 05       		.sleb128 5
 761 023f 07       		.uleb128 0x7
 762 0240 4B050000 		.4byte	.LASF51
 763 0244 06       		.sleb128 6
 764 0245 07       		.uleb128 0x7
 765 0246 45050000 		.4byte	.LASF52
 766 024a 07       		.sleb128 7
 767 024b 07       		.uleb128 0x7
 768 024c F5030000 		.4byte	.LASF53
 769 0250 08       		.sleb128 8
 770 0251 07       		.uleb128 0x7
 771 0252 17040000 		.4byte	.LASF54
 772 0256 09       		.sleb128 9
 773 0257 07       		.uleb128 0x7
 774 0258 3D040000 		.4byte	.LASF55
 775 025c 0A       		.sleb128 10
 776 025d 07       		.uleb128 0x7
 777 025e 37040000 		.4byte	.LASF56
 778 0262 0B       		.sleb128 11
 779 0263 07       		.uleb128 0x7
 780 0264 D5010000 		.4byte	.LASF57
 781 0268 0C       		.sleb128 12
 782 0269 07       		.uleb128 0x7
 783 026a 8B020000 		.4byte	.LASF58
 784 026e 0D       		.sleb128 13
 785 026f 07       		.uleb128 0x7
 786 0270 43030000 		.4byte	.LASF59
 787 0274 0E       		.sleb128 14
 788 0275 07       		.uleb128 0x7
 789 0276 0B000000 		.4byte	.LASF60
 790 027a 0F       		.sleb128 15
 791 027b 07       		.uleb128 0x7
 792 027c CE050000 		.4byte	.LASF61
 793 0280 10       		.sleb128 16
 794 0281 07       		.uleb128 0x7
 795 0282 D4050000 		.4byte	.LASF62
ARM GAS  /tmp/ccDELY7X.s 			page 15


 796 0286 11       		.sleb128 17
 797 0287 07       		.uleb128 0x7
 798 0288 DA050000 		.4byte	.LASF63
 799 028c 12       		.sleb128 18
 800 028d 07       		.uleb128 0x7
 801 028e 51050000 		.4byte	.LASF64
 802 0292 13       		.sleb128 19
 803 0293 07       		.uleb128 0x7
 804 0294 56050000 		.4byte	.LASF65
 805 0298 14       		.sleb128 20
 806 0299 07       		.uleb128 0x7
 807 029a 5B050000 		.4byte	.LASF66
 808 029e 15       		.sleb128 21
 809 029f 07       		.uleb128 0x7
 810 02a0 60050000 		.4byte	.LASF67
 811 02a4 16       		.sleb128 22
 812 02a5 07       		.uleb128 0x7
 813 02a6 47010000 		.4byte	.LASF68
 814 02aa 17       		.sleb128 23
 815 02ab 07       		.uleb128 0x7
 816 02ac 49030000 		.4byte	.LASF69
 817 02b0 8001     		.sleb128 128
 818 02b2 07       		.uleb128 0x7
 819 02b3 06060000 		.4byte	.LASF70
 820 02b7 8101     		.sleb128 129
 821 02b9 07       		.uleb128 0x7
 822 02ba 21000000 		.4byte	.LASF71
 823 02be 8201     		.sleb128 130
 824 02c0 07       		.uleb128 0x7
 825 02c1 E0000000 		.4byte	.LASF72
 826 02c5 8301     		.sleb128 131
 827 02c7 07       		.uleb128 0x7
 828 02c8 00000000 		.4byte	.LASF73
 829 02cc 8401     		.sleb128 132
 830 02ce 07       		.uleb128 0x7
 831 02cf C3050000 		.4byte	.LASF74
 832 02d3 8501     		.sleb128 133
 833 02d5 07       		.uleb128 0x7
 834 02d6 43040000 		.4byte	.LASF75
 835 02da 8601     		.sleb128 134
 836 02dc 07       		.uleb128 0x7
 837 02dd 2C010000 		.4byte	.LASF76
 838 02e1 8701     		.sleb128 135
 839 02e3 07       		.uleb128 0x7
 840 02e4 29030000 		.4byte	.LASF77
 841 02e8 8801     		.sleb128 136
 842 02ea 07       		.uleb128 0x7
 843 02eb BF010000 		.4byte	.LASF78
 844 02ef 8901     		.sleb128 137
 845 02f1 07       		.uleb128 0x7
 846 02f2 CA010000 		.4byte	.LASF79
 847 02f6 8A01     		.sleb128 138
 848 02f8 07       		.uleb128 0x7
 849 02f9 28060000 		.4byte	.LASF80
 850 02fd 8B01     		.sleb128 139
 851 02ff 07       		.uleb128 0x7
 852 0300 1E030000 		.4byte	.LASF81
ARM GAS  /tmp/ccDELY7X.s 			page 16


 853 0304 8C01     		.sleb128 140
 854 0306 07       		.uleb128 0x7
 855 0307 77010000 		.4byte	.LASF82
 856 030b 8D01     		.sleb128 141
 857 030d 07       		.uleb128 0x7
 858 030e 33060000 		.4byte	.LASF83
 859 0312 8E01     		.sleb128 142
 860 0314 07       		.uleb128 0x7
 861 0315 9F000000 		.4byte	.LASF84
 862 0319 8F01     		.sleb128 143
 863 031b 07       		.uleb128 0x7
 864 031c 58040000 		.4byte	.LASF85
 865 0320 9001     		.sleb128 144
 866 0322 07       		.uleb128 0x7
 867 0323 79050000 		.4byte	.LASF86
 868 0327 9101     		.sleb128 145
 869 0329 07       		.uleb128 0x7
 870 032a 1D060000 		.4byte	.LASF87
 871 032e 9201     		.sleb128 146
 872 0330 07       		.uleb128 0x7
 873 0331 1D040000 		.4byte	.LASF88
 874 0335 9301     		.sleb128 147
 875 0337 07       		.uleb128 0x7
 876 0338 2B050000 		.4byte	.LASF89
 877 033c 9401     		.sleb128 148
 878 033e 07       		.uleb128 0x7
 879 033f EC050000 		.4byte	.LASF90
 880 0343 9501     		.sleb128 149
 881 0345 07       		.uleb128 0x7
 882 0346 84050000 		.4byte	.LASF91
 883 034a 9601     		.sleb128 150
 884 034c 07       		.uleb128 0x7
 885 034d E0050000 		.4byte	.LASF92
 886 0351 9701     		.sleb128 151
 887 0353 00       		.byte	0
 888 0354 04       		.uleb128 0x4
 889 0355 8E050000 		.4byte	.LASF93
 890 0359 07       		.byte	0x7
 891 035a 51       		.byte	0x51
 892 035b 13020000 		.4byte	0x213
 893 035f 06       		.uleb128 0x6
 894 0360 01       		.byte	0x1
 895 0361 07       		.byte	0x7
 896 0362 56       		.byte	0x56
 897 0363 A0030000 		.4byte	0x3a0
 898 0367 07       		.uleb128 0x7
 899 0368 98050000 		.4byte	.LASF94
 900 036c 00       		.sleb128 0
 901 036d 07       		.uleb128 0x7
 902 036e 52030000 		.4byte	.LASF95
 903 0372 01       		.sleb128 1
 904 0373 07       		.uleb128 0x7
 905 0374 5D030000 		.4byte	.LASF96
 906 0378 02       		.sleb128 2
 907 0379 07       		.uleb128 0x7
 908 037a A7050000 		.4byte	.LASF97
 909 037e 04       		.sleb128 4
ARM GAS  /tmp/ccDELY7X.s 			page 17


 910 037f 07       		.uleb128 0x7
 911 0380 53010000 		.4byte	.LASF98
 912 0384 08       		.sleb128 8
 913 0385 07       		.uleb128 0x7
 914 0386 11000000 		.4byte	.LASF99
 915 038a 10       		.sleb128 16
 916 038b 07       		.uleb128 0x7
 917 038c CC000000 		.4byte	.LASF100
 918 0390 20       		.sleb128 32
 919 0391 07       		.uleb128 0x7
 920 0392 65050000 		.4byte	.LASF101
 921 0396 C000     		.sleb128 64
 922 0398 07       		.uleb128 0x7
 923 0399 0F060000 		.4byte	.LASF102
 924 039d 8001     		.sleb128 128
 925 039f 00       		.byte	0
 926 03a0 0E       		.uleb128 0xe
 927 03a1 02010000 		.4byte	.LASF104
 928 03a5 01       		.byte	0x1
 929 03a6 45       		.byte	0x45
 930 03a7 8C000000 		.4byte	0x8c
 931 03ab 00000000 		.4byte	.LFB63
 932 03af 30000000 		.4byte	.LFE63-.LFB63
 933 03b3 01       		.uleb128 0x1
 934 03b4 9C       		.byte	0x9c
 935 03b5 E1030000 		.4byte	0x3e1
 936 03b9 0F       		.uleb128 0xf
 937 03ba 63746C00 		.ascii	"ctl\000"
 938 03be 01       		.byte	0x1
 939 03bf 45       		.byte	0x45
 940 03c0 97000000 		.4byte	0x97
 941 03c4 00000000 		.4byte	.LLST0
 942 03c8 10       		.uleb128 0x10
 943 03c9 4E010000 		.4byte	.LASF103
 944 03cd 01       		.byte	0x1
 945 03ce 45       		.byte	0x45
 946 03cf 8C000000 		.4byte	0x8c
 947 03d3 21000000 		.4byte	.LLST1
 948 03d7 11       		.uleb128 0x11
 949 03d8 0A000000 		.4byte	.LVL1
 950 03dc D8040000 		.4byte	0x4d8
 951 03e0 00       		.byte	0
 952 03e1 0E       		.uleb128 0xe
 953 03e2 75000000 		.4byte	.LASF105
 954 03e6 01       		.byte	0x1
 955 03e7 5F       		.byte	0x5f
 956 03e8 97000000 		.4byte	0x97
 957 03ec 00000000 		.4byte	.LFB64
 958 03f0 20000000 		.4byte	.LFE64-.LFB64
 959 03f4 01       		.uleb128 0x1
 960 03f5 9C       		.byte	0x9c
 961 03f6 13040000 		.4byte	0x413
 962 03fa 12       		.uleb128 0x12
 963 03fb 63746C00 		.ascii	"ctl\000"
 964 03ff 01       		.byte	0x1
 965 0400 61       		.byte	0x61
 966 0401 97000000 		.4byte	0x97
ARM GAS  /tmp/ccDELY7X.s 			page 18


 967 0405 42000000 		.4byte	.LLST2
 968 0409 11       		.uleb128 0x11
 969 040a 06000000 		.4byte	.LVL2
 970 040e D8040000 		.4byte	0x4d8
 971 0412 00       		.byte	0
 972 0413 0E       		.uleb128 0xe
 973 0414 68030000 		.4byte	.LASF106
 974 0418 01       		.byte	0x1
 975 0419 7C       		.byte	0x7c
 976 041a 8C000000 		.4byte	0x8c
 977 041e 00000000 		.4byte	.LFB65
 978 0422 2A010000 		.4byte	.LFE65-.LFB65
 979 0426 01       		.uleb128 0x1
 980 0427 9C       		.byte	0x9c
 981 0428 5E040000 		.4byte	0x45e
 982 042c 10       		.uleb128 0x10
 983 042d 00060000 		.4byte	.LASF107
 984 0431 01       		.byte	0x1
 985 0432 7C       		.byte	0x7c
 986 0433 54030000 		.4byte	0x354
 987 0437 60000000 		.4byte	.LLST3
 988 043b 12       		.uleb128 0x12
 989 043c 6A7300   		.ascii	"js\000"
 990 043f 01       		.byte	0x1
 991 0440 7E       		.byte	0x7e
 992 0441 5E040000 		.4byte	0x45e
 993 0445 81000000 		.4byte	.LLST4
 994 0449 13       		.uleb128 0x13
 995 044a 63040000 		.4byte	.LASF114
 996 044e 01       		.byte	0x1
 997 044f 7F       		.byte	0x7f
 998 0450 8C000000 		.4byte	0x8c
 999 0454 11       		.uleb128 0x11
 1000 0455 14000000 		.4byte	.LVL7
 1001 0459 E3040000 		.4byte	0x4e3
 1002 045d 00       		.byte	0
 1003 045e 14       		.uleb128 0x14
 1004 045f 04       		.byte	0x4
 1005 0460 08020000 		.4byte	0x208
 1006 0464 15       		.uleb128 0x15
 1007 0465 73040000 		.4byte	.LASF115
 1008 0469 01       		.byte	0x1
 1009 046a EC       		.byte	0xec
 1010 046b 00000000 		.4byte	.LFB66
 1011 046f 26000000 		.4byte	.LFE66-.LFB66
 1012 0473 01       		.uleb128 0x1
 1013 0474 9C       		.byte	0x9c
 1014 0475 BB040000 		.4byte	0x4bb
 1015 0479 10       		.uleb128 0x10
 1016 047a 00060000 		.4byte	.LASF107
 1017 047e 01       		.byte	0x1
 1018 047f EC       		.byte	0xec
 1019 0480 54030000 		.4byte	0x354
 1020 0484 A7010000 		.4byte	.LLST5
 1021 0488 16       		.uleb128 0x16
 1022 0489 B7010000 		.4byte	.LASF108
 1023 048d 01       		.byte	0x1
ARM GAS  /tmp/ccDELY7X.s 			page 19


 1024 048e EE       		.byte	0xee
 1025 048f 25000000 		.4byte	0x25
 1026 0493 C8010000 		.4byte	.LLST6
 1027 0497 17       		.uleb128 0x17
 1028 0498 16000000 		.4byte	.LVL61
 1029 049c F8040000 		.4byte	0x4f8
 1030 04a0 AA040000 		.4byte	0x4aa
 1031 04a4 18       		.uleb128 0x18
 1032 04a5 01       		.uleb128 0x1
 1033 04a6 50       		.byte	0x50
 1034 04a7 01       		.uleb128 0x1
 1035 04a8 49       		.byte	0x49
 1036 04a9 00       		.byte	0
 1037 04aa 19       		.uleb128 0x19
 1038 04ab 20000000 		.4byte	.LVL64
 1039 04af 13040000 		.4byte	0x413
 1040 04b3 18       		.uleb128 0x18
 1041 04b4 01       		.uleb128 0x1
 1042 04b5 50       		.byte	0x50
 1043 04b6 02       		.uleb128 0x2
 1044 04b7 75       		.byte	0x75
 1045 04b8 00       		.sleb128 0
 1046 04b9 00       		.byte	0
 1047 04ba 00       		.byte	0
 1048 04bb 1A       		.uleb128 0x1a
 1049 04bc B1050000 		.4byte	.LASF109
 1050 04c0 01       		.byte	0x1
 1051 04c1 3B       		.byte	0x3b
 1052 04c2 97000000 		.4byte	0x97
 1053 04c6 05       		.uleb128 0x5
 1054 04c7 03       		.byte	0x3
 1055 04c8 00000000 		.4byte	vexLocalCompState
 1056 04cc 1B       		.uleb128 0x1b
 1057 04cd 92000000 		.4byte	.LASF116
 1058 04d1 08       		.byte	0x8
 1059 04d2 0706     		.2byte	0x607
 1060 04d4 C2000000 		.4byte	0xc2
 1061 04d8 1C       		.uleb128 0x1c
 1062 04d9 82010000 		.4byte	.LASF117
 1063 04dd 06       		.byte	0x6
 1064 04de B0       		.byte	0xb0
 1065 04df 97000000 		.4byte	0x97
 1066 04e3 1D       		.uleb128 0x1d
 1067 04e4 E9000000 		.4byte	.LASF118
 1068 04e8 06       		.byte	0x6
 1069 04e9 AF       		.byte	0xaf
 1070 04ea 5E040000 		.4byte	0x45e
 1071 04ee F8040000 		.4byte	0x4f8
 1072 04f2 1E       		.uleb128 0x1e
 1073 04f3 8C000000 		.4byte	0x8c
 1074 04f7 00       		.byte	0
 1075 04f8 1F       		.uleb128 0x1f
 1076 04f9 6A040000 		.4byte	.LASF119
 1077 04fd 09       		.byte	0x9
 1078 04fe A5       		.byte	0xa5
 1079 04ff 1E       		.uleb128 0x1e
 1080 0500 A2000000 		.4byte	0xa2
ARM GAS  /tmp/ccDELY7X.s 			page 20


 1081 0504 00       		.byte	0
 1082 0505 00       		.byte	0
 1083              		.section	.debug_abbrev,"",%progbits
 1084              	.Ldebug_abbrev0:
 1085 0000 01       		.uleb128 0x1
 1086 0001 11       		.uleb128 0x11
 1087 0002 01       		.byte	0x1
 1088 0003 25       		.uleb128 0x25
 1089 0004 0E       		.uleb128 0xe
 1090 0005 13       		.uleb128 0x13
 1091 0006 0B       		.uleb128 0xb
 1092 0007 03       		.uleb128 0x3
 1093 0008 0E       		.uleb128 0xe
 1094 0009 1B       		.uleb128 0x1b
 1095 000a 0E       		.uleb128 0xe
 1096 000b 55       		.uleb128 0x55
 1097 000c 17       		.uleb128 0x17
 1098 000d 11       		.uleb128 0x11
 1099 000e 01       		.uleb128 0x1
 1100 000f 10       		.uleb128 0x10
 1101 0010 17       		.uleb128 0x17
 1102 0011 00       		.byte	0
 1103 0012 00       		.byte	0
 1104 0013 02       		.uleb128 0x2
 1105 0014 24       		.uleb128 0x24
 1106 0015 00       		.byte	0
 1107 0016 0B       		.uleb128 0xb
 1108 0017 0B       		.uleb128 0xb
 1109 0018 3E       		.uleb128 0x3e
 1110 0019 0B       		.uleb128 0xb
 1111 001a 03       		.uleb128 0x3
 1112 001b 08       		.uleb128 0x8
 1113 001c 00       		.byte	0
 1114 001d 00       		.byte	0
 1115 001e 03       		.uleb128 0x3
 1116 001f 24       		.uleb128 0x24
 1117 0020 00       		.byte	0
 1118 0021 0B       		.uleb128 0xb
 1119 0022 0B       		.uleb128 0xb
 1120 0023 3E       		.uleb128 0x3e
 1121 0024 0B       		.uleb128 0xb
 1122 0025 03       		.uleb128 0x3
 1123 0026 0E       		.uleb128 0xe
 1124 0027 00       		.byte	0
 1125 0028 00       		.byte	0
 1126 0029 04       		.uleb128 0x4
 1127 002a 16       		.uleb128 0x16
 1128 002b 00       		.byte	0
 1129 002c 03       		.uleb128 0x3
 1130 002d 0E       		.uleb128 0xe
 1131 002e 3A       		.uleb128 0x3a
 1132 002f 0B       		.uleb128 0xb
 1133 0030 3B       		.uleb128 0x3b
 1134 0031 0B       		.uleb128 0xb
 1135 0032 49       		.uleb128 0x49
 1136 0033 13       		.uleb128 0x13
 1137 0034 00       		.byte	0
ARM GAS  /tmp/ccDELY7X.s 			page 21


 1138 0035 00       		.byte	0
 1139 0036 05       		.uleb128 0x5
 1140 0037 35       		.uleb128 0x35
 1141 0038 00       		.byte	0
 1142 0039 49       		.uleb128 0x49
 1143 003a 13       		.uleb128 0x13
 1144 003b 00       		.byte	0
 1145 003c 00       		.byte	0
 1146 003d 06       		.uleb128 0x6
 1147 003e 04       		.uleb128 0x4
 1148 003f 01       		.byte	0x1
 1149 0040 0B       		.uleb128 0xb
 1150 0041 0B       		.uleb128 0xb
 1151 0042 3A       		.uleb128 0x3a
 1152 0043 0B       		.uleb128 0xb
 1153 0044 3B       		.uleb128 0x3b
 1154 0045 0B       		.uleb128 0xb
 1155 0046 01       		.uleb128 0x1
 1156 0047 13       		.uleb128 0x13
 1157 0048 00       		.byte	0
 1158 0049 00       		.byte	0
 1159 004a 07       		.uleb128 0x7
 1160 004b 28       		.uleb128 0x28
 1161 004c 00       		.byte	0
 1162 004d 03       		.uleb128 0x3
 1163 004e 0E       		.uleb128 0xe
 1164 004f 1C       		.uleb128 0x1c
 1165 0050 0D       		.uleb128 0xd
 1166 0051 00       		.byte	0
 1167 0052 00       		.byte	0
 1168 0053 08       		.uleb128 0x8
 1169 0054 13       		.uleb128 0x13
 1170 0055 01       		.byte	0x1
 1171 0056 03       		.uleb128 0x3
 1172 0057 0E       		.uleb128 0xe
 1173 0058 0B       		.uleb128 0xb
 1174 0059 0B       		.uleb128 0xb
 1175 005a 3A       		.uleb128 0x3a
 1176 005b 0B       		.uleb128 0xb
 1177 005c 3B       		.uleb128 0x3b
 1178 005d 0B       		.uleb128 0xb
 1179 005e 01       		.uleb128 0x1
 1180 005f 13       		.uleb128 0x13
 1181 0060 00       		.byte	0
 1182 0061 00       		.byte	0
 1183 0062 09       		.uleb128 0x9
 1184 0063 0D       		.uleb128 0xd
 1185 0064 00       		.byte	0
 1186 0065 03       		.uleb128 0x3
 1187 0066 08       		.uleb128 0x8
 1188 0067 3A       		.uleb128 0x3a
 1189 0068 0B       		.uleb128 0xb
 1190 0069 3B       		.uleb128 0x3b
 1191 006a 0B       		.uleb128 0xb
 1192 006b 49       		.uleb128 0x49
 1193 006c 13       		.uleb128 0x13
 1194 006d 38       		.uleb128 0x38
ARM GAS  /tmp/ccDELY7X.s 			page 22


 1195 006e 0B       		.uleb128 0xb
 1196 006f 00       		.byte	0
 1197 0070 00       		.byte	0
 1198 0071 0A       		.uleb128 0xa
 1199 0072 0D       		.uleb128 0xd
 1200 0073 00       		.byte	0
 1201 0074 03       		.uleb128 0x3
 1202 0075 0E       		.uleb128 0xe
 1203 0076 3A       		.uleb128 0x3a
 1204 0077 0B       		.uleb128 0xb
 1205 0078 3B       		.uleb128 0x3b
 1206 0079 0B       		.uleb128 0xb
 1207 007a 49       		.uleb128 0x49
 1208 007b 13       		.uleb128 0x13
 1209 007c 38       		.uleb128 0x38
 1210 007d 0B       		.uleb128 0xb
 1211 007e 00       		.byte	0
 1212 007f 00       		.byte	0
 1213 0080 0B       		.uleb128 0xb
 1214 0081 01       		.uleb128 0x1
 1215 0082 01       		.byte	0x1
 1216 0083 49       		.uleb128 0x49
 1217 0084 13       		.uleb128 0x13
 1218 0085 01       		.uleb128 0x1
 1219 0086 13       		.uleb128 0x13
 1220 0087 00       		.byte	0
 1221 0088 00       		.byte	0
 1222 0089 0C       		.uleb128 0xc
 1223 008a 21       		.uleb128 0x21
 1224 008b 00       		.byte	0
 1225 008c 49       		.uleb128 0x49
 1226 008d 13       		.uleb128 0x13
 1227 008e 2F       		.uleb128 0x2f
 1228 008f 0B       		.uleb128 0xb
 1229 0090 00       		.byte	0
 1230 0091 00       		.byte	0
 1231 0092 0D       		.uleb128 0xd
 1232 0093 28       		.uleb128 0x28
 1233 0094 00       		.byte	0
 1234 0095 03       		.uleb128 0x3
 1235 0096 08       		.uleb128 0x8
 1236 0097 1C       		.uleb128 0x1c
 1237 0098 0D       		.uleb128 0xd
 1238 0099 00       		.byte	0
 1239 009a 00       		.byte	0
 1240 009b 0E       		.uleb128 0xe
 1241 009c 2E       		.uleb128 0x2e
 1242 009d 01       		.byte	0x1
 1243 009e 3F       		.uleb128 0x3f
 1244 009f 19       		.uleb128 0x19
 1245 00a0 03       		.uleb128 0x3
 1246 00a1 0E       		.uleb128 0xe
 1247 00a2 3A       		.uleb128 0x3a
 1248 00a3 0B       		.uleb128 0xb
 1249 00a4 3B       		.uleb128 0x3b
 1250 00a5 0B       		.uleb128 0xb
 1251 00a6 27       		.uleb128 0x27
ARM GAS  /tmp/ccDELY7X.s 			page 23


 1252 00a7 19       		.uleb128 0x19
 1253 00a8 49       		.uleb128 0x49
 1254 00a9 13       		.uleb128 0x13
 1255 00aa 11       		.uleb128 0x11
 1256 00ab 01       		.uleb128 0x1
 1257 00ac 12       		.uleb128 0x12
 1258 00ad 06       		.uleb128 0x6
 1259 00ae 40       		.uleb128 0x40
 1260 00af 18       		.uleb128 0x18
 1261 00b0 9742     		.uleb128 0x2117
 1262 00b2 19       		.uleb128 0x19
 1263 00b3 01       		.uleb128 0x1
 1264 00b4 13       		.uleb128 0x13
 1265 00b5 00       		.byte	0
 1266 00b6 00       		.byte	0
 1267 00b7 0F       		.uleb128 0xf
 1268 00b8 05       		.uleb128 0x5
 1269 00b9 00       		.byte	0
 1270 00ba 03       		.uleb128 0x3
 1271 00bb 08       		.uleb128 0x8
 1272 00bc 3A       		.uleb128 0x3a
 1273 00bd 0B       		.uleb128 0xb
 1274 00be 3B       		.uleb128 0x3b
 1275 00bf 0B       		.uleb128 0xb
 1276 00c0 49       		.uleb128 0x49
 1277 00c1 13       		.uleb128 0x13
 1278 00c2 02       		.uleb128 0x2
 1279 00c3 17       		.uleb128 0x17
 1280 00c4 00       		.byte	0
 1281 00c5 00       		.byte	0
 1282 00c6 10       		.uleb128 0x10
 1283 00c7 05       		.uleb128 0x5
 1284 00c8 00       		.byte	0
 1285 00c9 03       		.uleb128 0x3
 1286 00ca 0E       		.uleb128 0xe
 1287 00cb 3A       		.uleb128 0x3a
 1288 00cc 0B       		.uleb128 0xb
 1289 00cd 3B       		.uleb128 0x3b
 1290 00ce 0B       		.uleb128 0xb
 1291 00cf 49       		.uleb128 0x49
 1292 00d0 13       		.uleb128 0x13
 1293 00d1 02       		.uleb128 0x2
 1294 00d2 17       		.uleb128 0x17
 1295 00d3 00       		.byte	0
 1296 00d4 00       		.byte	0
 1297 00d5 11       		.uleb128 0x11
 1298 00d6 898201   		.uleb128 0x4109
 1299 00d9 00       		.byte	0
 1300 00da 11       		.uleb128 0x11
 1301 00db 01       		.uleb128 0x1
 1302 00dc 31       		.uleb128 0x31
 1303 00dd 13       		.uleb128 0x13
 1304 00de 00       		.byte	0
 1305 00df 00       		.byte	0
 1306 00e0 12       		.uleb128 0x12
 1307 00e1 34       		.uleb128 0x34
 1308 00e2 00       		.byte	0
ARM GAS  /tmp/ccDELY7X.s 			page 24


 1309 00e3 03       		.uleb128 0x3
 1310 00e4 08       		.uleb128 0x8
 1311 00e5 3A       		.uleb128 0x3a
 1312 00e6 0B       		.uleb128 0xb
 1313 00e7 3B       		.uleb128 0x3b
 1314 00e8 0B       		.uleb128 0xb
 1315 00e9 49       		.uleb128 0x49
 1316 00ea 13       		.uleb128 0x13
 1317 00eb 02       		.uleb128 0x2
 1318 00ec 17       		.uleb128 0x17
 1319 00ed 00       		.byte	0
 1320 00ee 00       		.byte	0
 1321 00ef 13       		.uleb128 0x13
 1322 00f0 34       		.uleb128 0x34
 1323 00f1 00       		.byte	0
 1324 00f2 03       		.uleb128 0x3
 1325 00f3 0E       		.uleb128 0xe
 1326 00f4 3A       		.uleb128 0x3a
 1327 00f5 0B       		.uleb128 0xb
 1328 00f6 3B       		.uleb128 0x3b
 1329 00f7 0B       		.uleb128 0xb
 1330 00f8 49       		.uleb128 0x49
 1331 00f9 13       		.uleb128 0x13
 1332 00fa 00       		.byte	0
 1333 00fb 00       		.byte	0
 1334 00fc 14       		.uleb128 0x14
 1335 00fd 0F       		.uleb128 0xf
 1336 00fe 00       		.byte	0
 1337 00ff 0B       		.uleb128 0xb
 1338 0100 0B       		.uleb128 0xb
 1339 0101 49       		.uleb128 0x49
 1340 0102 13       		.uleb128 0x13
 1341 0103 00       		.byte	0
 1342 0104 00       		.byte	0
 1343 0105 15       		.uleb128 0x15
 1344 0106 2E       		.uleb128 0x2e
 1345 0107 01       		.byte	0x1
 1346 0108 3F       		.uleb128 0x3f
 1347 0109 19       		.uleb128 0x19
 1348 010a 03       		.uleb128 0x3
 1349 010b 0E       		.uleb128 0xe
 1350 010c 3A       		.uleb128 0x3a
 1351 010d 0B       		.uleb128 0xb
 1352 010e 3B       		.uleb128 0x3b
 1353 010f 0B       		.uleb128 0xb
 1354 0110 27       		.uleb128 0x27
 1355 0111 19       		.uleb128 0x19
 1356 0112 11       		.uleb128 0x11
 1357 0113 01       		.uleb128 0x1
 1358 0114 12       		.uleb128 0x12
 1359 0115 06       		.uleb128 0x6
 1360 0116 40       		.uleb128 0x40
 1361 0117 18       		.uleb128 0x18
 1362 0118 9742     		.uleb128 0x2117
 1363 011a 19       		.uleb128 0x19
 1364 011b 01       		.uleb128 0x1
 1365 011c 13       		.uleb128 0x13
ARM GAS  /tmp/ccDELY7X.s 			page 25


 1366 011d 00       		.byte	0
 1367 011e 00       		.byte	0
 1368 011f 16       		.uleb128 0x16
 1369 0120 34       		.uleb128 0x34
 1370 0121 00       		.byte	0
 1371 0122 03       		.uleb128 0x3
 1372 0123 0E       		.uleb128 0xe
 1373 0124 3A       		.uleb128 0x3a
 1374 0125 0B       		.uleb128 0xb
 1375 0126 3B       		.uleb128 0x3b
 1376 0127 0B       		.uleb128 0xb
 1377 0128 49       		.uleb128 0x49
 1378 0129 13       		.uleb128 0x13
 1379 012a 02       		.uleb128 0x2
 1380 012b 17       		.uleb128 0x17
 1381 012c 00       		.byte	0
 1382 012d 00       		.byte	0
 1383 012e 17       		.uleb128 0x17
 1384 012f 898201   		.uleb128 0x4109
 1385 0132 01       		.byte	0x1
 1386 0133 11       		.uleb128 0x11
 1387 0134 01       		.uleb128 0x1
 1388 0135 31       		.uleb128 0x31
 1389 0136 13       		.uleb128 0x13
 1390 0137 01       		.uleb128 0x1
 1391 0138 13       		.uleb128 0x13
 1392 0139 00       		.byte	0
 1393 013a 00       		.byte	0
 1394 013b 18       		.uleb128 0x18
 1395 013c 8A8201   		.uleb128 0x410a
 1396 013f 00       		.byte	0
 1397 0140 02       		.uleb128 0x2
 1398 0141 18       		.uleb128 0x18
 1399 0142 9142     		.uleb128 0x2111
 1400 0144 18       		.uleb128 0x18
 1401 0145 00       		.byte	0
 1402 0146 00       		.byte	0
 1403 0147 19       		.uleb128 0x19
 1404 0148 898201   		.uleb128 0x4109
 1405 014b 01       		.byte	0x1
 1406 014c 11       		.uleb128 0x11
 1407 014d 01       		.uleb128 0x1
 1408 014e 31       		.uleb128 0x31
 1409 014f 13       		.uleb128 0x13
 1410 0150 00       		.byte	0
 1411 0151 00       		.byte	0
 1412 0152 1A       		.uleb128 0x1a
 1413 0153 34       		.uleb128 0x34
 1414 0154 00       		.byte	0
 1415 0155 03       		.uleb128 0x3
 1416 0156 0E       		.uleb128 0xe
 1417 0157 3A       		.uleb128 0x3a
 1418 0158 0B       		.uleb128 0xb
 1419 0159 3B       		.uleb128 0x3b
 1420 015a 0B       		.uleb128 0xb
 1421 015b 49       		.uleb128 0x49
 1422 015c 13       		.uleb128 0x13
ARM GAS  /tmp/ccDELY7X.s 			page 26


 1423 015d 02       		.uleb128 0x2
 1424 015e 18       		.uleb128 0x18
 1425 015f 00       		.byte	0
 1426 0160 00       		.byte	0
 1427 0161 1B       		.uleb128 0x1b
 1428 0162 34       		.uleb128 0x34
 1429 0163 00       		.byte	0
 1430 0164 03       		.uleb128 0x3
 1431 0165 0E       		.uleb128 0xe
 1432 0166 3A       		.uleb128 0x3a
 1433 0167 0B       		.uleb128 0xb
 1434 0168 3B       		.uleb128 0x3b
 1435 0169 05       		.uleb128 0x5
 1436 016a 49       		.uleb128 0x49
 1437 016b 13       		.uleb128 0x13
 1438 016c 3F       		.uleb128 0x3f
 1439 016d 19       		.uleb128 0x19
 1440 016e 3C       		.uleb128 0x3c
 1441 016f 19       		.uleb128 0x19
 1442 0170 00       		.byte	0
 1443 0171 00       		.byte	0
 1444 0172 1C       		.uleb128 0x1c
 1445 0173 2E       		.uleb128 0x2e
 1446 0174 00       		.byte	0
 1447 0175 3F       		.uleb128 0x3f
 1448 0176 19       		.uleb128 0x19
 1449 0177 03       		.uleb128 0x3
 1450 0178 0E       		.uleb128 0xe
 1451 0179 3A       		.uleb128 0x3a
 1452 017a 0B       		.uleb128 0xb
 1453 017b 3B       		.uleb128 0x3b
 1454 017c 0B       		.uleb128 0xb
 1455 017d 27       		.uleb128 0x27
 1456 017e 19       		.uleb128 0x19
 1457 017f 49       		.uleb128 0x49
 1458 0180 13       		.uleb128 0x13
 1459 0181 3C       		.uleb128 0x3c
 1460 0182 19       		.uleb128 0x19
 1461 0183 00       		.byte	0
 1462 0184 00       		.byte	0
 1463 0185 1D       		.uleb128 0x1d
 1464 0186 2E       		.uleb128 0x2e
 1465 0187 01       		.byte	0x1
 1466 0188 3F       		.uleb128 0x3f
 1467 0189 19       		.uleb128 0x19
 1468 018a 03       		.uleb128 0x3
 1469 018b 0E       		.uleb128 0xe
 1470 018c 3A       		.uleb128 0x3a
 1471 018d 0B       		.uleb128 0xb
 1472 018e 3B       		.uleb128 0x3b
 1473 018f 0B       		.uleb128 0xb
 1474 0190 27       		.uleb128 0x27
 1475 0191 19       		.uleb128 0x19
 1476 0192 49       		.uleb128 0x49
 1477 0193 13       		.uleb128 0x13
 1478 0194 3C       		.uleb128 0x3c
 1479 0195 19       		.uleb128 0x19
ARM GAS  /tmp/ccDELY7X.s 			page 27


 1480 0196 01       		.uleb128 0x1
 1481 0197 13       		.uleb128 0x13
 1482 0198 00       		.byte	0
 1483 0199 00       		.byte	0
 1484 019a 1E       		.uleb128 0x1e
 1485 019b 05       		.uleb128 0x5
 1486 019c 00       		.byte	0
 1487 019d 49       		.uleb128 0x49
 1488 019e 13       		.uleb128 0x13
 1489 019f 00       		.byte	0
 1490 01a0 00       		.byte	0
 1491 01a1 1F       		.uleb128 0x1f
 1492 01a2 2E       		.uleb128 0x2e
 1493 01a3 01       		.byte	0x1
 1494 01a4 3F       		.uleb128 0x3f
 1495 01a5 19       		.uleb128 0x19
 1496 01a6 03       		.uleb128 0x3
 1497 01a7 0E       		.uleb128 0xe
 1498 01a8 3A       		.uleb128 0x3a
 1499 01a9 0B       		.uleb128 0xb
 1500 01aa 3B       		.uleb128 0x3b
 1501 01ab 0B       		.uleb128 0xb
 1502 01ac 27       		.uleb128 0x27
 1503 01ad 19       		.uleb128 0x19
 1504 01ae 3C       		.uleb128 0x3c
 1505 01af 19       		.uleb128 0x19
 1506 01b0 00       		.byte	0
 1507 01b1 00       		.byte	0
 1508 01b2 00       		.byte	0
 1509              		.section	.debug_loc,"",%progbits
 1510              	.Ldebug_loc0:
 1511              	.LLST0:
 1512 0000 00000000 		.4byte	.LVL0
 1513 0004 09000000 		.4byte	.LVL1-1
 1514 0008 0100     		.2byte	0x1
 1515 000a 50       		.byte	0x50
 1516 000b 09000000 		.4byte	.LVL1-1
 1517 000f 30000000 		.4byte	.LFE63
 1518 0013 0400     		.2byte	0x4
 1519 0015 F3       		.byte	0xf3
 1520 0016 01       		.uleb128 0x1
 1521 0017 50       		.byte	0x50
 1522 0018 9F       		.byte	0x9f
 1523 0019 00000000 		.4byte	0
 1524 001d 00000000 		.4byte	0
 1525              	.LLST1:
 1526 0021 00000000 		.4byte	.LVL0
 1527 0025 09000000 		.4byte	.LVL1-1
 1528 0029 0100     		.2byte	0x1
 1529 002b 51       		.byte	0x51
 1530 002c 09000000 		.4byte	.LVL1-1
 1531 0030 30000000 		.4byte	.LFE63
 1532 0034 0400     		.2byte	0x4
 1533 0036 F3       		.byte	0xf3
 1534 0037 01       		.uleb128 0x1
 1535 0038 51       		.byte	0x51
 1536 0039 9F       		.byte	0x9f
ARM GAS  /tmp/ccDELY7X.s 			page 28


 1537 003a 00000000 		.4byte	0
 1538 003e 00000000 		.4byte	0
 1539              	.LLST2:
 1540 0042 06000000 		.4byte	.LVL2
 1541 0046 18000000 		.4byte	.LVL3
 1542 004a 0100     		.2byte	0x1
 1543 004c 50       		.byte	0x50
 1544 004d 1A000000 		.4byte	.LVL4
 1545 0051 20000000 		.4byte	.LFE64
 1546 0055 0100     		.2byte	0x1
 1547 0057 50       		.byte	0x50
 1548 0058 00000000 		.4byte	0
 1549 005c 00000000 		.4byte	0
 1550              	.LLST3:
 1551 0060 00000000 		.4byte	.LVL5
 1552 0064 06000000 		.4byte	.LVL6
 1553 0068 0100     		.2byte	0x1
 1554 006a 50       		.byte	0x50
 1555 006b 06000000 		.4byte	.LVL6
 1556 006f 2A010000 		.4byte	.LFE65
 1557 0073 0400     		.2byte	0x4
 1558 0075 F3       		.byte	0xf3
 1559 0076 01       		.uleb128 0x1
 1560 0077 50       		.byte	0x50
 1561 0078 9F       		.byte	0x9f
 1562 0079 00000000 		.4byte	0
 1563 007d 00000000 		.4byte	0
 1564              	.LLST4:
 1565 0081 14000000 		.4byte	.LVL7
 1566 0085 3E000000 		.4byte	.LVL8
 1567 0089 0100     		.2byte	0x1
 1568 008b 50       		.byte	0x50
 1569 008c 48000000 		.4byte	.LVL9
 1570 0090 4A000000 		.4byte	.LVL10
 1571 0094 0100     		.2byte	0x1
 1572 0096 50       		.byte	0x50
 1573 0097 54000000 		.4byte	.LVL11
 1574 009b 56000000 		.4byte	.LVL12
 1575 009f 0100     		.2byte	0x1
 1576 00a1 50       		.byte	0x50
 1577 00a2 60000000 		.4byte	.LVL13
 1578 00a6 62000000 		.4byte	.LVL14
 1579 00aa 0100     		.2byte	0x1
 1580 00ac 50       		.byte	0x50
 1581 00ad 68000000 		.4byte	.LVL15
 1582 00b1 6A000000 		.4byte	.LVL16
 1583 00b5 0100     		.2byte	0x1
 1584 00b7 50       		.byte	0x50
 1585 00b8 70000000 		.4byte	.LVL17
 1586 00bc 72000000 		.4byte	.LVL18
 1587 00c0 0100     		.2byte	0x1
 1588 00c2 50       		.byte	0x50
 1589 00c3 7A000000 		.4byte	.LVL19
 1590 00c7 86000000 		.4byte	.LVL20
 1591 00cb 0100     		.2byte	0x1
 1592 00cd 50       		.byte	0x50
 1593 00ce 88000000 		.4byte	.LVL21
ARM GAS  /tmp/ccDELY7X.s 			page 29


 1594 00d2 94000000 		.4byte	.LVL22
 1595 00d6 0100     		.2byte	0x1
 1596 00d8 50       		.byte	0x50
 1597 00d9 96000000 		.4byte	.LVL23
 1598 00dd 98000000 		.4byte	.LVL24
 1599 00e1 0100     		.2byte	0x1
 1600 00e3 50       		.byte	0x50
 1601 00e4 9E000000 		.4byte	.LVL25
 1602 00e8 A0000000 		.4byte	.LVL26
 1603 00ec 0100     		.2byte	0x1
 1604 00ee 50       		.byte	0x50
 1605 00ef A6000000 		.4byte	.LVL27
 1606 00f3 A8000000 		.4byte	.LVL28
 1607 00f7 0100     		.2byte	0x1
 1608 00f9 50       		.byte	0x50
 1609 00fa AE000000 		.4byte	.LVL29
 1610 00fe B0000000 		.4byte	.LVL30
 1611 0102 0100     		.2byte	0x1
 1612 0104 50       		.byte	0x50
 1613 0105 B6000000 		.4byte	.LVL31
 1614 0109 BA000000 		.4byte	.LVL32
 1615 010d 0100     		.2byte	0x1
 1616 010f 50       		.byte	0x50
 1617 0110 BE000000 		.4byte	.LVL33
 1618 0114 C0000000 		.4byte	.LVL34
 1619 0118 0100     		.2byte	0x1
 1620 011a 50       		.byte	0x50
 1621 011b C6000000 		.4byte	.LVL35
 1622 011f C8000000 		.4byte	.LVL36
 1623 0123 0100     		.2byte	0x1
 1624 0125 50       		.byte	0x50
 1625 0126 CE000000 		.4byte	.LVL37
 1626 012a D0000000 		.4byte	.LVL38
 1627 012e 0100     		.2byte	0x1
 1628 0130 50       		.byte	0x50
 1629 0131 D6000000 		.4byte	.LVL39
 1630 0135 D8000000 		.4byte	.LVL40
 1631 0139 0100     		.2byte	0x1
 1632 013b 50       		.byte	0x50
 1633 013c DE000000 		.4byte	.LVL41
 1634 0140 E0000000 		.4byte	.LVL42
 1635 0144 0100     		.2byte	0x1
 1636 0146 50       		.byte	0x50
 1637 0147 E6000000 		.4byte	.LVL43
 1638 014b E8000000 		.4byte	.LVL44
 1639 014f 0100     		.2byte	0x1
 1640 0151 50       		.byte	0x50
 1641 0152 EE000000 		.4byte	.LVL45
 1642 0156 F0000000 		.4byte	.LVL46
 1643 015a 0100     		.2byte	0x1
 1644 015c 50       		.byte	0x50
 1645 015d F6000000 		.4byte	.LVL47
 1646 0161 F8000000 		.4byte	.LVL48
 1647 0165 0100     		.2byte	0x1
 1648 0167 50       		.byte	0x50
 1649 0168 00010000 		.4byte	.LVL49
 1650 016c 02010000 		.4byte	.LVL50
ARM GAS  /tmp/ccDELY7X.s 			page 30


 1651 0170 0100     		.2byte	0x1
 1652 0172 50       		.byte	0x50
 1653 0173 0E010000 		.4byte	.LVL51
 1654 0177 10010000 		.4byte	.LVL52
 1655 017b 0100     		.2byte	0x1
 1656 017d 50       		.byte	0x50
 1657 017e 1A010000 		.4byte	.LVL53
 1658 0182 1C010000 		.4byte	.LVL54
 1659 0186 0100     		.2byte	0x1
 1660 0188 50       		.byte	0x50
 1661 0189 22010000 		.4byte	.LVL55
 1662 018d 24010000 		.4byte	.LVL56
 1663 0191 0100     		.2byte	0x1
 1664 0193 50       		.byte	0x50
 1665 0194 26010000 		.4byte	.LVL57
 1666 0198 28010000 		.4byte	.LVL58
 1667 019c 0100     		.2byte	0x1
 1668 019e 50       		.byte	0x50
 1669 019f 00000000 		.4byte	0
 1670 01a3 00000000 		.4byte	0
 1671              	.LLST5:
 1672 01a7 00000000 		.4byte	.LVL59
 1673 01ab 10000000 		.4byte	.LVL60
 1674 01af 0100     		.2byte	0x1
 1675 01b1 50       		.byte	0x50
 1676 01b2 10000000 		.4byte	.LVL60
 1677 01b6 26000000 		.4byte	.LFE66
 1678 01ba 0400     		.2byte	0x4
 1679 01bc F3       		.byte	0xf3
 1680 01bd 01       		.uleb128 0x1
 1681 01be 50       		.byte	0x50
 1682 01bf 9F       		.byte	0x9f
 1683 01c0 00000000 		.4byte	0
 1684 01c4 00000000 		.4byte	0
 1685              	.LLST6:
 1686 01c8 10000000 		.4byte	.LVL60
 1687 01cc 16000000 		.4byte	.LVL61
 1688 01d0 0600     		.2byte	0x6
 1689 01d2 08       		.byte	0x8
 1690 01d3 C8       		.byte	0xc8
 1691 01d4 74       		.byte	0x74
 1692 01d5 00       		.sleb128 0
 1693 01d6 1C       		.byte	0x1c
 1694 01d7 9F       		.byte	0x9f
 1695 01d8 16000000 		.4byte	.LVL61
 1696 01dc 18000000 		.4byte	.LVL62
 1697 01e0 0600     		.2byte	0x6
 1698 01e2 08       		.byte	0x8
 1699 01e3 C9       		.byte	0xc9
 1700 01e4 74       		.byte	0x74
 1701 01e5 00       		.sleb128 0
 1702 01e6 1C       		.byte	0x1c
 1703 01e7 9F       		.byte	0x9f
 1704 01e8 18000000 		.4byte	.LVL62
 1705 01ec 24000000 		.4byte	.LVL65
 1706 01f0 0600     		.2byte	0x6
 1707 01f2 08       		.byte	0x8
ARM GAS  /tmp/ccDELY7X.s 			page 31


 1708 01f3 C8       		.byte	0xc8
 1709 01f4 74       		.byte	0x74
 1710 01f5 00       		.sleb128 0
 1711 01f6 1C       		.byte	0x1c
 1712 01f7 9F       		.byte	0x9f
 1713 01f8 00000000 		.4byte	0
 1714 01fc 00000000 		.4byte	0
 1715              		.section	.debug_aranges,"",%progbits
 1716 0000 34000000 		.4byte	0x34
 1717 0004 0200     		.2byte	0x2
 1718 0006 00000000 		.4byte	.Ldebug_info0
 1719 000a 04       		.byte	0x4
 1720 000b 00       		.byte	0
 1721 000c 0000     		.2byte	0
 1722 000e 0000     		.2byte	0
 1723 0010 00000000 		.4byte	.LFB63
 1724 0014 30000000 		.4byte	.LFE63-.LFB63
 1725 0018 00000000 		.4byte	.LFB64
 1726 001c 20000000 		.4byte	.LFE64-.LFB64
 1727 0020 00000000 		.4byte	.LFB65
 1728 0024 2A010000 		.4byte	.LFE65-.LFB65
 1729 0028 00000000 		.4byte	.LFB66
 1730 002c 26000000 		.4byte	.LFE66-.LFB66
 1731 0030 00000000 		.4byte	0
 1732 0034 00000000 		.4byte	0
 1733              		.section	.debug_ranges,"",%progbits
 1734              	.Ldebug_ranges0:
 1735 0000 00000000 		.4byte	.LFB63
 1736 0004 30000000 		.4byte	.LFE63
 1737 0008 00000000 		.4byte	.LFB64
 1738 000c 20000000 		.4byte	.LFE64
 1739 0010 00000000 		.4byte	.LFB65
 1740 0014 2A010000 		.4byte	.LFE65
 1741 0018 00000000 		.4byte	.LFB66
 1742 001c 26000000 		.4byte	.LFE66
 1743 0020 00000000 		.4byte	0
 1744 0024 00000000 		.4byte	0
 1745              		.section	.debug_line,"",%progbits
 1746              	.Ldebug_line0:
 1747 0000 B0010000 		.section	.debug_str,"MS",%progbits,1
 1747      02000201 
 1747      00000201 
 1747      FB0E0D00 
 1747      01010101 
 1748              	.LASF73:
 1749 0000 42746E38 		.ascii	"Btn8DXmtr2\000"
 1749      44586D74 
 1749      723200
 1750              	.LASF60:
 1751 000b 42746E36 		.ascii	"Btn6U\000"
 1751      5500
 1752              	.LASF99:
 1753 0011 6B466C61 		.ascii	"kFlagResetSlave\000"
 1753      67526573 
 1753      6574536C 
 1753      61766500 
 1754              	.LASF71:
ARM GAS  /tmp/ccDELY7X.s 			page 32


 1755 0021 43683358 		.ascii	"Ch3Xmtr2\000"
 1755      6D747232 
 1755      00
 1756              	.LASF33:
 1757 002a 6B566578 		.ascii	"kVexDigitalOutput\000"
 1757      44696769 
 1757      74616C4F 
 1757      75747075 
 1757      7400
 1758              	.LASF11:
 1759 003c 6C6F6E67 		.ascii	"long long unsigned int\000"
 1759      206C6F6E 
 1759      6720756E 
 1759      7369676E 
 1759      65642069 
 1760              	.LASF111:
 1761 0053 2E2E2F2E 		.ascii	"../../fw/vexctl.c\000"
 1761      2E2F6677 
 1761      2F766578 
 1761      63746C2E 
 1761      6300
 1762              	.LASF31:
 1763 0065 6B566578 		.ascii	"kVexDigital_Num\000"
 1763      44696769 
 1763      74616C5F 
 1763      4E756D00 
 1764              	.LASF105:
 1765 0075 76657843 		.ascii	"vexControllerCompetitonState\000"
 1765      6F6E7472 
 1765      6F6C6C65 
 1765      72436F6D 
 1765      70657469 
 1766              	.LASF116:
 1767 0092 49544D5F 		.ascii	"ITM_RxBuffer\000"
 1767      52784275 
 1767      66666572 
 1767      00
 1768              	.LASF84:
 1769 009f 42746E36 		.ascii	"Btn6UXmtr2\000"
 1769      55586D74 
 1769      723200
 1770              	.LASF12:
 1771 00aa 696E7431 		.ascii	"int16_t\000"
 1771      365F7400 
 1772              	.LASF10:
 1773 00b2 6C6F6E67 		.ascii	"long long int\000"
 1773      206C6F6E 
 1773      6720696E 
 1773      7400
 1774              	.LASF1:
 1775 00c0 7369676E 		.ascii	"signed char\000"
 1775      65642063 
 1775      68617200 
 1776              	.LASF100:
 1777 00cc 6B466C61 		.ascii	"kFlagGameController\000"
 1777      6747616D 
 1777      65436F6E 
ARM GAS  /tmp/ccDELY7X.s 			page 33


 1777      74726F6C 
 1777      6C657200 
 1778              	.LASF72:
 1779 00e0 43683458 		.ascii	"Ch4Xmtr2\000"
 1779      6D747232 
 1779      00
 1780              	.LASF118:
 1781 00e9 76657853 		.ascii	"vexSpiGetJoystickDataPtr\000"
 1781      70694765 
 1781      744A6F79 
 1781      73746963 
 1781      6B446174 
 1782              	.LASF104:
 1783 0102 76657843 		.ascii	"vexControllerCompetitionStateSet\000"
 1783      6F6E7472 
 1783      6F6C6C65 
 1783      72436F6D 
 1783      70657469 
 1784              	.LASF8:
 1785 0123 6C6F6E67 		.ascii	"long int\000"
 1785      20696E74 
 1785      00
 1786              	.LASF76:
 1787 012c 42746E38 		.ascii	"Btn8RXmtr2\000"
 1787      52586D74 
 1787      723200
 1788              	.LASF13:
 1789 0137 75696E74 		.ascii	"uint16_t\000"
 1789      31365F74 
 1789      00
 1790              	.LASF48:
 1791 0140 6A736461 		.ascii	"jsdata\000"
 1791      746100
 1792              	.LASF68:
 1793 0147 42746E41 		.ascii	"BtnAny\000"
 1793      6E7900
 1794              	.LASF103:
 1795 014e 6D61736B 		.ascii	"mask\000"
 1795      00
 1796              	.LASF98:
 1797 0153 6B466C61 		.ascii	"kFlagCompetitionSwitch\000"
 1797      67436F6D 
 1797      70657469 
 1797      74696F6E 
 1797      53776974 
 1798              	.LASF0:
 1799 016a 756E7369 		.ascii	"unsigned int\000"
 1799      676E6564 
 1799      20696E74 
 1799      00
 1800              	.LASF82:
 1801 0177 42746E35 		.ascii	"Btn5UXmtr2\000"
 1801      55586D74 
 1801      723200
 1802              	.LASF117:
 1803 0182 76657853 		.ascii	"vexSpiGetControl\000"
 1803      70694765 
ARM GAS  /tmp/ccDELY7X.s 			page 34


 1803      74436F6E 
 1803      74726F6C 
 1803      00
 1804              	.LASF9:
 1805 0193 6C6F6E67 		.ascii	"long unsigned int\000"
 1805      20756E73 
 1805      69676E65 
 1805      6420696E 
 1805      7400
 1806              	.LASF45:
 1807 01a5 6163635F 		.ascii	"acc_x\000"
 1807      7800
 1808              	.LASF44:
 1809 01ab 6163635F 		.ascii	"acc_y\000"
 1809      7900
 1810              	.LASF46:
 1811 01b1 6163635F 		.ascii	"acc_z\000"
 1811      7A00
 1812              	.LASF108:
 1813 01b7 74696D65 		.ascii	"timeout\000"
 1813      6F757400 
 1814              	.LASF78:
 1815 01bf 42746E37 		.ascii	"Btn7LXmtr2\000"
 1815      4C586D74 
 1815      723200
 1816              	.LASF79:
 1817 01ca 42746E37 		.ascii	"Btn7UXmtr2\000"
 1817      55586D74 
 1817      723200
 1818              	.LASF57:
 1819 01d5 42746E35 		.ascii	"Btn5D\000"
 1819      4400
 1820              	.LASF110:
 1821 01db 474E5520 		.ascii	"GNU C 4.8.2 -mcpu=cortex-m3 -mno-thumb-interwork -m"
 1821      4320342E 
 1821      382E3220 
 1821      2D6D6370 
 1821      753D636F 
 1822 020e 7468756D 		.ascii	"thumb -ggdb -O2 -fomit-frame-pointer -falign-functi"
 1822      62202D67 
 1822      67646220 
 1822      2D4F3220 
 1822      2D666F6D 
 1823 0241 6F6E733D 		.ascii	"ons=16 -ffunction-sections -fdata-sections -fno-com"
 1823      3136202D 
 1823      6666756E 
 1823      6374696F 
 1823      6E2D7365 
 1824 0274 6D6F6E00 		.ascii	"mon\000"
 1825              	.LASF6:
 1826 0278 73686F72 		.ascii	"short unsigned int\000"
 1826      7420756E 
 1826      7369676E 
 1826      65642069 
 1826      6E7400
 1827              	.LASF58:
 1828 028b 42746E35 		.ascii	"Btn5U\000"
ARM GAS  /tmp/ccDELY7X.s 			page 35


 1828      5500
 1829              	.LASF47:
 1830 0291 62746E73 		.ascii	"btns\000"
 1830      00
 1831              	.LASF19:
 1832 0296 6B566578 		.ascii	"kVexDigital_1\000"
 1832      44696769 
 1832      74616C5F 
 1832      3100
 1833              	.LASF20:
 1834 02a4 6B566578 		.ascii	"kVexDigital_2\000"
 1834      44696769 
 1834      74616C5F 
 1834      3200
 1835              	.LASF21:
 1836 02b2 6B566578 		.ascii	"kVexDigital_3\000"
 1836      44696769 
 1836      74616C5F 
 1836      3300
 1837              	.LASF22:
 1838 02c0 6B566578 		.ascii	"kVexDigital_4\000"
 1838      44696769 
 1838      74616C5F 
 1838      3400
 1839              	.LASF23:
 1840 02ce 6B566578 		.ascii	"kVexDigital_5\000"
 1840      44696769 
 1840      74616C5F 
 1840      3500
 1841              	.LASF24:
 1842 02dc 6B566578 		.ascii	"kVexDigital_6\000"
 1842      44696769 
 1842      74616C5F 
 1842      3600
 1843              	.LASF25:
 1844 02ea 6B566578 		.ascii	"kVexDigital_7\000"
 1844      44696769 
 1844      74616C5F 
 1844      3700
 1845              	.LASF26:
 1846 02f8 6B566578 		.ascii	"kVexDigital_8\000"
 1846      44696769 
 1846      74616C5F 
 1846      3800
 1847              	.LASF27:
 1848 0306 6B566578 		.ascii	"kVexDigital_9\000"
 1848      44696769 
 1848      74616C5F 
 1848      3900
 1849              	.LASF3:
 1850 0314 73686F72 		.ascii	"short int\000"
 1850      7420696E 
 1850      7400
 1851              	.LASF81:
 1852 031e 42746E35 		.ascii	"Btn5DXmtr2\000"
 1852      44586D74 
 1852      723200
ARM GAS  /tmp/ccDELY7X.s 			page 36


 1853              	.LASF77:
 1854 0329 42746E37 		.ascii	"Btn7DXmtr2\000"
 1854      44586D74 
 1854      723200
 1855              	.LASF49:
 1856 0334 42746E38 		.ascii	"Btn8D\000"
 1856      4400
 1857              	.LASF16:
 1858 033a 73697A65 		.ascii	"sizetype\000"
 1858      74797065 
 1858      00
 1859              	.LASF59:
 1860 0343 42746E36 		.ascii	"Btn6D\000"
 1860      4400
 1861              	.LASF69:
 1862 0349 43683158 		.ascii	"Ch1Xmtr2\000"
 1862      6D747232 
 1862      00
 1863              	.LASF95:
 1864 0352 6B466C61 		.ascii	"kFlagXmit1\000"
 1864      67586D69 
 1864      743100
 1865              	.LASF96:
 1866 035d 6B466C61 		.ascii	"kFlagXmit2\000"
 1866      67586D69 
 1866      743200
 1867              	.LASF106:
 1868 0368 76657843 		.ascii	"vexControllerGet\000"
 1868      6F6E7472 
 1868      6F6C6C65 
 1868      72476574 
 1868      00
 1869              	.LASF18:
 1870 0379 6B566578 		.ascii	"kVexDigital_None\000"
 1870      44696769 
 1870      74616C5F 
 1870      4E6F6E65 
 1870      00
 1871              	.LASF34:
 1872 038a 6B496D65 		.ascii	"kImeChannel_1\000"
 1872      4368616E 
 1872      6E656C5F 
 1872      3100
 1873              	.LASF113:
 1874 0398 5F6A7364 		.ascii	"_jsdata\000"
 1874      61746100 
 1875              	.LASF112:
 1876 03a0 2F6D6E74 		.ascii	"/mnt/c/Users/DQ Sullivan/Downloads/Convex/convex/co"
 1876      2F632F55 
 1876      73657273 
 1876      2F445120 
 1876      53756C6C 
 1877 03d3 72746578 		.ascii	"rtex/projects/Vex2016 CyberBrains\000"
 1877      2F70726F 
 1877      6A656374 
 1877      732F5665 
 1877      78323031 
ARM GAS  /tmp/ccDELY7X.s 			page 37


 1878              	.LASF53:
 1879 03f5 42746E37 		.ascii	"Btn7D\000"
 1879      4400
 1880              	.LASF15:
 1881 03fb 5F426F6F 		.ascii	"_Bool\000"
 1881      6C00
 1882              	.LASF14:
 1883 0401 696E7433 		.ascii	"int32_t\000"
 1883      325F7400 
 1884              	.LASF2:
 1885 0409 756E7369 		.ascii	"unsigned char\000"
 1885      676E6564 
 1885      20636861 
 1885      7200
 1886              	.LASF54:
 1887 0417 42746E37 		.ascii	"Btn7L\000"
 1887      4C00
 1888              	.LASF88:
 1889 041d 42746E35 		.ascii	"Btn5Xmtr2\000"
 1889      586D7472 
 1889      3200
 1890              	.LASF43:
 1891 0427 6B496D65 		.ascii	"kImeChannelNone\000"
 1891      4368616E 
 1891      6E656C4E 
 1891      6F6E6500 
 1892              	.LASF56:
 1893 0437 42746E37 		.ascii	"Btn7R\000"
 1893      5200
 1894              	.LASF55:
 1895 043d 42746E37 		.ascii	"Btn7U\000"
 1895      5500
 1896              	.LASF75:
 1897 0443 42746E38 		.ascii	"Btn8UXmtr2\000"
 1897      55586D74 
 1897      723200
 1898              	.LASF42:
 1899 044e 6B496D65 		.ascii	"kImeTotal\000"
 1899      546F7461 
 1899      6C00
 1900              	.LASF85:
 1901 0458 4163636C 		.ascii	"AcclXXmtr2\000"
 1901      58586D74 
 1901      723200
 1902              	.LASF114:
 1903 0463 616E616C 		.ascii	"analog\000"
 1903      6F6700
 1904              	.LASF119:
 1905 046a 76657853 		.ascii	"vexSleep\000"
 1905      6C656570 
 1905      00
 1906              	.LASF115:
 1907 0473 76657843 		.ascii	"vexControllerReleaseWait\000"
 1907      6F6E7472 
 1907      6F6C6C65 
 1907      7252656C 
 1907      65617365 
ARM GAS  /tmp/ccDELY7X.s 			page 38


 1908              	.LASF17:
 1909 048c 63686172 		.ascii	"char\000"
 1909      00
 1910              	.LASF35:
 1911 0491 6B496D65 		.ascii	"kImeChannel_2\000"
 1911      4368616E 
 1911      6E656C5F 
 1911      3200
 1912              	.LASF36:
 1913 049f 6B496D65 		.ascii	"kImeChannel_3\000"
 1913      4368616E 
 1913      6E656C5F 
 1913      3300
 1914              	.LASF37:
 1915 04ad 6B496D65 		.ascii	"kImeChannel_4\000"
 1915      4368616E 
 1915      6E656C5F 
 1915      3400
 1916              	.LASF38:
 1917 04bb 6B496D65 		.ascii	"kImeChannel_5\000"
 1917      4368616E 
 1917      6E656C5F 
 1917      3500
 1918              	.LASF39:
 1919 04c9 6B496D65 		.ascii	"kImeChannel_6\000"
 1919      4368616E 
 1919      6E656C5F 
 1919      3600
 1920              	.LASF40:
 1921 04d7 6B496D65 		.ascii	"kImeChannel_7\000"
 1921      4368616E 
 1921      6E656C5F 
 1921      3700
 1922              	.LASF41:
 1923 04e5 6B496D65 		.ascii	"kImeChannel_8\000"
 1923      4368616E 
 1923      6E656C5F 
 1923      3800
 1924              	.LASF5:
 1925 04f3 5F5F7569 		.ascii	"__uint16_t\000"
 1925      6E743136 
 1925      5F7400
 1926              	.LASF28:
 1927 04fe 6B566578 		.ascii	"kVexDigital_10\000"
 1927      44696769 
 1927      74616C5F 
 1927      313000
 1928              	.LASF29:
 1929 050d 6B566578 		.ascii	"kVexDigital_11\000"
 1929      44696769 
 1929      74616C5F 
 1929      313100
 1930              	.LASF30:
 1931 051c 6B566578 		.ascii	"kVexDigital_12\000"
 1931      44696769 
 1931      74616C5F 
 1931      313200
ARM GAS  /tmp/ccDELY7X.s 			page 39


 1932              	.LASF89:
 1933 052b 42746E36 		.ascii	"Btn6Xmtr2\000"
 1933      586D7472 
 1933      3200
 1934              	.LASF50:
 1935 0535 42746E38 		.ascii	"Btn8L\000"
 1935      4C00
 1936              	.LASF7:
 1937 053b 5F5F696E 		.ascii	"__int32_t\000"
 1937      7433325F 
 1937      7400
 1938              	.LASF52:
 1939 0545 42746E38 		.ascii	"Btn8R\000"
 1939      5200
 1940              	.LASF51:
 1941 054b 42746E38 		.ascii	"Btn8U\000"
 1941      5500
 1942              	.LASF64:
 1943 0551 42746E35 		.ascii	"Btn5\000"
 1943      00
 1944              	.LASF65:
 1945 0556 42746E36 		.ascii	"Btn6\000"
 1945      00
 1946              	.LASF66:
 1947 055b 42746E37 		.ascii	"Btn7\000"
 1947      00
 1948              	.LASF67:
 1949 0560 42746E38 		.ascii	"Btn8\000"
 1949      00
 1950              	.LASF101:
 1951 0565 6B466C61 		.ascii	"kFlagAutonomousMode\000"
 1951      67417574 
 1951      6F6E6F6D 
 1951      6F75734D 
 1951      6F646500 
 1952              	.LASF86:
 1953 0579 4163636C 		.ascii	"AcclYXmtr2\000"
 1953      59586D74 
 1953      723200
 1954              	.LASF91:
 1955 0584 42746E38 		.ascii	"Btn8mXtr2\000"
 1955      6D587472 
 1955      3200
 1956              	.LASF93:
 1957 058e 7443746C 		.ascii	"tCtlIndex\000"
 1957      496E6465 
 1957      7800
 1958              	.LASF94:
 1959 0598 6B466C61 		.ascii	"kFlagNoXmiters\000"
 1959      674E6F58 
 1959      6D697465 
 1959      727300
 1960              	.LASF97:
 1961 05a7 6B466C61 		.ascii	"kFlagBit2\000"
 1961      67426974 
 1961      3200
 1962              	.LASF109:
ARM GAS  /tmp/ccDELY7X.s 			page 40


 1963 05b1 7665784C 		.ascii	"vexLocalCompState\000"
 1963      6F63616C 
 1963      436F6D70 
 1963      53746174 
 1963      6500
 1964              	.LASF74:
 1965 05c3 42746E38 		.ascii	"Btn8LXmtr2\000"
 1965      4C586D74 
 1965      723200
 1966              	.LASF61:
 1967 05ce 4163636C 		.ascii	"AcclX\000"
 1967      5800
 1968              	.LASF62:
 1969 05d4 4163636C 		.ascii	"AcclY\000"
 1969      5900
 1970              	.LASF63:
 1971 05da 4163636C 		.ascii	"AcclZ\000"
 1971      5A00
 1972              	.LASF92:
 1973 05e0 42746E41 		.ascii	"BtnAnyXmtr2\000"
 1973      6E79586D 
 1973      74723200 
 1974              	.LASF90:
 1975 05ec 42746E37 		.ascii	"Btn7Xmtr2\000"
 1975      586D7472 
 1975      3200
 1976              	.LASF4:
 1977 05f6 5F5F696E 		.ascii	"__int16_t\000"
 1977      7431365F 
 1977      7400
 1978              	.LASF107:
 1979 0600 696E6465 		.ascii	"index\000"
 1979      7800
 1980              	.LASF70:
 1981 0606 43683258 		.ascii	"Ch2Xmtr2\000"
 1981      6D747232 
 1981      00
 1982              	.LASF102:
 1983 060f 6B466C61 		.ascii	"kFlagDisabled\000"
 1983      67446973 
 1983      61626C65 
 1983      6400
 1984              	.LASF87:
 1985 061d 4163636C 		.ascii	"AcclZXmtr2\000"
 1985      5A586D74 
 1985      723200
 1986              	.LASF80:
 1987 0628 42746E37 		.ascii	"Btn7RXmtr2\000"
 1987      52586D74 
 1987      723200
 1988              	.LASF83:
 1989 0633 42746E36 		.ascii	"Btn6DXmtr2\000"
 1989      44586D74 
 1989      723200
 1990              	.LASF32:
 1991 063e 6B566578 		.ascii	"kVexDigitalInput\000"
 1991      44696769 
ARM GAS  /tmp/ccDELY7X.s 			page 41


 1991      74616C49 
 1991      6E707574 
 1991      00
 1992              		.ident	"GCC: (4.8.2-14ubuntu1+6) 4.8.2"
ARM GAS  /tmp/ccDELY7X.s 			page 42


DEFINED SYMBOLS
                            *ABS*:0000000000000000 vexctl.c
     /tmp/ccDELY7X.s:19     .text.vexControllerCompetitionStateSet:0000000000000000 $t
     /tmp/ccDELY7X.s:25     .text.vexControllerCompetitionStateSet:0000000000000000 vexControllerCompetitionStateSet
     /tmp/ccDELY7X.s:456    .bss.vexLocalCompState:0000000000000000 .LANCHOR0
     /tmp/ccDELY7X.s:76     .text.vexControllerCompetitonState:0000000000000000 $t
     /tmp/ccDELY7X.s:82     .text.vexControllerCompetitonState:0000000000000000 vexControllerCompetitonState
     /tmp/ccDELY7X.s:119    .text.vexControllerGet:0000000000000000 $t
     /tmp/ccDELY7X.s:125    .text.vexControllerGet:0000000000000000 vexControllerGet
     /tmp/ccDELY7X.s:156    .text.vexControllerGet:000000000000001e $d
     /tmp/ccDELY7X.s:180    .text.vexControllerGet:0000000000000036 $t
     /tmp/ccDELY7X.s:402    .text.vexControllerReleaseWait:0000000000000000 $t
     /tmp/ccDELY7X.s:408    .text.vexControllerReleaseWait:0000000000000000 vexControllerReleaseWait
     /tmp/ccDELY7X.s:455    .bss.vexLocalCompState:0000000000000000 $d
     /tmp/ccDELY7X.s:459    .bss.vexLocalCompState:0000000000000000 vexLocalCompState
                     .debug_frame:0000000000000010 $d

UNDEFINED SYMBOLS
vexSpiGetControl
vexSpiGetJoystickDataPtr
vexSleep
