ARM GAS  /tmp/ccLd1j7x.s 			page 1


   1              		.syntax unified
   2              		.cpu cortex-m3
   3              		.fpu softvfp
   4              		.eabi_attribute 20, 1
   5              		.eabi_attribute 21, 1
   6              		.eabi_attribute 23, 3
   7              		.eabi_attribute 24, 1
   8              		.eabi_attribute 25, 1
   9              		.eabi_attribute 26, 1
  10              		.eabi_attribute 30, 2
  11              		.eabi_attribute 34, 1
  12              		.eabi_attribute 18, 4
  13              		.thumb
  14              		.file	"vexdigital.c"
  15              		.text
  16              	.Ltext0:
  17              		.cfi_sections	.debug_frame
  18              		.section	.text._vi_cb,"ax",%progbits
  19              		.align	2
  20              		.p2align 4,,15
  21              		.thumb
  22              		.thumb_func
  23              		.type	_vi_cb, %function
  24              	_vi_cb:
  25              	.LFB67:
  26              		.file 1 "../../fw/vexdigital.c"
  27              		.loc 1 167 0
  28              		.cfi_startproc
  29              		@ args = 0, pretend = 0, frame = 0
  30              		@ frame_needed = 0, uses_anonymous_args = 0
  31              		@ link register save eliminated.
  32              	.LVL0:
  33              	.LBB2:
  34              		.loc 1 171 0
  35 0000 2023     		movs	r3, #32
  36              	@ 171 "../../fw/vexdigital.c" 1
  37 0002 83F31188 		msr     BASEPRI, r3
  38              	@ 0 "" 2
  39              	.LVL1:
  40              		.thumb
  41 0006 0F4B     		ldr	r3, .L10
  42 0008 09B2     		sxth	r1, r1
  43              	.LVL2:
  44              	.LBE2:
  45              		.loc 1 174 0
  46 000a 0022     		movs	r2, #0
  47 000c 04E0     		b	.L4
  48              	.LVL3:
  49              	.L2:
  50 000e 0132     		adds	r2, r2, #1
  51              	.LVL4:
  52 0010 0C2A     		cmp	r2, #12
  53 0012 03F10C03 		add	r3, r3, #12
  54 0016 10D0     		beq	.L3
  55              	.LVL5:
  56              	.L4:
  57              		.loc 1 176 0
ARM GAS  /tmp/ccLd1j7x.s 			page 2


  58 0018 B3F90000 		ldrsh	r0, [r3]
  59 001c 8842     		cmp	r0, r1
  60 001e F6D1     		bne	.L2
  61              		.loc 1 178 0
  62 0020 5868     		ldr	r0, [r3, #4]
  63 0022 0028     		cmp	r0, #0
  64 0024 F3DB     		blt	.L2
  65              		.loc 1 180 0
  66 0026 40F20003 		movw	r3, #:lower16:.LANCHOR0
  67 002a 02EB4202 		add	r2, r2, r2, lsl #1
  68              	.LVL6:
  69 002e C0F20003 		movt	r3, #:upper16:.LANCHOR0
  70 0032 0130     		adds	r0, r0, #1
  71 0034 03EB8203 		add	r3, r3, r2, lsl #2
  72 0038 9860     		str	r0, [r3, #8]
  73              	.L3:
  74              	.LBB3:
  75              		.loc 1 186 0
  76 003a 0023     		movs	r3, #0
  77              	@ 186 "../../fw/vexdigital.c" 1
  78 003c 83F31188 		msr     BASEPRI, r3
  79              	@ 0 "" 2
  80              		.thumb
  81 0040 7047     		bx	lr
  82              	.L11:
  83 0042 00BF     		.align	2
  84              	.L10:
  85 0044 04000000 		.word	.LANCHOR0+4
  86              	.LBE3:
  87              		.cfi_endproc
  88              	.LFE67:
  89              		.size	_vi_cb, .-_vi_cb
  90 0048 AFF30080 		.section	.text.vexDigitalModeSet,"ax",%progbits
  90      AFF30080 
  91              		.align	2
  92              		.p2align 4,,15
  93              		.global	vexDigitalModeSet
  94              		.thumb
  95              		.thumb_func
  96              		.type	vexDigitalModeSet, %function
  97              	vexDigitalModeSet:
  98              	.LFB63:
  99              		.loc 1 86 0
 100              		.cfi_startproc
 101              		@ args = 0, pretend = 0, frame = 0
 102              		@ frame_needed = 0, uses_anonymous_args = 0
 103              		@ link register save eliminated.
 104              	.LVL7:
 105              		.loc 1 87 0
 106 0000 0B28     		cmp	r0, #11
 107 0002 0BDC     		bgt	.L12
 108              		.loc 1 90 0
 109 0004 00EB4000 		add	r0, r0, r0, lsl #1
 110              	.LVL8:
 111 0008 40F20003 		movw	r3, #:lower16:.LANCHOR0
 112 000c 8000     		lsls	r0, r0, #2
 113 000e C0F20003 		movt	r3, #:upper16:.LANCHOR0
ARM GAS  /tmp/ccLd1j7x.s 			page 3


 114 0012 1A18     		adds	r2, r3, r0
 115 0014 9171     		strb	r1, [r2, #6]
 116              		.loc 1 92 0
 117 0016 11B1     		cbz	r1, .L17
 118              		.loc 1 95 0
 119 0018 0129     		cmp	r1, #1
 120 001a 08D0     		beq	.L18
 121              	.L12:
 122 001c 7047     		bx	lr
 123              	.L17:
 124              		.loc 1 93 0
 125 001e B2F90420 		ldrsh	r2, [r2, #4]
 126 0022 0121     		movs	r1, #1
 127              	.LVL9:
 128 0024 9140     		lsls	r1, r1, r2
 129 0026 1858     		ldr	r0, [r3, r0]
 130              	.LVL10:
 131 0028 0322     		movs	r2, #3
 132 002a FFF7FEBF 		b	_pal_lld_setgroupmode
 133              	.LVL11:
 134              	.L18:
 135              		.loc 1 96 0
 136 002e B2F90420 		ldrsh	r2, [r2, #4]
 137 0032 1858     		ldr	r0, [r3, r0]
 138 0034 9140     		lsls	r1, r1, r2
 139              	.LVL12:
 140 0036 0622     		movs	r2, #6
 141 0038 FFF7FEBF 		b	_pal_lld_setgroupmode
 142              	.LVL13:
 143              		.cfi_endproc
 144              	.LFE63:
 145              		.size	vexDigitalModeSet, .-vexDigitalModeSet
 146 003c AFF30080 		.section	.text.vexDigitalModeGet,"ax",%progbits
 147              		.align	2
 148              		.p2align 4,,15
 149              		.global	vexDigitalModeGet
 150              		.thumb
 151              		.thumb_func
 152              		.type	vexDigitalModeGet, %function
 153              	vexDigitalModeGet:
 154              	.LFB64:
 155              		.loc 1 107 0
 156              		.cfi_startproc
 157              		@ args = 0, pretend = 0, frame = 0
 158              		@ frame_needed = 0, uses_anonymous_args = 0
 159              		@ link register save eliminated.
 160              	.LVL14:
 161              		.loc 1 108 0
 162 0000 0B28     		cmp	r0, #11
 163              		.loc 1 111 0
 164 0002 DFBF     		itttt	le
 165 0004 40F20003 		movwle	r3, #:lower16:.LANCHOR0
 166 0008 00EB4000 		addle	r0, r0, r0, lsl #1
 167              	.LVL15:
 168 000c C0F20003 		movtle	r3, #:upper16:.LANCHOR0
 169 0010 03EB8003 		addle	r3, r3, r0, lsl #2
 170 0014 D4BF     		ite	le
ARM GAS  /tmp/ccLd1j7x.s 			page 4


 171 0016 9879     		ldrble	r0, [r3, #6]	@ zero_extendqisi2
 172              		.loc 1 109 0
 173 0018 FF20     		movgt	r0, #255
 174              		.loc 1 112 0
 175 001a 7047     		bx	lr
 176              		.cfi_endproc
 177              	.LFE64:
 178              		.size	vexDigitalModeGet, .-vexDigitalModeGet
 179 001c AFF30080 		.section	.text.vexDigitalPinSet,"ax",%progbits
 180              		.align	2
 181              		.p2align 4,,15
 182              		.global	vexDigitalPinSet
 183              		.thumb
 184              		.thumb_func
 185              		.type	vexDigitalPinSet, %function
 186              	vexDigitalPinSet:
 187              	.LFB65:
 188              		.loc 1 126 0
 189              		.cfi_startproc
 190              		@ args = 0, pretend = 0, frame = 0
 191              		@ frame_needed = 0, uses_anonymous_args = 0
 192              		@ link register save eliminated.
 193              	.LVL16:
 194              		.loc 1 127 0
 195 0000 0B28     		cmp	r0, #11
 196 0002 0FDC     		bgt	.L22
 197              		.loc 1 131 0
 198 0004 00EB4000 		add	r0, r0, r0, lsl #1
 199              	.LVL17:
 200 0008 40F20003 		movw	r3, #:lower16:.LANCHOR0
 201 000c 8000     		lsls	r0, r0, #2
 202 000e C0F20003 		movt	r3, #:upper16:.LANCHOR0
 203 0012 1A18     		adds	r2, r3, r0
 204 0014 B2F90420 		ldrsh	r2, [r2, #4]
 205              		.loc 1 130 0
 206 0018 29B1     		cbz	r1, .L25
 207              		.loc 1 133 0
 208 001a 0121     		movs	r1, #1
 209              	.LVL18:
 210 001c 01FA02F2 		lsl	r2, r1, r2
 211 0020 1B58     		ldr	r3, [r3, r0]
 212 0022 1A61     		str	r2, [r3, #16]
 213              	.L22:
 214 0024 7047     		bx	lr
 215              	.LVL19:
 216              	.L25:
 217              		.loc 1 131 0
 218 0026 0121     		movs	r1, #1
 219              	.LVL20:
 220 0028 01FA02F2 		lsl	r2, r1, r2
 221 002c 1B58     		ldr	r3, [r3, r0]
 222 002e 5A61     		str	r2, [r3, #20]
 223 0030 7047     		bx	lr
 224              		.cfi_endproc
 225              	.LFE65:
 226              		.size	vexDigitalPinSet, .-vexDigitalPinSet
 227 0032 00BFAFF3 		.section	.text.vexDigitalPinGet,"ax",%progbits
ARM GAS  /tmp/ccLd1j7x.s 			page 5


 227      0080AFF3 
 227      0080AFF3 
 227      0080
 228              		.align	2
 229              		.p2align 4,,15
 230              		.global	vexDigitalPinGet
 231              		.thumb
 232              		.thumb_func
 233              		.type	vexDigitalPinGet, %function
 234              	vexDigitalPinGet:
 235              	.LFB66:
 236              		.loc 1 147 0
 237              		.cfi_startproc
 238              		@ args = 0, pretend = 0, frame = 0
 239              		@ frame_needed = 0, uses_anonymous_args = 0
 240              		@ link register save eliminated.
 241              	.LVL21:
 242              		.loc 1 148 0
 243 0000 0B28     		cmp	r0, #11
 244 0002 0FDC     		bgt	.L28
 245              		.loc 1 151 0
 246 0004 00EB4000 		add	r0, r0, r0, lsl #1
 247              	.LVL22:
 248 0008 40F20003 		movw	r3, #:lower16:.LANCHOR0
 249 000c 8000     		lsls	r0, r0, #2
 250 000e C0F20003 		movt	r3, #:upper16:.LANCHOR0
 251 0012 1A58     		ldr	r2, [r3, r0]
 252 0014 0344     		add	r3, r3, r0
 253 0016 B3F90430 		ldrsh	r3, [r3, #4]
 254 001a 9068     		ldr	r0, [r2, #8]
 255 001c D840     		lsrs	r0, r0, r3
 256              		.loc 1 149 0
 257 001e 00F00100 		and	r0, r0, #1
 258 0022 7047     		bx	lr
 259              	.LVL23:
 260              	.L28:
 261 0024 0020     		movs	r0, #0
 262              	.LVL24:
 263              		.loc 1 155 0
 264 0026 7047     		bx	lr
 265              		.cfi_endproc
 266              	.LFE66:
 267              		.size	vexDigitalPinGet, .-vexDigitalPinGet
 268 0028 AFF30080 		.section	.text.vexDigitalIntrSet,"ax",%progbits
 268      AFF30080 
 269              		.align	2
 270              		.p2align 4,,15
 271              		.global	vexDigitalIntrSet
 272              		.thumb
 273              		.thumb_func
 274              		.type	vexDigitalIntrSet, %function
 275              	vexDigitalIntrSet:
 276              	.LFB68:
 277              		.loc 1 199 0
 278              		.cfi_startproc
 279              		@ args = 0, pretend = 0, frame = 0
 280              		@ frame_needed = 0, uses_anonymous_args = 0
ARM GAS  /tmp/ccLd1j7x.s 			page 6


 281              	.LVL25:
 282 0000 F8B5     		push	{r3, r4, r5, r6, r7, lr}
 283              		.cfi_def_cfa_offset 24
 284              		.cfi_offset 3, -24
 285              		.cfi_offset 4, -20
 286              		.cfi_offset 5, -16
 287              		.cfi_offset 6, -12
 288              		.cfi_offset 7, -8
 289              		.cfi_offset 14, -4
 290              		.loc 1 200 0
 291 0002 0021     		movs	r1, #0
 292              		.loc 1 199 0
 293 0004 0546     		mov	r5, r0
 294              		.loc 1 201 0
 295 0006 4600     		lsls	r6, r0, #1
 296 0008 40F20004 		movw	r4, #:lower16:.LANCHOR0
 297              		.loc 1 200 0
 298 000c FFF7FEFF 		bl	vexDigitalModeSet
 299              	.LVL26:
 300              		.loc 1 201 0
 301 0010 7219     		adds	r2, r6, r5
 302 0012 9200     		lsls	r2, r2, #2
 303 0014 C0F20004 		movt	r4, #:upper16:.LANCHOR0
 304 0018 A718     		adds	r7, r4, r2
 305 001a 40F20003 		movw	r3, #:lower16:_vi_cb
 306 001e A058     		ldr	r0, [r4, r2]
 307 0020 C0F20003 		movt	r3, #:upper16:_vi_cb
 308 0024 B988     		ldrh	r1, [r7, #4]
 309 0026 0322     		movs	r2, #3
 310 0028 FFF7FEFF 		bl	vexExtSet
 311              	.LVL27:
 312              		.loc 1 204 0
 313 002c B7F90430 		ldrsh	r3, [r7, #4]
 314 0030 072B     		cmp	r3, #7
 315 0032 05D0     		beq	.L32
 316              	.L30:
 317              		.loc 1 212 0
 318 0034 3544     		add	r5, r5, r6
 319 0036 04EB8504 		add	r4, r4, r5, lsl #2
 320 003a 0023     		movs	r3, #0
 321 003c A360     		str	r3, [r4, #8]
 322 003e F8BD     		pop	{r3, r4, r5, r6, r7, pc}
 323              	.L32:
 324              		.loc 1 206 0
 325 0040 032D     		cmp	r5, #3
 326              		.loc 1 207 0
 327 0042 04BF     		itt	eq
 328 0044 4FF0FF33 		moveq	r3, #-1
 329 0048 6367     		streq	r3, [r4, #116]
 330              		.loc 1 206 0
 331 004a F3D0     		beq	.L30
 332              		.loc 1 208 0
 333 004c 092D     		cmp	r5, #9
 334              		.loc 1 209 0
 335 004e 04BF     		itt	eq
 336 0050 4FF0FF33 		moveq	r3, #-1
 337 0054 E362     		streq	r3, [r4, #44]
ARM GAS  /tmp/ccLd1j7x.s 			page 7


 338 0056 EDE7     		b	.L30
 339              		.cfi_endproc
 340              	.LFE68:
 341              		.size	vexDigitalIntrSet, .-vexDigitalIntrSet
 342 0058 AFF30080 		.section	.text.vexDigitalIntrRun,"ax",%progbits
 342      AFF30080 
 343              		.align	2
 344              		.p2align 4,,15
 345              		.global	vexDigitalIntrRun
 346              		.thumb
 347              		.thumb_func
 348              		.type	vexDigitalIntrRun, %function
 349              	vexDigitalIntrRun:
 350              	.LFB69:
 351              		.loc 1 221 0
 352              		.cfi_startproc
 353              		@ args = 0, pretend = 0, frame = 0
 354              		@ frame_needed = 0, uses_anonymous_args = 0
 355              	.LVL28:
 356 0000 38B5     		push	{r3, r4, r5, lr}
 357              		.cfi_def_cfa_offset 16
 358              		.cfi_offset 3, -16
 359              		.cfi_offset 4, -12
 360              		.cfi_offset 5, -8
 361              		.cfi_offset 14, -4
 362 0002 0B4C     		ldr	r4, .L38
 363 0004 04F19005 		add	r5, r4, #144
 364 0008 02E0     		b	.L36
 365              	.LVL29:
 366              	.L34:
 367 000a 0C34     		adds	r4, r4, #12
 368              		.loc 1 224 0
 369 000c AC42     		cmp	r4, r5
 370 000e 0DD0     		beq	.L37
 371              	.L36:
 372              		.loc 1 226 0
 373 0010 2368     		ldr	r3, [r4]
 374 0012 002B     		cmp	r3, #0
 375 0014 F9D1     		bne	.L34
 376              		.loc 1 227 0
 377 0016 40F20000 		movw	r0, #:lower16:EXTD1
 378 001a 34F9041C 		ldrsh	r1, [r4, #-4]
 379 001e C0F20000 		movt	r0, #:upper16:EXTD1
 380 0022 0C34     		adds	r4, r4, #12
 381 0024 FFF7FEFF 		bl	extChannelEnable
 382              	.LVL30:
 383              		.loc 1 224 0
 384 0028 AC42     		cmp	r4, r5
 385 002a F1D1     		bne	.L36
 386              	.L37:
 387              		.loc 1 229 0
 388 002c 38BD     		pop	{r3, r4, r5, pc}
 389              	.L39:
 390 002e 00BF     		.align	2
 391              	.L38:
 392 0030 08000000 		.word	.LANCHOR0+8
 393              		.cfi_endproc
ARM GAS  /tmp/ccLd1j7x.s 			page 8


 394              	.LFE69:
 395              		.size	vexDigitalIntrRun, .-vexDigitalIntrRun
 396 0034 AFF30080 		.section	.text.vexDigitalIntrCountGet,"ax",%progbits
 396      AFF30080 
 396      AFF30080 
 397              		.align	2
 398              		.p2align 4,,15
 399              		.global	vexDigitalIntrCountGet
 400              		.thumb
 401              		.thumb_func
 402              		.type	vexDigitalIntrCountGet, %function
 403              	vexDigitalIntrCountGet:
 404              	.LFB70:
 405              		.loc 1 240 0
 406              		.cfi_startproc
 407              		@ args = 0, pretend = 0, frame = 0
 408              		@ frame_needed = 0, uses_anonymous_args = 0
 409              		@ link register save eliminated.
 410              	.LVL31:
 411              		.loc 1 241 0
 412 0000 0B28     		cmp	r0, #11
 413              		.loc 1 244 0
 414 0002 DFBF     		itttt	le
 415 0004 40F20003 		movwle	r3, #:lower16:.LANCHOR0
 416 0008 00EB4000 		addle	r0, r0, r0, lsl #1
 417              	.LVL32:
 418 000c C0F20003 		movtle	r3, #:upper16:.LANCHOR0
 419 0010 03EB8003 		addle	r3, r3, r0, lsl #2
 420 0014 D4BF     		ite	le
 421 0016 9868     		ldrle	r0, [r3, #8]
 422              		.loc 1 242 0
 423 0018 0020     		movgt	r0, #0
 424              		.loc 1 245 0
 425 001a 7047     		bx	lr
 426              		.cfi_endproc
 427              	.LFE70:
 428              		.size	vexDigitalIntrCountGet, .-vexDigitalIntrCountGet
 429              		.global	vexioDefinition
 430 001c AFF30080 		.section	.data.vexioDefinition,"aw",%progbits
 431              		.align	2
 432              		.set	.LANCHOR0,. + 0
 433              		.type	vexioDefinition, %object
 434              		.size	vexioDefinition, 144
 435              	vexioDefinition:
 436 0000 00180140 		.word	1073813504
 437 0004 0900     		.short	9
 438 0006 00       		.byte	0
 439 0007 00       		.space	1
 440 0008 FFFFFFFF 		.word	-1
 441 000c 00180140 		.word	1073813504
 442 0010 0B00     		.short	11
 443 0012 00       		.byte	0
 444 0013 00       		.space	1
 445 0014 FFFFFFFF 		.word	-1
 446 0018 00100140 		.word	1073811456
 447 001c 0600     		.short	6
 448 001e 00       		.byte	0
ARM GAS  /tmp/ccLd1j7x.s 			page 9


 449 001f 00       		.space	1
 450 0020 FFFFFFFF 		.word	-1
 451 0024 00100140 		.word	1073811456
 452 0028 0700     		.short	7
 453 002a 00       		.byte	0
 454 002b 00       		.space	1
 455 002c FFFFFFFF 		.word	-1
 456 0030 00180140 		.word	1073813504
 457 0034 0D00     		.short	13
 458 0036 00       		.byte	0
 459 0037 00       		.space	1
 460 0038 FFFFFFFF 		.word	-1
 461 003c 00180140 		.word	1073813504
 462 0040 0E00     		.short	14
 463 0042 00       		.byte	0
 464 0043 00       		.space	1
 465 0044 FFFFFFFF 		.word	-1
 466 0048 00180140 		.word	1073813504
 467 004c 0800     		.short	8
 468 004e 00       		.byte	0
 469 004f 00       		.space	1
 470 0050 FFFFFFFF 		.word	-1
 471 0054 00180140 		.word	1073813504
 472 0058 0A00     		.short	10
 473 005a 00       		.byte	0
 474 005b 00       		.space	1
 475 005c FFFFFFFF 		.word	-1
 476 0060 00180140 		.word	1073813504
 477 0064 0C00     		.short	12
 478 0066 00       		.byte	0
 479 0067 00       		.space	1
 480 0068 FFFFFFFF 		.word	-1
 481 006c 00180140 		.word	1073813504
 482 0070 0700     		.short	7
 483 0072 00       		.byte	0
 484 0073 00       		.space	1
 485 0074 FFFFFFFF 		.word	-1
 486 0078 00140140 		.word	1073812480
 487 007c 0000     		.short	0
 488 007e 00       		.byte	0
 489 007f 00       		.space	1
 490 0080 FFFFFFFF 		.word	-1
 491 0084 00140140 		.word	1073812480
 492 0088 0100     		.short	1
 493 008a 00       		.byte	0
 494 008b 00       		.space	1
 495 008c FFFFFFFF 		.word	-1
 496              		.text
 497              	.Letext0:
 498              		.file 2 "/usr/include/newlib/machine/_default_types.h"
 499              		.file 3 "/usr/include/newlib/stdint.h"
 500              		.file 4 "../../../../ChibiOS_2.6.2/os/hal/platforms/STM32F1xx/stm32f10x.h"
 501              		.file 5 "../../../../ChibiOS_2.6.2/os/hal/platforms/STM32/GPIOv1/pal_lld.h"
 502              		.file 6 "../../../../ChibiOS_2.6.2/os/hal/include/ext.h"
 503              		.file 7 "../../../../ChibiOS_2.6.2/os/hal/platforms/STM32/ext_lld.h"
 504              		.file 8 "../../fw/vexdigital.h"
 505              		.file 9 "../../fw/vexime.h"
ARM GAS  /tmp/ccLd1j7x.s 			page 10


 506              		.file 10 "../../../../ChibiOS_2.6.2/os/ports/common/ARMCMx/CMSIS/include/core_cm3.h"
 507              		.section	.debug_info,"",%progbits
 508              	.Ldebug_info0:
 509 0000 1F060000 		.4byte	0x61f
 510 0004 0400     		.2byte	0x4
 511 0006 00000000 		.4byte	.Ldebug_abbrev0
 512 000a 04       		.byte	0x4
 513 000b 01       		.uleb128 0x1
 514 000c 4E010000 		.4byte	.LASF88
 515 0010 01       		.byte	0x1
 516 0011 82020000 		.4byte	.LASF89
 517 0015 AC040000 		.4byte	.LASF90
 518 0019 00000000 		.4byte	.Ldebug_ranges0+0
 519 001d 00000000 		.4byte	0
 520 0021 00000000 		.4byte	.Ldebug_line0
 521 0025 02       		.uleb128 0x2
 522 0026 04       		.byte	0x4
 523 0027 05       		.byte	0x5
 524 0028 696E7400 		.ascii	"int\000"
 525 002c 03       		.uleb128 0x3
 526 002d 04       		.byte	0x4
 527 002e 07       		.byte	0x7
 528 002f 52050000 		.4byte	.LASF0
 529 0033 03       		.uleb128 0x3
 530 0034 01       		.byte	0x1
 531 0035 06       		.byte	0x6
 532 0036 18020000 		.4byte	.LASF1
 533 003a 03       		.uleb128 0x3
 534 003b 01       		.byte	0x1
 535 003c 08       		.byte	0x8
 536 003d B1020000 		.4byte	.LASF2
 537 0041 04       		.uleb128 0x4
 538 0042 A2040000 		.4byte	.LASF4
 539 0046 02       		.byte	0x2
 540 0047 25       		.byte	0x25
 541 0048 4C000000 		.4byte	0x4c
 542 004c 03       		.uleb128 0x3
 543 004d 02       		.byte	0x2
 544 004e 05       		.byte	0x5
 545 004f CB000000 		.4byte	.LASF3
 546 0053 04       		.uleb128 0x4
 547 0054 02010000 		.4byte	.LASF5
 548 0058 02       		.byte	0x2
 549 0059 26       		.byte	0x26
 550 005a 5E000000 		.4byte	0x5e
 551 005e 03       		.uleb128 0x3
 552 005f 02       		.byte	0x2
 553 0060 07       		.byte	0x7
 554 0061 7B030000 		.4byte	.LASF6
 555 0065 04       		.uleb128 0x4
 556 0066 98040000 		.4byte	.LASF7
 557 006a 02       		.byte	0x2
 558 006b 37       		.byte	0x37
 559 006c 70000000 		.4byte	0x70
 560 0070 03       		.uleb128 0x3
 561 0071 04       		.byte	0x4
 562 0072 05       		.byte	0x5
ARM GAS  /tmp/ccLd1j7x.s 			page 11


 563 0073 53020000 		.4byte	.LASF8
 564 0077 04       		.uleb128 0x4
 565 0078 F2000000 		.4byte	.LASF9
 566 007c 02       		.byte	0x2
 567 007d 38       		.byte	0x38
 568 007e 82000000 		.4byte	0x82
 569 0082 03       		.uleb128 0x3
 570 0083 04       		.byte	0x4
 571 0084 07       		.byte	0x7
 572 0085 71040000 		.4byte	.LASF10
 573 0089 03       		.uleb128 0x3
 574 008a 08       		.byte	0x8
 575 008b 05       		.byte	0x5
 576 008c 45020000 		.4byte	.LASF11
 577 0090 03       		.uleb128 0x3
 578 0091 08       		.byte	0x8
 579 0092 07       		.byte	0x7
 580 0093 10030000 		.4byte	.LASF12
 581 0097 04       		.uleb128 0x4
 582 0098 33050000 		.4byte	.LASF13
 583 009c 03       		.byte	0x3
 584 009d 35       		.byte	0x35
 585 009e 41000000 		.4byte	0x41
 586 00a2 04       		.uleb128 0x4
 587 00a3 B4030000 		.4byte	.LASF14
 588 00a7 03       		.byte	0x3
 589 00a8 36       		.byte	0x36
 590 00a9 53000000 		.4byte	0x53
 591 00ad 04       		.uleb128 0x4
 592 00ae D9030000 		.4byte	.LASF15
 593 00b2 03       		.byte	0x3
 594 00b3 41       		.byte	0x41
 595 00b4 65000000 		.4byte	0x65
 596 00b8 04       		.uleb128 0x4
 597 00b9 38030000 		.4byte	.LASF16
 598 00bd 03       		.byte	0x3
 599 00be 42       		.byte	0x42
 600 00bf 77000000 		.4byte	0x77
 601 00c3 03       		.uleb128 0x3
 602 00c4 01       		.byte	0x1
 603 00c5 02       		.byte	0x2
 604 00c6 36040000 		.4byte	.LASF17
 605 00ca 05       		.uleb128 0x5
 606 00cb B8000000 		.4byte	0xb8
 607 00cf 03       		.uleb128 0x3
 608 00d0 04       		.byte	0x4
 609 00d1 07       		.byte	0x7
 610 00d2 D5000000 		.4byte	.LASF18
 611 00d6 03       		.uleb128 0x3
 612 00d7 01       		.byte	0x1
 613 00d8 08       		.byte	0x8
 614 00d9 AF030000 		.4byte	.LASF19
 615 00dd 05       		.uleb128 0x5
 616 00de AD000000 		.4byte	0xad
 617 00e2 06       		.uleb128 0x6
 618 00e3 1C       		.byte	0x1c
 619 00e4 04       		.byte	0x4
ARM GAS  /tmp/ccLd1j7x.s 			page 12


 620 00e5 F803     		.2byte	0x3f8
 621 00e7 47010000 		.4byte	0x147
 622 00eb 07       		.uleb128 0x7
 623 00ec 43524C00 		.ascii	"CRL\000"
 624 00f0 04       		.byte	0x4
 625 00f1 FA03     		.2byte	0x3fa
 626 00f3 CA000000 		.4byte	0xca
 627 00f7 00       		.byte	0
 628 00f8 07       		.uleb128 0x7
 629 00f9 43524800 		.ascii	"CRH\000"
 630 00fd 04       		.byte	0x4
 631 00fe FB03     		.2byte	0x3fb
 632 0100 CA000000 		.4byte	0xca
 633 0104 04       		.byte	0x4
 634 0105 07       		.uleb128 0x7
 635 0106 49445200 		.ascii	"IDR\000"
 636 010a 04       		.byte	0x4
 637 010b FC03     		.2byte	0x3fc
 638 010d CA000000 		.4byte	0xca
 639 0111 08       		.byte	0x8
 640 0112 07       		.uleb128 0x7
 641 0113 4F445200 		.ascii	"ODR\000"
 642 0117 04       		.byte	0x4
 643 0118 FD03     		.2byte	0x3fd
 644 011a CA000000 		.4byte	0xca
 645 011e 0C       		.byte	0xc
 646 011f 08       		.uleb128 0x8
 647 0120 61020000 		.4byte	.LASF20
 648 0124 04       		.byte	0x4
 649 0125 FE03     		.2byte	0x3fe
 650 0127 CA000000 		.4byte	0xca
 651 012b 10       		.byte	0x10
 652 012c 07       		.uleb128 0x7
 653 012d 42525200 		.ascii	"BRR\000"
 654 0131 04       		.byte	0x4
 655 0132 FF03     		.2byte	0x3ff
 656 0134 CA000000 		.4byte	0xca
 657 0138 14       		.byte	0x14
 658 0139 08       		.uleb128 0x8
 659 013a 71050000 		.4byte	.LASF21
 660 013e 04       		.byte	0x4
 661 013f 0004     		.2byte	0x400
 662 0141 CA000000 		.4byte	0xca
 663 0145 18       		.byte	0x18
 664 0146 00       		.byte	0
 665 0147 09       		.uleb128 0x9
 666 0148 00000000 		.4byte	.LASF22
 667 014c 04       		.byte	0x4
 668 014d 0104     		.2byte	0x401
 669 014f E2000000 		.4byte	0xe2
 670 0153 04       		.uleb128 0x4
 671 0154 41010000 		.4byte	.LASF23
 672 0158 05       		.byte	0x5
 673 0159 6D       		.byte	0x6d
 674 015a B8000000 		.4byte	0xb8
 675 015e 04       		.uleb128 0x4
 676 015f 38010000 		.4byte	.LASF24
ARM GAS  /tmp/ccLd1j7x.s 			page 13


 677 0163 05       		.byte	0x5
 678 0164 72       		.byte	0x72
 679 0165 B8000000 		.4byte	0xb8
 680 0169 04       		.uleb128 0x4
 681 016a A6020000 		.4byte	.LASF25
 682 016e 05       		.byte	0x5
 683 016f 7A       		.byte	0x7a
 684 0170 74010000 		.4byte	0x174
 685 0174 0A       		.uleb128 0xa
 686 0175 04       		.byte	0x4
 687 0176 47010000 		.4byte	0x147
 688 017a 0B       		.uleb128 0xb
 689 017b 01       		.byte	0x1
 690 017c 06       		.byte	0x6
 691 017d 4A       		.byte	0x4a
 692 017e 95010000 		.4byte	0x195
 693 0182 0C       		.uleb128 0xc
 694 0183 F7020000 		.4byte	.LASF26
 695 0187 00       		.sleb128 0
 696 0188 0C       		.uleb128 0xc
 697 0189 16010000 		.4byte	.LASF27
 698 018d 01       		.sleb128 1
 699 018e 0C       		.uleb128 0xc
 700 018f 66020000 		.4byte	.LASF28
 701 0193 02       		.sleb128 2
 702 0194 00       		.byte	0
 703 0195 04       		.uleb128 0x4
 704 0196 83040000 		.4byte	.LASF29
 705 019a 06       		.byte	0x6
 706 019b 4E       		.byte	0x4e
 707 019c 7A010000 		.4byte	0x17a
 708 01a0 04       		.uleb128 0x4
 709 01a1 3B050000 		.4byte	.LASF30
 710 01a5 06       		.byte	0x6
 711 01a6 53       		.byte	0x53
 712 01a7 AB010000 		.4byte	0x1ab
 713 01ab 0D       		.uleb128 0xd
 714 01ac 3B050000 		.4byte	.LASF30
 715 01b0 08       		.byte	0x8
 716 01b1 07       		.byte	0x7
 717 01b2 71       		.byte	0x71
 718 01b3 D0010000 		.4byte	0x1d0
 719 01b7 0E       		.uleb128 0xe
 720 01b8 A2000000 		.4byte	.LASF31
 721 01bc 07       		.byte	0x7
 722 01bd 75       		.byte	0x75
 723 01be 95010000 		.4byte	0x195
 724 01c2 00       		.byte	0
 725 01c3 0E       		.uleb128 0xe
 726 01c4 31010000 		.4byte	.LASF32
 727 01c8 07       		.byte	0x7
 728 01c9 79       		.byte	0x79
 729 01ca 5D020000 		.4byte	0x25d
 730 01ce 04       		.byte	0x4
 731 01cf 00       		.byte	0
 732 01d0 04       		.uleb128 0x4
 733 01d1 01050000 		.4byte	.LASF33
ARM GAS  /tmp/ccLd1j7x.s 			page 14


 734 01d5 07       		.byte	0x7
 735 01d6 47       		.byte	0x47
 736 01d7 B8000000 		.4byte	0xb8
 737 01db 04       		.uleb128 0x4
 738 01dc CD020000 		.4byte	.LASF34
 739 01e0 07       		.byte	0x7
 740 01e1 4F       		.byte	0x4f
 741 01e2 E6010000 		.4byte	0x1e6
 742 01e6 0A       		.uleb128 0xa
 743 01e7 04       		.byte	0x4
 744 01e8 EC010000 		.4byte	0x1ec
 745 01ec 0F       		.uleb128 0xf
 746 01ed FC010000 		.4byte	0x1fc
 747 01f1 10       		.uleb128 0x10
 748 01f2 FC010000 		.4byte	0x1fc
 749 01f6 10       		.uleb128 0x10
 750 01f7 D0010000 		.4byte	0x1d0
 751 01fb 00       		.byte	0
 752 01fc 0A       		.uleb128 0xa
 753 01fd 04       		.byte	0x4
 754 01fe A0010000 		.4byte	0x1a0
 755 0202 11       		.uleb128 0x11
 756 0203 08       		.byte	0x8
 757 0204 07       		.byte	0x7
 758 0205 54       		.byte	0x54
 759 0206 22020000 		.4byte	0x222
 760 020a 0E       		.uleb128 0xe
 761 020b FD000000 		.4byte	.LASF35
 762 020f 07       		.byte	0x7
 763 0210 58       		.byte	0x58
 764 0211 B8000000 		.4byte	0xb8
 765 0215 00       		.byte	0
 766 0216 12       		.uleb128 0x12
 767 0217 636200   		.ascii	"cb\000"
 768 021a 07       		.byte	0x7
 769 021b 5F       		.byte	0x5f
 770 021c DB010000 		.4byte	0x1db
 771 0220 04       		.byte	0x4
 772 0221 00       		.byte	0
 773 0222 04       		.uleb128 0x4
 774 0223 9E030000 		.4byte	.LASF36
 775 0227 07       		.byte	0x7
 776 0228 60       		.byte	0x60
 777 0229 02020000 		.4byte	0x202
 778 022d 11       		.uleb128 0x11
 779 022e 98       		.byte	0x98
 780 022f 07       		.byte	0x7
 781 0230 66       		.byte	0x66
 782 0231 42020000 		.4byte	0x242
 783 0235 0E       		.uleb128 0xe
 784 0236 0D010000 		.4byte	.LASF37
 785 023a 07       		.byte	0x7
 786 023b 6A       		.byte	0x6a
 787 023c 42020000 		.4byte	0x242
 788 0240 00       		.byte	0
 789 0241 00       		.byte	0
 790 0242 13       		.uleb128 0x13
ARM GAS  /tmp/ccLd1j7x.s 			page 15


 791 0243 22020000 		.4byte	0x222
 792 0247 52020000 		.4byte	0x252
 793 024b 14       		.uleb128 0x14
 794 024c CF000000 		.4byte	0xcf
 795 0250 12       		.byte	0x12
 796 0251 00       		.byte	0
 797 0252 04       		.uleb128 0x4
 798 0253 41030000 		.4byte	.LASF38
 799 0257 07       		.byte	0x7
 800 0258 6C       		.byte	0x6c
 801 0259 2D020000 		.4byte	0x22d
 802 025d 0A       		.uleb128 0xa
 803 025e 04       		.byte	0x4
 804 025f 63020000 		.4byte	0x263
 805 0263 15       		.uleb128 0x15
 806 0264 52020000 		.4byte	0x252
 807 0268 0B       		.uleb128 0xb
 808 0269 01       		.byte	0x1
 809 026a 08       		.byte	0x8
 810 026b 8D       		.byte	0x8d
 811 026c C5020000 		.4byte	0x2c5
 812 0270 0C       		.uleb128 0xc
 813 0271 0D000000 		.4byte	.LASF39
 814 0275 7F       		.sleb128 -1
 815 0276 0C       		.uleb128 0xc
 816 0277 BD030000 		.4byte	.LASF40
 817 027b 00       		.sleb128 0
 818 027c 0C       		.uleb128 0xc
 819 027d CB030000 		.4byte	.LASF41
 820 0281 01       		.sleb128 1
 821 0282 0C       		.uleb128 0xc
 822 0283 98020000 		.4byte	.LASF42
 823 0287 02       		.sleb128 2
 824 0288 0C       		.uleb128 0xc
 825 0289 E1030000 		.4byte	.LASF43
 826 028d 03       		.sleb128 3
 827 028e 0C       		.uleb128 0xc
 828 028f 5B030000 		.4byte	.LASF44
 829 0293 04       		.sleb128 4
 830 0294 0C       		.uleb128 0xc
 831 0295 06040000 		.4byte	.LASF45
 832 0299 05       		.sleb128 5
 833 029a 0C       		.uleb128 0xc
 834 029b BF020000 		.4byte	.LASF46
 835 029f 06       		.sleb128 6
 836 02a0 0C       		.uleb128 0xc
 837 02a1 1A040000 		.4byte	.LASF47
 838 02a5 07       		.sleb128 7
 839 02a6 0C       		.uleb128 0xc
 840 02a7 28040000 		.4byte	.LASF48
 841 02ab 08       		.sleb128 8
 842 02ac 0C       		.uleb128 0xc
 843 02ad EB010000 		.4byte	.LASF49
 844 02b1 09       		.sleb128 9
 845 02b2 0C       		.uleb128 0xc
 846 02b3 FA010000 		.4byte	.LASF50
 847 02b7 0A       		.sleb128 10
ARM GAS  /tmp/ccLd1j7x.s 			page 16


 848 02b8 0C       		.uleb128 0xc
 849 02b9 09020000 		.4byte	.LASF51
 850 02bd 0B       		.sleb128 11
 851 02be 0C       		.uleb128 0xc
 852 02bf 0E050000 		.4byte	.LASF52
 853 02c3 0C       		.sleb128 12
 854 02c4 00       		.byte	0
 855 02c5 04       		.uleb128 0x4
 856 02c6 24050000 		.4byte	.LASF53
 857 02ca 08       		.byte	0x8
 858 02cb 9D       		.byte	0x9d
 859 02cc 68020000 		.4byte	0x268
 860 02d0 0B       		.uleb128 0xb
 861 02d1 01       		.byte	0x1
 862 02d2 08       		.byte	0x8
 863 02d3 A2       		.byte	0xa2
 864 02d4 E5020000 		.4byte	0x2e5
 865 02d8 0C       		.uleb128 0xc
 866 02d9 71020000 		.4byte	.LASF54
 867 02dd 00       		.sleb128 0
 868 02de 0C       		.uleb128 0xc
 869 02df 1F010000 		.4byte	.LASF55
 870 02e3 01       		.sleb128 1
 871 02e4 00       		.byte	0
 872 02e5 04       		.uleb128 0x4
 873 02e6 8E030000 		.4byte	.LASF56
 874 02ea 08       		.byte	0x8
 875 02eb A5       		.byte	0xa5
 876 02ec D0020000 		.4byte	0x2d0
 877 02f0 0B       		.uleb128 0xb
 878 02f1 01       		.byte	0x1
 879 02f2 08       		.byte	0x8
 880 02f3 AA       		.byte	0xaa
 881 02f4 05030000 		.4byte	0x305
 882 02f8 0C       		.uleb128 0xc
 883 02f9 24020000 		.4byte	.LASF57
 884 02fd 00       		.sleb128 0
 885 02fe 0C       		.uleb128 0xc
 886 02ff 34000000 		.4byte	.LASF58
 887 0303 01       		.sleb128 1
 888 0304 00       		.byte	0
 889 0305 04       		.uleb128 0x4
 890 0306 27030000 		.4byte	.LASF59
 891 030a 08       		.byte	0x8
 892 030b AD       		.byte	0xad
 893 030c F0020000 		.4byte	0x2f0
 894 0310 0D       		.uleb128 0xd
 895 0311 6A040000 		.4byte	.LASF60
 896 0315 0C       		.byte	0xc
 897 0316 08       		.byte	0x8
 898 0317 B2       		.byte	0xb2
 899 0318 4D030000 		.4byte	0x34d
 900 031c 0E       		.uleb128 0xe
 901 031d 65040000 		.4byte	.LASF61
 902 0321 08       		.byte	0x8
 903 0322 B3       		.byte	0xb3
 904 0323 69010000 		.4byte	0x169
ARM GAS  /tmp/ccLd1j7x.s 			page 17


 905 0327 00       		.byte	0
 906 0328 12       		.uleb128 0x12
 907 0329 70616400 		.ascii	"pad\000"
 908 032d 08       		.byte	0x8
 909 032e B4       		.byte	0xb4
 910 032f 97000000 		.4byte	0x97
 911 0333 04       		.byte	0x4
 912 0334 0E       		.uleb128 0xe
 913 0335 FD000000 		.4byte	.LASF35
 914 0339 08       		.byte	0x8
 915 033a B5       		.byte	0xb5
 916 033b E5020000 		.4byte	0x2e5
 917 033f 06       		.byte	0x6
 918 0340 0E       		.uleb128 0xe
 919 0341 8E040000 		.4byte	.LASF62
 920 0345 08       		.byte	0x8
 921 0346 B6       		.byte	0xb6
 922 0347 AD000000 		.4byte	0xad
 923 034b 08       		.byte	0x8
 924 034c 00       		.byte	0
 925 034d 04       		.uleb128 0x4
 926 034e 1E050000 		.4byte	.LASF63
 927 0352 08       		.byte	0x8
 928 0353 B7       		.byte	0xb7
 929 0354 10030000 		.4byte	0x310
 930 0358 0B       		.uleb128 0xb
 931 0359 01       		.byte	0x1
 932 035a 09       		.byte	0x9
 933 035b 46       		.byte	0x46
 934 035c 9E030000 		.4byte	0x39e
 935 0360 0C       		.uleb128 0xc
 936 0361 66000000 		.4byte	.LASF64
 937 0365 00       		.sleb128 0
 938 0366 0C       		.uleb128 0xc
 939 0367 74000000 		.4byte	.LASF65
 940 036b 01       		.sleb128 1
 941 036c 0C       		.uleb128 0xc
 942 036d 82000000 		.4byte	.LASF66
 943 0371 02       		.sleb128 2
 944 0372 0C       		.uleb128 0xc
 945 0373 DB020000 		.4byte	.LASF67
 946 0377 03       		.sleb128 3
 947 0378 0C       		.uleb128 0xc
 948 0379 E9020000 		.4byte	.LASF68
 949 037d 04       		.sleb128 4
 950 037e 0C       		.uleb128 0xc
 951 037f 02030000 		.4byte	.LASF69
 952 0383 05       		.sleb128 5
 953 0384 0C       		.uleb128 0xc
 954 0385 AF000000 		.4byte	.LASF70
 955 0389 06       		.sleb128 6
 956 038a 0C       		.uleb128 0xc
 957 038b BD000000 		.4byte	.LASF71
 958 038f 07       		.sleb128 7
 959 0390 0C       		.uleb128 0xc
 960 0391 DE000000 		.4byte	.LASF72
 961 0395 08       		.sleb128 8
ARM GAS  /tmp/ccLd1j7x.s 			page 18


 962 0396 0C       		.uleb128 0xc
 963 0397 44040000 		.4byte	.LASF73
 964 039b E300     		.sleb128 99
 965 039d 00       		.byte	0
 966 039e 16       		.uleb128 0x16
 967 039f A8000000 		.4byte	.LASF91
 968 03a3 01       		.byte	0x1
 969 03a4 A6       		.byte	0xa6
 970 03a5 00000000 		.4byte	.LFB67
 971 03a9 48000000 		.4byte	.LFE67-.LFB67
 972 03ad 01       		.uleb128 0x1
 973 03ae 9C       		.byte	0x9c
 974 03af 13040000 		.4byte	0x413
 975 03b3 17       		.uleb128 0x17
 976 03b4 5C020000 		.4byte	.LASF74
 977 03b8 01       		.byte	0x1
 978 03b9 A6       		.byte	0xa6
 979 03ba FC010000 		.4byte	0x1fc
 980 03be 00000000 		.4byte	.LLST0
 981 03c2 17       		.uleb128 0x17
 982 03c3 3C040000 		.4byte	.LASF75
 983 03c7 01       		.byte	0x1
 984 03c8 A6       		.byte	0xa6
 985 03c9 D0010000 		.4byte	0x1d0
 986 03cd 21000000 		.4byte	.LLST1
 987 03d1 18       		.uleb128 0x18
 988 03d2 70696E00 		.ascii	"pin\000"
 989 03d6 01       		.byte	0x1
 990 03d7 AD       		.byte	0xad
 991 03d8 25000000 		.4byte	0x25
 992 03dc 42000000 		.4byte	.LLST2
 993 03e0 19       		.uleb128 0x19
 994 03e1 00000000 		.4byte	.LBB2
 995 03e5 0A000000 		.4byte	.LBE2-.LBB2
 996 03e9 FB030000 		.4byte	0x3fb
 997 03ed 1A       		.uleb128 0x1a
 998 03ee 746D7000 		.ascii	"tmp\000"
 999 03f2 01       		.byte	0x1
 1000 03f3 AB       		.byte	0xab
 1001 03f4 B8000000 		.4byte	0xb8
 1002 03f8 01       		.uleb128 0x1
 1003 03f9 53       		.byte	0x53
 1004 03fa 00       		.byte	0
 1005 03fb 1B       		.uleb128 0x1b
 1006 03fc 3A000000 		.4byte	.LBB3
 1007 0400 0E000000 		.4byte	.LBE3-.LBB3
 1008 0404 1A       		.uleb128 0x1a
 1009 0405 746D7000 		.ascii	"tmp\000"
 1010 0409 01       		.byte	0x1
 1011 040a BA       		.byte	0xba
 1012 040b B8000000 		.4byte	0xb8
 1013 040f 01       		.uleb128 0x1
 1014 0410 53       		.byte	0x53
 1015 0411 00       		.byte	0
 1016 0412 00       		.byte	0
 1017 0413 1C       		.uleb128 0x1c
 1018 0414 33020000 		.4byte	.LASF76
ARM GAS  /tmp/ccLd1j7x.s 			page 19


 1019 0418 01       		.byte	0x1
 1020 0419 55       		.byte	0x55
 1021 041a 00000000 		.4byte	.LFB63
 1022 041e 3C000000 		.4byte	.LFE63-.LFB63
 1023 0422 01       		.uleb128 0x1
 1024 0423 9C       		.byte	0x9c
 1025 0424 69040000 		.4byte	0x469
 1026 0428 1D       		.uleb128 0x1d
 1027 0429 70696E00 		.ascii	"pin\000"
 1028 042d 01       		.byte	0x1
 1029 042e 55       		.byte	0x55
 1030 042f C5020000 		.4byte	0x2c5
 1031 0433 61000000 		.4byte	.LLST3
 1032 0437 17       		.uleb128 0x17
 1033 0438 FD000000 		.4byte	.LASF35
 1034 043c 01       		.byte	0x1
 1035 043d 55       		.byte	0x55
 1036 043e E5020000 		.4byte	0x2e5
 1037 0442 82000000 		.4byte	.LLST4
 1038 0446 1E       		.uleb128 0x1e
 1039 0447 2E000000 		.4byte	.LVL11
 1040 044b D4050000 		.4byte	0x5d4
 1041 044f 59040000 		.4byte	0x459
 1042 0453 1F       		.uleb128 0x1f
 1043 0454 01       		.uleb128 0x1
 1044 0455 52       		.byte	0x52
 1045 0456 01       		.uleb128 0x1
 1046 0457 33       		.byte	0x33
 1047 0458 00       		.byte	0
 1048 0459 20       		.uleb128 0x20
 1049 045a 3C000000 		.4byte	.LVL13
 1050 045e D4050000 		.4byte	0x5d4
 1051 0462 1F       		.uleb128 0x1f
 1052 0463 01       		.uleb128 0x1
 1053 0464 52       		.byte	0x52
 1054 0465 01       		.uleb128 0x1
 1055 0466 36       		.byte	0x36
 1056 0467 00       		.byte	0
 1057 0468 00       		.byte	0
 1058 0469 21       		.uleb128 0x21
 1059 046a 90000000 		.4byte	.LASF78
 1060 046e 01       		.byte	0x1
 1061 046f 6A       		.byte	0x6a
 1062 0470 E5020000 		.4byte	0x2e5
 1063 0474 00000000 		.4byte	.LFB64
 1064 0478 1C000000 		.4byte	.LFE64-.LFB64
 1065 047c 01       		.uleb128 0x1
 1066 047d 9C       		.byte	0x9c
 1067 047e 92040000 		.4byte	0x492
 1068 0482 1D       		.uleb128 0x1d
 1069 0483 70696E00 		.ascii	"pin\000"
 1070 0487 01       		.byte	0x1
 1071 0488 6A       		.byte	0x6a
 1072 0489 C5020000 		.4byte	0x2c5
 1073 048d CD000000 		.4byte	.LLST5
 1074 0491 00       		.byte	0
 1075 0492 1C       		.uleb128 0x1c
ARM GAS  /tmp/ccLd1j7x.s 			page 20


 1076 0493 54040000 		.4byte	.LASF77
 1077 0497 01       		.byte	0x1
 1078 0498 7D       		.byte	0x7d
 1079 0499 00000000 		.4byte	.LFB65
 1080 049d 32000000 		.4byte	.LFE65-.LFB65
 1081 04a1 01       		.uleb128 0x1
 1082 04a2 9C       		.byte	0x9c
 1083 04a3 C6040000 		.4byte	0x4c6
 1084 04a7 1D       		.uleb128 0x1d
 1085 04a8 70696E00 		.ascii	"pin\000"
 1086 04ac 01       		.byte	0x1
 1087 04ad 7D       		.byte	0x7d
 1088 04ae C5020000 		.4byte	0x2c5
 1089 04b2 EE000000 		.4byte	.LLST6
 1090 04b6 17       		.uleb128 0x17
 1091 04b7 A2000000 		.4byte	.LASF31
 1092 04bb 01       		.byte	0x1
 1093 04bc 7D       		.byte	0x7d
 1094 04bd 05030000 		.4byte	0x305
 1095 04c1 0F010000 		.4byte	.LLST7
 1096 04c5 00       		.byte	0
 1097 04c6 21       		.uleb128 0x21
 1098 04c7 55000000 		.4byte	.LASF79
 1099 04cb 01       		.byte	0x1
 1100 04cc 92       		.byte	0x92
 1101 04cd 05030000 		.4byte	0x305
 1102 04d1 00000000 		.4byte	.LFB66
 1103 04d5 28000000 		.4byte	.LFE66-.LFB66
 1104 04d9 01       		.uleb128 0x1
 1105 04da 9C       		.byte	0x9c
 1106 04db EF040000 		.4byte	0x4ef
 1107 04df 1D       		.uleb128 0x1d
 1108 04e0 70696E00 		.ascii	"pin\000"
 1109 04e4 01       		.byte	0x1
 1110 04e5 92       		.byte	0x92
 1111 04e6 C5020000 		.4byte	0x2c5
 1112 04ea 49010000 		.4byte	.LLST8
 1113 04ee 00       		.byte	0
 1114 04ef 1C       		.uleb128 0x1c
 1115 04f0 69030000 		.4byte	.LASF80
 1116 04f4 01       		.byte	0x1
 1117 04f5 C6       		.byte	0xc6
 1118 04f6 00000000 		.4byte	.LFB68
 1119 04fa 58000000 		.4byte	.LFE68-.LFB68
 1120 04fe 01       		.uleb128 0x1
 1121 04ff 9C       		.byte	0x9c
 1122 0500 45050000 		.4byte	0x545
 1123 0504 1D       		.uleb128 0x1d
 1124 0505 70696E00 		.ascii	"pin\000"
 1125 0509 01       		.byte	0x1
 1126 050a C6       		.byte	0xc6
 1127 050b C5020000 		.4byte	0x2c5
 1128 050f 83010000 		.4byte	.LLST9
 1129 0513 22       		.uleb128 0x22
 1130 0514 10000000 		.4byte	.LVL26
 1131 0518 13040000 		.4byte	0x413
 1132 051c 2C050000 		.4byte	0x52c
ARM GAS  /tmp/ccLd1j7x.s 			page 21


 1133 0520 1F       		.uleb128 0x1f
 1134 0521 01       		.uleb128 0x1
 1135 0522 51       		.byte	0x51
 1136 0523 01       		.uleb128 0x1
 1137 0524 30       		.byte	0x30
 1138 0525 1F       		.uleb128 0x1f
 1139 0526 01       		.uleb128 0x1
 1140 0527 50       		.byte	0x50
 1141 0528 02       		.uleb128 0x2
 1142 0529 75       		.byte	0x75
 1143 052a 00       		.sleb128 0
 1144 052b 00       		.byte	0
 1145 052c 23       		.uleb128 0x23
 1146 052d 2C000000 		.4byte	.LVL27
 1147 0531 F0050000 		.4byte	0x5f0
 1148 0535 1F       		.uleb128 0x1f
 1149 0536 01       		.uleb128 0x1
 1150 0537 53       		.byte	0x53
 1151 0538 05       		.uleb128 0x5
 1152 0539 03       		.byte	0x3
 1153 053a 00000000 		.4byte	_vi_cb
 1154 053e 1F       		.uleb128 0x1f
 1155 053f 01       		.uleb128 0x1
 1156 0540 52       		.byte	0x52
 1157 0541 01       		.uleb128 0x1
 1158 0542 33       		.byte	0x33
 1159 0543 00       		.byte	0
 1160 0544 00       		.byte	0
 1161 0545 1C       		.uleb128 0x1c
 1162 0546 5F050000 		.4byte	.LASF81
 1163 054a 01       		.byte	0x1
 1164 054b DC       		.byte	0xdc
 1165 054c 00000000 		.4byte	.LFB69
 1166 0550 34000000 		.4byte	.LFE69-.LFB69
 1167 0554 01       		.uleb128 0x1
 1168 0555 9C       		.byte	0x9c
 1169 0556 73050000 		.4byte	0x573
 1170 055a 18       		.uleb128 0x18
 1171 055b 70696E00 		.ascii	"pin\000"
 1172 055f 01       		.byte	0x1
 1173 0560 DE       		.byte	0xde
 1174 0561 97000000 		.4byte	0x97
 1175 0565 A4010000 		.4byte	.LLST10
 1176 0569 24       		.uleb128 0x24
 1177 056a 28000000 		.4byte	.LVL30
 1178 056e 10060000 		.4byte	0x610
 1179 0572 00       		.byte	0
 1180 0573 21       		.uleb128 0x21
 1181 0574 EF030000 		.4byte	.LASF82
 1182 0578 01       		.byte	0x1
 1183 0579 EF       		.byte	0xef
 1184 057a AD000000 		.4byte	0xad
 1185 057e 00000000 		.4byte	.LFB70
 1186 0582 1C000000 		.4byte	.LFE70-.LFB70
 1187 0586 01       		.uleb128 0x1
 1188 0587 9C       		.byte	0x9c
 1189 0588 9C050000 		.4byte	0x59c
ARM GAS  /tmp/ccLd1j7x.s 			page 22


 1190 058c 1D       		.uleb128 0x1d
 1191 058d 70696E00 		.ascii	"pin\000"
 1192 0591 01       		.byte	0x1
 1193 0592 EF       		.byte	0xef
 1194 0593 C5020000 		.4byte	0x2c5
 1195 0597 B8010000 		.4byte	.LLST11
 1196 059b 00       		.byte	0
 1197 059c 25       		.uleb128 0x25
 1198 059d 45050000 		.4byte	.LASF83
 1199 05a1 0A       		.byte	0xa
 1200 05a2 0706     		.2byte	0x607
 1201 05a4 DD000000 		.4byte	0xdd
 1202 05a8 26       		.uleb128 0x26
 1203 05a9 14040000 		.4byte	.LASF84
 1204 05ad 07       		.byte	0x7
 1205 05ae 86       		.byte	0x86
 1206 05af A0010000 		.4byte	0x1a0
 1207 05b3 13       		.uleb128 0x13
 1208 05b4 4D030000 		.4byte	0x34d
 1209 05b8 C3050000 		.4byte	0x5c3
 1210 05bc 14       		.uleb128 0x14
 1211 05bd CF000000 		.4byte	0xcf
 1212 05c1 0B       		.byte	0xb
 1213 05c2 00       		.byte	0
 1214 05c3 27       		.uleb128 0x27
 1215 05c4 4B030000 		.4byte	.LASF85
 1216 05c8 01       		.byte	0x1
 1217 05c9 3A       		.byte	0x3a
 1218 05ca B3050000 		.4byte	0x5b3
 1219 05ce 05       		.uleb128 0x5
 1220 05cf 03       		.byte	0x3
 1221 05d0 00000000 		.4byte	vexioDefinition
 1222 05d4 28       		.uleb128 0x28
 1223 05d5 1E000000 		.4byte	.LASF86
 1224 05d9 05       		.byte	0x5
 1225 05da 4301     		.2byte	0x143
 1226 05dc F0050000 		.4byte	0x5f0
 1227 05e0 10       		.uleb128 0x10
 1228 05e1 69010000 		.4byte	0x169
 1229 05e5 10       		.uleb128 0x10
 1230 05e6 53010000 		.4byte	0x153
 1231 05ea 10       		.uleb128 0x10
 1232 05eb 5E010000 		.4byte	0x15e
 1233 05ef 00       		.byte	0
 1234 05f0 29       		.uleb128 0x29
 1235 05f1 E8000000 		.4byte	.LASF87
 1236 05f5 08       		.byte	0x8
 1237 05f6 CC       		.byte	0xcc
 1238 05f7 10060000 		.4byte	0x610
 1239 05fb 10       		.uleb128 0x10
 1240 05fc 69010000 		.4byte	0x169
 1241 0600 10       		.uleb128 0x10
 1242 0601 A2000000 		.4byte	0xa2
 1243 0605 10       		.uleb128 0x10
 1244 0606 B8000000 		.4byte	0xb8
 1245 060a 10       		.uleb128 0x10
 1246 060b DB010000 		.4byte	0x1db
ARM GAS  /tmp/ccLd1j7x.s 			page 23


 1247 060f 00       		.byte	0
 1248 0610 2A       		.uleb128 0x2a
 1249 0611 44000000 		.4byte	.LASF92
 1250 0615 06       		.byte	0x6
 1251 0616 94       		.byte	0x94
 1252 0617 10       		.uleb128 0x10
 1253 0618 FC010000 		.4byte	0x1fc
 1254 061c 10       		.uleb128 0x10
 1255 061d D0010000 		.4byte	0x1d0
 1256 0621 00       		.byte	0
 1257 0622 00       		.byte	0
 1258              		.section	.debug_abbrev,"",%progbits
 1259              	.Ldebug_abbrev0:
 1260 0000 01       		.uleb128 0x1
 1261 0001 11       		.uleb128 0x11
 1262 0002 01       		.byte	0x1
 1263 0003 25       		.uleb128 0x25
 1264 0004 0E       		.uleb128 0xe
 1265 0005 13       		.uleb128 0x13
 1266 0006 0B       		.uleb128 0xb
 1267 0007 03       		.uleb128 0x3
 1268 0008 0E       		.uleb128 0xe
 1269 0009 1B       		.uleb128 0x1b
 1270 000a 0E       		.uleb128 0xe
 1271 000b 55       		.uleb128 0x55
 1272 000c 17       		.uleb128 0x17
 1273 000d 11       		.uleb128 0x11
 1274 000e 01       		.uleb128 0x1
 1275 000f 10       		.uleb128 0x10
 1276 0010 17       		.uleb128 0x17
 1277 0011 00       		.byte	0
 1278 0012 00       		.byte	0
 1279 0013 02       		.uleb128 0x2
 1280 0014 24       		.uleb128 0x24
 1281 0015 00       		.byte	0
 1282 0016 0B       		.uleb128 0xb
 1283 0017 0B       		.uleb128 0xb
 1284 0018 3E       		.uleb128 0x3e
 1285 0019 0B       		.uleb128 0xb
 1286 001a 03       		.uleb128 0x3
 1287 001b 08       		.uleb128 0x8
 1288 001c 00       		.byte	0
 1289 001d 00       		.byte	0
 1290 001e 03       		.uleb128 0x3
 1291 001f 24       		.uleb128 0x24
 1292 0020 00       		.byte	0
 1293 0021 0B       		.uleb128 0xb
 1294 0022 0B       		.uleb128 0xb
 1295 0023 3E       		.uleb128 0x3e
 1296 0024 0B       		.uleb128 0xb
 1297 0025 03       		.uleb128 0x3
 1298 0026 0E       		.uleb128 0xe
 1299 0027 00       		.byte	0
 1300 0028 00       		.byte	0
 1301 0029 04       		.uleb128 0x4
 1302 002a 16       		.uleb128 0x16
 1303 002b 00       		.byte	0
ARM GAS  /tmp/ccLd1j7x.s 			page 24


 1304 002c 03       		.uleb128 0x3
 1305 002d 0E       		.uleb128 0xe
 1306 002e 3A       		.uleb128 0x3a
 1307 002f 0B       		.uleb128 0xb
 1308 0030 3B       		.uleb128 0x3b
 1309 0031 0B       		.uleb128 0xb
 1310 0032 49       		.uleb128 0x49
 1311 0033 13       		.uleb128 0x13
 1312 0034 00       		.byte	0
 1313 0035 00       		.byte	0
 1314 0036 05       		.uleb128 0x5
 1315 0037 35       		.uleb128 0x35
 1316 0038 00       		.byte	0
 1317 0039 49       		.uleb128 0x49
 1318 003a 13       		.uleb128 0x13
 1319 003b 00       		.byte	0
 1320 003c 00       		.byte	0
 1321 003d 06       		.uleb128 0x6
 1322 003e 13       		.uleb128 0x13
 1323 003f 01       		.byte	0x1
 1324 0040 0B       		.uleb128 0xb
 1325 0041 0B       		.uleb128 0xb
 1326 0042 3A       		.uleb128 0x3a
 1327 0043 0B       		.uleb128 0xb
 1328 0044 3B       		.uleb128 0x3b
 1329 0045 05       		.uleb128 0x5
 1330 0046 01       		.uleb128 0x1
 1331 0047 13       		.uleb128 0x13
 1332 0048 00       		.byte	0
 1333 0049 00       		.byte	0
 1334 004a 07       		.uleb128 0x7
 1335 004b 0D       		.uleb128 0xd
 1336 004c 00       		.byte	0
 1337 004d 03       		.uleb128 0x3
 1338 004e 08       		.uleb128 0x8
 1339 004f 3A       		.uleb128 0x3a
 1340 0050 0B       		.uleb128 0xb
 1341 0051 3B       		.uleb128 0x3b
 1342 0052 05       		.uleb128 0x5
 1343 0053 49       		.uleb128 0x49
 1344 0054 13       		.uleb128 0x13
 1345 0055 38       		.uleb128 0x38
 1346 0056 0B       		.uleb128 0xb
 1347 0057 00       		.byte	0
 1348 0058 00       		.byte	0
 1349 0059 08       		.uleb128 0x8
 1350 005a 0D       		.uleb128 0xd
 1351 005b 00       		.byte	0
 1352 005c 03       		.uleb128 0x3
 1353 005d 0E       		.uleb128 0xe
 1354 005e 3A       		.uleb128 0x3a
 1355 005f 0B       		.uleb128 0xb
 1356 0060 3B       		.uleb128 0x3b
 1357 0061 05       		.uleb128 0x5
 1358 0062 49       		.uleb128 0x49
 1359 0063 13       		.uleb128 0x13
 1360 0064 38       		.uleb128 0x38
ARM GAS  /tmp/ccLd1j7x.s 			page 25


 1361 0065 0B       		.uleb128 0xb
 1362 0066 00       		.byte	0
 1363 0067 00       		.byte	0
 1364 0068 09       		.uleb128 0x9
 1365 0069 16       		.uleb128 0x16
 1366 006a 00       		.byte	0
 1367 006b 03       		.uleb128 0x3
 1368 006c 0E       		.uleb128 0xe
 1369 006d 3A       		.uleb128 0x3a
 1370 006e 0B       		.uleb128 0xb
 1371 006f 3B       		.uleb128 0x3b
 1372 0070 05       		.uleb128 0x5
 1373 0071 49       		.uleb128 0x49
 1374 0072 13       		.uleb128 0x13
 1375 0073 00       		.byte	0
 1376 0074 00       		.byte	0
 1377 0075 0A       		.uleb128 0xa
 1378 0076 0F       		.uleb128 0xf
 1379 0077 00       		.byte	0
 1380 0078 0B       		.uleb128 0xb
 1381 0079 0B       		.uleb128 0xb
 1382 007a 49       		.uleb128 0x49
 1383 007b 13       		.uleb128 0x13
 1384 007c 00       		.byte	0
 1385 007d 00       		.byte	0
 1386 007e 0B       		.uleb128 0xb
 1387 007f 04       		.uleb128 0x4
 1388 0080 01       		.byte	0x1
 1389 0081 0B       		.uleb128 0xb
 1390 0082 0B       		.uleb128 0xb
 1391 0083 3A       		.uleb128 0x3a
 1392 0084 0B       		.uleb128 0xb
 1393 0085 3B       		.uleb128 0x3b
 1394 0086 0B       		.uleb128 0xb
 1395 0087 01       		.uleb128 0x1
 1396 0088 13       		.uleb128 0x13
 1397 0089 00       		.byte	0
 1398 008a 00       		.byte	0
 1399 008b 0C       		.uleb128 0xc
 1400 008c 28       		.uleb128 0x28
 1401 008d 00       		.byte	0
 1402 008e 03       		.uleb128 0x3
 1403 008f 0E       		.uleb128 0xe
 1404 0090 1C       		.uleb128 0x1c
 1405 0091 0D       		.uleb128 0xd
 1406 0092 00       		.byte	0
 1407 0093 00       		.byte	0
 1408 0094 0D       		.uleb128 0xd
 1409 0095 13       		.uleb128 0x13
 1410 0096 01       		.byte	0x1
 1411 0097 03       		.uleb128 0x3
 1412 0098 0E       		.uleb128 0xe
 1413 0099 0B       		.uleb128 0xb
 1414 009a 0B       		.uleb128 0xb
 1415 009b 3A       		.uleb128 0x3a
 1416 009c 0B       		.uleb128 0xb
 1417 009d 3B       		.uleb128 0x3b
ARM GAS  /tmp/ccLd1j7x.s 			page 26


 1418 009e 0B       		.uleb128 0xb
 1419 009f 01       		.uleb128 0x1
 1420 00a0 13       		.uleb128 0x13
 1421 00a1 00       		.byte	0
 1422 00a2 00       		.byte	0
 1423 00a3 0E       		.uleb128 0xe
 1424 00a4 0D       		.uleb128 0xd
 1425 00a5 00       		.byte	0
 1426 00a6 03       		.uleb128 0x3
 1427 00a7 0E       		.uleb128 0xe
 1428 00a8 3A       		.uleb128 0x3a
 1429 00a9 0B       		.uleb128 0xb
 1430 00aa 3B       		.uleb128 0x3b
 1431 00ab 0B       		.uleb128 0xb
 1432 00ac 49       		.uleb128 0x49
 1433 00ad 13       		.uleb128 0x13
 1434 00ae 38       		.uleb128 0x38
 1435 00af 0B       		.uleb128 0xb
 1436 00b0 00       		.byte	0
 1437 00b1 00       		.byte	0
 1438 00b2 0F       		.uleb128 0xf
 1439 00b3 15       		.uleb128 0x15
 1440 00b4 01       		.byte	0x1
 1441 00b5 27       		.uleb128 0x27
 1442 00b6 19       		.uleb128 0x19
 1443 00b7 01       		.uleb128 0x1
 1444 00b8 13       		.uleb128 0x13
 1445 00b9 00       		.byte	0
 1446 00ba 00       		.byte	0
 1447 00bb 10       		.uleb128 0x10
 1448 00bc 05       		.uleb128 0x5
 1449 00bd 00       		.byte	0
 1450 00be 49       		.uleb128 0x49
 1451 00bf 13       		.uleb128 0x13
 1452 00c0 00       		.byte	0
 1453 00c1 00       		.byte	0
 1454 00c2 11       		.uleb128 0x11
 1455 00c3 13       		.uleb128 0x13
 1456 00c4 01       		.byte	0x1
 1457 00c5 0B       		.uleb128 0xb
 1458 00c6 0B       		.uleb128 0xb
 1459 00c7 3A       		.uleb128 0x3a
 1460 00c8 0B       		.uleb128 0xb
 1461 00c9 3B       		.uleb128 0x3b
 1462 00ca 0B       		.uleb128 0xb
 1463 00cb 01       		.uleb128 0x1
 1464 00cc 13       		.uleb128 0x13
 1465 00cd 00       		.byte	0
 1466 00ce 00       		.byte	0
 1467 00cf 12       		.uleb128 0x12
 1468 00d0 0D       		.uleb128 0xd
 1469 00d1 00       		.byte	0
 1470 00d2 03       		.uleb128 0x3
 1471 00d3 08       		.uleb128 0x8
 1472 00d4 3A       		.uleb128 0x3a
 1473 00d5 0B       		.uleb128 0xb
 1474 00d6 3B       		.uleb128 0x3b
ARM GAS  /tmp/ccLd1j7x.s 			page 27


 1475 00d7 0B       		.uleb128 0xb
 1476 00d8 49       		.uleb128 0x49
 1477 00d9 13       		.uleb128 0x13
 1478 00da 38       		.uleb128 0x38
 1479 00db 0B       		.uleb128 0xb
 1480 00dc 00       		.byte	0
 1481 00dd 00       		.byte	0
 1482 00de 13       		.uleb128 0x13
 1483 00df 01       		.uleb128 0x1
 1484 00e0 01       		.byte	0x1
 1485 00e1 49       		.uleb128 0x49
 1486 00e2 13       		.uleb128 0x13
 1487 00e3 01       		.uleb128 0x1
 1488 00e4 13       		.uleb128 0x13
 1489 00e5 00       		.byte	0
 1490 00e6 00       		.byte	0
 1491 00e7 14       		.uleb128 0x14
 1492 00e8 21       		.uleb128 0x21
 1493 00e9 00       		.byte	0
 1494 00ea 49       		.uleb128 0x49
 1495 00eb 13       		.uleb128 0x13
 1496 00ec 2F       		.uleb128 0x2f
 1497 00ed 0B       		.uleb128 0xb
 1498 00ee 00       		.byte	0
 1499 00ef 00       		.byte	0
 1500 00f0 15       		.uleb128 0x15
 1501 00f1 26       		.uleb128 0x26
 1502 00f2 00       		.byte	0
 1503 00f3 49       		.uleb128 0x49
 1504 00f4 13       		.uleb128 0x13
 1505 00f5 00       		.byte	0
 1506 00f6 00       		.byte	0
 1507 00f7 16       		.uleb128 0x16
 1508 00f8 2E       		.uleb128 0x2e
 1509 00f9 01       		.byte	0x1
 1510 00fa 03       		.uleb128 0x3
 1511 00fb 0E       		.uleb128 0xe
 1512 00fc 3A       		.uleb128 0x3a
 1513 00fd 0B       		.uleb128 0xb
 1514 00fe 3B       		.uleb128 0x3b
 1515 00ff 0B       		.uleb128 0xb
 1516 0100 27       		.uleb128 0x27
 1517 0101 19       		.uleb128 0x19
 1518 0102 11       		.uleb128 0x11
 1519 0103 01       		.uleb128 0x1
 1520 0104 12       		.uleb128 0x12
 1521 0105 06       		.uleb128 0x6
 1522 0106 40       		.uleb128 0x40
 1523 0107 18       		.uleb128 0x18
 1524 0108 9742     		.uleb128 0x2117
 1525 010a 19       		.uleb128 0x19
 1526 010b 01       		.uleb128 0x1
 1527 010c 13       		.uleb128 0x13
 1528 010d 00       		.byte	0
 1529 010e 00       		.byte	0
 1530 010f 17       		.uleb128 0x17
 1531 0110 05       		.uleb128 0x5
ARM GAS  /tmp/ccLd1j7x.s 			page 28


 1532 0111 00       		.byte	0
 1533 0112 03       		.uleb128 0x3
 1534 0113 0E       		.uleb128 0xe
 1535 0114 3A       		.uleb128 0x3a
 1536 0115 0B       		.uleb128 0xb
 1537 0116 3B       		.uleb128 0x3b
 1538 0117 0B       		.uleb128 0xb
 1539 0118 49       		.uleb128 0x49
 1540 0119 13       		.uleb128 0x13
 1541 011a 02       		.uleb128 0x2
 1542 011b 17       		.uleb128 0x17
 1543 011c 00       		.byte	0
 1544 011d 00       		.byte	0
 1545 011e 18       		.uleb128 0x18
 1546 011f 34       		.uleb128 0x34
 1547 0120 00       		.byte	0
 1548 0121 03       		.uleb128 0x3
 1549 0122 08       		.uleb128 0x8
 1550 0123 3A       		.uleb128 0x3a
 1551 0124 0B       		.uleb128 0xb
 1552 0125 3B       		.uleb128 0x3b
 1553 0126 0B       		.uleb128 0xb
 1554 0127 49       		.uleb128 0x49
 1555 0128 13       		.uleb128 0x13
 1556 0129 02       		.uleb128 0x2
 1557 012a 17       		.uleb128 0x17
 1558 012b 00       		.byte	0
 1559 012c 00       		.byte	0
 1560 012d 19       		.uleb128 0x19
 1561 012e 0B       		.uleb128 0xb
 1562 012f 01       		.byte	0x1
 1563 0130 11       		.uleb128 0x11
 1564 0131 01       		.uleb128 0x1
 1565 0132 12       		.uleb128 0x12
 1566 0133 06       		.uleb128 0x6
 1567 0134 01       		.uleb128 0x1
 1568 0135 13       		.uleb128 0x13
 1569 0136 00       		.byte	0
 1570 0137 00       		.byte	0
 1571 0138 1A       		.uleb128 0x1a
 1572 0139 34       		.uleb128 0x34
 1573 013a 00       		.byte	0
 1574 013b 03       		.uleb128 0x3
 1575 013c 08       		.uleb128 0x8
 1576 013d 3A       		.uleb128 0x3a
 1577 013e 0B       		.uleb128 0xb
 1578 013f 3B       		.uleb128 0x3b
 1579 0140 0B       		.uleb128 0xb
 1580 0141 49       		.uleb128 0x49
 1581 0142 13       		.uleb128 0x13
 1582 0143 02       		.uleb128 0x2
 1583 0144 18       		.uleb128 0x18
 1584 0145 00       		.byte	0
 1585 0146 00       		.byte	0
 1586 0147 1B       		.uleb128 0x1b
 1587 0148 0B       		.uleb128 0xb
 1588 0149 01       		.byte	0x1
ARM GAS  /tmp/ccLd1j7x.s 			page 29


 1589 014a 11       		.uleb128 0x11
 1590 014b 01       		.uleb128 0x1
 1591 014c 12       		.uleb128 0x12
 1592 014d 06       		.uleb128 0x6
 1593 014e 00       		.byte	0
 1594 014f 00       		.byte	0
 1595 0150 1C       		.uleb128 0x1c
 1596 0151 2E       		.uleb128 0x2e
 1597 0152 01       		.byte	0x1
 1598 0153 3F       		.uleb128 0x3f
 1599 0154 19       		.uleb128 0x19
 1600 0155 03       		.uleb128 0x3
 1601 0156 0E       		.uleb128 0xe
 1602 0157 3A       		.uleb128 0x3a
 1603 0158 0B       		.uleb128 0xb
 1604 0159 3B       		.uleb128 0x3b
 1605 015a 0B       		.uleb128 0xb
 1606 015b 27       		.uleb128 0x27
 1607 015c 19       		.uleb128 0x19
 1608 015d 11       		.uleb128 0x11
 1609 015e 01       		.uleb128 0x1
 1610 015f 12       		.uleb128 0x12
 1611 0160 06       		.uleb128 0x6
 1612 0161 40       		.uleb128 0x40
 1613 0162 18       		.uleb128 0x18
 1614 0163 9742     		.uleb128 0x2117
 1615 0165 19       		.uleb128 0x19
 1616 0166 01       		.uleb128 0x1
 1617 0167 13       		.uleb128 0x13
 1618 0168 00       		.byte	0
 1619 0169 00       		.byte	0
 1620 016a 1D       		.uleb128 0x1d
 1621 016b 05       		.uleb128 0x5
 1622 016c 00       		.byte	0
 1623 016d 03       		.uleb128 0x3
 1624 016e 08       		.uleb128 0x8
 1625 016f 3A       		.uleb128 0x3a
 1626 0170 0B       		.uleb128 0xb
 1627 0171 3B       		.uleb128 0x3b
 1628 0172 0B       		.uleb128 0xb
 1629 0173 49       		.uleb128 0x49
 1630 0174 13       		.uleb128 0x13
 1631 0175 02       		.uleb128 0x2
 1632 0176 17       		.uleb128 0x17
 1633 0177 00       		.byte	0
 1634 0178 00       		.byte	0
 1635 0179 1E       		.uleb128 0x1e
 1636 017a 898201   		.uleb128 0x4109
 1637 017d 01       		.byte	0x1
 1638 017e 11       		.uleb128 0x11
 1639 017f 01       		.uleb128 0x1
 1640 0180 9542     		.uleb128 0x2115
 1641 0182 19       		.uleb128 0x19
 1642 0183 31       		.uleb128 0x31
 1643 0184 13       		.uleb128 0x13
 1644 0185 01       		.uleb128 0x1
 1645 0186 13       		.uleb128 0x13
ARM GAS  /tmp/ccLd1j7x.s 			page 30


 1646 0187 00       		.byte	0
 1647 0188 00       		.byte	0
 1648 0189 1F       		.uleb128 0x1f
 1649 018a 8A8201   		.uleb128 0x410a
 1650 018d 00       		.byte	0
 1651 018e 02       		.uleb128 0x2
 1652 018f 18       		.uleb128 0x18
 1653 0190 9142     		.uleb128 0x2111
 1654 0192 18       		.uleb128 0x18
 1655 0193 00       		.byte	0
 1656 0194 00       		.byte	0
 1657 0195 20       		.uleb128 0x20
 1658 0196 898201   		.uleb128 0x4109
 1659 0199 01       		.byte	0x1
 1660 019a 11       		.uleb128 0x11
 1661 019b 01       		.uleb128 0x1
 1662 019c 9542     		.uleb128 0x2115
 1663 019e 19       		.uleb128 0x19
 1664 019f 31       		.uleb128 0x31
 1665 01a0 13       		.uleb128 0x13
 1666 01a1 00       		.byte	0
 1667 01a2 00       		.byte	0
 1668 01a3 21       		.uleb128 0x21
 1669 01a4 2E       		.uleb128 0x2e
 1670 01a5 01       		.byte	0x1
 1671 01a6 3F       		.uleb128 0x3f
 1672 01a7 19       		.uleb128 0x19
 1673 01a8 03       		.uleb128 0x3
 1674 01a9 0E       		.uleb128 0xe
 1675 01aa 3A       		.uleb128 0x3a
 1676 01ab 0B       		.uleb128 0xb
 1677 01ac 3B       		.uleb128 0x3b
 1678 01ad 0B       		.uleb128 0xb
 1679 01ae 27       		.uleb128 0x27
 1680 01af 19       		.uleb128 0x19
 1681 01b0 49       		.uleb128 0x49
 1682 01b1 13       		.uleb128 0x13
 1683 01b2 11       		.uleb128 0x11
 1684 01b3 01       		.uleb128 0x1
 1685 01b4 12       		.uleb128 0x12
 1686 01b5 06       		.uleb128 0x6
 1687 01b6 40       		.uleb128 0x40
 1688 01b7 18       		.uleb128 0x18
 1689 01b8 9742     		.uleb128 0x2117
 1690 01ba 19       		.uleb128 0x19
 1691 01bb 01       		.uleb128 0x1
 1692 01bc 13       		.uleb128 0x13
 1693 01bd 00       		.byte	0
 1694 01be 00       		.byte	0
 1695 01bf 22       		.uleb128 0x22
 1696 01c0 898201   		.uleb128 0x4109
 1697 01c3 01       		.byte	0x1
 1698 01c4 11       		.uleb128 0x11
 1699 01c5 01       		.uleb128 0x1
 1700 01c6 31       		.uleb128 0x31
 1701 01c7 13       		.uleb128 0x13
 1702 01c8 01       		.uleb128 0x1
ARM GAS  /tmp/ccLd1j7x.s 			page 31


 1703 01c9 13       		.uleb128 0x13
 1704 01ca 00       		.byte	0
 1705 01cb 00       		.byte	0
 1706 01cc 23       		.uleb128 0x23
 1707 01cd 898201   		.uleb128 0x4109
 1708 01d0 01       		.byte	0x1
 1709 01d1 11       		.uleb128 0x11
 1710 01d2 01       		.uleb128 0x1
 1711 01d3 31       		.uleb128 0x31
 1712 01d4 13       		.uleb128 0x13
 1713 01d5 00       		.byte	0
 1714 01d6 00       		.byte	0
 1715 01d7 24       		.uleb128 0x24
 1716 01d8 898201   		.uleb128 0x4109
 1717 01db 00       		.byte	0
 1718 01dc 11       		.uleb128 0x11
 1719 01dd 01       		.uleb128 0x1
 1720 01de 31       		.uleb128 0x31
 1721 01df 13       		.uleb128 0x13
 1722 01e0 00       		.byte	0
 1723 01e1 00       		.byte	0
 1724 01e2 25       		.uleb128 0x25
 1725 01e3 34       		.uleb128 0x34
 1726 01e4 00       		.byte	0
 1727 01e5 03       		.uleb128 0x3
 1728 01e6 0E       		.uleb128 0xe
 1729 01e7 3A       		.uleb128 0x3a
 1730 01e8 0B       		.uleb128 0xb
 1731 01e9 3B       		.uleb128 0x3b
 1732 01ea 05       		.uleb128 0x5
 1733 01eb 49       		.uleb128 0x49
 1734 01ec 13       		.uleb128 0x13
 1735 01ed 3F       		.uleb128 0x3f
 1736 01ee 19       		.uleb128 0x19
 1737 01ef 3C       		.uleb128 0x3c
 1738 01f0 19       		.uleb128 0x19
 1739 01f1 00       		.byte	0
 1740 01f2 00       		.byte	0
 1741 01f3 26       		.uleb128 0x26
 1742 01f4 34       		.uleb128 0x34
 1743 01f5 00       		.byte	0
 1744 01f6 03       		.uleb128 0x3
 1745 01f7 0E       		.uleb128 0xe
 1746 01f8 3A       		.uleb128 0x3a
 1747 01f9 0B       		.uleb128 0xb
 1748 01fa 3B       		.uleb128 0x3b
 1749 01fb 0B       		.uleb128 0xb
 1750 01fc 49       		.uleb128 0x49
 1751 01fd 13       		.uleb128 0x13
 1752 01fe 3F       		.uleb128 0x3f
 1753 01ff 19       		.uleb128 0x19
 1754 0200 3C       		.uleb128 0x3c
 1755 0201 19       		.uleb128 0x19
 1756 0202 00       		.byte	0
 1757 0203 00       		.byte	0
 1758 0204 27       		.uleb128 0x27
 1759 0205 34       		.uleb128 0x34
ARM GAS  /tmp/ccLd1j7x.s 			page 32


 1760 0206 00       		.byte	0
 1761 0207 03       		.uleb128 0x3
 1762 0208 0E       		.uleb128 0xe
 1763 0209 3A       		.uleb128 0x3a
 1764 020a 0B       		.uleb128 0xb
 1765 020b 3B       		.uleb128 0x3b
 1766 020c 0B       		.uleb128 0xb
 1767 020d 49       		.uleb128 0x49
 1768 020e 13       		.uleb128 0x13
 1769 020f 3F       		.uleb128 0x3f
 1770 0210 19       		.uleb128 0x19
 1771 0211 02       		.uleb128 0x2
 1772 0212 18       		.uleb128 0x18
 1773 0213 00       		.byte	0
 1774 0214 00       		.byte	0
 1775 0215 28       		.uleb128 0x28
 1776 0216 2E       		.uleb128 0x2e
 1777 0217 01       		.byte	0x1
 1778 0218 3F       		.uleb128 0x3f
 1779 0219 19       		.uleb128 0x19
 1780 021a 03       		.uleb128 0x3
 1781 021b 0E       		.uleb128 0xe
 1782 021c 3A       		.uleb128 0x3a
 1783 021d 0B       		.uleb128 0xb
 1784 021e 3B       		.uleb128 0x3b
 1785 021f 05       		.uleb128 0x5
 1786 0220 27       		.uleb128 0x27
 1787 0221 19       		.uleb128 0x19
 1788 0222 3C       		.uleb128 0x3c
 1789 0223 19       		.uleb128 0x19
 1790 0224 01       		.uleb128 0x1
 1791 0225 13       		.uleb128 0x13
 1792 0226 00       		.byte	0
 1793 0227 00       		.byte	0
 1794 0228 29       		.uleb128 0x29
 1795 0229 2E       		.uleb128 0x2e
 1796 022a 01       		.byte	0x1
 1797 022b 3F       		.uleb128 0x3f
 1798 022c 19       		.uleb128 0x19
 1799 022d 03       		.uleb128 0x3
 1800 022e 0E       		.uleb128 0xe
 1801 022f 3A       		.uleb128 0x3a
 1802 0230 0B       		.uleb128 0xb
 1803 0231 3B       		.uleb128 0x3b
 1804 0232 0B       		.uleb128 0xb
 1805 0233 27       		.uleb128 0x27
 1806 0234 19       		.uleb128 0x19
 1807 0235 3C       		.uleb128 0x3c
 1808 0236 19       		.uleb128 0x19
 1809 0237 01       		.uleb128 0x1
 1810 0238 13       		.uleb128 0x13
 1811 0239 00       		.byte	0
 1812 023a 00       		.byte	0
 1813 023b 2A       		.uleb128 0x2a
 1814 023c 2E       		.uleb128 0x2e
 1815 023d 01       		.byte	0x1
 1816 023e 3F       		.uleb128 0x3f
ARM GAS  /tmp/ccLd1j7x.s 			page 33


 1817 023f 19       		.uleb128 0x19
 1818 0240 03       		.uleb128 0x3
 1819 0241 0E       		.uleb128 0xe
 1820 0242 3A       		.uleb128 0x3a
 1821 0243 0B       		.uleb128 0xb
 1822 0244 3B       		.uleb128 0x3b
 1823 0245 0B       		.uleb128 0xb
 1824 0246 27       		.uleb128 0x27
 1825 0247 19       		.uleb128 0x19
 1826 0248 3C       		.uleb128 0x3c
 1827 0249 19       		.uleb128 0x19
 1828 024a 00       		.byte	0
 1829 024b 00       		.byte	0
 1830 024c 00       		.byte	0
 1831              		.section	.debug_loc,"",%progbits
 1832              	.Ldebug_loc0:
 1833              	.LLST0:
 1834 0000 00000000 		.4byte	.LVL0
 1835 0004 0E000000 		.4byte	.LVL3
 1836 0008 0100     		.2byte	0x1
 1837 000a 50       		.byte	0x50
 1838 000b 0E000000 		.4byte	.LVL3
 1839 000f 48000000 		.4byte	.LFE67
 1840 0013 0400     		.2byte	0x4
 1841 0015 F3       		.byte	0xf3
 1842 0016 01       		.uleb128 0x1
 1843 0017 50       		.byte	0x50
 1844 0018 9F       		.byte	0x9f
 1845 0019 00000000 		.4byte	0
 1846 001d 00000000 		.4byte	0
 1847              	.LLST1:
 1848 0021 00000000 		.4byte	.LVL0
 1849 0025 0A000000 		.4byte	.LVL2
 1850 0029 0100     		.2byte	0x1
 1851 002b 51       		.byte	0x51
 1852 002c 0A000000 		.4byte	.LVL2
 1853 0030 48000000 		.4byte	.LFE67
 1854 0034 0400     		.2byte	0x4
 1855 0036 F3       		.byte	0xf3
 1856 0037 01       		.uleb128 0x1
 1857 0038 51       		.byte	0x51
 1858 0039 9F       		.byte	0x9f
 1859 003a 00000000 		.4byte	0
 1860 003e 00000000 		.4byte	0
 1861              	.LLST2:
 1862 0042 06000000 		.4byte	.LVL1
 1863 0046 0E000000 		.4byte	.LVL3
 1864 004a 0200     		.2byte	0x2
 1865 004c 30       		.byte	0x30
 1866 004d 9F       		.byte	0x9f
 1867 004e 0E000000 		.4byte	.LVL3
 1868 0052 2E000000 		.4byte	.LVL6
 1869 0056 0100     		.2byte	0x1
 1870 0058 52       		.byte	0x52
 1871 0059 00000000 		.4byte	0
 1872 005d 00000000 		.4byte	0
 1873              	.LLST3:
ARM GAS  /tmp/ccLd1j7x.s 			page 34


 1874 0061 00000000 		.4byte	.LVL7
 1875 0065 08000000 		.4byte	.LVL8
 1876 0069 0100     		.2byte	0x1
 1877 006b 50       		.byte	0x50
 1878 006c 08000000 		.4byte	.LVL8
 1879 0070 3C000000 		.4byte	.LFE63
 1880 0074 0400     		.2byte	0x4
 1881 0076 F3       		.byte	0xf3
 1882 0077 01       		.uleb128 0x1
 1883 0078 50       		.byte	0x50
 1884 0079 9F       		.byte	0x9f
 1885 007a 00000000 		.4byte	0
 1886 007e 00000000 		.4byte	0
 1887              	.LLST4:
 1888 0082 00000000 		.4byte	.LVL7
 1889 0086 24000000 		.4byte	.LVL9
 1890 008a 0100     		.2byte	0x1
 1891 008c 51       		.byte	0x51
 1892 008d 24000000 		.4byte	.LVL9
 1893 0091 28000000 		.4byte	.LVL10
 1894 0095 0700     		.2byte	0x7
 1895 0097 73       		.byte	0x73
 1896 0098 00       		.sleb128 0
 1897 0099 70       		.byte	0x70
 1898 009a 00       		.sleb128 0
 1899 009b 22       		.byte	0x22
 1900 009c 23       		.byte	0x23
 1901 009d 06       		.uleb128 0x6
 1902 009e 28000000 		.4byte	.LVL10
 1903 00a2 2E000000 		.4byte	.LVL11
 1904 00a6 0400     		.2byte	0x4
 1905 00a8 F3       		.byte	0xf3
 1906 00a9 01       		.uleb128 0x1
 1907 00aa 51       		.byte	0x51
 1908 00ab 9F       		.byte	0x9f
 1909 00ac 2E000000 		.4byte	.LVL11
 1910 00b0 36000000 		.4byte	.LVL12
 1911 00b4 0100     		.2byte	0x1
 1912 00b6 51       		.byte	0x51
 1913 00b7 36000000 		.4byte	.LVL12
 1914 00bb 3C000000 		.4byte	.LFE63
 1915 00bf 0400     		.2byte	0x4
 1916 00c1 F3       		.byte	0xf3
 1917 00c2 01       		.uleb128 0x1
 1918 00c3 51       		.byte	0x51
 1919 00c4 9F       		.byte	0x9f
 1920 00c5 00000000 		.4byte	0
 1921 00c9 00000000 		.4byte	0
 1922              	.LLST5:
 1923 00cd 00000000 		.4byte	.LVL14
 1924 00d1 0C000000 		.4byte	.LVL15
 1925 00d5 0100     		.2byte	0x1
 1926 00d7 50       		.byte	0x50
 1927 00d8 0C000000 		.4byte	.LVL15
 1928 00dc 1C000000 		.4byte	.LFE64
 1929 00e0 0400     		.2byte	0x4
 1930 00e2 F3       		.byte	0xf3
ARM GAS  /tmp/ccLd1j7x.s 			page 35


 1931 00e3 01       		.uleb128 0x1
 1932 00e4 50       		.byte	0x50
 1933 00e5 9F       		.byte	0x9f
 1934 00e6 00000000 		.4byte	0
 1935 00ea 00000000 		.4byte	0
 1936              	.LLST6:
 1937 00ee 00000000 		.4byte	.LVL16
 1938 00f2 08000000 		.4byte	.LVL17
 1939 00f6 0100     		.2byte	0x1
 1940 00f8 50       		.byte	0x50
 1941 00f9 08000000 		.4byte	.LVL17
 1942 00fd 32000000 		.4byte	.LFE65
 1943 0101 0400     		.2byte	0x4
 1944 0103 F3       		.byte	0xf3
 1945 0104 01       		.uleb128 0x1
 1946 0105 50       		.byte	0x50
 1947 0106 9F       		.byte	0x9f
 1948 0107 00000000 		.4byte	0
 1949 010b 00000000 		.4byte	0
 1950              	.LLST7:
 1951 010f 00000000 		.4byte	.LVL16
 1952 0113 1C000000 		.4byte	.LVL18
 1953 0117 0100     		.2byte	0x1
 1954 0119 51       		.byte	0x51
 1955 011a 1C000000 		.4byte	.LVL18
 1956 011e 26000000 		.4byte	.LVL19
 1957 0122 0400     		.2byte	0x4
 1958 0124 F3       		.byte	0xf3
 1959 0125 01       		.uleb128 0x1
 1960 0126 51       		.byte	0x51
 1961 0127 9F       		.byte	0x9f
 1962 0128 26000000 		.4byte	.LVL19
 1963 012c 28000000 		.4byte	.LVL20
 1964 0130 0100     		.2byte	0x1
 1965 0132 51       		.byte	0x51
 1966 0133 28000000 		.4byte	.LVL20
 1967 0137 32000000 		.4byte	.LFE65
 1968 013b 0400     		.2byte	0x4
 1969 013d F3       		.byte	0xf3
 1970 013e 01       		.uleb128 0x1
 1971 013f 51       		.byte	0x51
 1972 0140 9F       		.byte	0x9f
 1973 0141 00000000 		.4byte	0
 1974 0145 00000000 		.4byte	0
 1975              	.LLST8:
 1976 0149 00000000 		.4byte	.LVL21
 1977 014d 08000000 		.4byte	.LVL22
 1978 0151 0100     		.2byte	0x1
 1979 0153 50       		.byte	0x50
 1980 0154 08000000 		.4byte	.LVL22
 1981 0158 24000000 		.4byte	.LVL23
 1982 015c 0400     		.2byte	0x4
 1983 015e F3       		.byte	0xf3
 1984 015f 01       		.uleb128 0x1
 1985 0160 50       		.byte	0x50
 1986 0161 9F       		.byte	0x9f
 1987 0162 24000000 		.4byte	.LVL23
ARM GAS  /tmp/ccLd1j7x.s 			page 36


 1988 0166 26000000 		.4byte	.LVL24
 1989 016a 0100     		.2byte	0x1
 1990 016c 50       		.byte	0x50
 1991 016d 26000000 		.4byte	.LVL24
 1992 0171 28000000 		.4byte	.LFE66
 1993 0175 0400     		.2byte	0x4
 1994 0177 F3       		.byte	0xf3
 1995 0178 01       		.uleb128 0x1
 1996 0179 50       		.byte	0x50
 1997 017a 9F       		.byte	0x9f
 1998 017b 00000000 		.4byte	0
 1999 017f 00000000 		.4byte	0
 2000              	.LLST9:
 2001 0183 00000000 		.4byte	.LVL25
 2002 0187 0F000000 		.4byte	.LVL26-1
 2003 018b 0100     		.2byte	0x1
 2004 018d 50       		.byte	0x50
 2005 018e 0F000000 		.4byte	.LVL26-1
 2006 0192 58000000 		.4byte	.LFE68
 2007 0196 0400     		.2byte	0x4
 2008 0198 F3       		.byte	0xf3
 2009 0199 01       		.uleb128 0x1
 2010 019a 50       		.byte	0x50
 2011 019b 9F       		.byte	0x9f
 2012 019c 00000000 		.4byte	0
 2013 01a0 00000000 		.4byte	0
 2014              	.LLST10:
 2015 01a4 00000000 		.4byte	.LVL28
 2016 01a8 0A000000 		.4byte	.LVL29
 2017 01ac 0200     		.2byte	0x2
 2018 01ae 30       		.byte	0x30
 2019 01af 9F       		.byte	0x9f
 2020 01b0 00000000 		.4byte	0
 2021 01b4 00000000 		.4byte	0
 2022              	.LLST11:
 2023 01b8 00000000 		.4byte	.LVL31
 2024 01bc 0C000000 		.4byte	.LVL32
 2025 01c0 0100     		.2byte	0x1
 2026 01c2 50       		.byte	0x50
 2027 01c3 0C000000 		.4byte	.LVL32
 2028 01c7 1C000000 		.4byte	.LFE70
 2029 01cb 0400     		.2byte	0x4
 2030 01cd F3       		.byte	0xf3
 2031 01ce 01       		.uleb128 0x1
 2032 01cf 50       		.byte	0x50
 2033 01d0 9F       		.byte	0x9f
 2034 01d1 00000000 		.4byte	0
 2035 01d5 00000000 		.4byte	0
 2036              		.section	.debug_aranges,"",%progbits
 2037 0000 54000000 		.4byte	0x54
 2038 0004 0200     		.2byte	0x2
 2039 0006 00000000 		.4byte	.Ldebug_info0
 2040 000a 04       		.byte	0x4
 2041 000b 00       		.byte	0
 2042 000c 0000     		.2byte	0
 2043 000e 0000     		.2byte	0
 2044 0010 00000000 		.4byte	.LFB67
ARM GAS  /tmp/ccLd1j7x.s 			page 37


 2045 0014 48000000 		.4byte	.LFE67-.LFB67
 2046 0018 00000000 		.4byte	.LFB63
 2047 001c 3C000000 		.4byte	.LFE63-.LFB63
 2048 0020 00000000 		.4byte	.LFB64
 2049 0024 1C000000 		.4byte	.LFE64-.LFB64
 2050 0028 00000000 		.4byte	.LFB65
 2051 002c 32000000 		.4byte	.LFE65-.LFB65
 2052 0030 00000000 		.4byte	.LFB66
 2053 0034 28000000 		.4byte	.LFE66-.LFB66
 2054 0038 00000000 		.4byte	.LFB68
 2055 003c 58000000 		.4byte	.LFE68-.LFB68
 2056 0040 00000000 		.4byte	.LFB69
 2057 0044 34000000 		.4byte	.LFE69-.LFB69
 2058 0048 00000000 		.4byte	.LFB70
 2059 004c 1C000000 		.4byte	.LFE70-.LFB70
 2060 0050 00000000 		.4byte	0
 2061 0054 00000000 		.4byte	0
 2062              		.section	.debug_ranges,"",%progbits
 2063              	.Ldebug_ranges0:
 2064 0000 00000000 		.4byte	.LFB67
 2065 0004 48000000 		.4byte	.LFE67
 2066 0008 00000000 		.4byte	.LFB63
 2067 000c 3C000000 		.4byte	.LFE63
 2068 0010 00000000 		.4byte	.LFB64
 2069 0014 1C000000 		.4byte	.LFE64
 2070 0018 00000000 		.4byte	.LFB65
 2071 001c 32000000 		.4byte	.LFE65
 2072 0020 00000000 		.4byte	.LFB66
 2073 0024 28000000 		.4byte	.LFE66
 2074 0028 00000000 		.4byte	.LFB68
 2075 002c 58000000 		.4byte	.LFE68
 2076 0030 00000000 		.4byte	.LFB69
 2077 0034 34000000 		.4byte	.LFE69
 2078 0038 00000000 		.4byte	.LFB70
 2079 003c 1C000000 		.4byte	.LFE70
 2080 0040 00000000 		.4byte	0
 2081 0044 00000000 		.4byte	0
 2082              		.section	.debug_line,"",%progbits
 2083              	.Ldebug_line0:
 2084 0000 94020000 		.section	.debug_str,"MS",%progbits,1
 2084      0200DE01 
 2084      00000201 
 2084      FB0E0D00 
 2084      01010101 
 2085              	.LASF22:
 2086 0000 4750494F 		.ascii	"GPIO_TypeDef\000"
 2086      5F547970 
 2086      65446566 
 2086      00
 2087              	.LASF39:
 2088 000d 6B566578 		.ascii	"kVexDigital_None\000"
 2088      44696769 
 2088      74616C5F 
 2088      4E6F6E65 
 2088      00
 2089              	.LASF86:
 2090 001e 5F70616C 		.ascii	"_pal_lld_setgroupmode\000"
ARM GAS  /tmp/ccLd1j7x.s 			page 38


 2090      5F6C6C64 
 2090      5F736574 
 2090      67726F75 
 2090      706D6F64 
 2091              	.LASF58:
 2092 0034 6B566578 		.ascii	"kVexDigitalHigh\000"
 2092      44696769 
 2092      74616C48 
 2092      69676800 
 2093              	.LASF92:
 2094 0044 65787443 		.ascii	"extChannelEnable\000"
 2094      68616E6E 
 2094      656C456E 
 2094      61626C65 
 2094      00
 2095              	.LASF79:
 2096 0055 76657844 		.ascii	"vexDigitalPinGet\000"
 2096      69676974 
 2096      616C5069 
 2096      6E476574 
 2096      00
 2097              	.LASF64:
 2098 0066 6B496D65 		.ascii	"kImeChannel_1\000"
 2098      4368616E 
 2098      6E656C5F 
 2098      3100
 2099              	.LASF65:
 2100 0074 6B496D65 		.ascii	"kImeChannel_2\000"
 2100      4368616E 
 2100      6E656C5F 
 2100      3200
 2101              	.LASF66:
 2102 0082 6B496D65 		.ascii	"kImeChannel_3\000"
 2102      4368616E 
 2102      6E656C5F 
 2102      3300
 2103              	.LASF78:
 2104 0090 76657844 		.ascii	"vexDigitalModeGet\000"
 2104      69676974 
 2104      616C4D6F 
 2104      64654765 
 2104      7400
 2105              	.LASF31:
 2106 00a2 73746174 		.ascii	"state\000"
 2106      6500
 2107              	.LASF91:
 2108 00a8 5F76695F 		.ascii	"_vi_cb\000"
 2108      636200
 2109              	.LASF70:
 2110 00af 6B496D65 		.ascii	"kImeChannel_7\000"
 2110      4368616E 
 2110      6E656C5F 
 2110      3700
 2111              	.LASF71:
 2112 00bd 6B496D65 		.ascii	"kImeChannel_8\000"
 2112      4368616E 
 2112      6E656C5F 
ARM GAS  /tmp/ccLd1j7x.s 			page 39


 2112      3800
 2113              	.LASF3:
 2114 00cb 73686F72 		.ascii	"short int\000"
 2114      7420696E 
 2114      7400
 2115              	.LASF18:
 2116 00d5 73697A65 		.ascii	"sizetype\000"
 2116      74797065 
 2116      00
 2117              	.LASF72:
 2118 00de 6B496D65 		.ascii	"kImeTotal\000"
 2118      546F7461 
 2118      6C00
 2119              	.LASF87:
 2120 00e8 76657845 		.ascii	"vexExtSet\000"
 2120      78745365 
 2120      7400
 2121              	.LASF9:
 2122 00f2 5F5F7569 		.ascii	"__uint32_t\000"
 2122      6E743332 
 2122      5F7400
 2123              	.LASF35:
 2124 00fd 6D6F6465 		.ascii	"mode\000"
 2124      00
 2125              	.LASF5:
 2126 0102 5F5F7569 		.ascii	"__uint16_t\000"
 2126      6E743136 
 2126      5F7400
 2127              	.LASF37:
 2128 010d 6368616E 		.ascii	"channels\000"
 2128      6E656C73 
 2128      00
 2129              	.LASF27:
 2130 0116 4558545F 		.ascii	"EXT_STOP\000"
 2130      53544F50 
 2130      00
 2131              	.LASF55:
 2132 011f 6B566578 		.ascii	"kVexDigitalOutput\000"
 2132      44696769 
 2132      74616C4F 
 2132      75747075 
 2132      7400
 2133              	.LASF32:
 2134 0131 636F6E66 		.ascii	"config\000"
 2134      696700
 2135              	.LASF24:
 2136 0138 696F6D6F 		.ascii	"iomode_t\000"
 2136      64655F74 
 2136      00
 2137              	.LASF23:
 2138 0141 696F706F 		.ascii	"ioportmask_t\000"
 2138      72746D61 
 2138      736B5F74 
 2138      00
 2139              	.LASF88:
 2140 014e 474E5520 		.ascii	"GNU C 4.8.2 -mcpu=cortex-m3 -mno-thumb-interwork -m"
 2140      4320342E 
ARM GAS  /tmp/ccLd1j7x.s 			page 40


 2140      382E3220 
 2140      2D6D6370 
 2140      753D636F 
 2141 0181 7468756D 		.ascii	"thumb -ggdb -O2 -fomit-frame-pointer -falign-functi"
 2141      62202D67 
 2141      67646220 
 2141      2D4F3220 
 2141      2D666F6D 
 2142 01b4 6F6E733D 		.ascii	"ons=16 -ffunction-sections -fdata-sections -fno-com"
 2142      3136202D 
 2142      6666756E 
 2142      6374696F 
 2142      6E2D7365 
 2143 01e7 6D6F6E00 		.ascii	"mon\000"
 2144              	.LASF49:
 2145 01eb 6B566578 		.ascii	"kVexDigital_10\000"
 2145      44696769 
 2145      74616C5F 
 2145      313000
 2146              	.LASF50:
 2147 01fa 6B566578 		.ascii	"kVexDigital_11\000"
 2147      44696769 
 2147      74616C5F 
 2147      313100
 2148              	.LASF51:
 2149 0209 6B566578 		.ascii	"kVexDigital_12\000"
 2149      44696769 
 2149      74616C5F 
 2149      313200
 2150              	.LASF1:
 2151 0218 7369676E 		.ascii	"signed char\000"
 2151      65642063 
 2151      68617200 
 2152              	.LASF57:
 2153 0224 6B566578 		.ascii	"kVexDigitalLow\000"
 2153      44696769 
 2153      74616C4C 
 2153      6F7700
 2154              	.LASF76:
 2155 0233 76657844 		.ascii	"vexDigitalModeSet\000"
 2155      69676974 
 2155      616C4D6F 
 2155      64655365 
 2155      7400
 2156              	.LASF11:
 2157 0245 6C6F6E67 		.ascii	"long long int\000"
 2157      206C6F6E 
 2157      6720696E 
 2157      7400
 2158              	.LASF8:
 2159 0253 6C6F6E67 		.ascii	"long int\000"
 2159      20696E74 
 2159      00
 2160              	.LASF74:
 2161 025c 65787470 		.ascii	"extp\000"
 2161      00
 2162              	.LASF20:
ARM GAS  /tmp/ccLd1j7x.s 			page 41


 2163 0261 42535252 		.ascii	"BSRR\000"
 2163      00
 2164              	.LASF28:
 2165 0266 4558545F 		.ascii	"EXT_ACTIVE\000"
 2165      41435449 
 2165      564500
 2166              	.LASF54:
 2167 0271 6B566578 		.ascii	"kVexDigitalInput\000"
 2167      44696769 
 2167      74616C49 
 2167      6E707574 
 2167      00
 2168              	.LASF89:
 2169 0282 2E2E2F2E 		.ascii	"../../fw/vexdigital.c\000"
 2169      2E2F6677 
 2169      2F766578 
 2169      64696769 
 2169      74616C2E 
 2170              	.LASF42:
 2171 0298 6B566578 		.ascii	"kVexDigital_3\000"
 2171      44696769 
 2171      74616C5F 
 2171      3300
 2172              	.LASF25:
 2173 02a6 696F706F 		.ascii	"ioportid_t\000"
 2173      72746964 
 2173      5F7400
 2174              	.LASF2:
 2175 02b1 756E7369 		.ascii	"unsigned char\000"
 2175      676E6564 
 2175      20636861 
 2175      7200
 2176              	.LASF46:
 2177 02bf 6B566578 		.ascii	"kVexDigital_7\000"
 2177      44696769 
 2177      74616C5F 
 2177      3700
 2178              	.LASF34:
 2179 02cd 65787463 		.ascii	"extcallback_t\000"
 2179      616C6C62 
 2179      61636B5F 
 2179      7400
 2180              	.LASF67:
 2181 02db 6B496D65 		.ascii	"kImeChannel_4\000"
 2181      4368616E 
 2181      6E656C5F 
 2181      3400
 2182              	.LASF68:
 2183 02e9 6B496D65 		.ascii	"kImeChannel_5\000"
 2183      4368616E 
 2183      6E656C5F 
 2183      3500
 2184              	.LASF26:
 2185 02f7 4558545F 		.ascii	"EXT_UNINIT\000"
 2185      554E494E 
 2185      495400
 2186              	.LASF69:
ARM GAS  /tmp/ccLd1j7x.s 			page 42


 2187 0302 6B496D65 		.ascii	"kImeChannel_6\000"
 2187      4368616E 
 2187      6E656C5F 
 2187      3600
 2188              	.LASF12:
 2189 0310 6C6F6E67 		.ascii	"long long unsigned int\000"
 2189      206C6F6E 
 2189      6720756E 
 2189      7369676E 
 2189      65642069 
 2190              	.LASF59:
 2191 0327 74566578 		.ascii	"tVexDigitalState\000"
 2191      44696769 
 2191      74616C53 
 2191      74617465 
 2191      00
 2192              	.LASF16:
 2193 0338 75696E74 		.ascii	"uint32_t\000"
 2193      33325F74 
 2193      00
 2194              	.LASF38:
 2195 0341 45585443 		.ascii	"EXTConfig\000"
 2195      6F6E6669 
 2195      6700
 2196              	.LASF85:
 2197 034b 76657869 		.ascii	"vexioDefinition\000"
 2197      6F446566 
 2197      696E6974 
 2197      696F6E00 
 2198              	.LASF44:
 2199 035b 6B566578 		.ascii	"kVexDigital_5\000"
 2199      44696769 
 2199      74616C5F 
 2199      3500
 2200              	.LASF80:
 2201 0369 76657844 		.ascii	"vexDigitalIntrSet\000"
 2201      69676974 
 2201      616C496E 
 2201      74725365 
 2201      7400
 2202              	.LASF6:
 2203 037b 73686F72 		.ascii	"short unsigned int\000"
 2203      7420756E 
 2203      7369676E 
 2203      65642069 
 2203      6E7400
 2204              	.LASF56:
 2205 038e 74566578 		.ascii	"tVexDigitalMode\000"
 2205      44696769 
 2205      74616C4D 
 2205      6F646500 
 2206              	.LASF36:
 2207 039e 45585443 		.ascii	"EXTChannelConfig\000"
 2207      68616E6E 
 2207      656C436F 
 2207      6E666967 
 2207      00
ARM GAS  /tmp/ccLd1j7x.s 			page 43


 2208              	.LASF19:
 2209 03af 63686172 		.ascii	"char\000"
 2209      00
 2210              	.LASF14:
 2211 03b4 75696E74 		.ascii	"uint16_t\000"
 2211      31365F74 
 2211      00
 2212              	.LASF40:
 2213 03bd 6B566578 		.ascii	"kVexDigital_1\000"
 2213      44696769 
 2213      74616C5F 
 2213      3100
 2214              	.LASF41:
 2215 03cb 6B566578 		.ascii	"kVexDigital_2\000"
 2215      44696769 
 2215      74616C5F 
 2215      3200
 2216              	.LASF15:
 2217 03d9 696E7433 		.ascii	"int32_t\000"
 2217      325F7400 
 2218              	.LASF43:
 2219 03e1 6B566578 		.ascii	"kVexDigital_4\000"
 2219      44696769 
 2219      74616C5F 
 2219      3400
 2220              	.LASF82:
 2221 03ef 76657844 		.ascii	"vexDigitalIntrCountGet\000"
 2221      69676974 
 2221      616C496E 
 2221      7472436F 
 2221      756E7447 
 2222              	.LASF45:
 2223 0406 6B566578 		.ascii	"kVexDigital_6\000"
 2223      44696769 
 2223      74616C5F 
 2223      3600
 2224              	.LASF84:
 2225 0414 45585444 		.ascii	"EXTD1\000"
 2225      3100
 2226              	.LASF47:
 2227 041a 6B566578 		.ascii	"kVexDigital_8\000"
 2227      44696769 
 2227      74616C5F 
 2227      3800
 2228              	.LASF48:
 2229 0428 6B566578 		.ascii	"kVexDigital_9\000"
 2229      44696769 
 2229      74616C5F 
 2229      3900
 2230              	.LASF17:
 2231 0436 5F426F6F 		.ascii	"_Bool\000"
 2231      6C00
 2232              	.LASF75:
 2233 043c 6368616E 		.ascii	"channel\000"
 2233      6E656C00 
 2234              	.LASF73:
 2235 0444 6B496D65 		.ascii	"kImeChannelNone\000"
ARM GAS  /tmp/ccLd1j7x.s 			page 44


 2235      4368616E 
 2235      6E656C4E 
 2235      6F6E6500 
 2236              	.LASF77:
 2237 0454 76657844 		.ascii	"vexDigitalPinSet\000"
 2237      69676974 
 2237      616C5069 
 2237      6E536574 
 2237      00
 2238              	.LASF61:
 2239 0465 706F7274 		.ascii	"port\000"
 2239      00
 2240              	.LASF60:
 2241 046a 5F696F44 		.ascii	"_ioDef\000"
 2241      656600
 2242              	.LASF10:
 2243 0471 6C6F6E67 		.ascii	"long unsigned int\000"
 2243      20756E73 
 2243      69676E65 
 2243      6420696E 
 2243      7400
 2244              	.LASF29:
 2245 0483 65787473 		.ascii	"extstate_t\000"
 2245      74617465 
 2245      5F7400
 2246              	.LASF62:
 2247 048e 696E7472 		.ascii	"intrCount\000"
 2247      436F756E 
 2247      7400
 2248              	.LASF7:
 2249 0498 5F5F696E 		.ascii	"__int32_t\000"
 2249      7433325F 
 2249      7400
 2250              	.LASF4:
 2251 04a2 5F5F696E 		.ascii	"__int16_t\000"
 2251      7431365F 
 2251      7400
 2252              	.LASF90:
 2253 04ac 2F6D6E74 		.ascii	"/mnt/c/Users/DQ Sullivan/Downloads/Convex/convex/co"
 2253      2F632F55 
 2253      73657273 
 2253      2F445120 
 2253      53756C6C 
 2254 04df 72746578 		.ascii	"rtex/projects/Vex2016 CyberBrains\000"
 2254      2F70726F 
 2254      6A656374 
 2254      732F5665 
 2254      78323031 
 2255              	.LASF33:
 2256 0501 65787063 		.ascii	"expchannel_t\000"
 2256      68616E6E 
 2256      656C5F74 
 2256      00
 2257              	.LASF52:
 2258 050e 6B566578 		.ascii	"kVexDigital_Num\000"
 2258      44696769 
 2258      74616C5F 
ARM GAS  /tmp/ccLd1j7x.s 			page 45


 2258      4E756D00 
 2259              	.LASF63:
 2260 051e 696F4465 		.ascii	"ioDef\000"
 2260      6600
 2261              	.LASF53:
 2262 0524 74566578 		.ascii	"tVexDigitalPin\000"
 2262      44696769 
 2262      74616C50 
 2262      696E00
 2263              	.LASF13:
 2264 0533 696E7431 		.ascii	"int16_t\000"
 2264      365F7400 
 2265              	.LASF30:
 2266 053b 45585444 		.ascii	"EXTDriver\000"
 2266      72697665 
 2266      7200
 2267              	.LASF83:
 2268 0545 49544D5F 		.ascii	"ITM_RxBuffer\000"
 2268      52784275 
 2268      66666572 
 2268      00
 2269              	.LASF0:
 2270 0552 756E7369 		.ascii	"unsigned int\000"
 2270      676E6564 
 2270      20696E74 
 2270      00
 2271              	.LASF81:
 2272 055f 76657844 		.ascii	"vexDigitalIntrRun\000"
 2272      69676974 
 2272      616C496E 
 2272      74725275 
 2272      6E00
 2273              	.LASF21:
 2274 0571 4C434B52 		.ascii	"LCKR\000"
 2274      00
 2275              		.ident	"GCC: (4.8.2-14ubuntu1+6) 4.8.2"
ARM GAS  /tmp/ccLd1j7x.s 			page 46


DEFINED SYMBOLS
                            *ABS*:0000000000000000 vexdigital.c
     /tmp/ccLd1j7x.s:19     .text._vi_cb:0000000000000000 $t
     /tmp/ccLd1j7x.s:24     .text._vi_cb:0000000000000000 _vi_cb
     /tmp/ccLd1j7x.s:432    .data.vexioDefinition:0000000000000000 .LANCHOR0
     /tmp/ccLd1j7x.s:85     .text._vi_cb:0000000000000044 $d
     /tmp/ccLd1j7x.s:91     .text.vexDigitalModeSet:0000000000000000 $t
     /tmp/ccLd1j7x.s:97     .text.vexDigitalModeSet:0000000000000000 vexDigitalModeSet
     /tmp/ccLd1j7x.s:147    .text.vexDigitalModeGet:0000000000000000 $t
     /tmp/ccLd1j7x.s:153    .text.vexDigitalModeGet:0000000000000000 vexDigitalModeGet
     /tmp/ccLd1j7x.s:180    .text.vexDigitalPinSet:0000000000000000 $t
     /tmp/ccLd1j7x.s:186    .text.vexDigitalPinSet:0000000000000000 vexDigitalPinSet
     /tmp/ccLd1j7x.s:228    .text.vexDigitalPinGet:0000000000000000 $t
     /tmp/ccLd1j7x.s:234    .text.vexDigitalPinGet:0000000000000000 vexDigitalPinGet
     /tmp/ccLd1j7x.s:269    .text.vexDigitalIntrSet:0000000000000000 $t
     /tmp/ccLd1j7x.s:275    .text.vexDigitalIntrSet:0000000000000000 vexDigitalIntrSet
     /tmp/ccLd1j7x.s:343    .text.vexDigitalIntrRun:0000000000000000 $t
     /tmp/ccLd1j7x.s:349    .text.vexDigitalIntrRun:0000000000000000 vexDigitalIntrRun
     /tmp/ccLd1j7x.s:392    .text.vexDigitalIntrRun:0000000000000030 $d
     /tmp/ccLd1j7x.s:397    .text.vexDigitalIntrCountGet:0000000000000000 $t
     /tmp/ccLd1j7x.s:403    .text.vexDigitalIntrCountGet:0000000000000000 vexDigitalIntrCountGet
     /tmp/ccLd1j7x.s:435    .data.vexioDefinition:0000000000000000 vexioDefinition
     /tmp/ccLd1j7x.s:431    .data.vexioDefinition:0000000000000000 $d
                     .debug_frame:0000000000000010 $d
     /tmp/ccLd1j7x.s:90     .text._vi_cb:0000000000000048 $t
     /tmp/ccLd1j7x.s:396    .text.vexDigitalIntrRun:0000000000000034 $t

UNDEFINED SYMBOLS
_pal_lld_setgroupmode
vexExtSet
EXTD1
extChannelEnable
