ARM GAS  /tmp/ccbR1NSf.s 			page 1


   1              		.syntax unified
   2              		.cpu cortex-m3
   3              		.fpu softvfp
   4              		.eabi_attribute 20, 1
   5              		.eabi_attribute 21, 1
   6              		.eabi_attribute 23, 3
   7              		.eabi_attribute 24, 1
   8              		.eabi_attribute 25, 1
   9              		.eabi_attribute 26, 1
  10              		.eabi_attribute 30, 2
  11              		.eabi_attribute 34, 1
  12              		.eabi_attribute 18, 4
  13              		.thumb
  14              		.file	"vexflash.c"
  15              		.text
  16              	.Ltext0:
  17              		.cfi_sections	.debug_frame
  18              		.section	.text.vexFlashUserParamRead,"ax",%progbits
  19              		.align	2
  20              		.p2align 4,,15
  21              		.global	vexFlashUserParamRead
  22              		.thumb
  23              		.thumb_func
  24              		.type	vexFlashUserParamRead, %function
  25              	vexFlashUserParamRead:
  26              	.LFB64:
  27              		.file 1 "../../opt/vexflash.c"
  28              		.loc 1 106 0
  29              		.cfi_startproc
  30              		@ args = 0, pretend = 0, frame = 0
  31              		@ frame_needed = 0, uses_anonymous_args = 0
  32              		@ link register save eliminated.
  33              	.LVL0:
  34 0000 10B4     		push	{r4}
  35              		.cfi_def_cfa_offset 4
  36              		.cfi_offset 4, -4
  37              	.LBB6:
  38              	.LBB7:
  39              		.loc 1 84 0
  40 0002 4FF47043 		mov	r3, #61440
  41              		.loc 1 87 0
  42 0006 4FF47144 		mov	r4, #61696
  43              		.loc 1 84 0
  44 000a C0F60503 		movt	r3, 2053
  45              	.LVL1:
  46              		.loc 1 87 0
  47 000e C0F60504 		movt	r4, 2053
  48              		.loc 1 79 0
  49 0012 4FF6FF72 		movw	r2, #65535
  50 0016 02E0     		b	.L3
  51              	.LVL2:
  52              	.L16:
  53              		.loc 1 87 0
  54 0018 A342     		cmp	r3, r4
  55 001a 82B2     		uxth	r2, r0
  56              	.LVL3:
  57 001c 04D0     		beq	.L2
ARM GAS  /tmp/ccbR1NSf.s 			page 2


  58              	.LVL4:
  59              	.L3:
  60              		.loc 1 89 0
  61 001e 53F8041B 		ldr	r1, [r3], #4
  62              	.LVL5:
  63 0022 501C     		adds	r0, r2, #1
  64 0024 0131     		adds	r1, r1, #1
  65 0026 F7D1     		bne	.L16
  66              	.LVL6:
  67              	.L2:
  68              	.LBE7:
  69              	.LBE6:
  70              		.loc 1 111 0
  71 0028 12B2     		sxth	r2, r2
  72 002a 40F20000 		movw	r0, #:lower16:.LANCHOR0
  73 002e C0F20000 		movt	r0, #:upper16:.LANCHOR0
  74              		.loc 1 113 0
  75 0032 531C     		adds	r3, r2, #1
  76              		.loc 1 111 0
  77 0034 0262     		str	r2, [r0, #32]
  78              		.loc 1 113 0
  79 0036 15D0     		beq	.L17
  80              		.loc 1 125 0
  81 0038 42F68871 		movw	r1, #12168
  82 003c C0F24001 		movt	r1, 64
  83 0040 1144     		add	r1, r1, r2
  84 0042 4901     		lsls	r1, r1, #5
  85              	.LVL7:
  86              		.loc 1 128 0
  87 0044 4162     		str	r1, [r0, #36]
  88              	.LVL8:
  89 0046 0B1F     		subs	r3, r1, #4
  90 0048 401A     		subs	r0, r0, r1
  91 004a 1C31     		adds	r1, r1, #28
  92              	.LVL9:
  93              	.L8:
  94              		.loc 1 132 0 discriminator 2
  95 004c 53F8042F 		ldr	r2, [r3, #4]!
  96              	.LVL10:
  97              		.loc 1 131 0 discriminator 2
  98 0050 8B42     		cmp	r3, r1
  99              		.loc 1 132 0 discriminator 2
 100 0052 C250     		str	r2, [r0, r3]
 101              		.loc 1 131 0 discriminator 2
 102 0054 FAD1     		bne	.L8
 103              		.loc 1 136 0
 104 0056 40F20000 		movw	r0, #:lower16:.LANCHOR0
 105 005a C0F20000 		movt	r0, #:upper16:.LANCHOR0
 106 005e 5DF8044B 		ldr	r4, [sp], #4
 107 0062 7047     		bx	lr
 108              	.LVL11:
 109              	.L17:
 110 0064 031F     		subs	r3, r0, #4
 111 0066 00F11C01 		add	r1, r0, #28
 112              	.LVL12:
 113              	.L6:
 114              		.loc 1 117 0 discriminator 2
ARM GAS  /tmp/ccbR1NSf.s 			page 3


 115 006a 43F8042F 		str	r2, [r3, #4]!
 116              	.LVL13:
 117              		.loc 1 116 0 discriminator 2
 118 006e 8B42     		cmp	r3, r1
 119 0070 FBD1     		bne	.L6
 120              		.loc 1 120 0
 121 0072 0023     		movs	r3, #0
 122              	.LVL14:
 123 0074 4362     		str	r3, [r0, #36]
 124              		.loc 1 136 0
 125 0076 40F20000 		movw	r0, #:lower16:.LANCHOR0
 126 007a C0F20000 		movt	r0, #:upper16:.LANCHOR0
 127 007e 5DF8044B 		ldr	r4, [sp], #4
 128 0082 7047     		bx	lr
 129              		.cfi_endproc
 130              	.LFE64:
 131              		.size	vexFlashUserParamRead, .-vexFlashUserParamRead
 132 0084 AFF30080 		.section	.text.vexFlashUserParamWrite,"ax",%progbits
 132      AFF30080 
 132      AFF30080 
 133              		.align	2
 134              		.p2align 4,,15
 135              		.global	vexFlashUserParamWrite
 136              		.thumb
 137              		.thumb_func
 138              		.type	vexFlashUserParamWrite, %function
 139              	vexFlashUserParamWrite:
 140              	.LFB65:
 141              		.loc 1 146 0
 142              		.cfi_startproc
 143              		@ args = 0, pretend = 0, frame = 8
 144              		@ frame_needed = 0, uses_anonymous_args = 0
 145              	.LVL15:
 146 0000 F0B5     		push	{r4, r5, r6, r7, lr}
 147              		.cfi_def_cfa_offset 20
 148              		.cfi_offset 4, -20
 149              		.cfi_offset 5, -16
 150              		.cfi_offset 6, -12
 151              		.cfi_offset 7, -8
 152              		.cfi_offset 14, -4
 153              		.loc 1 155 0
 154 0002 0423     		movs	r3, #4
 155              		.loc 1 146 0
 156 0004 83B0     		sub	sp, sp, #12
 157              		.cfi_def_cfa_offset 32
 158              		.loc 1 159 0
 159 0006 0646     		mov	r6, r0
 160              		.loc 1 155 0
 161 0008 8DF80730 		strb	r3, [sp, #7]
 162              		.loc 1 159 0
 163 000c 0028     		cmp	r0, #0
 164 000e 72D0     		beq	.L26
 165              		.loc 1 163 0
 166 0010 40F20003 		movw	r3, #:lower16:.LANCHOR1
 167 0014 C0F20003 		movt	r3, #:upper16:.LANCHOR1
 168 0018 1A88     		ldrh	r2, [r3]
 169 001a 11B2     		sxth	r1, r2
ARM GAS  /tmp/ccbR1NSf.s 			page 4


 170 001c 1F29     		cmp	r1, #31
 171 001e 64DC     		bgt	.L27
 172              		.loc 1 167 0
 173 0020 0132     		adds	r2, r2, #1
 174 0022 1A80     		strh	r2, [r3]	@ movhi
 175              		.loc 1 170 0
 176 0024 FFF7FEFF 		bl	FLASH_UnlockBank1
 177              	.LVL16:
 178              		.loc 1 173 0
 179 0028 3420     		movs	r0, #52
 180 002a FFF7FEFF 		bl	FLASH_ClearFlag
 181              	.LVL17:
 182              	.LBB8:
 183              	.LBB9:
 184              		.loc 1 87 0
 185 002e 4FF47145 		mov	r5, #61696
 186              		.loc 1 84 0
 187 0032 4FF47043 		mov	r3, #61440
 188 0036 C0F60503 		movt	r3, 2053
 189              	.LVL18:
 190              		.loc 1 87 0
 191 003a C0F60505 		movt	r5, 2053
 192              		.loc 1 79 0
 193 003e 4FF6FF72 		movw	r2, #65535
 194 0042 02E0     		b	.L21
 195              	.LVL19:
 196              	.L36:
 197              		.loc 1 87 0
 198 0044 AB42     		cmp	r3, r5
 199 0046 A2B2     		uxth	r2, r4
 200              	.LVL20:
 201 0048 04D0     		beq	.L20
 202              	.LVL21:
 203              	.L21:
 204              		.loc 1 89 0
 205 004a 53F8041B 		ldr	r1, [r3], #4
 206              	.LVL22:
 207 004e 541C     		adds	r4, r2, #1
 208 0050 0131     		adds	r1, r1, #1
 209 0052 F7D1     		bne	.L36
 210              	.LVL23:
 211              	.L20:
 212              	.LBE9:
 213              	.LBE8:
 214              		.loc 1 176 0
 215 0054 12B2     		sxth	r2, r2
 216              		.loc 1 179 0
 217 0056 531C     		adds	r3, r2, #1
 218              		.loc 1 182 0
 219 0058 372B     		cmp	r3, #55
 220              		.loc 1 179 0
 221 005a 3362     		str	r3, [r6, #32]
 222              		.loc 1 182 0
 223 005c 2EDC     		bgt	.L22
 224 005e 42F68973 		movw	r3, #12169
 225 0062 C0F24003 		movt	r3, 64
 226 0066 1344     		add	r3, r3, r2
ARM GAS  /tmp/ccbR1NSf.s 			page 5


 227 0068 5B01     		lsls	r3, r3, #5
 228 006a 1F46     		mov	r7, r3
 229              	.L23:
 230              	.LVL24:
 231              		.loc 1 196 0
 232 006c 3C46     		mov	r4, r7
 233              		.loc 1 199 0
 234 006e 7362     		str	r3, [r6, #36]
 235              	.LVL25:
 236 0070 2037     		adds	r7, r7, #32
 237 0072 351B     		subs	r5, r6, r4
 238              	.LVL26:
 239              	.L25:
 240              		.loc 1 205 0
 241 0074 2046     		mov	r0, r4
 242 0076 2959     		ldr	r1, [r5, r4]
 243 0078 FFF7FEFF 		bl	FLASH_ProgramWord
 244              	.LVL27:
 245 007c 8DF80700 		strb	r0, [sp, #7]
 246              		.loc 1 211 0
 247 0080 9DF80730 		ldrb	r3, [sp, #7]	@ zero_extendqisi2
 248              		.loc 1 208 0
 249 0084 0434     		adds	r4, r4, #4
 250              	.LVL28:
 251              		.loc 1 211 0
 252 0086 042B     		cmp	r3, #4
 253 0088 2CD1     		bne	.L29
 254              		.loc 1 202 0
 255 008a BC42     		cmp	r4, r7
 256 008c F2D1     		bne	.L25
 257              		.loc 1 150 0
 258 008e 0124     		movs	r4, #1
 259              	.LVL29:
 260              	.L24:
 261              		.loc 1 219 0
 262 0090 336A     		ldr	r3, [r6, #32]
 263              		.loc 1 220 0
 264 0092 0021     		movs	r1, #0
 265              		.loc 1 219 0
 266 0094 03F10073 		add	r3, r3, #33554432
 267 0098 03F5BE30 		add	r0, r3, #97280
 268              		.loc 1 220 0
 269 009c 8000     		lsls	r0, r0, #2
 270 009e FFF7FEFF 		bl	FLASH_ProgramWord
 271              	.LVL30:
 272 00a2 8DF80700 		strb	r0, [sp, #7]
 273              		.loc 1 223 0
 274 00a6 9DF80720 		ldrb	r2, [sp, #7]	@ zero_extendqisi2
 275 00aa 4FF6FF73 		movw	r3, #65535
 276 00ae 042A     		cmp	r2, #4
 277 00b0 0CBF     		ite	eq
 278 00b2 2046     		moveq	r0, r4
 279 00b4 1846     		movne	r0, r3
 280              	.LVL31:
 281              	.L19:
 282              		.loc 1 227 0
 283 00b6 00B2     		sxth	r0, r0
ARM GAS  /tmp/ccbR1NSf.s 			page 6


 284 00b8 03B0     		add	sp, sp, #12
 285              		@ sp needed
 286 00ba F0BD     		pop	{r4, r5, r6, r7, pc}
 287              	.LVL32:
 288              	.L22:
 289              		.loc 1 185 0
 290 00bc 4FF47040 		mov	r0, #61440
 291 00c0 C0F60500 		movt	r0, 2053
 292 00c4 FFF7FEFF 		bl	FLASH_ErasePage
 293              	.LVL33:
 294 00c8 8DF80700 		strb	r0, [sp, #7]
 295              		.loc 1 188 0
 296 00cc 9DF80730 		ldrb	r3, [sp, #7]	@ zero_extendqisi2
 297 00d0 042B     		cmp	r3, #4
 298 00d2 0DD1     		bne	.L28
 299              		.loc 1 192 0
 300 00d4 4FF47143 		mov	r3, #61696
 301 00d8 C0F60503 		movt	r3, 2053
 302 00dc 0022     		movs	r2, #0
 303 00de 1F46     		mov	r7, r3
 304 00e0 3262     		str	r2, [r6, #32]
 305 00e2 C3E7     		b	.L23
 306              	.LVL34:
 307              	.L29:
 308              		.loc 1 213 0
 309 00e4 4FF6FF74 		movw	r4, #65535
 310              	.LVL35:
 311 00e8 D2E7     		b	.L24
 312              	.LVL36:
 313              	.L27:
 314              		.loc 1 164 0
 315 00ea 4FF6FE70 		movw	r0, #65534
 316              	.LVL37:
 317 00ee E2E7     		b	.L19
 318              	.L28:
 319              		.loc 1 189 0
 320 00f0 4FF6FD70 		movw	r0, #65533
 321 00f4 DFE7     		b	.L19
 322              	.LVL38:
 323              	.L26:
 324              		.loc 1 160 0
 325 00f6 4FF6FB70 		movw	r0, #65531
 326              	.LVL39:
 327 00fa DCE7     		b	.L19
 328              		.cfi_endproc
 329              	.LFE65:
 330              		.size	vexFlashUserParamWrite, .-vexFlashUserParamWrite
 331 00fc AFF30080 		.section	.text.vexFlashUserParamInit,"ax",%progbits
 332              		.align	2
 333              		.p2align 4,,15
 334              		.global	vexFlashUserParamInit
 335              		.thumb
 336              		.thumb_func
 337              		.type	vexFlashUserParamInit, %function
 338              	vexFlashUserParamInit:
 339              	.LFB66:
 340              		.loc 1 236 0
ARM GAS  /tmp/ccbR1NSf.s 			page 7


 341              		.cfi_startproc
 342              		@ args = 0, pretend = 0, frame = 8
 343              		@ frame_needed = 0, uses_anonymous_args = 0
 344 0000 00B5     		push	{lr}
 345              		.cfi_def_cfa_offset 4
 346              		.cfi_offset 14, -4
 347              		.loc 1 240 0
 348 0002 40F20003 		movw	r3, #:lower16:.LANCHOR2
 349 0006 C0F20003 		movt	r3, #:upper16:.LANCHOR2
 350 000a B3F90020 		ldrsh	r2, [r3]
 351              		.loc 1 236 0
 352 000e 83B0     		sub	sp, sp, #12
 353              		.cfi_def_cfa_offset 16
 354              		.loc 1 238 0
 355 0010 0421     		movs	r1, #4
 356 0012 8DF80710 		strb	r1, [sp, #7]
 357              		.loc 1 240 0
 358 0016 BAB9     		cbnz	r2, .L39
 359              		.loc 1 243 0
 360 0018 0122     		movs	r2, #1
 361 001a 1A80     		strh	r2, [r3]	@ movhi
 362              		.loc 1 246 0
 363 001c FFF7FEFF 		bl	FLASH_UnlockBank1
 364              	.LVL40:
 365              		.loc 1 249 0
 366 0020 4FF47040 		mov	r0, #61440
 367 0024 C0F60500 		movt	r0, 2053
 368 0028 FFF7FEFF 		bl	FLASH_ErasePage
 369              	.LVL41:
 370 002c 8DF80700 		strb	r0, [sp, #7]
 371              		.loc 1 252 0
 372 0030 9DF80700 		ldrb	r0, [sp, #7]	@ zero_extendqisi2
 373              		.loc 1 253 0
 374 0034 4FF6FD73 		movw	r3, #65533
 375 0038 0428     		cmp	r0, #4
 376 003a 14BF     		ite	ne
 377 003c 1846     		movne	r0, r3
 378 003e 0120     		moveq	r0, #1
 379              	.L38:
 380              		.loc 1 261 0
 381 0040 00B2     		sxth	r0, r0
 382 0042 03B0     		add	sp, sp, #12
 383              		@ sp needed
 384 0044 5DF804FB 		ldr	pc, [sp], #4
 385              	.L39:
 386              		.loc 1 257 0
 387 0048 4FF6FC70 		movw	r0, #65532
 388 004c F8E7     		b	.L38
 389              		.cfi_endproc
 390              	.LFE66:
 391              		.size	vexFlashUserParamInit, .-vexFlashUserParamInit
 392 004e 00BF     		.section	.bss.erase_done.7436,"aw",%nobits
 393              		.align	1
 394              		.set	.LANCHOR2,. + 0
 395              		.type	erase_done.7436, %object
 396              		.size	erase_done.7436, 2
 397              	erase_done.7436:
ARM GAS  /tmp/ccbR1NSf.s 			page 8


 398 0000 0000     		.space	2
 399              		.section	.bss.params,"aw",%nobits
 400              		.align	2
 401              		.set	.LANCHOR0,. + 0
 402              		.type	params, %object
 403              		.size	params, 40
 404              	params:
 405 0000 00000000 		.space	40
 405      00000000 
 405      00000000 
 405      00000000 
 405      00000000 
 406              		.section	.bss.user_param_write_limit.7429,"aw",%nobits
 407              		.align	1
 408              		.set	.LANCHOR1,. + 0
 409              		.type	user_param_write_limit.7429, %object
 410              		.size	user_param_write_limit.7429, 2
 411              	user_param_write_limit.7429:
 412 0000 0000     		.space	2
 413              		.text
 414              	.Letext0:
 415              		.file 2 "/usr/include/newlib/machine/_default_types.h"
 416              		.file 3 "/usr/include/newlib/stdint.h"
 417              		.file 4 "../../fw/vexdigital.h"
 418              		.file 5 "../../fw/vexime.h"
 419              		.file 6 "../../opt/stm32f10x_flash.h"
 420              		.file 7 "../../opt/vexflash.h"
 421              		.file 8 "../../../../ChibiOS_2.6.2/os/ports/common/ARMCMx/CMSIS/include/core_cm3.h"
 422              		.section	.debug_info,"",%progbits
 423              	.Ldebug_info0:
 424 0000 78040000 		.4byte	0x478
 425 0004 0400     		.2byte	0x4
 426 0006 00000000 		.4byte	.Ldebug_abbrev0
 427 000a 04       		.byte	0x4
 428 000b 01       		.uleb128 0x1
 429 000c 36010000 		.4byte	.LASF65
 430 0010 01       		.byte	0x1
 431 0011 96030000 		.4byte	.LASF66
 432 0015 D6030000 		.4byte	.LASF67
 433 0019 00000000 		.4byte	.Ldebug_ranges0+0
 434 001d 00000000 		.4byte	0
 435 0021 00000000 		.4byte	.Ldebug_line0
 436 0025 02       		.uleb128 0x2
 437 0026 04       		.byte	0x4
 438 0027 05       		.byte	0x5
 439 0028 696E7400 		.ascii	"int\000"
 440 002c 03       		.uleb128 0x3
 441 002d 04       		.byte	0x4
 442 002e 07       		.byte	0x7
 443 002f 85040000 		.4byte	.LASF0
 444 0033 03       		.uleb128 0x3
 445 0034 01       		.byte	0x1
 446 0035 06       		.byte	0x6
 447 0036 7E020000 		.4byte	.LASF1
 448 003a 03       		.uleb128 0x3
 449 003b 01       		.byte	0x1
 450 003c 08       		.byte	0x8
ARM GAS  /tmp/ccbR1NSf.s 			page 9


 451 003d 70020000 		.4byte	.LASF2
 452 0041 04       		.uleb128 0x4
 453 0042 CC030000 		.4byte	.LASF4
 454 0046 02       		.byte	0x2
 455 0047 25       		.byte	0x25
 456 0048 4C000000 		.4byte	0x4c
 457 004c 03       		.uleb128 0x3
 458 004d 02       		.byte	0x2
 459 004e 05       		.byte	0x5
 460 004f A7000000 		.4byte	.LASF3
 461 0053 04       		.uleb128 0x4
 462 0054 F0000000 		.4byte	.LASF5
 463 0058 02       		.byte	0x2
 464 0059 26       		.byte	0x26
 465 005a 5E000000 		.4byte	0x5e
 466 005e 03       		.uleb128 0x3
 467 005f 02       		.byte	0x2
 468 0060 07       		.byte	0x7
 469 0061 F0020000 		.4byte	.LASF6
 470 0065 04       		.uleb128 0x4
 471 0066 C2030000 		.4byte	.LASF7
 472 006a 02       		.byte	0x2
 473 006b 37       		.byte	0x37
 474 006c 70000000 		.4byte	0x70
 475 0070 03       		.uleb128 0x3
 476 0071 04       		.byte	0x4
 477 0072 05       		.byte	0x5
 478 0073 3B020000 		.4byte	.LASF8
 479 0077 04       		.uleb128 0x4
 480 0078 E5000000 		.4byte	.LASF9
 481 007c 02       		.byte	0x2
 482 007d 38       		.byte	0x38
 483 007e 82000000 		.4byte	0x82
 484 0082 03       		.uleb128 0x3
 485 0083 04       		.byte	0x4
 486 0084 07       		.byte	0x7
 487 0085 B0030000 		.4byte	.LASF10
 488 0089 03       		.uleb128 0x3
 489 008a 08       		.byte	0x8
 490 008b 05       		.byte	0x5
 491 008c 2D020000 		.4byte	.LASF11
 492 0090 03       		.uleb128 0x3
 493 0091 08       		.byte	0x8
 494 0092 07       		.byte	0x7
 495 0093 8A020000 		.4byte	.LASF12
 496 0097 04       		.uleb128 0x4
 497 0098 70040000 		.4byte	.LASF13
 498 009c 03       		.byte	0x3
 499 009d 35       		.byte	0x35
 500 009e 41000000 		.4byte	0x41
 501 00a2 04       		.uleb128 0x4
 502 00a3 0F030000 		.4byte	.LASF14
 503 00a7 03       		.byte	0x3
 504 00a8 36       		.byte	0x36
 505 00a9 53000000 		.4byte	0x53
 506 00ad 04       		.uleb128 0x4
 507 00ae 34030000 		.4byte	.LASF15
ARM GAS  /tmp/ccbR1NSf.s 			page 10


 508 00b2 03       		.byte	0x3
 509 00b3 41       		.byte	0x41
 510 00b4 65000000 		.4byte	0x65
 511 00b8 04       		.uleb128 0x4
 512 00b9 A1020000 		.4byte	.LASF16
 513 00bd 03       		.byte	0x3
 514 00be 42       		.byte	0x42
 515 00bf 77000000 		.4byte	0x77
 516 00c3 03       		.uleb128 0x3
 517 00c4 01       		.byte	0x1
 518 00c5 02       		.byte	0x2
 519 00c6 90030000 		.4byte	.LASF17
 520 00ca 05       		.uleb128 0x5
 521 00cb 04       		.byte	0x4
 522 00cc 03       		.uleb128 0x3
 523 00cd 04       		.byte	0x4
 524 00ce 07       		.byte	0x7
 525 00cf BC000000 		.4byte	.LASF18
 526 00d3 03       		.uleb128 0x3
 527 00d4 01       		.byte	0x1
 528 00d5 08       		.byte	0x8
 529 00d6 0A030000 		.4byte	.LASF19
 530 00da 06       		.uleb128 0x6
 531 00db AD000000 		.4byte	0xad
 532 00df 07       		.uleb128 0x7
 533 00e0 01       		.byte	0x1
 534 00e1 04       		.byte	0x4
 535 00e2 8D       		.byte	0x8d
 536 00e3 3C010000 		.4byte	0x13c
 537 00e7 08       		.uleb128 0x8
 538 00e8 00000000 		.4byte	.LASF20
 539 00ec 7F       		.sleb128 -1
 540 00ed 08       		.uleb128 0x8
 541 00ee 18030000 		.4byte	.LASF21
 542 00f2 00       		.sleb128 0
 543 00f3 08       		.uleb128 0x8
 544 00f4 26030000 		.4byte	.LASF22
 545 00f8 01       		.sleb128 1
 546 00f9 08       		.uleb128 0x8
 547 00fa BA020000 		.4byte	.LASF23
 548 00fe 02       		.sleb128 2
 549 00ff 08       		.uleb128 0x8
 550 0100 3C030000 		.4byte	.LASF24
 551 0104 03       		.sleb128 3
 552 0105 08       		.uleb128 0x8
 553 0106 4A030000 		.4byte	.LASF25
 554 010a 04       		.sleb128 4
 555 010b 08       		.uleb128 0x8
 556 010c 58030000 		.4byte	.LASF26
 557 0110 05       		.sleb128 5
 558 0111 08       		.uleb128 0x8
 559 0112 66030000 		.4byte	.LASF27
 560 0116 06       		.sleb128 6
 561 0117 08       		.uleb128 0x8
 562 0118 74030000 		.4byte	.LASF28
 563 011c 07       		.sleb128 7
 564 011d 08       		.uleb128 0x8
ARM GAS  /tmp/ccbR1NSf.s 			page 11


 565 011e 82030000 		.4byte	.LASF29
 566 0122 08       		.sleb128 8
 567 0123 08       		.uleb128 0x8
 568 0124 D3010000 		.4byte	.LASF30
 569 0128 09       		.sleb128 9
 570 0129 08       		.uleb128 0x8
 571 012a E2010000 		.4byte	.LASF31
 572 012e 0A       		.sleb128 10
 573 012f 08       		.uleb128 0x8
 574 0130 F1010000 		.4byte	.LASF32
 575 0134 0B       		.sleb128 11
 576 0135 08       		.uleb128 0x8
 577 0136 4E040000 		.4byte	.LASF33
 578 013a 0C       		.sleb128 12
 579 013b 00       		.byte	0
 580 013c 07       		.uleb128 0x7
 581 013d 01       		.byte	0x1
 582 013e 04       		.byte	0x4
 583 013f A2       		.byte	0xa2
 584 0140 51010000 		.4byte	0x151
 585 0144 08       		.uleb128 0x8
 586 0145 49020000 		.4byte	.LASF34
 587 0149 00       		.sleb128 0
 588 014a 08       		.uleb128 0x8
 589 014b 0B010000 		.4byte	.LASF35
 590 014f 01       		.sleb128 1
 591 0150 00       		.byte	0
 592 0151 07       		.uleb128 0x7
 593 0152 01       		.byte	0x1
 594 0153 05       		.byte	0x5
 595 0154 46       		.byte	0x46
 596 0155 97010000 		.4byte	0x197
 597 0159 08       		.uleb128 0x8
 598 015a 37000000 		.4byte	.LASF36
 599 015e 00       		.sleb128 0
 600 015f 08       		.uleb128 0x8
 601 0160 45000000 		.4byte	.LASF37
 602 0164 01       		.sleb128 1
 603 0165 08       		.uleb128 0x8
 604 0166 53000000 		.4byte	.LASF38
 605 016a 02       		.sleb128 2
 606 016b 08       		.uleb128 0x8
 607 016c 61000000 		.4byte	.LASF39
 608 0170 03       		.sleb128 3
 609 0171 08       		.uleb128 0x8
 610 0172 6F000000 		.4byte	.LASF40
 611 0176 04       		.sleb128 4
 612 0177 08       		.uleb128 0x8
 613 0178 7D000000 		.4byte	.LASF41
 614 017c 05       		.sleb128 5
 615 017d 08       		.uleb128 0x8
 616 017e 8B000000 		.4byte	.LASF42
 617 0182 06       		.sleb128 6
 618 0183 08       		.uleb128 0x8
 619 0184 99000000 		.4byte	.LASF43
 620 0188 07       		.sleb128 7
 621 0189 08       		.uleb128 0x8
ARM GAS  /tmp/ccbR1NSf.s 			page 12


 622 018a C5000000 		.4byte	.LASF44
 623 018e 08       		.sleb128 8
 624 018f 08       		.uleb128 0x8
 625 0190 11000000 		.4byte	.LASF45
 626 0194 E300     		.sleb128 99
 627 0196 00       		.byte	0
 628 0197 09       		.uleb128 0x9
 629 0198 3A000000 		.4byte	0x3a
 630 019c A7010000 		.4byte	0x1a7
 631 01a0 0A       		.uleb128 0xa
 632 01a1 CC000000 		.4byte	0xcc
 633 01a5 1F       		.byte	0x1f
 634 01a6 00       		.byte	0
 635 01a7 07       		.uleb128 0x7
 636 01a8 01       		.byte	0x1
 637 01a9 06       		.byte	0x6
 638 01aa 33       		.byte	0x33
 639 01ab CE010000 		.4byte	0x1ce
 640 01af 08       		.uleb128 0x8
 641 01b0 D7020000 		.4byte	.LASF46
 642 01b4 01       		.sleb128 1
 643 01b5 08       		.uleb128 0x8
 644 01b6 61020000 		.4byte	.LASF47
 645 01ba 02       		.sleb128 2
 646 01bb 08       		.uleb128 0x8
 647 01bc FB000000 		.4byte	.LASF48
 648 01c0 03       		.sleb128 3
 649 01c1 08       		.uleb128 0x8
 650 01c2 C8020000 		.4byte	.LASF49
 651 01c6 04       		.sleb128 4
 652 01c7 08       		.uleb128 0x8
 653 01c8 E2020000 		.4byte	.LASF50
 654 01cc 05       		.sleb128 5
 655 01cd 00       		.byte	0
 656 01ce 04       		.uleb128 0x4
 657 01cf 29010000 		.4byte	.LASF51
 658 01d3 06       		.byte	0x6
 659 01d4 39       		.byte	0x39
 660 01d5 A7010000 		.4byte	0x1a7
 661 01d9 0B       		.uleb128 0xb
 662 01da 1D010000 		.4byte	.LASF68
 663 01de 28       		.byte	0x28
 664 01df 07       		.byte	0x7
 665 01e0 45       		.byte	0x45
 666 01e1 0A020000 		.4byte	0x20a
 667 01e5 0C       		.uleb128 0xc
 668 01e6 AB030000 		.4byte	.LASF52
 669 01ea 07       		.byte	0x7
 670 01eb 47       		.byte	0x47
 671 01ec 97010000 		.4byte	0x197
 672 01f0 00       		.byte	0
 673 01f1 0C       		.uleb128 0xc
 674 01f2 03030000 		.4byte	.LASF53
 675 01f6 07       		.byte	0x7
 676 01f7 4A       		.byte	0x4a
 677 01f8 25000000 		.4byte	0x25
 678 01fc 20       		.byte	0x20
ARM GAS  /tmp/ccbR1NSf.s 			page 13


 679 01fd 0C       		.uleb128 0xc
 680 01fe 44020000 		.4byte	.LASF54
 681 0202 07       		.byte	0x7
 682 0203 4B       		.byte	0x4b
 683 0204 CA000000 		.4byte	0xca
 684 0208 24       		.byte	0x24
 685 0209 00       		.byte	0
 686 020a 04       		.uleb128 0x4
 687 020b 22020000 		.4byte	.LASF55
 688 020f 07       		.byte	0x7
 689 0210 4C       		.byte	0x4c
 690 0211 D9010000 		.4byte	0x1d9
 691 0215 0D       		.uleb128 0xd
 692 0216 A9040000 		.4byte	.LASF69
 693 021a 01       		.byte	0x1
 694 021b 4C       		.byte	0x4c
 695 021c 97000000 		.4byte	0x97
 696 0220 01       		.byte	0x1
 697 0221 43020000 		.4byte	0x243
 698 0225 0E       		.uleb128 0xe
 699 0226 7000     		.ascii	"p\000"
 700 0228 01       		.byte	0x1
 701 0229 4E       		.byte	0x4e
 702 022a 43020000 		.4byte	0x243
 703 022e 0F       		.uleb128 0xf
 704 022f 03030000 		.4byte	.LASF53
 705 0233 01       		.byte	0x1
 706 0234 4F       		.byte	0x4f
 707 0235 97000000 		.4byte	0x97
 708 0239 0E       		.uleb128 0xe
 709 023a 6900     		.ascii	"i\000"
 710 023c 01       		.byte	0x1
 711 023d 50       		.byte	0x50
 712 023e 97000000 		.4byte	0x97
 713 0242 00       		.byte	0
 714 0243 10       		.uleb128 0x10
 715 0244 04       		.byte	0x4
 716 0245 B8000000 		.4byte	0xb8
 717 0249 11       		.uleb128 0x11
 718 024a 21000000 		.4byte	.LASF56
 719 024e 01       		.byte	0x1
 720 024f 69       		.byte	0x69
 721 0250 BF020000 		.4byte	0x2bf
 722 0254 00000000 		.4byte	.LFB64
 723 0258 84000000 		.4byte	.LFE64-.LFB64
 724 025c 01       		.uleb128 0x1
 725 025d 9C       		.byte	0x9c
 726 025e BF020000 		.4byte	0x2bf
 727 0262 12       		.uleb128 0x12
 728 0263 7000     		.ascii	"p\000"
 729 0265 01       		.byte	0x1
 730 0266 6B       		.byte	0x6b
 731 0267 43020000 		.4byte	0x243
 732 026b 00000000 		.4byte	.LLST0
 733 026f 12       		.uleb128 0x12
 734 0270 7100     		.ascii	"q\000"
 735 0272 01       		.byte	0x1
ARM GAS  /tmp/ccbR1NSf.s 			page 14


 736 0273 6C       		.byte	0x6c
 737 0274 43020000 		.4byte	0x243
 738 0278 4D000000 		.4byte	.LLST1
 739 027c 12       		.uleb128 0x12
 740 027d 6900     		.ascii	"i\000"
 741 027f 01       		.byte	0x1
 742 0280 6D       		.byte	0x6d
 743 0281 A2000000 		.4byte	0xa2
 744 0285 8F000000 		.4byte	.LLST2
 745 0289 13       		.uleb128 0x13
 746 028a 15020000 		.4byte	0x215
 747 028e 02000000 		.4byte	.LBB6
 748 0292 26000000 		.4byte	.LBE6-.LBB6
 749 0296 01       		.byte	0x1
 750 0297 6F       		.byte	0x6f
 751 0298 14       		.uleb128 0x14
 752 0299 02000000 		.4byte	.LBB7
 753 029d 26000000 		.4byte	.LBE7-.LBB7
 754 02a1 15       		.uleb128 0x15
 755 02a2 25020000 		.4byte	0x225
 756 02a6 A3000000 		.4byte	.LLST3
 757 02aa 15       		.uleb128 0x15
 758 02ab 2E020000 		.4byte	0x22e
 759 02af E0000000 		.4byte	.LLST4
 760 02b3 15       		.uleb128 0x15
 761 02b4 39020000 		.4byte	0x239
 762 02b8 16010000 		.4byte	.LLST5
 763 02bc 00       		.byte	0
 764 02bd 00       		.byte	0
 765 02be 00       		.byte	0
 766 02bf 10       		.uleb128 0x10
 767 02c0 04       		.byte	0x4
 768 02c1 0A020000 		.4byte	0x20a
 769 02c5 11       		.uleb128 0x11
 770 02c6 92040000 		.4byte	.LASF57
 771 02ca 01       		.byte	0x1
 772 02cb 91       		.byte	0x91
 773 02cc 97000000 		.4byte	0x97
 774 02d0 00000000 		.4byte	.LFB65
 775 02d4 FC000000 		.4byte	.LFE65-.LFB65
 776 02d8 01       		.uleb128 0x1
 777 02d9 9C       		.byte	0x9c
 778 02da C7030000 		.4byte	0x3c7
 779 02de 16       		.uleb128 0x16
 780 02df 7500     		.ascii	"u\000"
 781 02e1 01       		.byte	0x1
 782 02e2 91       		.byte	0x91
 783 02e3 BF020000 		.4byte	0x2bf
 784 02e7 37010000 		.4byte	.LLST6
 785 02eb 12       		.uleb128 0x12
 786 02ec 7000     		.ascii	"p\000"
 787 02ee 01       		.byte	0x1
 788 02ef 93       		.byte	0x93
 789 02f0 B8000000 		.4byte	0xb8
 790 02f4 81010000 		.4byte	.LLST7
 791 02f8 12       		.uleb128 0x12
 792 02f9 7100     		.ascii	"q\000"
ARM GAS  /tmp/ccbR1NSf.s 			page 15


 793 02fb 01       		.byte	0x1
 794 02fc 94       		.byte	0x94
 795 02fd 43020000 		.4byte	0x243
 796 0301 E4010000 		.4byte	.LLST8
 797 0305 12       		.uleb128 0x12
 798 0306 6900     		.ascii	"i\000"
 799 0308 01       		.byte	0x1
 800 0309 95       		.byte	0x95
 801 030a A2000000 		.4byte	0xa2
 802 030e F7010000 		.4byte	.LLST9
 803 0312 12       		.uleb128 0x12
 804 0313 72657400 		.ascii	"ret\000"
 805 0317 01       		.byte	0x1
 806 0318 96       		.byte	0x96
 807 0319 97000000 		.4byte	0x97
 808 031d 0B020000 		.4byte	.LLST10
 809 0321 17       		.uleb128 0x17
 810 0322 37040000 		.4byte	.LASF58
 811 0326 01       		.byte	0x1
 812 0327 99       		.byte	0x99
 813 0328 97000000 		.4byte	0x97
 814 032c 05       		.uleb128 0x5
 815 032d 03       		.byte	0x3
 816 032e 00000000 		.4byte	user_param_write_limit.7429
 817 0332 17       		.uleb128 0x17
 818 0333 2B040000 		.4byte	.LASF59
 819 0337 01       		.byte	0x1
 820 0338 9B       		.byte	0x9b
 821 0339 C7030000 		.4byte	0x3c7
 822 033d 02       		.uleb128 0x2
 823 033e 91       		.byte	0x91
 824 033f 67       		.sleb128 -25
 825 0340 18       		.uleb128 0x18
 826 0341 15020000 		.4byte	0x215
 827 0345 2E000000 		.4byte	.LBB8
 828 0349 26000000 		.4byte	.LBE8-.LBB8
 829 034d 01       		.byte	0x1
 830 034e B0       		.byte	0xb0
 831 034f 79030000 		.4byte	0x379
 832 0353 14       		.uleb128 0x14
 833 0354 2E000000 		.4byte	.LBB9
 834 0358 26000000 		.4byte	.LBE9-.LBB9
 835 035c 15       		.uleb128 0x15
 836 035d 25020000 		.4byte	0x225
 837 0361 36020000 		.4byte	.LLST11
 838 0365 15       		.uleb128 0x15
 839 0366 2E020000 		.4byte	0x22e
 840 036a 73020000 		.4byte	.LLST12
 841 036e 15       		.uleb128 0x15
 842 036f 39020000 		.4byte	0x239
 843 0373 A9020000 		.4byte	.LLST13
 844 0377 00       		.byte	0
 845 0378 00       		.byte	0
 846 0379 19       		.uleb128 0x19
 847 037a 28000000 		.4byte	.LVL16
 848 037e 34040000 		.4byte	0x434
 849 0382 1A       		.uleb128 0x1a
ARM GAS  /tmp/ccbR1NSf.s 			page 16


 850 0383 2E000000 		.4byte	.LVL17
 851 0387 3C040000 		.4byte	0x43c
 852 038b 96030000 		.4byte	0x396
 853 038f 1B       		.uleb128 0x1b
 854 0390 01       		.uleb128 0x1
 855 0391 50       		.byte	0x50
 856 0392 02       		.uleb128 0x2
 857 0393 08       		.byte	0x8
 858 0394 34       		.byte	0x34
 859 0395 00       		.byte	0
 860 0396 1A       		.uleb128 0x1a
 861 0397 7C000000 		.4byte	.LVL27
 862 039b 4E040000 		.4byte	0x44e
 863 039f AA030000 		.4byte	0x3aa
 864 03a3 1B       		.uleb128 0x1b
 865 03a4 01       		.uleb128 0x1
 866 03a5 50       		.byte	0x50
 867 03a6 02       		.uleb128 0x2
 868 03a7 74       		.byte	0x74
 869 03a8 00       		.sleb128 0
 870 03a9 00       		.byte	0
 871 03aa 1A       		.uleb128 0x1a
 872 03ab A2000000 		.4byte	.LVL30
 873 03af 4E040000 		.4byte	0x44e
 874 03b3 BD030000 		.4byte	0x3bd
 875 03b7 1B       		.uleb128 0x1b
 876 03b8 01       		.uleb128 0x1
 877 03b9 51       		.byte	0x51
 878 03ba 01       		.uleb128 0x1
 879 03bb 30       		.byte	0x30
 880 03bc 00       		.byte	0
 881 03bd 19       		.uleb128 0x19
 882 03be C8000000 		.4byte	.LVL33
 883 03c2 69040000 		.4byte	0x469
 884 03c6 00       		.byte	0
 885 03c7 06       		.uleb128 0x6
 886 03c8 CE010000 		.4byte	0x1ce
 887 03cc 11       		.uleb128 0x11
 888 03cd CF000000 		.4byte	.LASF60
 889 03d1 01       		.byte	0x1
 890 03d2 EB       		.byte	0xeb
 891 03d3 97000000 		.4byte	0x97
 892 03d7 00000000 		.4byte	.LFB66
 893 03db 4E000000 		.4byte	.LFE66-.LFB66
 894 03df 01       		.uleb128 0x1
 895 03e0 9C       		.byte	0x9c
 896 03e1 17040000 		.4byte	0x417
 897 03e5 17       		.uleb128 0x17
 898 03e6 B1000000 		.4byte	.LASF61
 899 03ea 01       		.byte	0x1
 900 03eb ED       		.byte	0xed
 901 03ec 97000000 		.4byte	0x97
 902 03f0 05       		.uleb128 0x5
 903 03f1 03       		.byte	0x3
 904 03f2 00000000 		.4byte	erase_done.7436
 905 03f6 17       		.uleb128 0x17
 906 03f7 2B040000 		.4byte	.LASF59
ARM GAS  /tmp/ccbR1NSf.s 			page 17


 907 03fb 01       		.byte	0x1
 908 03fc EE       		.byte	0xee
 909 03fd C7030000 		.4byte	0x3c7
 910 0401 02       		.uleb128 0x2
 911 0402 91       		.byte	0x91
 912 0403 77       		.sleb128 -9
 913 0404 19       		.uleb128 0x19
 914 0405 20000000 		.4byte	.LVL40
 915 0409 34040000 		.4byte	0x434
 916 040d 19       		.uleb128 0x19
 917 040e 2C000000 		.4byte	.LVL41
 918 0412 69040000 		.4byte	0x469
 919 0416 00       		.byte	0
 920 0417 17       		.uleb128 0x17
 921 0418 5A020000 		.4byte	.LASF62
 922 041c 01       		.byte	0x1
 923 041d 44       		.byte	0x44
 924 041e 0A020000 		.4byte	0x20a
 925 0422 05       		.uleb128 0x5
 926 0423 03       		.byte	0x3
 927 0424 00000000 		.4byte	params
 928 0428 1C       		.uleb128 0x1c
 929 0429 78040000 		.4byte	.LASF70
 930 042d 08       		.byte	0x8
 931 042e 0706     		.2byte	0x607
 932 0430 DA000000 		.4byte	0xda
 933 0434 1D       		.uleb128 0x1d
 934 0435 10020000 		.4byte	.LASF71
 935 0439 06       		.byte	0x6
 936 043a 8901     		.2byte	0x189
 937 043c 1E       		.uleb128 0x1e
 938 043d AA020000 		.4byte	.LASF63
 939 0441 06       		.byte	0x6
 940 0442 8401     		.2byte	0x184
 941 0444 4E040000 		.4byte	0x44e
 942 0448 1F       		.uleb128 0x1f
 943 0449 B8000000 		.4byte	0xb8
 944 044d 00       		.byte	0
 945 044e 20       		.uleb128 0x20
 946 044f 5E040000 		.4byte	.LASF72
 947 0453 06       		.byte	0x6
 948 0454 7801     		.2byte	0x178
 949 0456 CE010000 		.4byte	0x1ce
 950 045a 69040000 		.4byte	0x469
 951 045e 1F       		.uleb128 0x1f
 952 045f B8000000 		.4byte	0xb8
 953 0463 1F       		.uleb128 0x1f
 954 0464 B8000000 		.4byte	0xb8
 955 0468 00       		.byte	0
 956 0469 21       		.uleb128 0x21
 957 046a 00020000 		.4byte	.LASF64
 958 046e 06       		.byte	0x6
 959 046f 7501     		.2byte	0x175
 960 0471 CE010000 		.4byte	0x1ce
 961 0475 1F       		.uleb128 0x1f
 962 0476 B8000000 		.4byte	0xb8
 963 047a 00       		.byte	0
ARM GAS  /tmp/ccbR1NSf.s 			page 18


 964 047b 00       		.byte	0
 965              		.section	.debug_abbrev,"",%progbits
 966              	.Ldebug_abbrev0:
 967 0000 01       		.uleb128 0x1
 968 0001 11       		.uleb128 0x11
 969 0002 01       		.byte	0x1
 970 0003 25       		.uleb128 0x25
 971 0004 0E       		.uleb128 0xe
 972 0005 13       		.uleb128 0x13
 973 0006 0B       		.uleb128 0xb
 974 0007 03       		.uleb128 0x3
 975 0008 0E       		.uleb128 0xe
 976 0009 1B       		.uleb128 0x1b
 977 000a 0E       		.uleb128 0xe
 978 000b 55       		.uleb128 0x55
 979 000c 17       		.uleb128 0x17
 980 000d 11       		.uleb128 0x11
 981 000e 01       		.uleb128 0x1
 982 000f 10       		.uleb128 0x10
 983 0010 17       		.uleb128 0x17
 984 0011 00       		.byte	0
 985 0012 00       		.byte	0
 986 0013 02       		.uleb128 0x2
 987 0014 24       		.uleb128 0x24
 988 0015 00       		.byte	0
 989 0016 0B       		.uleb128 0xb
 990 0017 0B       		.uleb128 0xb
 991 0018 3E       		.uleb128 0x3e
 992 0019 0B       		.uleb128 0xb
 993 001a 03       		.uleb128 0x3
 994 001b 08       		.uleb128 0x8
 995 001c 00       		.byte	0
 996 001d 00       		.byte	0
 997 001e 03       		.uleb128 0x3
 998 001f 24       		.uleb128 0x24
 999 0020 00       		.byte	0
 1000 0021 0B       		.uleb128 0xb
 1001 0022 0B       		.uleb128 0xb
 1002 0023 3E       		.uleb128 0x3e
 1003 0024 0B       		.uleb128 0xb
 1004 0025 03       		.uleb128 0x3
 1005 0026 0E       		.uleb128 0xe
 1006 0027 00       		.byte	0
 1007 0028 00       		.byte	0
 1008 0029 04       		.uleb128 0x4
 1009 002a 16       		.uleb128 0x16
 1010 002b 00       		.byte	0
 1011 002c 03       		.uleb128 0x3
 1012 002d 0E       		.uleb128 0xe
 1013 002e 3A       		.uleb128 0x3a
 1014 002f 0B       		.uleb128 0xb
 1015 0030 3B       		.uleb128 0x3b
 1016 0031 0B       		.uleb128 0xb
 1017 0032 49       		.uleb128 0x49
 1018 0033 13       		.uleb128 0x13
 1019 0034 00       		.byte	0
 1020 0035 00       		.byte	0
ARM GAS  /tmp/ccbR1NSf.s 			page 19


 1021 0036 05       		.uleb128 0x5
 1022 0037 0F       		.uleb128 0xf
 1023 0038 00       		.byte	0
 1024 0039 0B       		.uleb128 0xb
 1025 003a 0B       		.uleb128 0xb
 1026 003b 00       		.byte	0
 1027 003c 00       		.byte	0
 1028 003d 06       		.uleb128 0x6
 1029 003e 35       		.uleb128 0x35
 1030 003f 00       		.byte	0
 1031 0040 49       		.uleb128 0x49
 1032 0041 13       		.uleb128 0x13
 1033 0042 00       		.byte	0
 1034 0043 00       		.byte	0
 1035 0044 07       		.uleb128 0x7
 1036 0045 04       		.uleb128 0x4
 1037 0046 01       		.byte	0x1
 1038 0047 0B       		.uleb128 0xb
 1039 0048 0B       		.uleb128 0xb
 1040 0049 3A       		.uleb128 0x3a
 1041 004a 0B       		.uleb128 0xb
 1042 004b 3B       		.uleb128 0x3b
 1043 004c 0B       		.uleb128 0xb
 1044 004d 01       		.uleb128 0x1
 1045 004e 13       		.uleb128 0x13
 1046 004f 00       		.byte	0
 1047 0050 00       		.byte	0
 1048 0051 08       		.uleb128 0x8
 1049 0052 28       		.uleb128 0x28
 1050 0053 00       		.byte	0
 1051 0054 03       		.uleb128 0x3
 1052 0055 0E       		.uleb128 0xe
 1053 0056 1C       		.uleb128 0x1c
 1054 0057 0D       		.uleb128 0xd
 1055 0058 00       		.byte	0
 1056 0059 00       		.byte	0
 1057 005a 09       		.uleb128 0x9
 1058 005b 01       		.uleb128 0x1
 1059 005c 01       		.byte	0x1
 1060 005d 49       		.uleb128 0x49
 1061 005e 13       		.uleb128 0x13
 1062 005f 01       		.uleb128 0x1
 1063 0060 13       		.uleb128 0x13
 1064 0061 00       		.byte	0
 1065 0062 00       		.byte	0
 1066 0063 0A       		.uleb128 0xa
 1067 0064 21       		.uleb128 0x21
 1068 0065 00       		.byte	0
 1069 0066 49       		.uleb128 0x49
 1070 0067 13       		.uleb128 0x13
 1071 0068 2F       		.uleb128 0x2f
 1072 0069 0B       		.uleb128 0xb
 1073 006a 00       		.byte	0
 1074 006b 00       		.byte	0
 1075 006c 0B       		.uleb128 0xb
 1076 006d 13       		.uleb128 0x13
 1077 006e 01       		.byte	0x1
ARM GAS  /tmp/ccbR1NSf.s 			page 20


 1078 006f 03       		.uleb128 0x3
 1079 0070 0E       		.uleb128 0xe
 1080 0071 0B       		.uleb128 0xb
 1081 0072 0B       		.uleb128 0xb
 1082 0073 3A       		.uleb128 0x3a
 1083 0074 0B       		.uleb128 0xb
 1084 0075 3B       		.uleb128 0x3b
 1085 0076 0B       		.uleb128 0xb
 1086 0077 01       		.uleb128 0x1
 1087 0078 13       		.uleb128 0x13
 1088 0079 00       		.byte	0
 1089 007a 00       		.byte	0
 1090 007b 0C       		.uleb128 0xc
 1091 007c 0D       		.uleb128 0xd
 1092 007d 00       		.byte	0
 1093 007e 03       		.uleb128 0x3
 1094 007f 0E       		.uleb128 0xe
 1095 0080 3A       		.uleb128 0x3a
 1096 0081 0B       		.uleb128 0xb
 1097 0082 3B       		.uleb128 0x3b
 1098 0083 0B       		.uleb128 0xb
 1099 0084 49       		.uleb128 0x49
 1100 0085 13       		.uleb128 0x13
 1101 0086 38       		.uleb128 0x38
 1102 0087 0B       		.uleb128 0xb
 1103 0088 00       		.byte	0
 1104 0089 00       		.byte	0
 1105 008a 0D       		.uleb128 0xd
 1106 008b 2E       		.uleb128 0x2e
 1107 008c 01       		.byte	0x1
 1108 008d 03       		.uleb128 0x3
 1109 008e 0E       		.uleb128 0xe
 1110 008f 3A       		.uleb128 0x3a
 1111 0090 0B       		.uleb128 0xb
 1112 0091 3B       		.uleb128 0x3b
 1113 0092 0B       		.uleb128 0xb
 1114 0093 27       		.uleb128 0x27
 1115 0094 19       		.uleb128 0x19
 1116 0095 49       		.uleb128 0x49
 1117 0096 13       		.uleb128 0x13
 1118 0097 20       		.uleb128 0x20
 1119 0098 0B       		.uleb128 0xb
 1120 0099 01       		.uleb128 0x1
 1121 009a 13       		.uleb128 0x13
 1122 009b 00       		.byte	0
 1123 009c 00       		.byte	0
 1124 009d 0E       		.uleb128 0xe
 1125 009e 34       		.uleb128 0x34
 1126 009f 00       		.byte	0
 1127 00a0 03       		.uleb128 0x3
 1128 00a1 08       		.uleb128 0x8
 1129 00a2 3A       		.uleb128 0x3a
 1130 00a3 0B       		.uleb128 0xb
 1131 00a4 3B       		.uleb128 0x3b
 1132 00a5 0B       		.uleb128 0xb
 1133 00a6 49       		.uleb128 0x49
 1134 00a7 13       		.uleb128 0x13
ARM GAS  /tmp/ccbR1NSf.s 			page 21


 1135 00a8 00       		.byte	0
 1136 00a9 00       		.byte	0
 1137 00aa 0F       		.uleb128 0xf
 1138 00ab 34       		.uleb128 0x34
 1139 00ac 00       		.byte	0
 1140 00ad 03       		.uleb128 0x3
 1141 00ae 0E       		.uleb128 0xe
 1142 00af 3A       		.uleb128 0x3a
 1143 00b0 0B       		.uleb128 0xb
 1144 00b1 3B       		.uleb128 0x3b
 1145 00b2 0B       		.uleb128 0xb
 1146 00b3 49       		.uleb128 0x49
 1147 00b4 13       		.uleb128 0x13
 1148 00b5 00       		.byte	0
 1149 00b6 00       		.byte	0
 1150 00b7 10       		.uleb128 0x10
 1151 00b8 0F       		.uleb128 0xf
 1152 00b9 00       		.byte	0
 1153 00ba 0B       		.uleb128 0xb
 1154 00bb 0B       		.uleb128 0xb
 1155 00bc 49       		.uleb128 0x49
 1156 00bd 13       		.uleb128 0x13
 1157 00be 00       		.byte	0
 1158 00bf 00       		.byte	0
 1159 00c0 11       		.uleb128 0x11
 1160 00c1 2E       		.uleb128 0x2e
 1161 00c2 01       		.byte	0x1
 1162 00c3 3F       		.uleb128 0x3f
 1163 00c4 19       		.uleb128 0x19
 1164 00c5 03       		.uleb128 0x3
 1165 00c6 0E       		.uleb128 0xe
 1166 00c7 3A       		.uleb128 0x3a
 1167 00c8 0B       		.uleb128 0xb
 1168 00c9 3B       		.uleb128 0x3b
 1169 00ca 0B       		.uleb128 0xb
 1170 00cb 27       		.uleb128 0x27
 1171 00cc 19       		.uleb128 0x19
 1172 00cd 49       		.uleb128 0x49
 1173 00ce 13       		.uleb128 0x13
 1174 00cf 11       		.uleb128 0x11
 1175 00d0 01       		.uleb128 0x1
 1176 00d1 12       		.uleb128 0x12
 1177 00d2 06       		.uleb128 0x6
 1178 00d3 40       		.uleb128 0x40
 1179 00d4 18       		.uleb128 0x18
 1180 00d5 9742     		.uleb128 0x2117
 1181 00d7 19       		.uleb128 0x19
 1182 00d8 01       		.uleb128 0x1
 1183 00d9 13       		.uleb128 0x13
 1184 00da 00       		.byte	0
 1185 00db 00       		.byte	0
 1186 00dc 12       		.uleb128 0x12
 1187 00dd 34       		.uleb128 0x34
 1188 00de 00       		.byte	0
 1189 00df 03       		.uleb128 0x3
 1190 00e0 08       		.uleb128 0x8
 1191 00e1 3A       		.uleb128 0x3a
ARM GAS  /tmp/ccbR1NSf.s 			page 22


 1192 00e2 0B       		.uleb128 0xb
 1193 00e3 3B       		.uleb128 0x3b
 1194 00e4 0B       		.uleb128 0xb
 1195 00e5 49       		.uleb128 0x49
 1196 00e6 13       		.uleb128 0x13
 1197 00e7 02       		.uleb128 0x2
 1198 00e8 17       		.uleb128 0x17
 1199 00e9 00       		.byte	0
 1200 00ea 00       		.byte	0
 1201 00eb 13       		.uleb128 0x13
 1202 00ec 1D       		.uleb128 0x1d
 1203 00ed 01       		.byte	0x1
 1204 00ee 31       		.uleb128 0x31
 1205 00ef 13       		.uleb128 0x13
 1206 00f0 11       		.uleb128 0x11
 1207 00f1 01       		.uleb128 0x1
 1208 00f2 12       		.uleb128 0x12
 1209 00f3 06       		.uleb128 0x6
 1210 00f4 58       		.uleb128 0x58
 1211 00f5 0B       		.uleb128 0xb
 1212 00f6 59       		.uleb128 0x59
 1213 00f7 0B       		.uleb128 0xb
 1214 00f8 00       		.byte	0
 1215 00f9 00       		.byte	0
 1216 00fa 14       		.uleb128 0x14
 1217 00fb 0B       		.uleb128 0xb
 1218 00fc 01       		.byte	0x1
 1219 00fd 11       		.uleb128 0x11
 1220 00fe 01       		.uleb128 0x1
 1221 00ff 12       		.uleb128 0x12
 1222 0100 06       		.uleb128 0x6
 1223 0101 00       		.byte	0
 1224 0102 00       		.byte	0
 1225 0103 15       		.uleb128 0x15
 1226 0104 34       		.uleb128 0x34
 1227 0105 00       		.byte	0
 1228 0106 31       		.uleb128 0x31
 1229 0107 13       		.uleb128 0x13
 1230 0108 02       		.uleb128 0x2
 1231 0109 17       		.uleb128 0x17
 1232 010a 00       		.byte	0
 1233 010b 00       		.byte	0
 1234 010c 16       		.uleb128 0x16
 1235 010d 05       		.uleb128 0x5
 1236 010e 00       		.byte	0
 1237 010f 03       		.uleb128 0x3
 1238 0110 08       		.uleb128 0x8
 1239 0111 3A       		.uleb128 0x3a
 1240 0112 0B       		.uleb128 0xb
 1241 0113 3B       		.uleb128 0x3b
 1242 0114 0B       		.uleb128 0xb
 1243 0115 49       		.uleb128 0x49
 1244 0116 13       		.uleb128 0x13
 1245 0117 02       		.uleb128 0x2
 1246 0118 17       		.uleb128 0x17
 1247 0119 00       		.byte	0
 1248 011a 00       		.byte	0
ARM GAS  /tmp/ccbR1NSf.s 			page 23


 1249 011b 17       		.uleb128 0x17
 1250 011c 34       		.uleb128 0x34
 1251 011d 00       		.byte	0
 1252 011e 03       		.uleb128 0x3
 1253 011f 0E       		.uleb128 0xe
 1254 0120 3A       		.uleb128 0x3a
 1255 0121 0B       		.uleb128 0xb
 1256 0122 3B       		.uleb128 0x3b
 1257 0123 0B       		.uleb128 0xb
 1258 0124 49       		.uleb128 0x49
 1259 0125 13       		.uleb128 0x13
 1260 0126 02       		.uleb128 0x2
 1261 0127 18       		.uleb128 0x18
 1262 0128 00       		.byte	0
 1263 0129 00       		.byte	0
 1264 012a 18       		.uleb128 0x18
 1265 012b 1D       		.uleb128 0x1d
 1266 012c 01       		.byte	0x1
 1267 012d 31       		.uleb128 0x31
 1268 012e 13       		.uleb128 0x13
 1269 012f 11       		.uleb128 0x11
 1270 0130 01       		.uleb128 0x1
 1271 0131 12       		.uleb128 0x12
 1272 0132 06       		.uleb128 0x6
 1273 0133 58       		.uleb128 0x58
 1274 0134 0B       		.uleb128 0xb
 1275 0135 59       		.uleb128 0x59
 1276 0136 0B       		.uleb128 0xb
 1277 0137 01       		.uleb128 0x1
 1278 0138 13       		.uleb128 0x13
 1279 0139 00       		.byte	0
 1280 013a 00       		.byte	0
 1281 013b 19       		.uleb128 0x19
 1282 013c 898201   		.uleb128 0x4109
 1283 013f 00       		.byte	0
 1284 0140 11       		.uleb128 0x11
 1285 0141 01       		.uleb128 0x1
 1286 0142 31       		.uleb128 0x31
 1287 0143 13       		.uleb128 0x13
 1288 0144 00       		.byte	0
 1289 0145 00       		.byte	0
 1290 0146 1A       		.uleb128 0x1a
 1291 0147 898201   		.uleb128 0x4109
 1292 014a 01       		.byte	0x1
 1293 014b 11       		.uleb128 0x11
 1294 014c 01       		.uleb128 0x1
 1295 014d 31       		.uleb128 0x31
 1296 014e 13       		.uleb128 0x13
 1297 014f 01       		.uleb128 0x1
 1298 0150 13       		.uleb128 0x13
 1299 0151 00       		.byte	0
 1300 0152 00       		.byte	0
 1301 0153 1B       		.uleb128 0x1b
 1302 0154 8A8201   		.uleb128 0x410a
 1303 0157 00       		.byte	0
 1304 0158 02       		.uleb128 0x2
 1305 0159 18       		.uleb128 0x18
ARM GAS  /tmp/ccbR1NSf.s 			page 24


 1306 015a 9142     		.uleb128 0x2111
 1307 015c 18       		.uleb128 0x18
 1308 015d 00       		.byte	0
 1309 015e 00       		.byte	0
 1310 015f 1C       		.uleb128 0x1c
 1311 0160 34       		.uleb128 0x34
 1312 0161 00       		.byte	0
 1313 0162 03       		.uleb128 0x3
 1314 0163 0E       		.uleb128 0xe
 1315 0164 3A       		.uleb128 0x3a
 1316 0165 0B       		.uleb128 0xb
 1317 0166 3B       		.uleb128 0x3b
 1318 0167 05       		.uleb128 0x5
 1319 0168 49       		.uleb128 0x49
 1320 0169 13       		.uleb128 0x13
 1321 016a 3F       		.uleb128 0x3f
 1322 016b 19       		.uleb128 0x19
 1323 016c 3C       		.uleb128 0x3c
 1324 016d 19       		.uleb128 0x19
 1325 016e 00       		.byte	0
 1326 016f 00       		.byte	0
 1327 0170 1D       		.uleb128 0x1d
 1328 0171 2E       		.uleb128 0x2e
 1329 0172 00       		.byte	0
 1330 0173 3F       		.uleb128 0x3f
 1331 0174 19       		.uleb128 0x19
 1332 0175 03       		.uleb128 0x3
 1333 0176 0E       		.uleb128 0xe
 1334 0177 3A       		.uleb128 0x3a
 1335 0178 0B       		.uleb128 0xb
 1336 0179 3B       		.uleb128 0x3b
 1337 017a 05       		.uleb128 0x5
 1338 017b 27       		.uleb128 0x27
 1339 017c 19       		.uleb128 0x19
 1340 017d 3C       		.uleb128 0x3c
 1341 017e 19       		.uleb128 0x19
 1342 017f 00       		.byte	0
 1343 0180 00       		.byte	0
 1344 0181 1E       		.uleb128 0x1e
 1345 0182 2E       		.uleb128 0x2e
 1346 0183 01       		.byte	0x1
 1347 0184 3F       		.uleb128 0x3f
 1348 0185 19       		.uleb128 0x19
 1349 0186 03       		.uleb128 0x3
 1350 0187 0E       		.uleb128 0xe
 1351 0188 3A       		.uleb128 0x3a
 1352 0189 0B       		.uleb128 0xb
 1353 018a 3B       		.uleb128 0x3b
 1354 018b 05       		.uleb128 0x5
 1355 018c 27       		.uleb128 0x27
 1356 018d 19       		.uleb128 0x19
 1357 018e 3C       		.uleb128 0x3c
 1358 018f 19       		.uleb128 0x19
 1359 0190 01       		.uleb128 0x1
 1360 0191 13       		.uleb128 0x13
 1361 0192 00       		.byte	0
 1362 0193 00       		.byte	0
ARM GAS  /tmp/ccbR1NSf.s 			page 25


 1363 0194 1F       		.uleb128 0x1f
 1364 0195 05       		.uleb128 0x5
 1365 0196 00       		.byte	0
 1366 0197 49       		.uleb128 0x49
 1367 0198 13       		.uleb128 0x13
 1368 0199 00       		.byte	0
 1369 019a 00       		.byte	0
 1370 019b 20       		.uleb128 0x20
 1371 019c 2E       		.uleb128 0x2e
 1372 019d 01       		.byte	0x1
 1373 019e 3F       		.uleb128 0x3f
 1374 019f 19       		.uleb128 0x19
 1375 01a0 03       		.uleb128 0x3
 1376 01a1 0E       		.uleb128 0xe
 1377 01a2 3A       		.uleb128 0x3a
 1378 01a3 0B       		.uleb128 0xb
 1379 01a4 3B       		.uleb128 0x3b
 1380 01a5 05       		.uleb128 0x5
 1381 01a6 27       		.uleb128 0x27
 1382 01a7 19       		.uleb128 0x19
 1383 01a8 49       		.uleb128 0x49
 1384 01a9 13       		.uleb128 0x13
 1385 01aa 3C       		.uleb128 0x3c
 1386 01ab 19       		.uleb128 0x19
 1387 01ac 01       		.uleb128 0x1
 1388 01ad 13       		.uleb128 0x13
 1389 01ae 00       		.byte	0
 1390 01af 00       		.byte	0
 1391 01b0 21       		.uleb128 0x21
 1392 01b1 2E       		.uleb128 0x2e
 1393 01b2 01       		.byte	0x1
 1394 01b3 3F       		.uleb128 0x3f
 1395 01b4 19       		.uleb128 0x19
 1396 01b5 03       		.uleb128 0x3
 1397 01b6 0E       		.uleb128 0xe
 1398 01b7 3A       		.uleb128 0x3a
 1399 01b8 0B       		.uleb128 0xb
 1400 01b9 3B       		.uleb128 0x3b
 1401 01ba 05       		.uleb128 0x5
 1402 01bb 27       		.uleb128 0x27
 1403 01bc 19       		.uleb128 0x19
 1404 01bd 49       		.uleb128 0x49
 1405 01be 13       		.uleb128 0x13
 1406 01bf 3C       		.uleb128 0x3c
 1407 01c0 19       		.uleb128 0x19
 1408 01c1 00       		.byte	0
 1409 01c2 00       		.byte	0
 1410 01c3 00       		.byte	0
 1411              		.section	.debug_loc,"",%progbits
 1412              	.Ldebug_loc0:
 1413              	.LLST0:
 1414 0000 00000000 		.4byte	.LVL0
 1415 0004 44000000 		.4byte	.LVL7
 1416 0008 0600     		.2byte	0x6
 1417 000a 0C       		.byte	0xc
 1418 000b 00F00508 		.4byte	0x805f000
 1419 000f 9F       		.byte	0x9f
ARM GAS  /tmp/ccbR1NSf.s 			page 26


 1420 0010 44000000 		.4byte	.LVL7
 1421 0014 4C000000 		.4byte	.LVL9
 1422 0018 0100     		.2byte	0x1
 1423 001a 51       		.byte	0x51
 1424 001b 4C000000 		.4byte	.LVL9
 1425 001f 50000000 		.4byte	.LVL10
 1426 0023 0300     		.2byte	0x3
 1427 0025 73       		.byte	0x73
 1428 0026 08       		.sleb128 8
 1429 0027 9F       		.byte	0x9f
 1430 0028 50000000 		.4byte	.LVL10
 1431 002c 64000000 		.4byte	.LVL11
 1432 0030 0300     		.2byte	0x3
 1433 0032 73       		.byte	0x73
 1434 0033 04       		.sleb128 4
 1435 0034 9F       		.byte	0x9f
 1436 0035 64000000 		.4byte	.LVL11
 1437 0039 84000000 		.4byte	.LFE64
 1438 003d 0600     		.2byte	0x6
 1439 003f 0C       		.byte	0xc
 1440 0040 00F00508 		.4byte	0x805f000
 1441 0044 9F       		.byte	0x9f
 1442 0045 00000000 		.4byte	0
 1443 0049 00000000 		.4byte	0
 1444              	.LLST1:
 1445 004d 00000000 		.4byte	.LVL0
 1446 0051 4C000000 		.4byte	.LVL9
 1447 0055 0600     		.2byte	0x6
 1448 0057 03       		.byte	0x3
 1449 0058 00000000 		.4byte	params
 1450 005c 9F       		.byte	0x9f
 1451 005d 64000000 		.4byte	.LVL11
 1452 0061 6A000000 		.4byte	.LVL12
 1453 0065 0600     		.2byte	0x6
 1454 0067 03       		.byte	0x3
 1455 0068 00000000 		.4byte	params
 1456 006c 9F       		.byte	0x9f
 1457 006d 6A000000 		.4byte	.LVL12
 1458 0071 6E000000 		.4byte	.LVL13
 1459 0075 0300     		.2byte	0x3
 1460 0077 73       		.byte	0x73
 1461 0078 08       		.sleb128 8
 1462 0079 9F       		.byte	0x9f
 1463 007a 6E000000 		.4byte	.LVL13
 1464 007e 74000000 		.4byte	.LVL14
 1465 0082 0300     		.2byte	0x3
 1466 0084 73       		.byte	0x73
 1467 0085 04       		.sleb128 4
 1468 0086 9F       		.byte	0x9f
 1469 0087 00000000 		.4byte	0
 1470 008b 00000000 		.4byte	0
 1471              	.LLST2:
 1472 008f 46000000 		.4byte	.LVL8
 1473 0093 4C000000 		.4byte	.LVL9
 1474 0097 0200     		.2byte	0x2
 1475 0099 30       		.byte	0x30
 1476 009a 9F       		.byte	0x9f
ARM GAS  /tmp/ccbR1NSf.s 			page 27


 1477 009b 00000000 		.4byte	0
 1478 009f 00000000 		.4byte	0
 1479              	.LLST3:
 1480 00a3 00000000 		.4byte	.LVL0
 1481 00a7 0E000000 		.4byte	.LVL1
 1482 00ab 0600     		.2byte	0x6
 1483 00ad 0C       		.byte	0xc
 1484 00ae 00F00508 		.4byte	0x805f000
 1485 00b2 9F       		.byte	0x9f
 1486 00b3 18000000 		.4byte	.LVL2
 1487 00b7 1C000000 		.4byte	.LVL3
 1488 00bb 0300     		.2byte	0x3
 1489 00bd 73       		.byte	0x73
 1490 00be 7C       		.sleb128 -4
 1491 00bf 9F       		.byte	0x9f
 1492 00c0 1C000000 		.4byte	.LVL3
 1493 00c4 22000000 		.4byte	.LVL5
 1494 00c8 0100     		.2byte	0x1
 1495 00ca 53       		.byte	0x53
 1496 00cb 22000000 		.4byte	.LVL5
 1497 00cf 28000000 		.4byte	.LVL6
 1498 00d3 0300     		.2byte	0x3
 1499 00d5 73       		.byte	0x73
 1500 00d6 7C       		.sleb128 -4
 1501 00d7 9F       		.byte	0x9f
 1502 00d8 00000000 		.4byte	0
 1503 00dc 00000000 		.4byte	0
 1504              	.LLST4:
 1505 00e0 00000000 		.4byte	.LVL0
 1506 00e4 18000000 		.4byte	.LVL2
 1507 00e8 0300     		.2byte	0x3
 1508 00ea 09       		.byte	0x9
 1509 00eb FF       		.byte	0xff
 1510 00ec 9F       		.byte	0x9f
 1511 00ed 18000000 		.4byte	.LVL2
 1512 00f1 1C000000 		.4byte	.LVL3
 1513 00f5 0100     		.2byte	0x1
 1514 00f7 52       		.byte	0x52
 1515 00f8 1C000000 		.4byte	.LVL3
 1516 00fc 1E000000 		.4byte	.LVL4
 1517 0100 0100     		.2byte	0x1
 1518 0102 50       		.byte	0x50
 1519 0103 1E000000 		.4byte	.LVL4
 1520 0107 28000000 		.4byte	.LVL6
 1521 010b 0100     		.2byte	0x1
 1522 010d 52       		.byte	0x52
 1523 010e 00000000 		.4byte	0
 1524 0112 00000000 		.4byte	0
 1525              	.LLST5:
 1526 0116 00000000 		.4byte	.LVL0
 1527 011a 18000000 		.4byte	.LVL2
 1528 011e 0200     		.2byte	0x2
 1529 0120 30       		.byte	0x30
 1530 0121 9F       		.byte	0x9f
 1531 0122 18000000 		.4byte	.LVL2
 1532 0126 28000000 		.4byte	.LVL6
 1533 012a 0300     		.2byte	0x3
ARM GAS  /tmp/ccbR1NSf.s 			page 28


 1534 012c 72       		.byte	0x72
 1535 012d 01       		.sleb128 1
 1536 012e 9F       		.byte	0x9f
 1537 012f 00000000 		.4byte	0
 1538 0133 00000000 		.4byte	0
 1539              	.LLST6:
 1540 0137 00000000 		.4byte	.LVL15
 1541 013b 27000000 		.4byte	.LVL16-1
 1542 013f 0100     		.2byte	0x1
 1543 0141 50       		.byte	0x50
 1544 0142 27000000 		.4byte	.LVL16-1
 1545 0146 EA000000 		.4byte	.LVL36
 1546 014a 0100     		.2byte	0x1
 1547 014c 56       		.byte	0x56
 1548 014d EA000000 		.4byte	.LVL36
 1549 0151 EE000000 		.4byte	.LVL37
 1550 0155 0100     		.2byte	0x1
 1551 0157 50       		.byte	0x50
 1552 0158 EE000000 		.4byte	.LVL37
 1553 015c F6000000 		.4byte	.LVL38
 1554 0160 0100     		.2byte	0x1
 1555 0162 56       		.byte	0x56
 1556 0163 F6000000 		.4byte	.LVL38
 1557 0167 FA000000 		.4byte	.LVL39
 1558 016b 0100     		.2byte	0x1
 1559 016d 50       		.byte	0x50
 1560 016e FA000000 		.4byte	.LVL39
 1561 0172 FC000000 		.4byte	.LFE65
 1562 0176 0100     		.2byte	0x1
 1563 0178 56       		.byte	0x56
 1564 0179 00000000 		.4byte	0
 1565 017d 00000000 		.4byte	0
 1566              	.LLST7:
 1567 0181 00000000 		.4byte	.LVL15
 1568 0185 6C000000 		.4byte	.LVL24
 1569 0189 0600     		.2byte	0x6
 1570 018b 0C       		.byte	0xc
 1571 018c 00F00508 		.4byte	0x805f000
 1572 0190 9F       		.byte	0x9f
 1573 0191 74000000 		.4byte	.LVL26
 1574 0195 90000000 		.4byte	.LVL29
 1575 0199 0100     		.2byte	0x1
 1576 019b 54       		.byte	0x54
 1577 019c 90000000 		.4byte	.LVL29
 1578 01a0 A1000000 		.4byte	.LVL30-1
 1579 01a4 0B00     		.2byte	0xb
 1580 01a6 76       		.byte	0x76
 1581 01a7 20       		.sleb128 32
 1582 01a8 06       		.byte	0x6
 1583 01a9 23       		.byte	0x23
 1584 01aa 80F88510 		.uleb128 0x2017c00
 1585 01ae 32       		.byte	0x32
 1586 01af 24       		.byte	0x24
 1587 01b0 9F       		.byte	0x9f
 1588 01b1 BC000000 		.4byte	.LVL32
 1589 01b5 E4000000 		.4byte	.LVL34
 1590 01b9 0600     		.2byte	0x6
ARM GAS  /tmp/ccbR1NSf.s 			page 29


 1591 01bb 0C       		.byte	0xc
 1592 01bc 00F00508 		.4byte	0x805f000
 1593 01c0 9F       		.byte	0x9f
 1594 01c1 E4000000 		.4byte	.LVL34
 1595 01c5 E8000000 		.4byte	.LVL35
 1596 01c9 0100     		.2byte	0x1
 1597 01cb 54       		.byte	0x54
 1598 01cc EA000000 		.4byte	.LVL36
 1599 01d0 FC000000 		.4byte	.LFE65
 1600 01d4 0600     		.2byte	0x6
 1601 01d6 0C       		.byte	0xc
 1602 01d7 00F00508 		.4byte	0x805f000
 1603 01db 9F       		.byte	0x9f
 1604 01dc 00000000 		.4byte	0
 1605 01e0 00000000 		.4byte	0
 1606              	.LLST8:
 1607 01e4 70000000 		.4byte	.LVL25
 1608 01e8 74000000 		.4byte	.LVL26
 1609 01ec 0100     		.2byte	0x1
 1610 01ee 56       		.byte	0x56
 1611 01ef 00000000 		.4byte	0
 1612 01f3 00000000 		.4byte	0
 1613              	.LLST9:
 1614 01f7 70000000 		.4byte	.LVL25
 1615 01fb 74000000 		.4byte	.LVL26
 1616 01ff 0200     		.2byte	0x2
 1617 0201 30       		.byte	0x30
 1618 0202 9F       		.byte	0x9f
 1619 0203 00000000 		.4byte	0
 1620 0207 00000000 		.4byte	0
 1621              	.LLST10:
 1622 020b 00000000 		.4byte	.LVL15
 1623 020f 90000000 		.4byte	.LVL29
 1624 0213 0200     		.2byte	0x2
 1625 0215 31       		.byte	0x31
 1626 0216 9F       		.byte	0x9f
 1627 0217 90000000 		.4byte	.LVL29
 1628 021b B6000000 		.4byte	.LVL31
 1629 021f 0100     		.2byte	0x1
 1630 0221 54       		.byte	0x54
 1631 0222 BC000000 		.4byte	.LVL32
 1632 0226 FC000000 		.4byte	.LFE65
 1633 022a 0200     		.2byte	0x2
 1634 022c 31       		.byte	0x31
 1635 022d 9F       		.byte	0x9f
 1636 022e 00000000 		.4byte	0
 1637 0232 00000000 		.4byte	0
 1638              	.LLST11:
 1639 0236 2E000000 		.4byte	.LVL17
 1640 023a 3A000000 		.4byte	.LVL18
 1641 023e 0600     		.2byte	0x6
 1642 0240 0C       		.byte	0xc
 1643 0241 00F00508 		.4byte	0x805f000
 1644 0245 9F       		.byte	0x9f
 1645 0246 44000000 		.4byte	.LVL19
 1646 024a 48000000 		.4byte	.LVL20
 1647 024e 0300     		.2byte	0x3
ARM GAS  /tmp/ccbR1NSf.s 			page 30


 1648 0250 73       		.byte	0x73
 1649 0251 7C       		.sleb128 -4
 1650 0252 9F       		.byte	0x9f
 1651 0253 48000000 		.4byte	.LVL20
 1652 0257 4E000000 		.4byte	.LVL22
 1653 025b 0100     		.2byte	0x1
 1654 025d 53       		.byte	0x53
 1655 025e 4E000000 		.4byte	.LVL22
 1656 0262 54000000 		.4byte	.LVL23
 1657 0266 0300     		.2byte	0x3
 1658 0268 73       		.byte	0x73
 1659 0269 7C       		.sleb128 -4
 1660 026a 9F       		.byte	0x9f
 1661 026b 00000000 		.4byte	0
 1662 026f 00000000 		.4byte	0
 1663              	.LLST12:
 1664 0273 2E000000 		.4byte	.LVL17
 1665 0277 44000000 		.4byte	.LVL19
 1666 027b 0300     		.2byte	0x3
 1667 027d 09       		.byte	0x9
 1668 027e FF       		.byte	0xff
 1669 027f 9F       		.byte	0x9f
 1670 0280 44000000 		.4byte	.LVL19
 1671 0284 48000000 		.4byte	.LVL20
 1672 0288 0100     		.2byte	0x1
 1673 028a 52       		.byte	0x52
 1674 028b 48000000 		.4byte	.LVL20
 1675 028f 4A000000 		.4byte	.LVL21
 1676 0293 0100     		.2byte	0x1
 1677 0295 54       		.byte	0x54
 1678 0296 4A000000 		.4byte	.LVL21
 1679 029a 54000000 		.4byte	.LVL23
 1680 029e 0100     		.2byte	0x1
 1681 02a0 52       		.byte	0x52
 1682 02a1 00000000 		.4byte	0
 1683 02a5 00000000 		.4byte	0
 1684              	.LLST13:
 1685 02a9 2E000000 		.4byte	.LVL17
 1686 02ad 44000000 		.4byte	.LVL19
 1687 02b1 0200     		.2byte	0x2
 1688 02b3 30       		.byte	0x30
 1689 02b4 9F       		.byte	0x9f
 1690 02b5 44000000 		.4byte	.LVL19
 1691 02b9 54000000 		.4byte	.LVL23
 1692 02bd 0300     		.2byte	0x3
 1693 02bf 72       		.byte	0x72
 1694 02c0 01       		.sleb128 1
 1695 02c1 9F       		.byte	0x9f
 1696 02c2 00000000 		.4byte	0
 1697 02c6 00000000 		.4byte	0
 1698              		.section	.debug_aranges,"",%progbits
 1699 0000 2C000000 		.4byte	0x2c
 1700 0004 0200     		.2byte	0x2
 1701 0006 00000000 		.4byte	.Ldebug_info0
 1702 000a 04       		.byte	0x4
 1703 000b 00       		.byte	0
 1704 000c 0000     		.2byte	0
ARM GAS  /tmp/ccbR1NSf.s 			page 31


 1705 000e 0000     		.2byte	0
 1706 0010 00000000 		.4byte	.LFB64
 1707 0014 84000000 		.4byte	.LFE64-.LFB64
 1708 0018 00000000 		.4byte	.LFB65
 1709 001c FC000000 		.4byte	.LFE65-.LFB65
 1710 0020 00000000 		.4byte	.LFB66
 1711 0024 4E000000 		.4byte	.LFE66-.LFB66
 1712 0028 00000000 		.4byte	0
 1713 002c 00000000 		.4byte	0
 1714              		.section	.debug_ranges,"",%progbits
 1715              	.Ldebug_ranges0:
 1716 0000 00000000 		.4byte	.LFB64
 1717 0004 84000000 		.4byte	.LFE64
 1718 0008 00000000 		.4byte	.LFB65
 1719 000c FC000000 		.4byte	.LFE65
 1720 0010 00000000 		.4byte	.LFB66
 1721 0014 4E000000 		.4byte	.LFE66
 1722 0018 00000000 		.4byte	0
 1723 001c 00000000 		.4byte	0
 1724              		.section	.debug_line,"",%progbits
 1725              	.Ldebug_line0:
 1726 0000 D5010000 		.section	.debug_str,"MS",%progbits,1
 1726      02001001 
 1726      00000201 
 1726      FB0E0D00 
 1726      01010101 
 1727              	.LASF20:
 1728 0000 6B566578 		.ascii	"kVexDigital_None\000"
 1728      44696769 
 1728      74616C5F 
 1728      4E6F6E65 
 1728      00
 1729              	.LASF45:
 1730 0011 6B496D65 		.ascii	"kImeChannelNone\000"
 1730      4368616E 
 1730      6E656C4E 
 1730      6F6E6500 
 1731              	.LASF56:
 1732 0021 76657846 		.ascii	"vexFlashUserParamRead\000"
 1732      6C617368 
 1732      55736572 
 1732      50617261 
 1732      6D526561 
 1733              	.LASF36:
 1734 0037 6B496D65 		.ascii	"kImeChannel_1\000"
 1734      4368616E 
 1734      6E656C5F 
 1734      3100
 1735              	.LASF37:
 1736 0045 6B496D65 		.ascii	"kImeChannel_2\000"
 1736      4368616E 
 1736      6E656C5F 
 1736      3200
 1737              	.LASF38:
 1738 0053 6B496D65 		.ascii	"kImeChannel_3\000"
 1738      4368616E 
 1738      6E656C5F 
ARM GAS  /tmp/ccbR1NSf.s 			page 32


 1738      3300
 1739              	.LASF39:
 1740 0061 6B496D65 		.ascii	"kImeChannel_4\000"
 1740      4368616E 
 1740      6E656C5F 
 1740      3400
 1741              	.LASF40:
 1742 006f 6B496D65 		.ascii	"kImeChannel_5\000"
 1742      4368616E 
 1742      6E656C5F 
 1742      3500
 1743              	.LASF41:
 1744 007d 6B496D65 		.ascii	"kImeChannel_6\000"
 1744      4368616E 
 1744      6E656C5F 
 1744      3600
 1745              	.LASF42:
 1746 008b 6B496D65 		.ascii	"kImeChannel_7\000"
 1746      4368616E 
 1746      6E656C5F 
 1746      3700
 1747              	.LASF43:
 1748 0099 6B496D65 		.ascii	"kImeChannel_8\000"
 1748      4368616E 
 1748      6E656C5F 
 1748      3800
 1749              	.LASF3:
 1750 00a7 73686F72 		.ascii	"short int\000"
 1750      7420696E 
 1750      7400
 1751              	.LASF61:
 1752 00b1 65726173 		.ascii	"erase_done\000"
 1752      655F646F 
 1752      6E6500
 1753              	.LASF18:
 1754 00bc 73697A65 		.ascii	"sizetype\000"
 1754      74797065 
 1754      00
 1755              	.LASF44:
 1756 00c5 6B496D65 		.ascii	"kImeTotal\000"
 1756      546F7461 
 1756      6C00
 1757              	.LASF60:
 1758 00cf 76657846 		.ascii	"vexFlashUserParamInit\000"
 1758      6C617368 
 1758      55736572 
 1758      50617261 
 1758      6D496E69 
 1759              	.LASF9:
 1760 00e5 5F5F7569 		.ascii	"__uint32_t\000"
 1760      6E743332 
 1760      5F7400
 1761              	.LASF5:
 1762 00f0 5F5F7569 		.ascii	"__uint16_t\000"
 1762      6E743136 
 1762      5F7400
 1763              	.LASF48:
ARM GAS  /tmp/ccbR1NSf.s 			page 33


 1764 00fb 464C4153 		.ascii	"FLASH_ERROR_WRP\000"
 1764      485F4552 
 1764      524F525F 
 1764      57525000 
 1765              	.LASF35:
 1766 010b 6B566578 		.ascii	"kVexDigitalOutput\000"
 1766      44696769 
 1766      74616C4F 
 1766      75747075 
 1766      7400
 1767              	.LASF68:
 1768 011d 5F757365 		.ascii	"_user_param\000"
 1768      725F7061 
 1768      72616D00 
 1769              	.LASF51:
 1770 0129 464C4153 		.ascii	"FLASH_Status\000"
 1770      485F5374 
 1770      61747573 
 1770      00
 1771              	.LASF65:
 1772 0136 474E5520 		.ascii	"GNU C 4.8.2 -mcpu=cortex-m3 -mno-thumb-interwork -m"
 1772      4320342E 
 1772      382E3220 
 1772      2D6D6370 
 1772      753D636F 
 1773 0169 7468756D 		.ascii	"thumb -ggdb -O2 -fomit-frame-pointer -falign-functi"
 1773      62202D67 
 1773      67646220 
 1773      2D4F3220 
 1773      2D666F6D 
 1774 019c 6F6E733D 		.ascii	"ons=16 -ffunction-sections -fdata-sections -fno-com"
 1774      3136202D 
 1774      6666756E 
 1774      6374696F 
 1774      6E2D7365 
 1775 01cf 6D6F6E00 		.ascii	"mon\000"
 1776              	.LASF30:
 1777 01d3 6B566578 		.ascii	"kVexDigital_10\000"
 1777      44696769 
 1777      74616C5F 
 1777      313000
 1778              	.LASF31:
 1779 01e2 6B566578 		.ascii	"kVexDigital_11\000"
 1779      44696769 
 1779      74616C5F 
 1779      313100
 1780              	.LASF32:
 1781 01f1 6B566578 		.ascii	"kVexDigital_12\000"
 1781      44696769 
 1781      74616C5F 
 1781      313200
 1782              	.LASF64:
 1783 0200 464C4153 		.ascii	"FLASH_ErasePage\000"
 1783      485F4572 
 1783      61736550 
 1783      61676500 
 1784              	.LASF71:
ARM GAS  /tmp/ccbR1NSf.s 			page 34


 1785 0210 464C4153 		.ascii	"FLASH_UnlockBank1\000"
 1785      485F556E 
 1785      6C6F636B 
 1785      42616E6B 
 1785      3100
 1786              	.LASF55:
 1787 0222 75736572 		.ascii	"user_param\000"
 1787      5F706172 
 1787      616D00
 1788              	.LASF11:
 1789 022d 6C6F6E67 		.ascii	"long long int\000"
 1789      206C6F6E 
 1789      6720696E 
 1789      7400
 1790              	.LASF8:
 1791 023b 6C6F6E67 		.ascii	"long int\000"
 1791      20696E74 
 1791      00
 1792              	.LASF54:
 1793 0244 61646472 		.ascii	"addr\000"
 1793      00
 1794              	.LASF34:
 1795 0249 6B566578 		.ascii	"kVexDigitalInput\000"
 1795      44696769 
 1795      74616C49 
 1795      6E707574 
 1795      00
 1796              	.LASF62:
 1797 025a 70617261 		.ascii	"params\000"
 1797      6D7300
 1798              	.LASF47:
 1799 0261 464C4153 		.ascii	"FLASH_ERROR_PG\000"
 1799      485F4552 
 1799      524F525F 
 1799      504700
 1800              	.LASF2:
 1801 0270 756E7369 		.ascii	"unsigned char\000"
 1801      676E6564 
 1801      20636861 
 1801      7200
 1802              	.LASF1:
 1803 027e 7369676E 		.ascii	"signed char\000"
 1803      65642063 
 1803      68617200 
 1804              	.LASF12:
 1805 028a 6C6F6E67 		.ascii	"long long unsigned int\000"
 1805      206C6F6E 
 1805      6720756E 
 1805      7369676E 
 1805      65642069 
 1806              	.LASF16:
 1807 02a1 75696E74 		.ascii	"uint32_t\000"
 1807      33325F74 
 1807      00
 1808              	.LASF63:
 1809 02aa 464C4153 		.ascii	"FLASH_ClearFlag\000"
 1809      485F436C 
ARM GAS  /tmp/ccbR1NSf.s 			page 35


 1809      65617246 
 1809      6C616700 
 1810              	.LASF23:
 1811 02ba 6B566578 		.ascii	"kVexDigital_3\000"
 1811      44696769 
 1811      74616C5F 
 1811      3300
 1812              	.LASF49:
 1813 02c8 464C4153 		.ascii	"FLASH_COMPLETE\000"
 1813      485F434F 
 1813      4D504C45 
 1813      544500
 1814              	.LASF46:
 1815 02d7 464C4153 		.ascii	"FLASH_BUSY\000"
 1815      485F4255 
 1815      535900
 1816              	.LASF50:
 1817 02e2 464C4153 		.ascii	"FLASH_TIMEOUT\000"
 1817      485F5449 
 1817      4D454F55 
 1817      5400
 1818              	.LASF6:
 1819 02f0 73686F72 		.ascii	"short unsigned int\000"
 1819      7420756E 
 1819      7369676E 
 1819      65642069 
 1819      6E7400
 1820              	.LASF53:
 1821 0303 6F666673 		.ascii	"offset\000"
 1821      657400
 1822              	.LASF19:
 1823 030a 63686172 		.ascii	"char\000"
 1823      00
 1824              	.LASF14:
 1825 030f 75696E74 		.ascii	"uint16_t\000"
 1825      31365F74 
 1825      00
 1826              	.LASF21:
 1827 0318 6B566578 		.ascii	"kVexDigital_1\000"
 1827      44696769 
 1827      74616C5F 
 1827      3100
 1828              	.LASF22:
 1829 0326 6B566578 		.ascii	"kVexDigital_2\000"
 1829      44696769 
 1829      74616C5F 
 1829      3200
 1830              	.LASF15:
 1831 0334 696E7433 		.ascii	"int32_t\000"
 1831      325F7400 
 1832              	.LASF24:
 1833 033c 6B566578 		.ascii	"kVexDigital_4\000"
 1833      44696769 
 1833      74616C5F 
 1833      3400
 1834              	.LASF25:
 1835 034a 6B566578 		.ascii	"kVexDigital_5\000"
ARM GAS  /tmp/ccbR1NSf.s 			page 36


 1835      44696769 
 1835      74616C5F 
 1835      3500
 1836              	.LASF26:
 1837 0358 6B566578 		.ascii	"kVexDigital_6\000"
 1837      44696769 
 1837      74616C5F 
 1837      3600
 1838              	.LASF27:
 1839 0366 6B566578 		.ascii	"kVexDigital_7\000"
 1839      44696769 
 1839      74616C5F 
 1839      3700
 1840              	.LASF28:
 1841 0374 6B566578 		.ascii	"kVexDigital_8\000"
 1841      44696769 
 1841      74616C5F 
 1841      3800
 1842              	.LASF29:
 1843 0382 6B566578 		.ascii	"kVexDigital_9\000"
 1843      44696769 
 1843      74616C5F 
 1843      3900
 1844              	.LASF17:
 1845 0390 5F426F6F 		.ascii	"_Bool\000"
 1845      6C00
 1846              	.LASF66:
 1847 0396 2E2E2F2E 		.ascii	"../../opt/vexflash.c\000"
 1847      2E2F6F70 
 1847      742F7665 
 1847      78666C61 
 1847      73682E63 
 1848              	.LASF52:
 1849 03ab 64617461 		.ascii	"data\000"
 1849      00
 1850              	.LASF10:
 1851 03b0 6C6F6E67 		.ascii	"long unsigned int\000"
 1851      20756E73 
 1851      69676E65 
 1851      6420696E 
 1851      7400
 1852              	.LASF7:
 1853 03c2 5F5F696E 		.ascii	"__int32_t\000"
 1853      7433325F 
 1853      7400
 1854              	.LASF4:
 1855 03cc 5F5F696E 		.ascii	"__int16_t\000"
 1855      7431365F 
 1855      7400
 1856              	.LASF67:
 1857 03d6 2F6D6E74 		.ascii	"/mnt/c/Users/DQ Sullivan/Downloads/Convex/convex/co"
 1857      2F632F55 
 1857      73657273 
 1857      2F445120 
 1857      53756C6C 
 1858 0409 72746578 		.ascii	"rtex/projects/Vex2016 CyberBrains\000"
 1858      2F70726F 
ARM GAS  /tmp/ccbR1NSf.s 			page 37


 1858      6A656374 
 1858      732F5665 
 1858      78323031 
 1859              	.LASF59:
 1860 042b 464C4153 		.ascii	"FLASHStatus\000"
 1860      48537461 
 1860      74757300 
 1861              	.LASF58:
 1862 0437 75736572 		.ascii	"user_param_write_limit\000"
 1862      5F706172 
 1862      616D5F77 
 1862      72697465 
 1862      5F6C696D 
 1863              	.LASF33:
 1864 044e 6B566578 		.ascii	"kVexDigital_Num\000"
 1864      44696769 
 1864      74616C5F 
 1864      4E756D00 
 1865              	.LASF72:
 1866 045e 464C4153 		.ascii	"FLASH_ProgramWord\000"
 1866      485F5072 
 1866      6F677261 
 1866      6D576F72 
 1866      6400
 1867              	.LASF13:
 1868 0470 696E7431 		.ascii	"int16_t\000"
 1868      365F7400 
 1869              	.LASF70:
 1870 0478 49544D5F 		.ascii	"ITM_RxBuffer\000"
 1870      52784275 
 1870      66666572 
 1870      00
 1871              	.LASF0:
 1872 0485 756E7369 		.ascii	"unsigned int\000"
 1872      676E6564 
 1872      20696E74 
 1872      00
 1873              	.LASF57:
 1874 0492 76657846 		.ascii	"vexFlashUserParamWrite\000"
 1874      6C617368 
 1874      55736572 
 1874      50617261 
 1874      6D577269 
 1875              	.LASF69:
 1876 04a9 76657846 		.ascii	"vexFlashUserParamGetOffset\000"
 1876      6C617368 
 1876      55736572 
 1876      50617261 
 1876      6D476574 
 1877              		.ident	"GCC: (4.8.2-14ubuntu1+6) 4.8.2"
ARM GAS  /tmp/ccbR1NSf.s 			page 38


DEFINED SYMBOLS
                            *ABS*:0000000000000000 vexflash.c
     /tmp/ccbR1NSf.s:19     .text.vexFlashUserParamRead:0000000000000000 $t
     /tmp/ccbR1NSf.s:25     .text.vexFlashUserParamRead:0000000000000000 vexFlashUserParamRead
     /tmp/ccbR1NSf.s:401    .bss.params:0000000000000000 .LANCHOR0
     /tmp/ccbR1NSf.s:133    .text.vexFlashUserParamWrite:0000000000000000 $t
     /tmp/ccbR1NSf.s:139    .text.vexFlashUserParamWrite:0000000000000000 vexFlashUserParamWrite
     /tmp/ccbR1NSf.s:408    .bss.user_param_write_limit.7429:0000000000000000 .LANCHOR1
     /tmp/ccbR1NSf.s:332    .text.vexFlashUserParamInit:0000000000000000 $t
     /tmp/ccbR1NSf.s:338    .text.vexFlashUserParamInit:0000000000000000 vexFlashUserParamInit
     /tmp/ccbR1NSf.s:394    .bss.erase_done.7436:0000000000000000 .LANCHOR2
     /tmp/ccbR1NSf.s:393    .bss.erase_done.7436:0000000000000000 $d
     /tmp/ccbR1NSf.s:397    .bss.erase_done.7436:0000000000000000 erase_done.7436
     /tmp/ccbR1NSf.s:400    .bss.params:0000000000000000 $d
     /tmp/ccbR1NSf.s:404    .bss.params:0000000000000000 params
     /tmp/ccbR1NSf.s:407    .bss.user_param_write_limit.7429:0000000000000000 $d
     /tmp/ccbR1NSf.s:411    .bss.user_param_write_limit.7429:0000000000000000 user_param_write_limit.7429
                     .debug_frame:0000000000000010 $d

UNDEFINED SYMBOLS
FLASH_UnlockBank1
FLASH_ClearFlag
FLASH_ProgramWord
FLASH_ErasePage
